
ROM used:   2602/32768 (8%)
            2602/32768 (8%) including unused fragments

            1.4 Average locations per line
            5.7 Average locations per statement

RAM used:   65/2048 (3%) at main() level
            76/2048 (4%) worst case

Stack used: 8 worst case (7 in main + 1 for interrupts)
Stack size: 31

Lines Stmts  %   Files
----- ----- ---  -----
  240   149  32  19129004_GK_TTVXL_C3_abcd.c
  627   233  51  tv_pickit2_shift_1.c
  837     0   0  ..\..\..\..\Program Files (x86)\PICC\Devices\18F4550.H
  112    25   5  tv_pickit2_shift_lcd.c
   62    52  11  tv_pickit2_shift_key4x4_138.c
----- -----
 1878   459 Total

Page ROM  %  RAM   Vol Diff  Functions:
---- --- --- ---   --- ----  ----------
0     38   1    1             @delay_ms1
0     42   1    0             @const681
0     38   1    2   234  4.3  XUAT_1BYTE
0     34   1    4   160  1.8  XUAT_32LED_DON_4BYTE
0     22   0    4   131  2.8  xuat_1word
0     88   2    0   396  1.4  xoa_tat_6module
0     58   1    0   253  2.3  SET_UP_PORT_IC_CHOT
0     36   1    4   160  1.8  XUAT_4LED_7DOAN_4SO
0     66   1    5             @DIV1616
0     40   1    3             @DIV88
0     36   1    0   106  1.3  XUAT_GLCD_LCD
0     16   0    2    80  2.7  XUAT_LCD20X4
0     26   0    1   102  2.1  LCD_XUAT_8BIT
0     22   0    1    61  1.6  LCD_COMMAND
0     22   0    1    61  1.6  LCD_DATA
0     72   1    0   245  1.8  SETUP_LCD
0     92   2    0    93  2.9  @const816
0     90   2    0   422  6.1  @const824
0     30   1    0             @const830
0     26   0    3   147  3.7  LCD_GOTO_XY
0     30   1    0  1566  7.3  @const835
0    128   2    4   656  8.1  KEY_NHAN
0     74   1    2  1566  7.3  @MUL88
0     50   1    0   204  4.4  KEY_4X4_DW
0     16   0    0    29  1.2  interrupt_timer1
0     44   1    2   141  4.0  GIAIMA_LCD
0     38   1    1   118  3.5  GIAIMA_LCD_LON
0     96   2    5   255  5.5  lcd_hienthi_so_z_toado_xy
0    116   2    5   200  4.5  giai_ma_hien_thi
0     80   2    1   338  6.0  SD_TRN_14Led
0    836  16    2  4023 10.4  MAIN
0      8   0    0             @const885
0     32   1    2             @PSTRINGC_813
0      8   0    0             @const887
0      6   0    0             @const888
 Inline         0             @cinit1

Program metrics:
    Functions               26
    Statements              459
    Comments                393
    Volume (V)              19125
    Difficulty (D)          102.0
    Effort to implement (E) 1951124
    Time to implement (T)   30 hours, 7 minutes
    Est Delivered Bugs (B)  5
    Cyclomatic Complexity   66
    Maintainability (MI)    77

 Segment     Used  Free
-----------  ----  ----
00000-00002     4  0  
00004-00006     0  4  
00008-00094   142  0  
00096-07FFE  2456  30162  



