
ROM used:   1014/32768 (3%)
            1014/32768 (3%) including unused fragments

            0.6 Average locations per line
            2.9 Average locations per statement

RAM used:   63/2048 (3%) at main() level
            73/2048 (4%) worst case

Stack used: 7 worst case (6 in main + 1 for interrupts)
Stack size: 31

Lines Stmts  %   Files
----- ----- ---  -----
  104    45  13  19161306_GK_TTVXL_S3_a.c
  627   233  66  tv_pickit2_shift_1.c
  837     0   0  ..\..\..\..\Program Files (x86)\PICC\Devices\18F4550.H
  112    25   7  tv_pickit2_shift_lcd.c
   62    52  15  tv_pickit2_shift_key4x4_138.c
----- -----
 1742   355 Total

Page ROM  %  RAM   Vol Diff  Functions:
---- --- --- ---   --- ----  ----------
0     40   2    1             @delay_ms1
0     42   2    0             @const681
0     38   2    2   234  4.3  XUAT_1BYTE
0     22   1    4   131  2.8  xuat_1word
0     88   4    0   396  1.4  xoa_tat_6module
0     58   3    0   253  2.3  SET_UP_PORT_IC_CHOT
0     36   2    4   160  1.8  XUAT_4LED_7DOAN_4SO
0     66   3    5             @DIV1616
0     36   2    0   106  1.3  XUAT_GLCD_LCD
0     16   1    2    80  2.7  XUAT_LCD20X4
0     28   1    1   102  2.1  LCD_XUAT_8BIT
0     22   1    1    61  1.6  LCD_COMMAND
0     72   4    0   245  1.8  SETUP_LCD
0     16   1    0    29  1.2  interrupt_timer1
0    130   6    5   226  5.0  giai_ma_hien_thi
0    158   8    0   447  5.7  MAIN
 Inline         0   353  5.2  @cinit1

Program metrics:
    Functions               14
    Statements              355
    Comments                387
    Volume (V)              4891
    Difficulty (D)          39.4
    Effort to implement (E) 192910
    Time to implement (T)   2 hours, 59 minutes
    Est Delivered Bugs (B)  1
    Cyclomatic Complexity   5
    Maintainability (MI)    136

 Segment     Used  Free
-----------  ----  ----
00000-00002     4  0  
00004-00006     0  4  
00008-00094   142  0  
00096-07FFE   868  31750  



