
ROM used:   354/32768 (1%)
            354/32768 (1%) including unused fragments

            0.2 Average locations per line
            1.3 Average locations per statement

RAM used:   27/2048 (1%) at main() level
            34/2048 (2%) worst case

Stack used: 3 worst case (3 in main + 0 for interrupts)
Stack size: 31

Lines Stmts  %   Files
----- ----- ---  -----
   42    24   9  3_NUT NHAN ROI.c
  703   244  91  tv_pickit2_shift_1.c
  837     0   0  ..\..\..\..\Program Files (x86)\PICC\Devices\18F4550.H
----- -----
 1582   268 Total

Page ROM  %  RAM   Vol Diff  Functions:
---- --- --- ---   --- ----  ----------
0     40   6    1             @delay_ms1
0     42   6    3   271  4.3  XUAT_1BYTE
0     42   6    4   231  2.3  XUAT_32LED_DON_4BYTE
0     30   4    0   152  1.8  SET_UP_PORT_IC_CHOT
0     48   7    0   119  1.7  MO_IC_74573_A_THONG_DL
0     42   6    0   202  4.0  phim_inv
0    106  15    0   354  3.3  MAIN
 Inline         0   100  3.2  @cinit1

Program metrics:
    Functions               7
    Statements              268
    Comments                329
    Volume (V)              2241
    Difficulty (D)          20.8
    Effort to implement (E) 46525
    Time to implement (T)   43 minutes
    Est Delivered Bugs (B)  0
    Cyclomatic Complexity   5
    Maintainability (MI)    35

 Segment     Used  Free
-----------  ----  ----
00000-00002     4  0  
00004-07FFE   350  32414  



