CCS PCH C Compiler, Version 5.015, 5967               27-Sep-22 11:01

               Filename:   C:\Users\NguyenMinhTri\Desktop\TT VXL\BAI_417_DEM_XUNG_T0_START_STOP_32LED.lst

               ROM used:   842 bytes (3%)
                           Largest free fragment is 31926
               RAM used:   28 (1%) at main() level
                           36 (2%) worst case
               Stack used: 4 locations
               Stack size: 31

*
0000:  GOTO   02A0
.................... //on off nó bi nguoc?? 
.................... #include <tv_pickit2_shift_1.c> 
.................... #INCLUDE    <18F4550.H> 
.................... //////////// Standard Header file for the PIC18F4550 device //////////////// 
.................... /////////////////////////////////////////////////////////////////////////// 
.................... ////        (C) Copyright 1996, 2013 Custom Computer Services          //// 
.................... //// This source code may only be used by licensed users of the CCS C  //// 
.................... //// compiler.  This source code may only be distributed to other      //// 
.................... //// licensed users of the CCS C compiler.  No other use, reproduction //// 
.................... //// or distribution is permitted without written permission.          //// 
.................... //// Derivative programs created using this software in object code    //// 
.................... //// form are not restricted in any way.                               //// 
.................... /////////////////////////////////////////////////////////////////////////// 
.................... #device PIC18F4550 
0004:  CLRF   FF7
0006:  ADDLW  14
0008:  MOVWF  FF6
000A:  MOVLW  00
000C:  ADDWFC FF7,F
000E:  TBLRD*+
0010:  MOVF   FF5,W
0012:  RETURN 0
0014:  DATA C0,F9
0016:  DATA A4,B0
0018:  DATA 99,92
001A:  DATA 82,F8
001C:  DATA 80,90
001E:  DATA 88,83
0020:  DATA C6,A1
0022:  DATA 86,8E
*
00F2:  CLRF   01
00F4:  CLRF   02
00F6:  CLRF   00
00F8:  CLRF   03
00FA:  MOVF   22,W
00FC:  BNZ   0102
00FE:  MOVF   21,W
0100:  BZ    0132
0102:  MOVLW  10
0104:  MOVWF  23
0106:  BCF    FD8.0
0108:  RLCF   1F,F
010A:  RLCF   20,F
010C:  RLCF   00,F
010E:  RLCF   03,F
0110:  MOVF   22,W
0112:  SUBWF  03,W
0114:  BNZ   011A
0116:  MOVF   21,W
0118:  SUBWF  00,W
011A:  BNC   012A
011C:  MOVF   21,W
011E:  SUBWF  00,F
0120:  BTFSS  FD8.0
0122:  DECF   03,F
0124:  MOVF   22,W
0126:  SUBWF  03,F
0128:  BSF    FD8.0
012A:  RLCF   01,F
012C:  RLCF   02,F
012E:  DECFSZ 23,F
0130:  BRA    0106
0132:  RETURN 0
....................  
.................... #list 
....................  
.................... #DEVICE     ADC=10 
.................... #FUSES      NOWDT,PUT,HS,NOPROTECT,NOLVP,CPUDIV1 
.................... #USE        I2C(MASTER,SLOW,SDA=PIN_B0,SCL=PIN_B1) 
.................... #USE        DELAY(CLOCK=20000000) 
.................... #USE        rs232(baud=9600, xmit=PIN_C6,rcv=PIN_C7) 
.................... //NUT NHAN: 
.................... #DEFINE  BT0     PIN_B5 
.................... #DEFINE  BT1     PIN_B4 
.................... #DEFINE  BT2     PIN_B3 
.................... #DEFINE  BT3     PIN_B2 
....................  
.................... #DEFINE  ON      BT0       //DK LED DON, MOTOR 
.................... #DEFINE  OFF     BT1 
.................... #DEFINE  INV     BT2 
....................  
.................... #DEFINE  UP      BT0    //DK LED DON 
.................... #DEFINE  DW      BT1 
.................... #DEFINE  CLR     BT2 
.................... #DEFINE  MOD     BT3 
....................  
.................... #DEFINE  STOP    BT3 
....................  
.................... #DEFINE  ON1     BT0      
.................... #DEFINE  OFF1    BT1 
.................... #DEFINE  ON2     BT2        
.................... #DEFINE  OFF2    BT3 
....................  
....................  
.................... //XXXXXXXXXXXXXXXXXXXXXXXXXXXXXXXXXXXXXXXXXXXXXXXXX 
.................... //XXXXXXXXXXXXXXXXXXXXXXXXXXXXXXXXXXXXXXXXXXXXXXXXX 
.................... #DEFINE      SSDO             PIN_E2         //CHUNG TAT CA 
.................... #DEFINE      SSCK             PIN_E0         //CHUNG TAT CA 
....................  
.................... #DEFINE      G_ALL            PIN_D0         //A - 4 BYTE 
.................... #DEFINE      RCK_LCD20X4      PIN_D2         //A - 2 BYTE DAO 
.................... #DEFINE      RCK_BUZERELAY    PIN_D3     //B - 1 BYTE  
.................... #DEFINE      RCK_32LED        PIN_D4         //A - 4 BYTE 
.................... #DEFINE      RCK_8LEDQUET     PIN_D5         //B - 2 BYTE DAO 
.................... #DEFINE      RCK_4LED7DOAN    PIN_D6         //A - 4 BYTE 
.................... #DEFINE      RCK_MATRANLED    PIN_D7         //B - 3 BYTE DAO 
....................  
.................... VOID XUAT_LCD20X4(UNSIGNED INT8 LCD_SIGNAL,LCD_INS_HTHI); 
.................... VOID XUAT_BUZZER_RELAY(); 
....................  
.................... //XXXXXXXXXXXXXXXXXXXXXXXXXXXXXXXXXXXXXXXXXXXX 
.................... //CHUONG TRINH KIEM TRA PHIM BT1 
.................... //XXXXXXXXXXXXXXXXXXXXXXXXXXXXXXXXXXXXXXXXXXXX 
.................... UNSIGNED INT8 DL_BTN=0; 
.................... INT1 PHIM_BT0(UNSIGNED INT16 DL) 
.................... {   
....................     IF(!INPUT(BT0)) 
....................     {   
....................       DL_BTN++; 
....................       IF(DL_BTN==1) RETURN(1); 
....................       ELSE 
....................       { 
....................          IF (DL_BTN>= DL) 
....................          DL_BTN = 0; 
....................       } 
....................     } 
....................     ELSE    
....................     { 
....................       RETURN(0); 
....................     } 
.................... }  
.................... //XXXXXXXXXXXXXXXXXXXXXXXXXXXXXXXXXXXXXXXXXXXX 
.................... //CHUONG TRINH KIEM TRA PHIM BT1 
.................... //XXXXXXXXXXXXXXXXXXXXXXXXXXXXXXXXXXXXXXXXXXXX 
.................... INT1 PHIM_BT1(UNSIGNED INT16 DL ) 
.................... {   
....................     IF (!INPUT(BT1)) 
....................     {   
....................       DL_BTN++; 
....................       IF(DL_BTN==1) RETURN(1); 
....................       ELSE 
....................       { 
....................          IF (DL_BTN>= DL) 
....................          DL_BTN =0; 
....................       } 
....................     } 
....................     ELSE    
....................     { 
....................       RETURN(0); 
....................     } 
.................... }  
.................... //XXXXXXXXXXXXXXXXXXXXXXXXXXXXXXXXXXXXXXXXXXXX 
.................... //CHUONG TRINH KIEM TRA PHIM BT2       
.................... //XXXXXXXXXXXXXXXXXXXXXXXXXXXXXXXXXXXXXXXXXXXX                                     
.................... INT1 PHIM_BT2(UNSIGNED INT16 DL ) 
.................... {                                         
....................     IF (!INPUT(BT2)) 
....................     {   
....................       DL_BTN++; 
....................       IF(DL_BTN==1) RETURN(1); 
....................       ELSE 
....................       { 
....................          IF (DL_BTN>= DL) 
....................          DL_BTN =0; 
....................       } 
....................     } 
....................     ELSE    
....................     { 
....................       RETURN(0); 
....................     }                                           
.................... }       
....................  
.................... //XXXXXXXXXXXXXXXXXXXXXXXXXXXXXXXXXXXXXXXXXXXX 
.................... //CHUONG TRINH KIEM TRA PHIM BT3 
.................... //XXXXXXXXXXXXXXXXXXXXXXXXXXXXXXXXXXXXXXXXXXXX 
.................... INT1 PHIM_BT3(UNSIGNED INT16 DL,  UNSIGNED INT8 SOLAN  ) 
.................... {   
....................     IF (!INPUT(BT3)) 
....................     {   
....................       DL_BTN++; 
....................       IF(DL_BTN==1) RETURN(1); 
....................       ELSE 
....................       { 
....................          IF (DL_BTN>= DL) 
....................          DL_BTN =SOLAN; 
....................       } 
....................     } 
....................     ELSE    
....................     { 
....................       //DL_BTN =0; 
....................       RETURN(0); 
....................     } 
.................... }  
.................... //XXXXXXXXXXXXXXXXXXXXXXXXXXXXXXXXXXXXXXXXXXXX 
.................... //KHAI BAO DU LIEU 16 BIT CHO MODULE RELAY, TRIAC, BUZZER, DONG CO 
.................... //XXXXXXXXXXXXXXXXXXXXXXXXXXXXXXXXXXXXXXXXXXXX 
.................... UNSIGNED INT16 RBDC; 
.................... #BIT STEP_MOTOR_ENABLE  = RBDC.0    //1=ENA,0=DIS 
.................... #BIT STEP_MOTOR_IN1     = RBDC.1     
.................... #BIT STEP_MOTOR_IN2     = RBDC.2 
.................... #BIT STEP_MOTOR_IN3     = RBDC.3 
.................... #BIT STEP_MOTOR_IN4     = RBDC.4 
.................... #BIT DC_ENABLE          = RBDC.5    //1=ENA,0=DIS 
.................... #BIT PWRKEY             = RBDC.6    //KHOI TAO SIM900 
....................  
.................... #BIT BUZZER             = RBDC.8    //1=ON,0=OFF 
.................... #BIT TRIAC_1            = RBDC.9    //1=ON,0=OFF 
.................... #BIT TRIAC_2            = RBDC.10   //1=ON,0=OFF 
.................... #BIT RELAY_1            = RBDC.11   //0=ON,1=OFF 
.................... #BIT RELAY_2            = RBDC.12   //0=ON,1=OFF 
....................  
....................  
....................  
.................... //XXXXXXXXXXXXXXXXXXXXXXXXXXXXXXXXXXXXXXXXXXXX    
.................... CONST UNSIGNED CHAR MA7DOAN[16]= {0XC0,0XF9,0xA4,0XB0,0X99,0X92,0X82,0XF8, 
.................... 0X80,0X90,0x88, 0x83, 0xC6, 0xA1, 0x86, 0x8E}; 
.................... #DEFINE     MASO0    0XC0 
.................... #DEFINE     MASO1    0XF9 
.................... #DEFINE     MASO2    0XA4 
.................... #DEFINE     MASO3    0XB0 
.................... #DEFINE     MASO4    0X99 
.................... #DEFINE     MASO5    0X92 
.................... #DEFINE     MASO6    0X82 
.................... #DEFINE     MASO7    0XF8 
....................  
.................... //XXXXXXXXXXXXXXXXXXXXXXXXXXXXXXXXXXXXXXXXXXXX  
.................... //HAM 102 XUAT 1 BYTE RA THANH GHI DICH 
.................... //XXXXXXXXXXXXXXXXXXXXXXXXXXXXXXXXXXXXXXXXXXXX     
.................... VOID XUAT_1BYTE(UNSIGNED INT8 X) 
.................... { 
....................    UNSIGNED INT8 SB;    
....................    #BIT BSERI  = X.7 
....................    FOR(SB=0;SB<8;SB++) 
*
0024:  CLRF   22
0026:  MOVF   22,W
0028:  SUBLW  07
002A:  BNC   0048
....................       {                                                  
....................          OUTPUT_BIT(SSDO,BSERI);     
002C:  BTFSC  21.7
002E:  BRA    0034
0030:  BCF    F8D.2
0032:  BRA    0036
0034:  BSF    F8D.2
0036:  BCF    F96.2
....................          OUTPUT_LOW(SSCK); OUTPUT_HIGH(SSCK); 
0038:  BCF    F96.0
003A:  BCF    F8D.0
003C:  BCF    F96.0
003E:  BSF    F8D.0
....................          X= X<<1;          
0040:  BCF    FD8.0
0042:  RLCF   21,F
0044:  INCF   22,F
0046:  BRA    0026
....................      } 
0048:  RETURN 0
.................... } 
.................... //XXXXXXXXXXXXXXXXXXXXXXXXXXXXXXXXXXXXXXXXXXXX  
.................... //HAM 301 
.................... //XXXXXXXXXXXXXXXXXXXXXXXXXXXXXXXXXXXXXXXXXXXX 
.................... //CHUONG TRINH CON XUAT 4 BYTE RA 32 LED DON 
.................... //XXXXXXXXXXXXXXXXXXXXXXXXXXXXXXXXXXXXXXXXXXXX 
.................... VOID XUAT_32LED_DON_4BYTE(UNSIGNED INT8 BLD3,BLD2,BLD1,BLD0) 
.................... {      
....................       XUAT_1BYTE(BLD3);           
*
027E:  MOVFF  1B,21
0282:  RCALL  0024
....................       XUAT_1BYTE(BLD2); 
0284:  MOVFF  1C,21
0288:  RCALL  0024
....................       XUAT_1BYTE(BLD1);           
028A:  MOVFF  1D,21
028E:  RCALL  0024
....................       XUAT_1BYTE(BLD0);             
0290:  MOVFF  1E,21
0294:  RCALL  0024
....................                        
....................       OUTPUT_HIGH(RCK_32LED);     
0296:  BCF    F95.4
0298:  BSF    F8C.4
....................       OUTPUT_LOW(RCK_32LED); 
029A:  BCF    F95.4
029C:  BCF    F8C.4
029E:  RETURN 0
....................      
.................... } 
.................... //HAM 302 
.................... //XXXXXXXXXXXXXXXXXXXXXXXXXXXXXXXXXXXXXXXXXXXX 
.................... //CHUONG TRINH CON XUAT 2 WORD 16 BITRA 32 LED DON 
.................... //XXXXXXXXXXXXXXXXXXXXXXXXXXXXXXXXXXXXXXXXXXXX 
.................... VOID XUAT_32LED_DON_2WORD(UNSIGNED INT16 WLD1, UNSIGNED INT16 WLD0) 
.................... {      
....................      UNSIGNED INT8  B3,B2,B1,B0; 
....................      B3 = WLD1>>8;  B2 = WLD1;  
....................      B1 = WLD0>>8;  B0 = WLD0; 
....................      XUAT_32LED_DON_4BYTE(B3,B2,B1,B0); 
.................... } 
.................... //HAM 303 
.................... //XXXXXXXXXXXXXXXXXXXXXXXXXXXXXXXXXXXXXXXXXXXX 
.................... //CHUONG TRINH CON XUAT 1 DOUBLE WORD RA 32 LED DON 
.................... //XXXXXXXXXXXXXXXXXXXXXXXXXXXXXXXXXXXXXXXXXXXX 
.................... VOID XUAT_32LED_DON_1DW(UNSIGNED LONG LONG DWLD) 
.................... {      
....................      UNSIGNED INT16  WD1,WD0; 
....................      WD1 = DWLD>>16;  WD0 = DWLD; 
....................      XUAT_32LED_DON_2WORD(WD1,WD0); 
.................... } 
....................  
.................... //XXXXXXXXXXXXXXXXXXXXXXXXXXXXXXXXXXXXXXXXXXXX     
.................... //XUAT 1 BIT ROI TRA LAI KET QUA SAU KHI DICH DI 1 BIT 
.................... //XXXXXXXXXXXXXXXXXXXXXXXXXXXXXXXXXXXXXXXXXXXX     
.................... UNSIGNED  INT8 XUAT_1BIT(UNSIGNED INT8 BYTEXUAT) 
.................... { 
....................       UNSIGNED INT8   XBITX;    
....................       #BIT BSERIX  = XBITX.0 
....................       XBITX = BYTEXUAT; 
....................                                              
....................       OUTPUT_BIT(SSDO,BSERIX);     
....................       OUTPUT_LOW(SSCK); OUTPUT_HIGH(SSCK); 
....................       XBITX= XBITX>>1;    
....................       RETURN(XBITX);   
.................... } 
.................... //xxxxxxxxxxxxxxxxxxxxxxxxxxxxxxxxxxxxxxxxxxxxxxxxxxxxxxxx     
.................... //ham 103: xuat 1 word ra thanh ghi dich 
.................... //xxxxxxxxxxxxxxxxxxxxxxxxxxxxxxxxxxxxxxxxxxxxxxxxxxxxxxxx     
.................... void xuat_1word(unsigned int16 w) 
.................... {   
....................    unsigned int8 b1,b0; 
....................    b1 = w>>8; b0 = w; 
*
004A:  MOVFF  1C,1D
004E:  MOVFF  1B,1E
....................    xuat_1byte(b1);     
0052:  MOVFF  1D,21
0056:  RCALL  0024
....................    xuat_1byte(b0); 
0058:  MOVFF  1E,21
005C:  RCALL  0024
005E:  RETURN 0
.................... }    
.................... //xxxxxxxxxxxxxxxxxxxxxxxxxxxxxxxxxxxxxxxxxxxxxxxxxxxxxxxx      
.................... //ham 104: xoa cac module  
.................... //xxxxxxxxxxxxxxxxxxxxxxxxxxxxxxxxxxxxxxxxxxxxxxxxxxxxxxxx   
.................... void xoa_tat_6module()                           
.................... {                                                                                               
....................    xuat_1word(0);                              
0060:  CLRF   1C
0062:  CLRF   1B
0064:  RCALL  004A
....................    xuat_1word(0);  
0066:  CLRF   1C
0068:  CLRF   1B
006A:  RCALL  004A
....................    xuat_1word(0);                              
006C:  CLRF   1C
006E:  CLRF   1B
0070:  RCALL  004A
....................    xuat_1word(0);                                     
0072:  CLRF   1C
0074:  CLRF   1B
0076:  RCALL  004A
....................     
....................    output_high(rck_buzerelay);    
0078:  BCF    F95.3
007A:  BSF    F8C.3
....................    output_low(rck_buzerelay); 
007C:  BCF    F95.3
007E:  BCF    F8C.3
....................     
....................    output_high(rck_32led); 
0080:  BCF    F95.4
0082:  BSF    F8C.4
....................    output_low(rck_32led);  
0084:  BCF    F95.4
0086:  BCF    F8C.4
....................     
....................    output_high(rck_8ledquet);    
0088:  BCF    F95.5
008A:  BSF    F8C.5
....................    output_low(rck_8ledquet);    
008C:  BCF    F95.5
008E:  BCF    F8C.5
....................                                   
....................    output_high(rck_matranled);           
0090:  BCF    F95.7
0092:  BSF    F8C.7
....................    output_low(rck_matranled);    
0094:  BCF    F95.7
0096:  BCF    F8C.7
....................                             
....................    output_high(rck_lcd20x4);    
0098:  BCF    F95.2
009A:  BSF    F8C.2
....................    output_low(rck_lcd20x4);       
009C:  BCF    F95.2
009E:  BCF    F8C.2
....................                                                                            
....................    xuat_1word(0xffff);  
00A0:  SETF   1C
00A2:  SETF   1B
00A4:  RCALL  004A
....................    xuat_1word(0xffff);  
00A6:  SETF   1C
00A8:  SETF   1B
00AA:  RCALL  004A
....................    output_high(rck_4led7doan);        
00AC:  BCF    F95.6
00AE:  BSF    F8C.6
....................    output_low(rck_4led7doan);                                                                       
00B0:  BCF    F95.6
00B2:  BCF    F8C.6
00B4:  GOTO   00D0 (RETURN)
.................... }              
.................... //XXXXXXXXXXXXXXXXXXXXXXXXXXXXXXXXXXXXXXXXXXXX  
.................... //HAM 101 
.................... //XXXXXXXXXXXXXXXXXXXXXXXXXXXXXXXXXXXXXXXXXXXX     
.................... //HAM KHOI TAO CAC PORT VA IC CHOT 
.................... //XXXXXXXXXXXXXXXXXXXXXXXXXXXXXXXXXXXXXXXXXXXX     
.................... VOID SET_UP_PORT_IC_CHOT() 
.................... {      
....................    set_tris_a(0xff);    set_tris_b(0x3c);                                                    
00B8:  MOVLW  FF
00BA:  MOVWF  F92
00BC:  MOVLW  3C
00BE:  MOVWF  F93
....................    set_tris_c(0xf1);    set_tris_e(0x00);                                                
00C0:  MOVLW  F1
00C2:  MOVWF  F94
00C4:  MOVLW  00
00C6:  MOVWF  F96
....................    set_tris_d(0x00);     
00C8:  MOVWF  F95
....................    output_d(0x00);  
00CA:  CLRF   F95
00CC:  CLRF   F8C
....................    xoa_tat_6module(); 
00CE:  BRA    0060
....................    port_b_pullups(0xff);           
00D0:  BCF    FF1.7
....................    rbdc=0;                
00D2:  CLRF   06
00D4:  CLRF   05
....................              
....................    setup_adc(adc_clock_div_32);         
00D6:  MOVF   FC0,W
00D8:  ANDLW  C0
00DA:  IORLW  02
00DC:  MOVWF  FC0
00DE:  BSF    FC0.7
00E0:  BSF    FC2.0
....................    setup_adc_ports(an0_to_an2|vss_vdd);  
00E2:  MOVF   FC1,W
00E4:  ANDLW  C0
00E6:  IORLW  0C
00E8:  MOVWF  FC1
....................    output_low(g_all);         
00EA:  BCF    F95.0
00EC:  BCF    F8C.0
00EE:  GOTO   02E0 (RETURN)
.................... } 
.................... //HAM 104 
....................  
.................... //XXXXXXXXXXXXXXXXXXXXXXXXXXXXXXXXXXXXXXXXXXXX 
.................... //CHUONG TRINH CON XUAT 4 BYTE RA 4 LED 7 DOAN 
.................... //XXXXXXXXXXXXXXXXXXXXXXXXXXXXXXXXXXXXXXXXXXXX 
.................... VOID XUAT_4LED_7DOAN_4SO(UNSIGNED INT BL743,BL742,BL741,BL740) 
.................... {      
....................       XUAT_1BYTE(BL740);   XUAT_1BYTE(BL741); 
*
0134:  MOVFF  20,21
0138:  RCALL  0024
013A:  MOVFF  1F,21
013E:  RCALL  0024
....................       XUAT_1BYTE(BL742);   XUAT_1BYTE(BL743);        
0140:  MOVFF  1E,21
0144:  RCALL  0024
0146:  MOVFF  1D,21
014A:  RCALL  0024
....................       OUTPUT_LOW(RCK_4LED7DOAN);    
014C:  BCF    F95.6
014E:  BCF    F8C.6
....................       OUTPUT_HIGH(RCK_4LED7DOAN); 
0150:  BCF    F95.6
0152:  BSF    F8C.6
0154:  GOTO   027C (RETURN)
....................  
.................... } 
.................... //ham 404 
.................... VOID XUAT_4LED_7DOAN_3SO(UNSIGNED INT BL742,BL741,BL740) 
.................... {      
....................      XUAT_4LED_7DOAN_4SO(0XFF,BL742,BL741,BL740); 
.................... } 
.................... //ham 403 
.................... VOID XUAT_4LED_7DOAN_2SO(UNSIGNED INT BL741,BL740) 
.................... {      
....................      XUAT_4LED_7DOAN_4SO(0XFF,0XFF,BL741,BL740); 
.................... } 
.................... //ham 402 
.................... VOID XUAT_4LED_7DOAN_1SO(UNSIGNED INT BL740) 
.................... {      
....................      XUAT_4LED_7DOAN_4SO(0XFF,0XFF,0XFF,BL740); 
.................... } 
....................  
.................... //ham 405 
.................... //XXXXXXXXXXXXXXXXXXXXXXXXXXXXXXXXXXXXXXXXXXXXXXXXXXXXXXXXXXXXX 
.................... //CHUONG TRINH CON HIEN THI DU LIEU 16 BIT TREN 4 LED 7 DOAN 
.................... //XXXXXXXXXXXXXXXXXXXXXXXXXXXXXXXXXXXXXXXXXXXXXXXXXXXXXXXXXXXXX 
.................... UNSIGNED CHAR DONVI4,CHUC4,TRAM4,NGAN4; 
.................... VOID  XUAT_4LED_7DOAN_GIAIMA_XOA_SO0 (UNSIGNED INT16 TAM) 
.................... {          
....................       DONVI4 = MA7DOAN[TAM %10];          
0158:  MOVFF  1C,20
015C:  MOVFF  1B,1F
0160:  CLRF   22
0162:  MOVLW  0A
0164:  MOVWF  21
0166:  RCALL  00F2
0168:  MOVFF  00,1D
016C:  MOVFF  03,1E
0170:  MOVFF  03,03
0174:  MOVF   00,W
0176:  MOVFF  FF2,1F
017A:  BCF    FF2.7
017C:  RCALL  0004
017E:  BTFSC  1F.7
0180:  BSF    FF2.7
0182:  MOVWF  07
....................       CHUC4  = MA7DOAN[TAM/10%10]; 
0184:  MOVFF  1C,20
0188:  MOVFF  1B,1F
018C:  CLRF   22
018E:  MOVLW  0A
0190:  MOVWF  21
0192:  RCALL  00F2
0194:  MOVFF  02,1E
0198:  MOVFF  01,1D
019C:  MOVFF  02,20
01A0:  MOVFF  01,1F
01A4:  CLRF   22
01A6:  MOVLW  0A
01A8:  MOVWF  21
01AA:  RCALL  00F2
01AC:  MOVFF  00,1D
01B0:  MOVFF  03,1E
01B4:  MOVFF  03,03
01B8:  MOVF   00,W
01BA:  MOVFF  FF2,1F
01BE:  BCF    FF2.7
01C0:  RCALL  0004
01C2:  BTFSC  1F.7
01C4:  BSF    FF2.7
01C6:  MOVWF  08
....................       TRAM4  = MA7DOAN[TAM/100%10];  
01C8:  MOVFF  1C,20
01CC:  MOVFF  1B,1F
01D0:  CLRF   22
01D2:  MOVLW  64
01D4:  MOVWF  21
01D6:  RCALL  00F2
01D8:  MOVFF  02,1E
01DC:  MOVFF  01,1D
01E0:  MOVFF  02,20
01E4:  MOVFF  01,1F
01E8:  CLRF   22
01EA:  MOVLW  0A
01EC:  MOVWF  21
01EE:  RCALL  00F2
01F0:  MOVFF  00,1D
01F4:  MOVFF  03,1E
01F8:  MOVFF  03,03
01FC:  MOVF   00,W
01FE:  MOVFF  FF2,1F
0202:  BCF    FF2.7
0204:  RCALL  0004
0206:  BTFSC  1F.7
0208:  BSF    FF2.7
020A:  MOVWF  09
....................       NGAN4  = MA7DOAN[TAM/1000%10];        
020C:  MOVFF  1C,20
0210:  MOVFF  1B,1F
0214:  MOVLW  03
0216:  MOVWF  22
0218:  MOVLW  E8
021A:  MOVWF  21
021C:  RCALL  00F2
021E:  MOVFF  02,1E
0222:  MOVFF  01,1D
0226:  MOVFF  02,20
022A:  MOVFF  01,1F
022E:  CLRF   22
0230:  MOVLW  0A
0232:  MOVWF  21
0234:  RCALL  00F2
0236:  MOVFF  00,1D
023A:  MOVFF  03,1E
023E:  MOVFF  03,03
0242:  MOVF   00,W
0244:  MOVFF  FF2,1F
0248:  BCF    FF2.7
024A:  RCALL  0004
024C:  BTFSC  1F.7
024E:  BSF    FF2.7
0250:  MOVWF  0A
....................       IF (NGAN4==0XC0) 
0252:  MOVF   0A,W
0254:  SUBLW  C0
0256:  BNZ   026A
....................       { 
....................          NGAN4=0XFF; 
0258:  SETF   0A
....................          IF (TRAM4==0XC0) 
025A:  MOVF   09,W
025C:  SUBLW  C0
025E:  BNZ   026A
....................          { 
....................             TRAM4=0XFF; 
0260:  SETF   09
....................             IF (CHUC4==0XC0)   CHUC4=0XFF; 
0262:  MOVF   08,W
0264:  SUBLW  C0
0266:  BNZ   026A
0268:  SETF   08
....................          } 
....................       } 
....................       XUAT_4LED_7DOAN_4SO(NGAN4,TRAM4,CHUC4,DONVI4);    
026A:  MOVFF  0A,1D
026E:  MOVFF  09,1E
0272:  MOVFF  08,1F
0276:  MOVFF  07,20
027A:  BRA    0134
027C:  RETURN 0
.................... } 
....................  
.................... void  XUAT_4LED_7DOAN_2_SO (unsigned int8 BH,BL) 
.................... {          
....................  XUAT_4LED_7DOAN_4SO(MA7DOAN[BH/10],MA7DOAN[BH%10],MA7DOAN[BL/10],MA7DOAN[BL%10]);    
.................... } 
....................  
.................... UNSIGNED INT8 LCDDATA=0;  
.................... UNSIGNED INT8 LCDCONTROL=0; 
.................... UNSIGNED INT8 GLCDDATA=0; 
.................... UNSIGNED INT8 GLCDCONTROL=0;  
.................... //HAM 701 
.................... //XXXXXXXXXXXXXXXXXXXXXXXXXXXXXXXXXXXXXXXXXXXXXXXXXXXXXXXXXXXXX 
.................... //CHUONG TRINH CON XUAT DU LIEU 4 BYTE RA GLCD VA LCD 
.................... //XXXXXXXXXXXXXXXXXXXXXXXXXXXXXXXXXXXXXXXXXXXXXXXXXXXXXXXXXXXXX 
.................... VOID XUAT_GLCD_LCD() 
.................... {       
....................     XUAT_1BYTE(GLCDCONTROL);              
....................     XUAT_1BYTE(GLCDDATA); 
....................     XUAT_1BYTE(LCDCONTROL);        
....................     XUAT_1BYTE(LCDDATA);       
....................           
....................     OUTPUT_HIGH(RCK_LCD20X4);      
....................     OUTPUT_LOW(RCK_LCD20X4); 
.................... } 
.................... //HAM 702 
.................... VOID XUAT_LCD20X4(UNSIGNED INT8 LCD_SIGNAL,LCD_INS_HTHI) 
.................... {      
....................     LCDCONTROL = ~LCD_SIGNAL; 
....................     LCDDATA    = ~LCD_INS_HTHI;       
....................     XUAT_GLCD_LCD(); 
.................... } 
.................... //HAM 703 
.................... VOID XUAT_GLCD128X64(UNSIGNED INT8 GLCD_SIGNAL,GLCD_INS_HTHI) 
.................... {      
....................     GLCDCONTROL = ~GLCD_SIGNAL; 
....................     GLCDDATA    = ~GLCD_INS_HTHI;      
....................     XUAT_GLCD_LCD(); 
.................... } 
.................... //HAM 501 
.................... //XXXXXXXXXXXXXXXXXXXXXXXXXXXXXXXXXXXXXXXXXXXX 
.................... //CHUONG TRINH CON XUAT 2 BYTE RA DK 1 LED QUET SANG 
.................... //XXXXXXXXXXXXXXXXXXXXXXXXXXXXXXXXXXXXXXXXXXXX 
.................... VOID XUAT_8LED_7DOAN_QUET_1(UNSIGNED INT MA,SO_HTHI) 
.................... {      
....................       XUAT_1BYTE(~MA);    
....................       XUAT_1BYTE(~SO_HTHI); 
....................       OUTPUT_HIGH(RCK_8LEDQUET);  
....................       OUTPUT_LOW(RCK_8LEDQUET); 
.................... } 
.................... //HAM 502 
.................... //XXXXXXXXXXXXXXXXXXXXXXXXXXXXXXXXXXXXXXXXXXXX 
.................... //CHUONG TRINH CON XUAT 2 BYTE RA TAT 8 LED QUET 
.................... //XXXXXXXXXXXXXXXXXXXXXXXXXXXXXXXXXXXXXXXXXXXX 
.................... VOID XUAT_8LED_7DOAN_QUET_TAT_LED() 
.................... { 
....................    XUAT_8LED_7DOAN_QUET_1(0XFF,0XFF); 
.................... } 
.................... //HAM 503 
.................... //XXXXXXXXXXXXXXXXXXXXXXXXXXXXXXXXXXXXXXXXXXXX 
.................... //CHUONG TRINH CON HIEN THI LED THEO THU TU 
.................... //XXXXXXXXXXXXXXXXXXXXXXXXXXXXXXXXXXXXXXXXXXXX 
.................... CONST UNSIGNED CHAR TTLEDQUET[8]= {0x7F,0xBF,0xDF,0xEF,0xF7,0xFB,0xFD,0xFE}; 
.................... VOID XUAT_8LED_7DOAN_QUET_2(UNSIGNED INT THUTULED,SO_HTHI) 
.................... {          
....................       XUAT_1BYTE(~ (TTLEDQUET[THUTULED]));    
....................       XUAT_1BYTE(~SO_HTHI);      
....................       OUTPUT_HIGH(RCK_8LEDQUET);  
....................       OUTPUT_LOW(RCK_8LEDQUET); 
.................... } 
.................... //HAM 504 
.................... //XXXXXXXXXXXXXXXXXXXXXXXXXXXXXXXXXXXXXXXXXXXX 
.................... //CHUONG TRINH CON HIEN THI 8 SO TREN 8 LED QUET - CO KIEM TRA 
.................... //XXXXXXXXXXXXXXXXXXXXXXXXXXXXXXXXXXXXXXXXXXXX 
.................... UNSIGNED CHAR LED_7DQ[8]={0XFF,0XFF,0XFF,0XFF,0XFF,0XFF,0XFF,0XFF}; 
.................... UNSIGNED INT8 TT8LED=0; 
.................... VOID HIEN_THI_8LED_7DOAN_QUET() 
.................... {      
....................       FOR(TT8LED=0;TT8LED<8;TT8LED++) 
....................          IF (LED_7DQ[TT8LED]!=0XFF) 
....................          {            
....................             XUAT_8LED_7DOAN_QUET_2(TT8LED, LED_7DQ[TT8LED]); 
....................             DELAY_US(100); 
....................             XUAT_8LED_7DOAN_QUET_TAT_LED();            
....................             } 
.................... } 
.................... //HAM 505 
.................... //XXXXXXXXXXXXXXXXXXXXXXXXXXXXXXXXXXXXXXXXXXXX 
.................... //CHUONG TRINH CON HIEN THI 8 SO TREN 8 LED QUET - KHONG KIEM TRA 
.................... //XXXXXXXXXXXXXXXXXXXXXXXXXXXXXXXXXXXXXXXXXXXX 
.................... VOID HIEN_THI_8LED_7DOAN_QUET_ALL() 
.................... {      
....................       FOR(TT8LED=0;TT8LED<8;TT8LED++)          
....................          {            
....................             XUAT_8LED_7DOAN_QUET_2(TT8LED, LED_7DQ[TT8LED]); 
....................             DELAY_US(100); 
....................             XUAT_8LED_7DOAN_QUET_TAT_LED();            
....................             } 
.................... } 
....................  
.................... VOID DELAY_QUET_8LED(UNSIGNED INT16 DL) 
.................... {  
....................       UNSIGNED INT8 I; 
....................       FOR (I=0; I<DL;I++) 
....................       HIEN_THI_8LED_7DOAN_QUET_ALL(); 
.................... }  
....................  
.................... VOID GIAI_MA_GAN_CHO_8LED_QUET_16_XOA(UNSIGNED INT16 X) 
.................... {      
....................       LED_7DQ[0]= MA7DOAN [X %10];     
....................       LED_7DQ[1]= MA7DOAN [X/10%10]; 
....................       LED_7DQ[2]= MA7DOAN [X/100%10];     
....................       LED_7DQ[3]= MA7DOAN [X/1000%10]; 
....................       LED_7DQ[4]= MA7DOAN [X/10000%10]; 
....................       IF (LED_7DQ[4]==MASO0)  
....................       { 
....................             LED_7DQ[4]=0XFF; 
....................             IF (LED_7DQ[3]==MASO0)  
....................             { 
....................                LED_7DQ[3]=0XFF; 
....................                IF (LED_7DQ[2]==MASO0)  
....................                { 
....................                   LED_7DQ[2]=0XFF; 
....................                   IF (LED_7DQ[1]==MASO0)  
....................                   { 
....................                      LED_7DQ[1]=0XFF; 
....................                   } 
....................                } 
....................             } 
....................       } 
....................              
.................... } 
....................  
....................  
.................... //XXXXXXXXXXXXXXXXXXXXXXXXXXXXXXXXXXXXXXXXXXXX          
.................... VOID XUAT_2BYTE(UNSIGNED INT16 X) 
.................... { 
....................    INT8 SBB; 
....................    #BIT BSERIX  = X.15 
....................    FOR (SBB=0;SBB<16;SBB++) 
....................       {                                                  
....................          OUTPUT_BIT(SSDO,BSERIX);     
....................          OUTPUT_LOW(SSCK);          
....................          OUTPUT_HIGH(SSCK); 
....................          X= X<<1;          
....................      } 
.................... } 
.................... //XXXXXXXXXXXXXXXXXXXXXXXXXXXXXXXXXXXXXXXXXXXX 
.................... //CHUONG TRINH CON XUAT RA LED MA TRAN 
.................... //XXXXXXXXXXXXXXXXXXXXXXXXXXXXXXXXXXXXXXXXXXXX 
.................... VOID XUAT_MATRANLED(UNSIGNED INT16 MAHANG,UNSIGNED INT16 MACOT1, 
.................... UNSIGNED INT16 MACOT2,UNSIGNED INT16 MACOT3) 
.................... {       
....................       XUAT_2BYTE(MACOT3); 
....................       XUAT_2BYTE(MACOT2); 
....................       XUAT_2BYTE(MACOT1); 
....................       XUAT_2BYTE(MAHANG);      
....................  
....................       OUTPUT_HIGH(RCK_MATRANLED);  
....................       OUTPUT_LOW(RCK_MATRANLED); 
.................... } 
.................... //XXXXXXXXXXXXXXXXXXXXXXXXXXXXXXXXXXXXXXXXXXXX 
.................... //CHUONG TRINH CON XUAT RA LED MA TRAN 
.................... //XXXXXXXXXXXXXXXXXXXXXXXXXXXXXXXXXXXXXXXXXXXX 
.................... VOID TAT_MATRANLED() 
.................... {       
....................       XUAT_2BYTE(0); 
....................       XUAT_2BYTE(0); 
....................       XUAT_2BYTE(0); 
....................       XUAT_2BYTE(0);            
....................       OUTPUT_HIGH(RCK_MATRANLED); OUTPUT_LOW(RCK_MATRANLED);  
.................... } 
.................... UNSIGNED  INT8 HIEU_CHINH_4BIT_CAO(UNSIGNED INT8 XZY) 
.................... { 
....................       INT1  BTG; 
....................       UNSIGNED INT8   BX;    
....................       #BIT BIT4  = BX.4 
....................       #BIT BIT5  = BX.5 
....................       #BIT BIT6  = BX.6 
....................       #BIT BIT7  = BX.7 
....................       BX=XZY; 
....................       BTG=BIT4;   BIT4=BIT7;  BIT7=BTG; 
....................       BTG=BIT5;   BIT5=BIT6;  BIT6=BTG;       
....................       RETURN(BX);   
.................... } 
.................... //HAM 601 
.................... //XXXXXXXXXXXXXXXXXXXXXXXXXXXXXXXXXXXXXXXXXXXXXXXXXXXX 
.................... //MODULE DIEU KHIEN RELAY,TRIAC, BUZZER, DONG CO, SIM 
.................... //XXXXXXXXXXXXXXXXXXXXXXXXXXXXXXXXXXXXXXXXXXXXXXXXXXXX 
.................... VOID XUAT_BUZZER_RELAY() 
.................... {      
....................    UNSIGNED INT8 RBDC1,RBDC2; 
....................       RBDC1=RBDC; RBDC2=RBDC>>8;       
....................       XUAT_1BYTE(RBDC2);       
....................       XUAT_1BYTE(RBDC1); 
....................        
....................       OUTPUT_HIGH(RCK_BUZERELAY);    
....................       OUTPUT_LOW(RCK_BUZERELAY); 
.................... } 
.................... //HAM 602 
.................... //XXXXXXXXXXXXXXXXXXXXXXXXXXXXXXXXXXXXXXXXXXXXXXXXXXXX 
.................... VOID BUZZER_ON() 
.................... {     
....................       BUZZER=1; 
....................       XUAT_BUZZER_RELAY();          
.................... } 
.................... //HAM 603 
.................... //XXXXXXXXXXXXXXXXXXXXXXXXXXXXXXXXXXXXXXXXXXXXXXXXXXXX 
.................... VOID BUZZER_OFF() 
.................... {      
....................       BUZZER=0; 
....................       XUAT_BUZZER_RELAY(); 
.................... } 
.................... //HAM 604 
.................... //XXXXXXXXXXXXXXXXXXXXXXXXXXXXXXXXXXXXXXXXXXXXXXXXXXXX 
.................... VOID RELAY_1_ON() 
.................... {     
....................       RELAY_1=1; 
....................       XUAT_BUZZER_RELAY();          
.................... } 
.................... //HAM 603 
.................... //XXXXXXXXXXXXXXXXXXXXXXXXXXXXXXXXXXXXXXXXXXXXXXXXXXXX 
.................... VOID RELAY_1_OFF() 
.................... {     
....................       RELAY_1=0; 
....................       XUAT_BUZZER_RELAY();          
.................... } 
.................... //HAM 604 
.................... //XXXXXXXXXXXXXXXXXXXXXXXXXXXXXXXXXXXXXXXXXXXXXXXXXXXX 
.................... VOID RELAY_2_ON() 
.................... {     
....................       RELAY_2=1; 
....................       XUAT_BUZZER_RELAY();          
.................... } 
.................... //HAM 607 
.................... //XXXXXXXXXXXXXXXXXXXXXXXXXXXXXXXXXXXXXXXXXXXXXXXXXXXX 
.................... VOID RELAY_2_OFF() 
.................... {     
....................       RELAY_2=0; 
....................       XUAT_BUZZER_RELAY();          
.................... } 
.................... //HAM 608 
.................... //XXXXXXXXXXXXXXXXXXXXXXXXXXXXXXXXXXXXXXXXXXXXXXXXXXXX 
.................... VOID RELAY_1_RELAY_2_ON() 
.................... {     
....................       RELAY_1=1;  RELAY_2=1; 
....................       XUAT_BUZZER_RELAY();          
.................... } 
.................... //HAM 609 
.................... //XXXXXXXXXXXXXXXXXXXXXXXXXXXXXXXXXXXXXXXXXXXXXXXXXXXX 
.................... VOID RELAY_1_RELAY_2_OFF() 
.................... {     
....................       RELAY_1=0;  RELAY_2=0; 
....................       XUAT_BUZZER_RELAY();          
.................... } 
.................... //HAM 610 
.................... //XXXXXXXXXXXXXXXXXXXXXXXXXXXXXXXXXXXXXXXXXXXXXXXXXXXX 
.................... VOID TRIAC_1_ON() 
.................... {     
....................       TRIAC_1=1; 
....................       XUAT_BUZZER_RELAY();          
.................... } 
.................... //HAM 611 
.................... //XXXXXXXXXXXXXXXXXXXXXXXXXXXXXXXXXXXXXXXXXXXXXXXXXXXX 
.................... VOID TRIAC_1_OFF() 
.................... {     
....................       TRIAC_1=0; 
....................       XUAT_BUZZER_RELAY();          
.................... } 
.................... //HAM 612 
.................... //XXXXXXXXXXXXXXXXXXXXXXXXXXXXXXXXXXXXXXXXXXXXXXXXXXXX 
.................... VOID TRIAC_2_ON() 
.................... {     
....................       TRIAC_2=1; 
....................       XUAT_BUZZER_RELAY();          
.................... } 
.................... //HAM 613 
.................... //XXXXXXXXXXXXXXXXXXXXXXXXXXXXXXXXXXXXXXXXXXXXXXXXXXXX 
.................... VOID TRIAC_2_OFF() 
.................... {     
....................       TRIAC_2=0; 
....................       XUAT_BUZZER_RELAY();          
.................... } 
.................... //XXXXXXXXXXXXXXXXXXXXXXXXXXXXXXXXXXXXXXXXXXXX 
....................  
.................... VOID GGMMAA() 
.................... { 
....................    UNSIGNED INT8   X;    
....................    X=MA7DOAN[1]; 
.................... } 
....................  
....................  
.................... unsigned INT8 t0, t0_tam, y; 
....................  
.................... void main() 
*
02A0:  CLRF   FF8
02A2:  BCF    FD0.7
02A4:  BSF    FB8.3
02A6:  MOVLW  08
02A8:  MOVWF  FAF
02AA:  MOVLW  02
02AC:  MOVWF  FB0
02AE:  MOVLW  A6
02B0:  MOVWF  FAC
02B2:  MOVLW  90
02B4:  MOVWF  FAB
02B6:  CLRF   04
02B8:  CLRF   0B
02BA:  CLRF   0C
02BC:  CLRF   0D
02BE:  CLRF   0E
02C0:  CLRF   17
02C2:  MOVF   FC1,W
02C4:  ANDLW  C0
02C6:  IORLW  0F
02C8:  MOVWF  FC1
02CA:  MOVLW  07
02CC:  MOVWF  FB4
02CE:  SETF   0F
02D0:  SETF   10
02D2:  SETF   11
02D4:  SETF   12
02D6:  SETF   13
02D8:  SETF   14
02DA:  SETF   15
02DC:  SETF   16
.................... { 
....................    set_up_port_ic_chot(); 
02DE:  BRA    00B8
....................    setup_timer_0 (t0_OFF); 
02E0:  CLRF   FD5
....................    set_timer0 (0); 
02E2:  CLRF   FD7
02E4:  CLRF   FD6
....................    t0_tam = t0 = 0; 
02E6:  CLRF   18
02E8:  MOVFF  18,19
....................    xuat_4led_7doan_giaima_xoa_so0 (t0) ;     //chuong trinh nay dâu 
02EC:  CLRF   1C
02EE:  MOVFF  18,1B
02F2:  RCALL  0158
....................    y = 0xff; 
02F4:  SETF   1A
....................    WHILE (true) 
....................    { 
....................       t0 = get_timer0 (); 
02F6:  MOVF   FD6,W
02F8:  MOVWF  18
....................          IF (t0 != t0_tam) 
02FA:  MOVF   19,W
02FC:  SUBWF  18,W
02FE:  BZ    0318
....................          { 
....................             t0_tam = t0; 
0300:  MOVFF  18,19
....................             xuat_4led_7doan_giaima_xoa_so0 (t0) ; 
0304:  CLRF   1C
0306:  MOVFF  18,1B
030A:  RCALL  0158
....................             IF (t0 >= 101) set_timer0 (1); 
030C:  MOVF   18,W
030E:  SUBLW  64
0310:  BC    0318
0312:  CLRF   FD7
0314:  MOVLW  01
0316:  MOVWF  FD6
....................          }       
....................       IF(input(On)==0) 
0318:  BSF    F93.5
031A:  BTFSC  F81.5
031C:  BRA    0334
....................       { 
....................          setup_timer_0 (t0_ext_l_to_h|t0_div_1|t0_8_bit);       
031E:  MOVLW  E8
0320:  MOVWF  FD5
....................          xuat_32led_don_4byte(y, y, y , y);          
0322:  MOVFF  1A,1B
0326:  MOVFF  1A,1C
032A:  MOVFF  1A,1D
032E:  MOVFF  1A,1E
0332:  RCALL  027E
....................           
....................     
....................  
....................       } 
....................        
....................       if(input(off)==0) 
0334:  BSF    F93.4
0336:  BTFSC  F81.4
0338:  BRA    0346
....................       { 
....................       setup_timer_0 (t0_off);   
033A:  CLRF   FD5
....................       xuat_32led_don_4byte(0, 0, 0, 0);       
033C:  CLRF   1B
033E:  CLRF   1C
0340:  CLRF   1D
0342:  CLRF   1E
0344:  RCALL  027E
....................       } 
0346:  BRA    02F6
....................    } 
.................... } 
....................  
0348:  SLEEP 
....................  

Configuration Fuses:
   Word  1: CC27   PLL12 CPUDIV1 USBDIV HS FCMEN IESO
   Word  2: 1E3E   PUT BROWNOUT BORV21 VREGEN NOWDT WDT32768
   Word  3: 8700   CCP2C1 PBADEN LPT1OSC MCLR
   Word  4: 00A1   STVREN NOLVP ICSP2 NOXINST NODEBUG
   Word  5: C00F   NOPROTECT NOCPB NOCPD
   Word  6: E00F   NOWRT NOWRTC NOWRTB NOWRTD
   Word  7: 400F   NOEBTR NOEBTRB
