
ROM used:   1996/32768 (6%)
            1996/32768 (6%) including unused fragments

            1.2 Average locations per line
            6.3 Average locations per statement

RAM used:   34/2048 (2%) at main() level
            48/2048 (2%) worst case

Stack used: 7 worst case (7 in main + 0 for interrupts)
Stack size: 31

Lines Stmts  %   Files
----- ----- ---  -----
  116    60  19  BAI_710_LM35_COUNTER_LCD.c
  627   233  73  tv_pickit2_shift_1.c
  837     0   0  ..\..\..\..\Program Files (x86)\PICC\Devices\18F4550.H
  112    25   8  tv_pickit2_shift_lcd.c
----- -----
 1692   318 Total

Page ROM  %  RAM   Vol Diff  Functions:
---- --- --- ---   --- ----  ----------
0     38   1    1             @delay_ms1
0     38   1    2   234  4.3  XUAT_1BYTE
0     34   1    4   160  1.8  XUAT_32LED_DON_4BYTE
0     22   1    4   131  2.8  xuat_1word
0     88   2    0   396  1.4  xoa_tat_6module
0     58   1    0   253  2.3  SET_UP_PORT_IC_CHOT
0     66   2    5             @DIV1616
0     36   1    0   106  1.3  XUAT_GLCD_LCD
0     16   0    2    80  2.7  XUAT_LCD20X4
0     26   1    1   102  2.1  LCD_XUAT_8BIT
0     22   1    1    61  1.6  LCD_COMMAND
0     22   1    1    61  1.6  LCD_DATA
0     72   2    0   245  1.8  SETUP_LCD
0     20   1    0   830  7.1  @const830
0     26   1    3   147  3.7  LCD_GOTO_XY
0     32   1    3   111  3.4  counter_dem_len
0    156   4    0   254  4.0  doc_nd_lm35a
0     54   1    2   254  4.0  @ITOF
0    346   9   14   736  6.6  @DIVFF
0     56   1    4   254  4.0  @SFTOI
0    156   4    0   254  4.0  doc_nd_lm35b
0     98   2    1   423  5.2  so_sanh_dk_buzzer
0    326   8    3   644  5.2  hien_thi_lcd
0     10   0    0   903  6.7  @const856
0     32   1    2             @PSTRINGC_813
0     10   0    0   325  4.6  @const858
0     16   0    0   325  4.6  @const859
0    116   3    0   204  2.7  MAIN
 Inline         0             @cinit1

Program metrics:
    Functions               25
    Statements              318
    Comments                331
    Volume (V)              13624
    Difficulty (D)          89.6
    Effort to implement (E) 1221002
    Time to implement (T)   18 hours, 51 minutes
    Est Delivered Bugs (B)  4
    Cyclomatic Complexity   14
    Maintainability (MI)    67

 Segment     Used  Free
-----------  ----  ----
00000-00002     4  0  
00004-07FFE  1992  30772  



