CCS PCH C Compiler, Version 5.015, 5967               29-Nov-22 09:17

               Filename:   C:\Users\NguyenMinhTri\Desktop\TT VXL\BAI_633_LCD_3KYTU.lst

               ROM used:   898 bytes (3%)
                           Largest free fragment is 31870
               RAM used:   26 (1%) at main() level
                           35 (2%) worst case
               Stack used: 7 locations
               Stack size: 31

*
0000:  GOTO   0326
.................... //tim. thoi. vuong 
.................... #include <tv_pickit2_shift_1.c> 
.................... #INCLUDE    <18F4550.H> 
.................... //////////// Standard Header file for the PIC18F4550 device //////////////// 
.................... /////////////////////////////////////////////////////////////////////////// 
.................... ////        (C) Copyright 1996, 2013 Custom Computer Services          //// 
.................... //// This source code may only be used by licensed users of the CCS C  //// 
.................... //// compiler.  This source code may only be distributed to other      //// 
.................... //// licensed users of the CCS C compiler.  No other use, reproduction //// 
.................... //// or distribution is permitted without written permission.          //// 
.................... //// Derivative programs created using this software in object code    //// 
.................... //// form are not restricted in any way.                               //// 
.................... /////////////////////////////////////////////////////////////////////////// 
.................... #device PIC18F4550 
0004:  CLRF   FF7
0006:  ADDLW  14
0008:  MOVWF  FF6
000A:  MOVLW  00
000C:  ADDWFC FF7,F
000E:  TBLRD*+
0010:  MOVF   FF5,W
0012:  RETURN 0
0014:  DATA 80,C0
0016:  DATA 94,D4
0018:  CLRF   FF7
001A:  ADDLW  28
001C:  MOVWF  FF6
001E:  MOVLW  00
0020:  ADDWFC FF7,F
0022:  TBLRD*+
0024:  MOVF   FF5,W
0026:  RETURN 0
0028:  DATA 0A,15
002A:  DATA 11,11
002C:  DATA 0A,04
002E:  DATA 00,00
0030:  CLRF   FF7
0032:  ADDLW  40
0034:  MOVWF  FF6
0036:  MOVLW  00
0038:  ADDWFC FF7,F
003A:  TBLRD*+
003C:  MOVF   FF5,W
003E:  RETURN 0
0040:  DATA 04,0A
0042:  DATA 11,0A
0044:  DATA 04,00
0046:  DATA 00,00
0048:  CLRF   FF7
004A:  ADDLW  58
004C:  MOVWF  FF6
004E:  MOVLW  00
0050:  ADDWFC FF7,F
0052:  TBLRD*+
0054:  MOVF   FF5,W
0056:  RETURN 0
0058:  DATA 1F,11
005A:  DATA 11,11
005C:  DATA 1F,00
005E:  DATA 00,00
0060:  DATA 20,48
0062:  DATA 49,45
0064:  DATA 4E,20
0066:  DATA 54,48
0068:  DATA 49,20
006A:  DATA 33,20
006C:  DATA 4B,59
006E:  DATA 20,54
0070:  DATA 55,20
0072:  DATA 00,00
*
0246:  TBLRD*+
0248:  MOVF   FF5,F
024A:  BZ    0264
024C:  MOVFF  FF6,1A
0250:  MOVFF  FF7,1B
0254:  MOVFF  FF5,1C
0258:  RCALL  0230
025A:  MOVFF  1A,FF6
025E:  MOVFF  1B,FF7
0262:  BRA    0246
0264:  GOTO   0378 (RETURN)
....................  
.................... #list 
....................  
.................... #DEVICE     ADC=10 
.................... #FUSES      NOWDT,PUT,HS,NOPROTECT,NOLVP,CPUDIV1 
.................... #USE        I2C(MASTER,SLOW,SDA=PIN_B0,SCL=PIN_B1) 
.................... #USE        DELAY(CLOCK=20000000) 
*
01A6:  CLRF   FEA
01A8:  MOVLW  1A
01AA:  MOVWF  FE9
01AC:  MOVF   FEF,W
01AE:  BZ    01CA
01B0:  MOVLW  06
01B2:  MOVWF  01
01B4:  CLRF   00
01B6:  DECFSZ 00,F
01B8:  BRA    01B6
01BA:  DECFSZ 01,F
01BC:  BRA    01B4
01BE:  MOVLW  7B
01C0:  MOVWF  00
01C2:  DECFSZ 00,F
01C4:  BRA    01C2
01C6:  DECFSZ FEF,F
01C8:  BRA    01B0
01CA:  GOTO   0202 (RETURN)
.................... #USE        rs232(baud=9600, xmit=PIN_C6,rcv=PIN_C7) 
.................... //NUT NHAN: 
.................... #DEFINE  BT0     PIN_B5 
.................... #DEFINE  BT1     PIN_B4 
.................... #DEFINE  BT2     PIN_B3 
.................... #DEFINE  BT3     PIN_B2 
....................  
.................... #DEFINE  ON      BT0       //DK LED DON, MOTOR 
.................... #DEFINE  OFF     BT1 
.................... #DEFINE  INV     BT2 
....................  
.................... #DEFINE  UP      BT0    //DK LED DON 
.................... #DEFINE  DW      BT1 
.................... #DEFINE  CLR     BT2 
.................... #DEFINE  MOD     BT3 
....................  
.................... #DEFINE  STOP    BT3 
....................  
.................... #DEFINE  ON1     BT0      
.................... #DEFINE  OFF1    BT1 
.................... #DEFINE  ON2     BT2        
.................... #DEFINE  OFF2    BT3 
....................  
....................  
.................... //XXXXXXXXXXXXXXXXXXXXXXXXXXXXXXXXXXXXXXXXXXXXXXXXX 
.................... //XXXXXXXXXXXXXXXXXXXXXXXXXXXXXXXXXXXXXXXXXXXXXXXXX 
.................... #DEFINE      SSDO             PIN_E2         //CHUNG TAT CA 
.................... #DEFINE      SSCK             PIN_E0         //CHUNG TAT CA 
....................  
.................... #DEFINE      G_ALL            PIN_D0         //A - 4 BYTE 
.................... #DEFINE      RCK_LCD20X4      PIN_D2         //A - 2 BYTE DAO 
.................... #DEFINE      RCK_BUZERELAY    PIN_D3     //B - 1 BYTE  
.................... #DEFINE      RCK_32LED        PIN_D4         //A - 4 BYTE 
.................... #DEFINE      RCK_8LEDQUET     PIN_D5         //B - 2 BYTE DAO 
.................... #DEFINE      RCK_4LED7DOAN    PIN_D6         //A - 4 BYTE 
.................... #DEFINE      RCK_MATRANLED    PIN_D7         //B - 3 BYTE DAO 
....................  
.................... VOID XUAT_LCD20X4(UNSIGNED INT8 LCD_SIGNAL,LCD_INS_HTHI); 
.................... VOID XUAT_BUZZER_RELAY(); 
....................  
.................... //XXXXXXXXXXXXXXXXXXXXXXXXXXXXXXXXXXXXXXXXXXXX 
.................... //CHUONG TRINH KIEM TRA PHIM BT1 
.................... //XXXXXXXXXXXXXXXXXXXXXXXXXXXXXXXXXXXXXXXXXXXX 
.................... UNSIGNED INT8 DL_BTN=0; 
.................... INT1 PHIM_BT0(UNSIGNED INT16 DL) 
.................... {   
....................     IF(!INPUT(BT0)) 
....................     {   
....................       DL_BTN++; 
....................       IF(DL_BTN==1) RETURN(1); 
....................       ELSE 
....................       { 
....................          IF (DL_BTN>= DL) 
....................          DL_BTN = 0; 
....................       } 
....................     } 
....................     ELSE    
....................     { 
....................       RETURN(0); 
....................     } 
.................... }  
.................... //XXXXXXXXXXXXXXXXXXXXXXXXXXXXXXXXXXXXXXXXXXXX 
.................... //CHUONG TRINH KIEM TRA PHIM BT1 
.................... //XXXXXXXXXXXXXXXXXXXXXXXXXXXXXXXXXXXXXXXXXXXX 
.................... INT1 PHIM_BT1(UNSIGNED INT16 DL ) 
.................... {   
....................     IF (!INPUT(BT1)) 
....................     {   
....................       DL_BTN++; 
....................       IF(DL_BTN==1) RETURN(1); 
....................       ELSE 
....................       { 
....................          IF (DL_BTN>= DL) 
....................          DL_BTN =0; 
....................       } 
....................     } 
....................     ELSE    
....................     { 
....................       RETURN(0); 
....................     } 
.................... }  
.................... //XXXXXXXXXXXXXXXXXXXXXXXXXXXXXXXXXXXXXXXXXXXX 
.................... //CHUONG TRINH KIEM TRA PHIM BT2       
.................... //XXXXXXXXXXXXXXXXXXXXXXXXXXXXXXXXXXXXXXXXXXXX                                     
.................... INT1 PHIM_BT2(UNSIGNED INT16 DL ) 
.................... {                                         
....................     IF (!INPUT(BT2)) 
....................     {   
....................       DL_BTN++; 
....................       IF(DL_BTN==1) RETURN(1); 
....................       ELSE 
....................       { 
....................          IF (DL_BTN>= DL) 
....................          DL_BTN =0; 
....................       } 
....................     } 
....................     ELSE    
....................     { 
....................       RETURN(0); 
....................     }                                           
.................... }       
....................  
.................... //XXXXXXXXXXXXXXXXXXXXXXXXXXXXXXXXXXXXXXXXXXXX 
.................... //CHUONG TRINH KIEM TRA PHIM BT3 
.................... //XXXXXXXXXXXXXXXXXXXXXXXXXXXXXXXXXXXXXXXXXXXX 
.................... INT1 PHIM_BT3(UNSIGNED INT16 DL,  UNSIGNED INT8 SOLAN  ) 
.................... {   
....................     IF (!INPUT(BT3)) 
....................     {   
....................       DL_BTN++; 
....................       IF(DL_BTN==1) RETURN(1); 
....................       ELSE 
....................       { 
....................          IF (DL_BTN>= DL) 
....................          DL_BTN =SOLAN; 
....................       } 
....................     } 
....................     ELSE    
....................     { 
....................       //DL_BTN =0; 
....................       RETURN(0); 
....................     } 
.................... }  
.................... //XXXXXXXXXXXXXXXXXXXXXXXXXXXXXXXXXXXXXXXXXXXX 
.................... //KHAI BAO DU LIEU 16 BIT CHO MODULE RELAY, TRIAC, BUZZER, DONG CO 
.................... //XXXXXXXXXXXXXXXXXXXXXXXXXXXXXXXXXXXXXXXXXXXX 
.................... UNSIGNED INT16 RBDC; 
.................... #BIT STEP_MOTOR_ENABLE  = RBDC.0    //1=ENA,0=DIS 
.................... #BIT STEP_MOTOR_IN1     = RBDC.1     
.................... #BIT STEP_MOTOR_IN2     = RBDC.2 
.................... #BIT STEP_MOTOR_IN3     = RBDC.3 
.................... #BIT STEP_MOTOR_IN4     = RBDC.4 
.................... #BIT DC_ENABLE          = RBDC.5    //1=ENA,0=DIS 
.................... #BIT PWRKEY             = RBDC.6    //KHOI TAO SIM900 
....................  
.................... #BIT BUZZER             = RBDC.8    //1=ON,0=OFF 
.................... #BIT TRIAC_1            = RBDC.9    //1=ON,0=OFF 
.................... #BIT TRIAC_2            = RBDC.10   //1=ON,0=OFF 
.................... #BIT RELAY_1            = RBDC.11   //0=ON,1=OFF 
.................... #BIT RELAY_2            = RBDC.12   //0=ON,1=OFF 
....................  
....................  
....................  
.................... //XXXXXXXXXXXXXXXXXXXXXXXXXXXXXXXXXXXXXXXXXXXX    
.................... CONST UNSIGNED CHAR MA7DOAN[16]= {0XC0,0XF9,0xA4,0XB0,0X99,0X92,0X82,0XF8, 
.................... 0X80,0X90,0x88, 0x83, 0xC6, 0xA1, 0x86, 0x8E}; 
.................... #DEFINE     MASO0    0XC0 
.................... #DEFINE     MASO1    0XF9 
.................... #DEFINE     MASO2    0XA4 
.................... #DEFINE     MASO3    0XB0 
.................... #DEFINE     MASO4    0X99 
.................... #DEFINE     MASO5    0X92 
.................... #DEFINE     MASO6    0X82 
.................... #DEFINE     MASO7    0XF8 
....................  
.................... //XXXXXXXXXXXXXXXXXXXXXXXXXXXXXXXXXXXXXXXXXXXX  
.................... //HAM 102 XUAT 1 BYTE RA THANH GHI DICH 
.................... //XXXXXXXXXXXXXXXXXXXXXXXXXXXXXXXXXXXXXXXXXXXX     
.................... VOID XUAT_1BYTE(UNSIGNED INT8 X) 
.................... { 
....................    UNSIGNED INT8 SB;    
....................    #BIT BSERI  = X.7 
....................    FOR(SB=0;SB<8;SB++) 
*
0074:  CLRF   22
0076:  MOVF   22,W
0078:  SUBLW  07
007A:  BNC   0098
....................       {                                                  
....................          OUTPUT_BIT(SSDO,BSERI);     
007C:  BTFSC  21.7
007E:  BRA    0084
0080:  BCF    F8D.2
0082:  BRA    0086
0084:  BSF    F8D.2
0086:  BCF    F96.2
....................          OUTPUT_LOW(SSCK); OUTPUT_HIGH(SSCK); 
0088:  BCF    F96.0
008A:  BCF    F8D.0
008C:  BCF    F96.0
008E:  BSF    F8D.0
....................          X= X<<1;          
0090:  BCF    FD8.0
0092:  RLCF   21,F
0094:  INCF   22,F
0096:  BRA    0076
....................      } 
0098:  RETURN 0
.................... } 
.................... //XXXXXXXXXXXXXXXXXXXXXXXXXXXXXXXXXXXXXXXXXXXX  
.................... //HAM 301 
.................... //XXXXXXXXXXXXXXXXXXXXXXXXXXXXXXXXXXXXXXXXXXXX 
.................... //CHUONG TRINH CON XUAT 4 BYTE RA 32 LED DON 
.................... //XXXXXXXXXXXXXXXXXXXXXXXXXXXXXXXXXXXXXXXXXXXX 
.................... VOID XUAT_32LED_DON_4BYTE(UNSIGNED INT8 BLD3,BLD2,BLD1,BLD0) 
.................... {      
....................       XUAT_1BYTE(BLD3);           
....................       XUAT_1BYTE(BLD2); 
....................       XUAT_1BYTE(BLD1);           
....................       XUAT_1BYTE(BLD0);             
....................                        
....................       OUTPUT_HIGH(RCK_32LED);     
....................       OUTPUT_LOW(RCK_32LED); 
....................      
.................... } 
.................... //HAM 302 
.................... //XXXXXXXXXXXXXXXXXXXXXXXXXXXXXXXXXXXXXXXXXXXX 
.................... //CHUONG TRINH CON XUAT 2 WORD 16 BITRA 32 LED DON 
.................... //XXXXXXXXXXXXXXXXXXXXXXXXXXXXXXXXXXXXXXXXXXXX 
.................... VOID XUAT_32LED_DON_2WORD(UNSIGNED INT16 WLD1, UNSIGNED INT16 WLD0) 
.................... {      
....................      UNSIGNED INT8  B3,B2,B1,B0; 
....................      B3 = WLD1>>8;  B2 = WLD1;  
....................      B1 = WLD0>>8;  B0 = WLD0; 
....................      XUAT_32LED_DON_4BYTE(B3,B2,B1,B0); 
.................... } 
.................... //HAM 303 
.................... //XXXXXXXXXXXXXXXXXXXXXXXXXXXXXXXXXXXXXXXXXXXX 
.................... //CHUONG TRINH CON XUAT 1 DOUBLE WORD RA 32 LED DON 
.................... //XXXXXXXXXXXXXXXXXXXXXXXXXXXXXXXXXXXXXXXXXXXX 
.................... VOID XUAT_32LED_DON_1DW(UNSIGNED LONG LONG DWLD) 
.................... {      
....................      UNSIGNED INT16  WD1,WD0; 
....................      WD1 = DWLD>>16;  WD0 = DWLD; 
....................      XUAT_32LED_DON_2WORD(WD1,WD0); 
.................... } 
....................  
.................... //XXXXXXXXXXXXXXXXXXXXXXXXXXXXXXXXXXXXXXXXXXXX     
.................... //XUAT 1 BIT ROI TRA LAI KET QUA SAU KHI DICH DI 1 BIT 
.................... //XXXXXXXXXXXXXXXXXXXXXXXXXXXXXXXXXXXXXXXXXXXX     
.................... UNSIGNED  INT8 XUAT_1BIT(UNSIGNED INT8 BYTEXUAT) 
.................... { 
....................       UNSIGNED INT8   XBITX;    
....................       #BIT BSERIX  = XBITX.0 
....................       XBITX = BYTEXUAT; 
....................                                              
....................       OUTPUT_BIT(SSDO,BSERIX);     
....................       OUTPUT_LOW(SSCK); OUTPUT_HIGH(SSCK); 
....................       XBITX= XBITX>>1;    
....................       RETURN(XBITX);   
.................... } 
.................... //xxxxxxxxxxxxxxxxxxxxxxxxxxxxxxxxxxxxxxxxxxxxxxxxxxxxxxxx     
.................... //ham 103: xuat 1 word ra thanh ghi dich 
.................... //xxxxxxxxxxxxxxxxxxxxxxxxxxxxxxxxxxxxxxxxxxxxxxxxxxxxxxxx     
.................... void xuat_1word(unsigned int16 w) 
.................... {   
....................    unsigned int8 b1,b0; 
....................    b1 = w>>8; b0 = w; 
009A:  MOVFF  1B,1C
009E:  MOVFF  1A,1D
....................    xuat_1byte(b1);     
00A2:  MOVFF  1C,21
00A6:  RCALL  0074
....................    xuat_1byte(b0); 
00A8:  MOVFF  1D,21
00AC:  RCALL  0074
00AE:  RETURN 0
.................... }    
.................... //xxxxxxxxxxxxxxxxxxxxxxxxxxxxxxxxxxxxxxxxxxxxxxxxxxxxxxxx      
.................... //ham 104: xoa cac module  
.................... //xxxxxxxxxxxxxxxxxxxxxxxxxxxxxxxxxxxxxxxxxxxxxxxxxxxxxxxx   
.................... void xoa_tat_6module()                           
.................... {                                                                                               
....................    xuat_1word(0);                              
00B0:  CLRF   1B
00B2:  CLRF   1A
00B4:  RCALL  009A
....................    xuat_1word(0);  
00B6:  CLRF   1B
00B8:  CLRF   1A
00BA:  RCALL  009A
....................    xuat_1word(0);                              
00BC:  CLRF   1B
00BE:  CLRF   1A
00C0:  RCALL  009A
....................    xuat_1word(0);                                     
00C2:  CLRF   1B
00C4:  CLRF   1A
00C6:  RCALL  009A
....................     
....................    output_high(rck_buzerelay);    
00C8:  BCF    F95.3
00CA:  BSF    F8C.3
....................    output_low(rck_buzerelay); 
00CC:  BCF    F95.3
00CE:  BCF    F8C.3
....................     
....................    output_high(rck_32led); 
00D0:  BCF    F95.4
00D2:  BSF    F8C.4
....................    output_low(rck_32led);  
00D4:  BCF    F95.4
00D6:  BCF    F8C.4
....................     
....................    output_high(rck_8ledquet);    
00D8:  BCF    F95.5
00DA:  BSF    F8C.5
....................    output_low(rck_8ledquet);    
00DC:  BCF    F95.5
00DE:  BCF    F8C.5
....................                                   
....................    output_high(rck_matranled);           
00E0:  BCF    F95.7
00E2:  BSF    F8C.7
....................    output_low(rck_matranled);    
00E4:  BCF    F95.7
00E6:  BCF    F8C.7
....................                             
....................    output_high(rck_lcd20x4);    
00E8:  BCF    F95.2
00EA:  BSF    F8C.2
....................    output_low(rck_lcd20x4);       
00EC:  BCF    F95.2
00EE:  BCF    F8C.2
....................                                                                            
....................    xuat_1word(0xffff);  
00F0:  SETF   1B
00F2:  SETF   1A
00F4:  RCALL  009A
....................    xuat_1word(0xffff);  
00F6:  SETF   1B
00F8:  SETF   1A
00FA:  RCALL  009A
....................    output_high(rck_4led7doan);        
00FC:  BCF    F95.6
00FE:  BSF    F8C.6
....................    output_low(rck_4led7doan);                                                                       
0100:  BCF    F95.6
0102:  BCF    F8C.6
0104:  GOTO   0120 (RETURN)
.................... }              
.................... //XXXXXXXXXXXXXXXXXXXXXXXXXXXXXXXXXXXXXXXXXXXX  
.................... //HAM 101 
.................... //XXXXXXXXXXXXXXXXXXXXXXXXXXXXXXXXXXXXXXXXXXXX     
.................... //HAM KHOI TAO CAC PORT VA IC CHOT 
.................... //XXXXXXXXXXXXXXXXXXXXXXXXXXXXXXXXXXXXXXXXXXXX     
.................... VOID SET_UP_PORT_IC_CHOT() 
.................... {      
....................    set_tris_a(0xff);    set_tris_b(0x3c);                                                    
0108:  MOVLW  FF
010A:  MOVWF  F92
010C:  MOVLW  3C
010E:  MOVWF  F93
....................    set_tris_c(0xf1);    set_tris_e(0x00);                                                
0110:  MOVLW  F1
0112:  MOVWF  F94
0114:  MOVLW  00
0116:  MOVWF  F96
....................    set_tris_d(0x00);     
0118:  MOVWF  F95
....................    output_d(0x00);  
011A:  CLRF   F95
011C:  CLRF   F8C
....................    xoa_tat_6module(); 
011E:  BRA    00B0
....................    port_b_pullups(0xff);           
0120:  BCF    FF1.7
....................    rbdc=0;                
0122:  CLRF   06
0124:  CLRF   05
....................              
....................    setup_adc(adc_clock_div_32);         
0126:  MOVF   FC0,W
0128:  ANDLW  C0
012A:  IORLW  02
012C:  MOVWF  FC0
012E:  BSF    FC0.7
0130:  BSF    FC2.0
....................    setup_adc_ports(an0_to_an2|vss_vdd);  
0132:  MOVF   FC1,W
0134:  ANDLW  C0
0136:  IORLW  0C
0138:  MOVWF  FC1
....................    output_low(g_all);         
013A:  BCF    F95.0
013C:  BCF    F8C.0
013E:  GOTO   0366 (RETURN)
.................... } 
.................... //HAM 104 
....................  
.................... //XXXXXXXXXXXXXXXXXXXXXXXXXXXXXXXXXXXXXXXXXXXX 
.................... //CHUONG TRINH CON XUAT 4 BYTE RA 4 LED 7 DOAN 
.................... //XXXXXXXXXXXXXXXXXXXXXXXXXXXXXXXXXXXXXXXXXXXX 
.................... VOID XUAT_4LED_7DOAN_4SO(UNSIGNED INT BL743,BL742,BL741,BL740) 
.................... {      
....................       XUAT_1BYTE(BL740);   XUAT_1BYTE(BL741); 
....................       XUAT_1BYTE(BL742);   XUAT_1BYTE(BL743);        
....................       OUTPUT_LOW(RCK_4LED7DOAN);    
....................       OUTPUT_HIGH(RCK_4LED7DOAN); 
....................  
.................... } 
.................... //ham 404 
.................... VOID XUAT_4LED_7DOAN_3SO(UNSIGNED INT BL742,BL741,BL740) 
.................... {      
....................      XUAT_4LED_7DOAN_4SO(0XFF,BL742,BL741,BL740); 
.................... } 
.................... //ham 403 
.................... VOID XUAT_4LED_7DOAN_2SO(UNSIGNED INT BL741,BL740) 
.................... {      
....................      XUAT_4LED_7DOAN_4SO(0XFF,0XFF,BL741,BL740); 
.................... } 
.................... //ham 402 
.................... VOID XUAT_4LED_7DOAN_1SO(UNSIGNED INT BL740) 
.................... {      
....................      XUAT_4LED_7DOAN_4SO(0XFF,0XFF,0XFF,BL740); 
.................... } 
....................  
.................... //ham 405 
.................... //XXXXXXXXXXXXXXXXXXXXXXXXXXXXXXXXXXXXXXXXXXXXXXXXXXXXXXXXXXXXX 
.................... //CHUONG TRINH CON HIEN THI DU LIEU 16 BIT TREN 4 LED 7 DOAN 
.................... //XXXXXXXXXXXXXXXXXXXXXXXXXXXXXXXXXXXXXXXXXXXXXXXXXXXXXXXXXXXXX 
.................... UNSIGNED CHAR DONVI4,CHUC4,TRAM4,NGAN4; 
.................... VOID  XUAT_4LED_7DOAN_GIAIMA_XOA_SO0 (UNSIGNED INT16 TAM) 
.................... {          
....................       DONVI4 = MA7DOAN[TAM %10];          
....................       CHUC4  = MA7DOAN[TAM/10%10]; 
....................       TRAM4  = MA7DOAN[TAM/100%10];  
....................       NGAN4  = MA7DOAN[TAM/1000%10];        
....................       IF (NGAN4==0XC0) 
....................       { 
....................          NGAN4=0XFF; 
....................          IF (TRAM4==0XC0) 
....................          { 
....................             TRAM4=0XFF; 
....................             IF (CHUC4==0XC0)   CHUC4=0XFF; 
....................          } 
....................       } 
....................       XUAT_4LED_7DOAN_4SO(NGAN4,TRAM4,CHUC4,DONVI4);    
.................... } 
....................  
.................... void  XUAT_4LED_7DOAN_2_SO (unsigned int8 BH,BL) 
.................... {          
....................  XUAT_4LED_7DOAN_4SO(MA7DOAN[BH/10],MA7DOAN[BH%10],MA7DOAN[BL/10],MA7DOAN[BL%10]);    
.................... } 
....................  
.................... UNSIGNED INT8 LCDDATA=0;  
.................... UNSIGNED INT8 LCDCONTROL=0; 
.................... UNSIGNED INT8 GLCDDATA=0; 
.................... UNSIGNED INT8 GLCDCONTROL=0;  
.................... //HAM 701 
.................... //XXXXXXXXXXXXXXXXXXXXXXXXXXXXXXXXXXXXXXXXXXXXXXXXXXXXXXXXXXXXX 
.................... //CHUONG TRINH CON XUAT DU LIEU 4 BYTE RA GLCD VA LCD 
.................... //XXXXXXXXXXXXXXXXXXXXXXXXXXXXXXXXXXXXXXXXXXXXXXXXXXXXXXXXXXXXX 
.................... VOID XUAT_GLCD_LCD() 
.................... {       
....................     XUAT_1BYTE(GLCDCONTROL);              
0142:  MOVFF  0E,21
0146:  RCALL  0074
....................     XUAT_1BYTE(GLCDDATA); 
0148:  MOVFF  0D,21
014C:  RCALL  0074
....................     XUAT_1BYTE(LCDCONTROL);        
014E:  MOVFF  0C,21
0152:  RCALL  0074
....................     XUAT_1BYTE(LCDDATA);       
0154:  MOVFF  0B,21
0158:  RCALL  0074
....................           
....................     OUTPUT_HIGH(RCK_LCD20X4);      
015A:  BCF    F95.2
015C:  BSF    F8C.2
....................     OUTPUT_LOW(RCK_LCD20X4); 
015E:  BCF    F95.2
0160:  BCF    F8C.2
0162:  GOTO   0174 (RETURN)
.................... } 
.................... //HAM 702 
.................... VOID XUAT_LCD20X4(UNSIGNED INT8 LCD_SIGNAL,LCD_INS_HTHI) 
.................... {      
....................     LCDCONTROL = ~LCD_SIGNAL; 
0166:  MOVF   1F,W
0168:  MOVWF  0C
016A:  COMF   0C,F
....................     LCDDATA    = ~LCD_INS_HTHI;       
016C:  MOVFF  20,0B
0170:  COMF   0B,F
....................     XUAT_GLCD_LCD(); 
0172:  BRA    0142
0174:  RETURN 0
.................... } 
.................... //HAM 703 
.................... VOID XUAT_GLCD128X64(UNSIGNED INT8 GLCD_SIGNAL,GLCD_INS_HTHI) 
.................... {      
....................     GLCDCONTROL = ~GLCD_SIGNAL; 
....................     GLCDDATA    = ~GLCD_INS_HTHI;      
....................     XUAT_GLCD_LCD(); 
.................... } 
.................... //HAM 501 
.................... //XXXXXXXXXXXXXXXXXXXXXXXXXXXXXXXXXXXXXXXXXXXX 
.................... //CHUONG TRINH CON XUAT 2 BYTE RA DK 1 LED QUET SANG 
.................... //XXXXXXXXXXXXXXXXXXXXXXXXXXXXXXXXXXXXXXXXXXXX 
.................... VOID XUAT_8LED_7DOAN_QUET_1(UNSIGNED INT MA,SO_HTHI) 
.................... {      
....................       XUAT_1BYTE(~MA);    
....................       XUAT_1BYTE(~SO_HTHI); 
....................       OUTPUT_HIGH(RCK_8LEDQUET);  
....................       OUTPUT_LOW(RCK_8LEDQUET); 
.................... } 
.................... //HAM 502 
.................... //XXXXXXXXXXXXXXXXXXXXXXXXXXXXXXXXXXXXXXXXXXXX 
.................... //CHUONG TRINH CON XUAT 2 BYTE RA TAT 8 LED QUET 
.................... //XXXXXXXXXXXXXXXXXXXXXXXXXXXXXXXXXXXXXXXXXXXX 
.................... VOID XUAT_8LED_7DOAN_QUET_TAT_LED() 
.................... { 
....................    XUAT_8LED_7DOAN_QUET_1(0XFF,0XFF); 
.................... } 
.................... //HAM 503 
.................... //XXXXXXXXXXXXXXXXXXXXXXXXXXXXXXXXXXXXXXXXXXXX 
.................... //CHUONG TRINH CON HIEN THI LED THEO THU TU 
.................... //XXXXXXXXXXXXXXXXXXXXXXXXXXXXXXXXXXXXXXXXXXXX 
.................... CONST UNSIGNED CHAR TTLEDQUET[8]= {0x7F,0xBF,0xDF,0xEF,0xF7,0xFB,0xFD,0xFE}; 
.................... VOID XUAT_8LED_7DOAN_QUET_2(UNSIGNED INT THUTULED,SO_HTHI) 
.................... {          
....................       XUAT_1BYTE(~ (TTLEDQUET[THUTULED]));    
....................       XUAT_1BYTE(~SO_HTHI);      
....................       OUTPUT_HIGH(RCK_8LEDQUET);  
....................       OUTPUT_LOW(RCK_8LEDQUET); 
.................... } 
.................... //HAM 504 
.................... //XXXXXXXXXXXXXXXXXXXXXXXXXXXXXXXXXXXXXXXXXXXX 
.................... //CHUONG TRINH CON HIEN THI 8 SO TREN 8 LED QUET - CO KIEM TRA 
.................... //XXXXXXXXXXXXXXXXXXXXXXXXXXXXXXXXXXXXXXXXXXXX 
.................... UNSIGNED CHAR LED_7DQ[8]={0XFF,0XFF,0XFF,0XFF,0XFF,0XFF,0XFF,0XFF}; 
.................... UNSIGNED INT8 TT8LED=0; 
.................... VOID HIEN_THI_8LED_7DOAN_QUET() 
.................... {      
....................       FOR(TT8LED=0;TT8LED<8;TT8LED++) 
....................          IF (LED_7DQ[TT8LED]!=0XFF) 
....................          {            
....................             XUAT_8LED_7DOAN_QUET_2(TT8LED, LED_7DQ[TT8LED]); 
....................             DELAY_US(100); 
....................             XUAT_8LED_7DOAN_QUET_TAT_LED();            
....................             } 
.................... } 
.................... //HAM 505 
.................... //XXXXXXXXXXXXXXXXXXXXXXXXXXXXXXXXXXXXXXXXXXXX 
.................... //CHUONG TRINH CON HIEN THI 8 SO TREN 8 LED QUET - KHONG KIEM TRA 
.................... //XXXXXXXXXXXXXXXXXXXXXXXXXXXXXXXXXXXXXXXXXXXX 
.................... VOID HIEN_THI_8LED_7DOAN_QUET_ALL() 
.................... {      
....................       FOR(TT8LED=0;TT8LED<8;TT8LED++)          
....................          {            
....................             XUAT_8LED_7DOAN_QUET_2(TT8LED, LED_7DQ[TT8LED]); 
....................             DELAY_US(100); 
....................             XUAT_8LED_7DOAN_QUET_TAT_LED();            
....................             } 
.................... } 
....................  
.................... VOID DELAY_QUET_8LED(UNSIGNED INT16 DL) 
.................... {  
....................       UNSIGNED INT8 I; 
....................       FOR (I=0; I<DL;I++) 
....................       HIEN_THI_8LED_7DOAN_QUET_ALL(); 
.................... }  
....................  
.................... VOID GIAI_MA_GAN_CHO_8LED_QUET_16_XOA(UNSIGNED INT16 X) 
.................... {      
....................       LED_7DQ[0]= MA7DOAN [X %10];     
....................       LED_7DQ[1]= MA7DOAN [X/10%10]; 
....................       LED_7DQ[2]= MA7DOAN [X/100%10];     
....................       LED_7DQ[3]= MA7DOAN [X/1000%10]; 
....................       LED_7DQ[4]= MA7DOAN [X/10000%10]; 
....................       IF (LED_7DQ[4]==MASO0)  
....................       { 
....................             LED_7DQ[4]=0XFF; 
....................             IF (LED_7DQ[3]==MASO0)  
....................             { 
....................                LED_7DQ[3]=0XFF; 
....................                IF (LED_7DQ[2]==MASO0)  
....................                { 
....................                   LED_7DQ[2]=0XFF; 
....................                   IF (LED_7DQ[1]==MASO0)  
....................                   { 
....................                      LED_7DQ[1]=0XFF; 
....................                   } 
....................                } 
....................             } 
....................       } 
....................              
.................... } 
....................  
....................  
.................... //XXXXXXXXXXXXXXXXXXXXXXXXXXXXXXXXXXXXXXXXXXXX          
.................... VOID XUAT_2BYTE(UNSIGNED INT16 X) 
.................... { 
....................    INT8 SBB; 
....................    #BIT BSERIX  = X.15 
....................    FOR (SBB=0;SBB<16;SBB++) 
....................       {                                                  
....................          OUTPUT_BIT(SSDO,BSERIX);     
....................          OUTPUT_LOW(SSCK);          
....................          OUTPUT_HIGH(SSCK); 
....................          X= X<<1;          
....................      } 
.................... } 
.................... //XXXXXXXXXXXXXXXXXXXXXXXXXXXXXXXXXXXXXXXXXXXX 
.................... //CHUONG TRINH CON XUAT RA LED MA TRAN 
.................... //XXXXXXXXXXXXXXXXXXXXXXXXXXXXXXXXXXXXXXXXXXXX 
.................... VOID XUAT_MATRANLED(UNSIGNED INT16 MAHANG,UNSIGNED INT16 MACOT1, 
.................... UNSIGNED INT16 MACOT2,UNSIGNED INT16 MACOT3) 
.................... {       
....................       XUAT_2BYTE(MACOT3); 
....................       XUAT_2BYTE(MACOT2); 
....................       XUAT_2BYTE(MACOT1); 
....................       XUAT_2BYTE(MAHANG);      
....................  
....................       OUTPUT_HIGH(RCK_MATRANLED);  
....................       OUTPUT_LOW(RCK_MATRANLED); 
.................... } 
.................... //XXXXXXXXXXXXXXXXXXXXXXXXXXXXXXXXXXXXXXXXXXXX 
.................... //CHUONG TRINH CON XUAT RA LED MA TRAN 
.................... //XXXXXXXXXXXXXXXXXXXXXXXXXXXXXXXXXXXXXXXXXXXX 
.................... VOID TAT_MATRANLED() 
.................... {       
....................       XUAT_2BYTE(0); 
....................       XUAT_2BYTE(0); 
....................       XUAT_2BYTE(0); 
....................       XUAT_2BYTE(0);            
....................       OUTPUT_HIGH(RCK_MATRANLED); OUTPUT_LOW(RCK_MATRANLED);  
.................... } 
.................... UNSIGNED  INT8 HIEU_CHINH_4BIT_CAO(UNSIGNED INT8 XZY) 
.................... { 
....................       INT1  BTG; 
....................       UNSIGNED INT8   BX;    
....................       #BIT BIT4  = BX.4 
....................       #BIT BIT5  = BX.5 
....................       #BIT BIT6  = BX.6 
....................       #BIT BIT7  = BX.7 
....................       BX=XZY; 
....................       BTG=BIT4;   BIT4=BIT7;  BIT7=BTG; 
....................       BTG=BIT5;   BIT5=BIT6;  BIT6=BTG;       
....................       RETURN(BX);   
.................... } 
.................... //HAM 601 
.................... //XXXXXXXXXXXXXXXXXXXXXXXXXXXXXXXXXXXXXXXXXXXXXXXXXXXX 
.................... //MODULE DIEU KHIEN RELAY,TRIAC, BUZZER, DONG CO, SIM 
.................... //XXXXXXXXXXXXXXXXXXXXXXXXXXXXXXXXXXXXXXXXXXXXXXXXXXXX 
.................... VOID XUAT_BUZZER_RELAY() 
.................... {      
....................    UNSIGNED INT8 RBDC1,RBDC2; 
....................       RBDC1=RBDC; RBDC2=RBDC>>8;       
....................       XUAT_1BYTE(RBDC2);       
....................       XUAT_1BYTE(RBDC1); 
....................        
....................       OUTPUT_HIGH(RCK_BUZERELAY);    
....................       OUTPUT_LOW(RCK_BUZERELAY); 
.................... } 
.................... //HAM 602 
.................... //XXXXXXXXXXXXXXXXXXXXXXXXXXXXXXXXXXXXXXXXXXXXXXXXXXXX 
.................... VOID BUZZER_ON() 
.................... {     
....................       BUZZER=1; 
....................       XUAT_BUZZER_RELAY();          
.................... } 
.................... //HAM 603 
.................... //XXXXXXXXXXXXXXXXXXXXXXXXXXXXXXXXXXXXXXXXXXXXXXXXXXXX 
.................... VOID BUZZER_OFF() 
.................... {      
....................       BUZZER=0; 
....................       XUAT_BUZZER_RELAY(); 
.................... } 
.................... //HAM 604 
.................... //XXXXXXXXXXXXXXXXXXXXXXXXXXXXXXXXXXXXXXXXXXXXXXXXXXXX 
.................... VOID RELAY_1_ON() 
.................... {     
....................       RELAY_1=1; 
....................       XUAT_BUZZER_RELAY();          
.................... } 
.................... //HAM 603 
.................... //XXXXXXXXXXXXXXXXXXXXXXXXXXXXXXXXXXXXXXXXXXXXXXXXXXXX 
.................... VOID RELAY_1_OFF() 
.................... {     
....................       RELAY_1=0; 
....................       XUAT_BUZZER_RELAY();          
.................... } 
.................... //HAM 604 
.................... //XXXXXXXXXXXXXXXXXXXXXXXXXXXXXXXXXXXXXXXXXXXXXXXXXXXX 
.................... VOID RELAY_2_ON() 
.................... {     
....................       RELAY_2=1; 
....................       XUAT_BUZZER_RELAY();          
.................... } 
.................... //HAM 607 
.................... //XXXXXXXXXXXXXXXXXXXXXXXXXXXXXXXXXXXXXXXXXXXXXXXXXXXX 
.................... VOID RELAY_2_OFF() 
.................... {     
....................       RELAY_2=0; 
....................       XUAT_BUZZER_RELAY();          
.................... } 
.................... //HAM 608 
.................... //XXXXXXXXXXXXXXXXXXXXXXXXXXXXXXXXXXXXXXXXXXXXXXXXXXXX 
.................... VOID RELAY_1_RELAY_2_ON() 
.................... {     
....................       RELAY_1=1;  RELAY_2=1; 
....................       XUAT_BUZZER_RELAY();          
.................... } 
.................... //HAM 609 
.................... //XXXXXXXXXXXXXXXXXXXXXXXXXXXXXXXXXXXXXXXXXXXXXXXXXXXX 
.................... VOID RELAY_1_RELAY_2_OFF() 
.................... {     
....................       RELAY_1=0;  RELAY_2=0; 
....................       XUAT_BUZZER_RELAY();          
.................... } 
.................... //HAM 610 
.................... //XXXXXXXXXXXXXXXXXXXXXXXXXXXXXXXXXXXXXXXXXXXXXXXXXXXX 
.................... VOID TRIAC_1_ON() 
.................... {     
....................       TRIAC_1=1; 
....................       XUAT_BUZZER_RELAY();          
.................... } 
.................... //HAM 611 
.................... //XXXXXXXXXXXXXXXXXXXXXXXXXXXXXXXXXXXXXXXXXXXXXXXXXXXX 
.................... VOID TRIAC_1_OFF() 
.................... {     
....................       TRIAC_1=0; 
....................       XUAT_BUZZER_RELAY();          
.................... } 
.................... //HAM 612 
.................... //XXXXXXXXXXXXXXXXXXXXXXXXXXXXXXXXXXXXXXXXXXXXXXXXXXXX 
.................... VOID TRIAC_2_ON() 
.................... {     
....................       TRIAC_2=1; 
....................       XUAT_BUZZER_RELAY();          
.................... } 
.................... //HAM 613 
.................... //XXXXXXXXXXXXXXXXXXXXXXXXXXXXXXXXXXXXXXXXXXXXXXXXXXXX 
.................... VOID TRIAC_2_OFF() 
.................... {     
....................       TRIAC_2=0; 
....................       XUAT_BUZZER_RELAY();          
.................... } 
.................... //XXXXXXXXXXXXXXXXXXXXXXXXXXXXXXXXXXXXXXXXXXXX 
....................  
.................... VOID GGMMAA() 
.................... { 
....................    UNSIGNED INT8   X;    
....................    X=MA7DOAN[1]; 
.................... } 
....................  
....................  
.................... //!#include <tv_pickit2_shift_1_proteus.c> 
.................... #include <tv_pickit2_shift_lcd.c> 
.................... UNSIGNED INT8 LCD_CONTROL;   
.................... #bit LCD_P = LCD_CONTROL.3 
.................... #bit LCD_RS = LCD_CONTROL.2 
.................... #bit LCD_RW = LCD_CONTROL.1 
.................... #bit LCD_E  = LCD_CONTROL.0 
....................  
.................... #DEFINE LCD_FUNCTION_SET       0X38 
.................... #DEFINE LCD_DISPLAY_CONTROL    0X0C 
.................... #DEFINE LCD_CLEAR_DISPLAY        0X01 
.................... #DEFINE LCD_ENTRY_MODE         0X06 
.................... #DEFINE LCD_SHIFT_LEFT         0X18 
.................... #DEFINE LCD_SHIFT_RIGHT        0X1C 
....................  
.................... #DEFINE LCD_ADDR_LINE1         0X80 
.................... #DEFINE LCD_ADDR_LINE2         0XC0 
.................... #DEFINE LCD_ADDR_LINE3         0X94 
.................... #DEFINE LCD_ADDR_LINE4         0XD4 
....................  
.................... VOID LCD_XUAT_8BIT(INT8 LCD_DATA_X) 
.................... { 
....................       LCD_E=1; XUAT_LCD20X4(LCD_CONTROL,LCD_DATA_X);      
0176:  BSF    18.0
0178:  MOVFF  18,1F
017C:  MOVFF  1E,20
0180:  RCALL  0166
....................       LCD_E=0; XUAT_LCD20X4(LCD_CONTROL,LCD_DATA_X);  
0182:  BCF    18.0
0184:  MOVFF  18,1F
0188:  MOVFF  1E,20
018C:  RCALL  0166
018E:  RETURN 0
.................... } 
.................... void LCD_COMMAND(INT8 LCD_DATA_X)    
....................   { 
....................       LCD_RS = 0; 
0190:  BCF    18.2
....................       LCD_XUAT_8BIT(LCD_DATA_X); 
0192:  MOVFF  1D,1E
0196:  RCALL  0176
....................       DELAY_US(20); 
0198:  MOVLW  20
019A:  MOVWF  00
019C:  DECFSZ 00,F
019E:  BRA    019C
01A0:  BRA    01A2
01A2:  NOP   
01A4:  RETURN 0
....................   } 
.................... void LCD_DATA(INT8 LCD_DATA_X)        
....................   { 
....................       LCD_RS = 1;      
*
0230:  BSF    18.2
....................       LCD_XUAT_8BIT(LCD_DATA_X); 
0232:  MOVFF  1C,1E
0236:  RCALL  0176
....................       DELAY_US(20); 
0238:  MOVLW  20
023A:  MOVWF  00
023C:  DECFSZ 00,F
023E:  BRA    023C
0240:  BRA    0242
0242:  NOP   
0244:  RETURN 0
....................   } 
....................    
.................... VOID SETUP_LCD () 
.................... {                      
....................          LCD_E  = 0;  
*
01CE:  BCF    18.0
....................          LCD_RW = 0;  
01D0:  BCF    18.1
....................          LCD_RS = 1;  
01D2:  BSF    18.2
....................          LCD_P =0; 
01D4:  BCF    18.3
....................          LCD_COMMAND(LCD_FUNCTION_SET);          
01D6:  MOVLW  38
01D8:  MOVWF  1D
01DA:  RCALL  0190
....................          DELAY_US(40); 
01DC:  MOVLW  42
01DE:  MOVWF  00
01E0:  DECFSZ 00,F
01E2:  BRA    01E0
01E4:  NOP   
....................          LCD_COMMAND(LCD_DISPLAY_CONTROL);    
01E6:  MOVLW  0C
01E8:  MOVWF  1D
01EA:  RCALL  0190
....................          DELAY_US(40); 
01EC:  MOVLW  42
01EE:  MOVWF  00
01F0:  DECFSZ 00,F
01F2:  BRA    01F0
01F4:  NOP   
....................          LCD_COMMAND(LCD_CLEAR_DISPLAY);       
01F6:  MOVLW  01
01F8:  MOVWF  1D
01FA:  RCALL  0190
....................          DELAY_MS(2); 
01FC:  MOVLW  02
01FE:  MOVWF  1A
0200:  BRA    01A6
....................          LCD_COMMAND(LCD_ENTRY_MODE);        
0202:  MOVLW  06
0204:  MOVWF  1D
0206:  RCALL  0190
....................          DELAY_US(40);                 
0208:  MOVLW  42
020A:  MOVWF  00
020C:  DECFSZ 00,F
020E:  BRA    020C
0210:  NOP   
0212:  GOTO   0368 (RETURN)
.................... } 
....................  
.................... CONST UNSIGNED CHAR LCD_SO_X[13][6] ={ 
....................                   0,1,2,5,3,4,               // SO 0 
....................                   1,2,32,3,7,3,              // SO 1 
....................                   6,6,2,5,3,3,               // SO 2 
....................                   6,6,2,3,3,4,               // SO 3 
....................                   7,3,7,32,32,7,             // SO 4 
....................                   7,6,6,3,3,4,               // SO 5 
....................                   0,6,6,5,3,4,               // SO 6 
....................                   1,1,7,32,32,7,             // SO 7 
....................                   0,6,2,5,3,4,               // SO 8 
....................                   0,6,2,3,3,4,               // SO 9 
....................                   32,32,32,32,32,32        //space    
....................                   0, 1, 32, 4, 3, 32,        //Chu C 
....................                   0, 1, 2, 4, 32, 5};      //Chu N 
....................                    
.................... CONST UNSIGNED CHAR LCD_SO_XX[10][9] ={ 
....................                   0,1,2,7,32,7,5,3,4,               // SO 0 
....................                   1,2,32,3,7,3,              // SO 1 
....................                   6,6,2,5,3,3,               // SO 2 
....................                   6,6,2,3,3,4,               // SO 3 
....................                   7,3,7,32,32,7,             // SO 4 
....................                   7,6,6,3,3,4,               // SO 5 
....................                   0,6,6,5,3,4,               // SO 6 
....................                   1,1,7,32,32,7,             // SO 7 
....................                   0,6,2,5,3,4,               // SO 8 
....................                   0,6,2,3,3,4};             // SO 9          
.................... //!CONST UNSIGNED CHAR LCD_SO_X[10][6] = 
.................... //!{ 
.................... //!                  0,1,2,3,4,5,               // SO 0 
.................... //!                  1,2,32,3,7,3,              // SO 1 
.................... //!                  6,6,2,4,3,3,               // SO 2 
.................... //!                  6,6,2,3,3,5,               // SO 3 
.................... //!                  7,3,7,32,32,7,             // SO 4 
.................... //!                  7,6,6,3,3,5,               // SO 5 
.................... //!                  0,6,6,4,3,5,               // SO 6 
.................... //!                  1,1,7,32,32,7,             // SO 7 
.................... //!                  0,6,2,4,3,5,               // SO 8 
.................... //!                  0,6,2,3,3,5};             // SO 9    
....................                    
.................... CONST UNSIGNED CHAR LCD_MA_8DOAN[] = { 
....................    0x07,0x0F,0x1F,0x1F,0x1F,0x1F,0x1F,0x1F,  //DOAN F - 0 
....................    0x1F,0x1F,0x1F,0X00,0X00,0X00,0X00,0X00,  //DOAN A - 1 
....................    0x1C,0x1E,0x1F,0x1F,0x1F,0x1F,0x1F,0x1F,  //DOAN B - 2 
....................    0X00,0X00,0X00,0X00,0X00,0x1F,0x1F,0x1F,  //DOAN D - 3 
....................    0x1F,0x1F,0x1F,0x1F,0x1F,0x1F,0x1E,0x1C,  //DOAN C - 4 
....................    0x1F,0x1F,0x1F,0x1F,0x1F,0x1F,0x0F,0x07,  //DOAN E - 5 
....................    0x1F,0x1F,0x1F,0X00,0X00,0X00,0x1F,0x1F,  //DOAN G+D-6  
....................    0x1F,0x1F,0x1F,0x1F,0x1F,0x1F,0x1F,0x1F}; //DOAN I  -7 
....................     
.................... VOID LCD_GOTO_XY(SIGNED INT8 X, SIGNED INT8 Y) 
.................... {  
....................    CONST UNSIGNED INT8 LCD_VITRI[]={0x80,0xC0,0x94,0xD4}; 
....................    LCD_COMMAND(LCD_VITRI[X]+Y); 
0216:  CLRF   03
0218:  MOVF   1A,W
021A:  MOVFF  FF2,1C
021E:  BCF    FF2.7
0220:  RCALL  0004
0222:  BTFSC  1C.7
0224:  BSF    FF2.7
0226:  ADDWF  1B,W
0228:  MOVWF  1C
022A:  MOVWF  1D
022C:  RCALL  0190
022E:  RETURN 0
.................... } 
....................  
.................... VOID XXX() 
.................... {  
....................    SIGNED INT8 X; 
....................    X= LCD_SO_X[0][0]; 
....................    X= LCD_MA_8DOAN[0]; 
.................... } 
....................  
.................... const UNSIGNED char hang2[]={0x0a,0x15,0x11,0x11,0x0a,0x04,0,0};     //hinh trai tim 
.................... //!0 1 0 1 0      0x0A 
.................... //!1 0 1 0 1      0X15 
.................... //!1 0 0 0 1      0×11 
.................... //!1 0 0 0 1      0×11 
.................... //!0 1 0 1 0      0×0A 
.................... //!0 0 1 0 0      0×04 
.................... //!               0×00 
.................... //!               0×00   
.................... const UNSIGNED char hang3[]={0x04,0X0A,0X11,0X0A,0x04,0,0,0};     //hinh thoi 
.................... //!0 0 1 0 0      0x04 
.................... //!0 1 0 1 0      0X0A 
.................... //!1 0 0 0 1      0×11 
.................... //!0 1 0 1 0      0X0A 
.................... //!0 0 1 0 0     0x04 
.................... //!0 0 0 0 0      0×00 
.................... //!0 0 0 0 0              0×00 
.................... //!0 0 0 0 0               0×00   
.................... const UNSIGNED char hang4[]={0x1f,0x11,0X11,0x11,0x1f,0,0,0};     //hinh thoi\ 
.................... //!1 1 1 1 1      0x1f 
.................... //!1 0 0 0 1      0x11 
.................... //!1 0 0 0 1      0x11 
.................... //!1 0 0 0 1      0x11 
.................... //!1 1 1 1 1     0x1f 
.................... //!0 0 0 0 0      0×00 
.................... //!0 0 0 0 0              0×00 
.................... //!0 0 0 0 0               0×00   
.................... signed INT8 i; 
....................  
.................... void show_heart() 
.................... { 
....................    lcd_command(0x40);      //vi tri dau trang 148 
*
0268:  MOVLW  40
026A:  MOVWF  1D
026C:  RCALL  0190
....................    FOR (i=0;i<8;i++) { lcd_data(hang2[i]); }       //0x40 luu hang2[0] 0x41 luu hang2[1]... 
026E:  CLRF   19
0270:  BTFSC  19.7
0272:  BRA    027A
0274:  MOVF   19,W
0276:  SUBLW  07
0278:  BNC   0294
027A:  CLRF   03
027C:  MOVF   19,W
027E:  MOVFF  FF2,1A
0282:  BCF    FF2.7
0284:  RCALL  0018
0286:  BTFSC  1A.7
0288:  BSF    FF2.7
028A:  MOVWF  1A
028C:  MOVWF  1C
028E:  RCALL  0230
0290:  INCF   19,F
0292:  BRA    0270
....................    lcd_GOTO_xy(1,10);       //vi tri tao ma    
0294:  MOVLW  01
0296:  MOVWF  1A
0298:  MOVLW  0A
029A:  MOVWF  1B
029C:  RCALL  0216
....................    lcd_data(0);              //dia chi ki tu trang 148 
029E:  CLRF   1C
02A0:  RCALL  0230
02A2:  GOTO   037A (RETURN)
.................... } 
.................... void hien_hinh_thoi() 
.................... { 
....................    lcd_command(0x47);      //vi tri dau trang 148 
02A6:  MOVLW  47
02A8:  MOVWF  1D
02AA:  RCALL  0190
....................    FOR (i=0;i<8;i++) { lcd_data(hang3[i]); }       //0x40 luu hang2[0] 0x41 luu hang2[1]... 
02AC:  CLRF   19
02AE:  BTFSC  19.7
02B0:  BRA    02B8
02B2:  MOVF   19,W
02B4:  SUBLW  07
02B6:  BNC   02D2
02B8:  CLRF   03
02BA:  MOVF   19,W
02BC:  MOVFF  FF2,1A
02C0:  BCF    FF2.7
02C2:  RCALL  0030
02C4:  BTFSC  1A.7
02C6:  BSF    FF2.7
02C8:  MOVWF  1A
02CA:  MOVWF  1C
02CC:  RCALL  0230
02CE:  INCF   19,F
02D0:  BRA    02AE
....................    lcd_GOTO_xy(2,10);       //vi tri tao ma    
02D2:  MOVLW  02
02D4:  MOVWF  1A
02D6:  MOVLW  0A
02D8:  MOVWF  1B
02DA:  RCALL  0216
....................    lcd_data(1);            //dia chi ki tu trang 148 
02DC:  MOVLW  01
02DE:  MOVWF  1C
02E0:  RCALL  0230
02E2:  GOTO   037C (RETURN)
.................... } 
.................... void hien_hinh_vuong() 
.................... { 
....................    lcd_command(0x50);      //vi tri dau trang 148 
02E6:  MOVLW  50
02E8:  MOVWF  1D
02EA:  RCALL  0190
....................    FOR (i=0;i<8;i++) { lcd_data(hang4[i]); }       //0x40 luu hang2[0] 0x41 luu hang2[1]... 
02EC:  CLRF   19
02EE:  BTFSC  19.7
02F0:  BRA    02F8
02F2:  MOVF   19,W
02F4:  SUBLW  07
02F6:  BNC   0312
02F8:  CLRF   03
02FA:  MOVF   19,W
02FC:  MOVFF  FF2,1A
0300:  BCF    FF2.7
0302:  RCALL  0048
0304:  BTFSC  1A.7
0306:  BSF    FF2.7
0308:  MOVWF  1A
030A:  MOVWF  1C
030C:  RCALL  0230
030E:  INCF   19,F
0310:  BRA    02EE
....................    lcd_GOTO_xy(3,10);       //vi tri tao ma    
0312:  MOVLW  03
0314:  MOVWF  1A
0316:  MOVLW  0A
0318:  MOVWF  1B
031A:  RCALL  0216
....................    lcd_data(2);            //dia chi ki tu trang 148 
031C:  MOVLW  02
031E:  MOVWF  1C
0320:  RCALL  0230
0322:  GOTO   037E (RETURN)
.................... } 
.................... void main() 
0326:  CLRF   FF8
0328:  BCF    FD0.7
032A:  BSF    FB8.3
032C:  MOVLW  08
032E:  MOVWF  FAF
0330:  MOVLW  02
0332:  MOVWF  FB0
0334:  MOVLW  A6
0336:  MOVWF  FAC
0338:  MOVLW  90
033A:  MOVWF  FAB
033C:  CLRF   04
033E:  CLRF   0B
0340:  CLRF   0C
0342:  CLRF   0D
0344:  CLRF   0E
0346:  CLRF   17
0348:  MOVF   FC1,W
034A:  ANDLW  C0
034C:  IORLW  0F
034E:  MOVWF  FC1
0350:  MOVLW  07
0352:  MOVWF  FB4
0354:  SETF   0F
0356:  SETF   10
0358:  SETF   11
035A:  SETF   12
035C:  SETF   13
035E:  SETF   14
0360:  SETF   15
0362:  SETF   16
.................... { 
....................    set_up_port_ic_chot(); 
0364:  BRA    0108
....................    setup_lcd(); 
0366:  BRA    01CE
....................    lcd_GOTO_xy(0,0); 
0368:  CLRF   1A
036A:  CLRF   1B
036C:  RCALL  0216
....................    lcd_data(" HIEN THI 3 KY TU "); 
036E:  MOVLW  60
0370:  MOVWF  FF6
0372:  MOVLW  00
0374:  MOVWF  FF7
0376:  BRA    0246
....................    show_heart(); 
0378:  BRA    0268
....................    hien_hinh_thoi();   
037A:  BRA    02A6
....................    hien_hinh_vuong()   ; 
037C:  BRA    02E6
....................    WHILE(true); 
037E:  BRA    037E
.................... } 
....................  
0380:  SLEEP 
....................  

Configuration Fuses:
   Word  1: CC27   PLL12 CPUDIV1 USBDIV HS FCMEN IESO
   Word  2: 1E3E   PUT BROWNOUT BORV21 VREGEN NOWDT WDT32768
   Word  3: 8700   CCP2C1 PBADEN LPT1OSC MCLR
   Word  4: 00A1   STVREN NOLVP ICSP2 NOXINST NODEBUG
   Word  5: C00F   NOPROTECT NOCPB NOCPD
   Word  6: E00F   NOWRT NOWRTC NOWRTB NOWRTD
   Word  7: 400F   NOEBTR NOEBTRB
