
ROM used:   1188/32768 (4%)
            1188/32768 (4%) including unused fragments

            0.7 Average locations per line
            4.0 Average locations per statement

RAM used:   35/2048 (2%) at main() level
            45/2048 (2%) worst case

Stack used: 7 worst case (7 in main + 0 for interrupts)
Stack size: 31

Lines Stmts  %   Files
----- ----- ---  -----
   46    27   9  BAI_616_DUNG_IF.c
  705   244  82  tv_pickit2_shift_1_proteus.c
  837     0   0  ..\..\..\..\Program Files (x86)\PICC\Devices\18F4550.H
  112    25   8  tv_pickit2_shift_lcd.c
----- -----
 1700   296 Total

Page ROM  %  RAM   Vol Diff  Functions:
---- --- --- ---   --- ----  ----------
0     40   2    1             @delay_ms1
0     32   1    0   221  5.7  @const686
0     42   2    3   271  4.3  XUAT_1BYTE
0     30   1    0   152  1.8  SET_UP_PORT_IC_CHOT
0     46   2    0   119  1.7  MO_IC_74573_A_THONG_DL
0     44   2    4   231  2.3  XUAT_4LED_7DOAN_4SO
0    296  12    5   465  4.8  XUAT_4LED_7DOAN_GIAIMA_XOA_SO0
0     66   3    5   155  3.1  @DIV1616
0     44   2    0   172  1.8  XUAT_GLCD_LCD
0     16   1    2    80  2.7  XUAT_LCD20X4
0     26   1    1   102  2.1  LCD_XUAT_8BIT
0     22   1    1    61  1.6  LCD_COMMAND
0     22   1    1    61  1.6  LCD_DATA
0     72   3    0   245  1.8  SETUP_LCD
0     20   1    0             @const827
0     26   1    3   147  3.7  LCD_GOTO_XY
0    144   6    2   235  4.1  GM_LCD
0     30   1    0    78  1.6  HT_LCD
0    118   5    0   313  4.0  MAIN
0     14   1    0   313  4.0  @const841
0     34   1    2   158  3.1  @PSTRINGC_810
 Inline         0   313  4.0  @cinit1

Program metrics:
    Functions               20
    Statements              296
    Comments                376
    Volume (V)              7243
    Difficulty (D)          59.7
    Effort to implement (E) 432361
    Time to implement (T)   6 hours, 40 minutes
    Est Delivered Bugs (B)  2
    Cyclomatic Complexity   12
    Maintainability (MI)    118

 Segment     Used  Free
-----------  ----  ----
00000-00002     4  0  
00004-07FFE  1184  31580  



