
ROM used:   450/32768 (1%)
            450/32768 (1%) including unused fragments

            0.3 Average locations per line
            1.8 Average locations per statement

RAM used:   27/2048 (1%) at main() level
            32/2048 (2%) worst case

Stack used: 4 worst case (4 in main + 0 for interrupts)
Stack size: 31

Lines Stmts  %   Files
----- ----- ---  -----
   29    18   7  BAI_304_BIS2.c
  627   233  93  tv_pickit2_shift_1.c
  837     0   0  ..\..\..\..\Program Files (x86)\PICC\Devices\18F4550.H
----- -----
 1493   251 Total

Page ROM  %  RAM   Vol Diff  Functions:
---- --- --- ---   --- ----  ----------
0     38   4    1             @delay_ms1
0     38   4    2   234  4.3  XUAT_1BYTE
0     34   4    4   160  1.8  XUAT_32LED_DON_4BYTE
0     22   2    4   131  2.8  xuat_1word
0     88  10    0   396  1.4  xoa_tat_6module
0     58   6    0   253  2.3  SET_UP_PORT_IC_CHOT
0    168  19    1   641  5.8  MAIN
 Inline         0             @cinit1

Program metrics:
    Functions               6
    Statements              251
    Comments                282
    Volume (V)              2660
    Difficulty (D)          18.2
    Effort to implement (E) 48352
    Time to implement (T)   45 minutes
    Est Delivered Bugs (B)  0
    Cyclomatic Complexity   3
    Maintainability (MI)    32

 Segment     Used  Free
-----------  ----  ----
00000-00002     4  0  
00004-07FFE   446  32318  



