
ROM used:   708/32768 (2%)
            708/32768 (2%) including unused fragments

            0.4 Average locations per line
            2.6 Average locations per statement

RAM used:   27/2048 (1%) at main() level
            34/2048 (2%) worst case

Stack used: 6 worst case (6 in main + 0 for interrupts)
Stack size: 31

Lines Stmts  %   Files
----- ----- ---  -----
   30    17   6  BAI_606_LCD_HT_2HANG_DICH_2C.c
  627   233  85  tv_pickit2_shift_1.c
  837     0   0  ..\..\..\..\Program Files (x86)\PICC\Devices\18F4550.H
  112    25   9  tv_pickit2_shift_lcd.c
----- -----
 1606   275 Total

Page ROM  %  RAM   Vol Diff  Functions:
---- --- --- ---   --- ----  ----------
0     38   3    1             @delay_ms1
0     38   3    2   234  4.3  XUAT_1BYTE
0     22   2    4   131  2.8  xuat_1word
0     88   6    0   396  1.4  xoa_tat_6module
0     58   4    0   253  2.3  SET_UP_PORT_IC_CHOT
0     36   3    0   106  1.3  XUAT_GLCD_LCD
0     16   1    2    80  2.7  XUAT_LCD20X4
0     26   2    1   102  2.1  LCD_XUAT_8BIT
0     22   2    1    61  1.6  LCD_COMMAND
0     24   2    1    61  1.6  LCD_DATA
0     72   5    0   245  1.8  SETUP_LCD
0    188  13    1   399  3.6  MAIN
0     22   2    0   598  6.2  @const839
0     32   2    2   272  5.5  @PSTRINGC_813
0     22   2    0   351  7.0  @const841
 Inline         0   371  8.2  @cinit1

Program metrics:
    Functions               15
    Statements              275
    Comments                323
    Volume (V)              6331
    Difficulty (D)          52.1
    Effort to implement (E) 329724
    Time to implement (T)   5 hours, 5 minutes
    Est Delivered Bugs (B)  2
    Cyclomatic Complexity   11
    Maintainability (MI)    132

 Segment     Used  Free
-----------  ----  ----
00000-00002     4  0  
00004-07FFE   704  32060  



