
ROM used:   2200/32768 (7%)
            2200/32768 (7%) including unused fragments

            1.3 Average locations per line
            7.4 Average locations per statement

RAM used:   33/2048 (2%) at main() level
            46/2048 (2%) worst case

Stack used: 7 worst case (7 in main + 0 for interrupts)
Stack size: 31

Lines Stmts  %   Files
----- ----- ---  -----
   78    39  13  BAI_704_LM35A_BUZZ_AUTO.c
  627   233  78  tv_pickit2_shift_1.c
  837     0   0  ..\..\..\..\Program Files (x86)\PICC\Devices\18F4550.H
  112    25   8  tv_pickit2_shift_lcd.c
----- -----
 1654   297 Total

Page ROM  %  RAM   Vol Diff  Functions:
---- --- --- ---   --- ----  ----------
0     38   1    1             @delay_ms1
0     32   1    0             @const681
0     38   1    2   234  4.3  XUAT_1BYTE
0     34   1    4   160  1.8  XUAT_32LED_DON_4BYTE
0     22   0    4   131  2.8  xuat_1word
0     88   2    0   396  1.4  xoa_tat_6module
0     58   1    0   253  2.3  SET_UP_PORT_IC_CHOT
0     36   1    4   160  1.8  XUAT_4LED_7DOAN_4SO
0    296   7    5   465  4.8  XUAT_4LED_7DOAN_GIAIMA_XOA_SO0
0     66   2    5             @DIV1616
0     36   1    0   106  1.3  XUAT_GLCD_LCD
0     16   0    2    80  2.7  XUAT_LCD20X4
0     26   1    1   102  2.1  LCD_XUAT_8BIT
0     22   0    1    61  1.6  LCD_COMMAND
0     22   0    1    61  1.6  LCD_DATA
0     72   2    0   245  1.8  SETUP_LCD
0     82   2    0             @const816
0     80   2    0             @const824
0     20   0    0             @const830
0     26   1    3   147  3.7  LCD_GOTO_XY
0     96   2    5   255  5.5  lcd_hienthi_so_z_toado_xy
0     76   2    2             @MUL88
0     80   2    1   388  5.1  so_sanh_dk_buzzer
0    372   8    2   736  6.6  MAIN
0     56   1    2             @ITOF
0    348   8   14             @DIVFF
0     58   1    4             @SFTOI
 Inline         0             @cinit1

Program metrics:
    Functions               17
    Statements              297
    Comments                330
    Volume (V)              7015
    Difficulty (D)          50.1
    Effort to implement (E) 351425
    Time to implement (T)   5 hours, 25 minutes
    Est Delivered Bugs (B)  2
    Cyclomatic Complexity   11
    Maintainability (MI)    119

 Segment     Used  Free
-----------  ----  ----
00000-00002     4  0  
00004-07FFE  2196  30568  



