
ROM used:   550/32768 (2%)
            550/32768 (2%) including unused fragments

            0.4 Average locations per line
            2.2 Average locations per statement

RAM used:   29/2048 (1%) at main() level
            38/2048 (2%) worst case

Stack used: 3 worst case (3 in main + 0 for interrupts)
Stack size: 31

Lines Stmts  %   Files
----- ----- ---  -----
   20    11   4  BAI_405_DEM_00_59_00.c
  705   244  96  tv_pickit2_shift_1_proteus.c
  837     0   0  ..\..\..\..\Program Files (x86)\PICC\Devices\18F4550.H
----- -----
 1562   255 Total

Page ROM  %  RAM   Vol Diff  Functions:
---- --- --- ---   --- ----  ----------
0     38   3    1             @delay_ms1
0     32   3    0   221  5.7  @const686
0     42   4    3   271  4.3  XUAT_1BYTE
0     30   3    0   152  1.8  SET_UP_PORT_IC_CHOT
0     48   4    0   119  1.7  MO_IC_74573_A_THONG_DL
0     44   4    4   231  2.3  XUAT_4LED_7DOAN_4SO
0     16   1    2    66  1.6  XUAT_4LED_7DOAN_2SO
0    224  20    2   392  6.6  MAIN
0     72   7    4    44  1.9  @DIVS88
 Inline         0   145  3.9  @cinit1

Program metrics:
    Functions               9
    Statements              255
    Comments                334
    Volume (V)              2664
    Difficulty (D)          29.7
    Effort to implement (E) 79131
    Time to implement (T)   1 hours, 13 minutes
    Est Delivered Bugs (B)  1
    Cyclomatic Complexity   7
    Maintainability (MI)    86

 Segment     Used  Free
-----------  ----  ----
00000-00002     4  0  
00004-07FFE   546  32218  



