CCS PCH C Compiler, Version 5.015, 5967               03-Dec-22 10:58

               Filename:   C:\Users\NguyenMinhTri\Desktop\TT VXL\BAI_809_I2C_RT_LCD_TO_NHO.lst

               ROM used:   1778 bytes (5%)
                           Largest free fragment is 30990
               RAM used:   40 (2%) at main() level
                           55 (3%) worst case
               Stack used: 8 locations
               Stack size: 31

*
0000:  GOTO   06A4
....................  
.................... #INCLUDE <TV_PICKIT2_SHIFT_1_proteus.c> 
.................... #INCLUDE    <18F4550.H> 
.................... //////////// Standard Header file for the PIC18F4550 device //////////////// 
.................... /////////////////////////////////////////////////////////////////////////// 
.................... ////        (C) Copyright 1996, 2013 Custom Computer Services          //// 
.................... //// This source code may only be used by licensed users of the CCS C  //// 
.................... //// compiler.  This source code may only be distributed to other      //// 
.................... //// licensed users of the CCS C compiler.  No other use, reproduction //// 
.................... //// or distribution is permitted without written permission.          //// 
.................... //// Derivative programs created using this software in object code    //// 
.................... //// form are not restricted in any way.                               //// 
.................... /////////////////////////////////////////////////////////////////////////// 
.................... #device PIC18F4550 
0004:  CLRF   FF7
0006:  ADDLW  14
0008:  MOVWF  FF6
000A:  MOVLW  00
000C:  ADDWFC FF7,F
000E:  TBLRD*+
0010:  MOVF   FF5,W
0012:  RETURN 0
0014:  DATA 00,01
0016:  DATA 02,05
0018:  DATA 03,04
001A:  DATA 01,02
001C:  DATA 20,03
001E:  DATA 07,03
0020:  DATA 06,06
0022:  DATA 02,05
0024:  DATA 03,03
0026:  DATA 06,06
0028:  DATA 02,03
002A:  DATA 03,04
002C:  DATA 07,03
002E:  DATA 07,20
0030:  DATA 20,07
0032:  DATA 07,06
0034:  DATA 06,03
0036:  DATA 03,04
0038:  DATA 00,06
003A:  DATA 06,05
003C:  DATA 03,04
003E:  DATA 01,01
0040:  DATA 07,20
0042:  DATA 20,07
0044:  DATA 00,06
0046:  DATA 02,05
0048:  DATA 03,04
004A:  DATA 00,06
004C:  DATA 02,03
004E:  DATA 03,04
0050:  DATA 20,20
0052:  DATA 20,20
0054:  DATA 20,20
0056:  DATA 00,01
0058:  DATA 20,04
005A:  DATA 03,20
005C:  DATA 00,01
005E:  DATA 02,04
0060:  DATA 20,05
0062:  DATA 07,06
0064:  DATA 07,20
0066:  DATA 20,20
0068:  DATA 20,20
006A:  DATA 20,20
006C:  DATA 03,20
006E:  CLRF   FF7
0070:  ADDLW  7E
0072:  MOVWF  FF6
0074:  MOVLW  00
0076:  ADDWFC FF7,F
0078:  TBLRD*+
007A:  MOVF   FF5,W
007C:  RETURN 0
007E:  DATA 07,0F
0080:  DATA 1F,1F
0082:  DATA 1F,1F
0084:  DATA 1F,1F
0086:  DATA 1F,1F
0088:  DATA 1F,00
008A:  DATA 00,00
008C:  DATA 00,00
008E:  DATA 1C,1E
0090:  DATA 1F,1F
0092:  DATA 1F,1F
0094:  DATA 1F,1F
0096:  DATA 00,00
0098:  DATA 00,00
009A:  DATA 00,1F
009C:  DATA 1F,1F
009E:  DATA 1F,1F
00A0:  DATA 1F,1F
00A2:  DATA 1F,1F
00A4:  DATA 1E,1C
00A6:  DATA 1F,1F
00A8:  DATA 1F,1F
00AA:  DATA 1F,1F
00AC:  DATA 0F,07
00AE:  DATA 1F,1F
00B0:  DATA 1F,00
00B2:  DATA 00,00
00B4:  DATA 1F,1F
00B6:  DATA 1F,1F
00B8:  DATA 1F,1F
00BA:  DATA 1F,1F
00BC:  DATA 1F,1F
00BE:  CLRF   FF7
00C0:  ADDLW  CE
00C2:  MOVWF  FF6
00C4:  MOVLW  00
00C6:  ADDWFC FF7,F
00C8:  TBLRD*+
00CA:  MOVF   FF5,W
00CC:  RETURN 0
00CE:  DATA 80,C0
00D0:  DATA 94,D4
00D2:  DATA 54,48
00D4:  DATA 55,20
00D6:  DATA 00,00
00D8:  DATA 20,20
00DA:  DATA 20,20
00DC:  DATA 20,20
00DE:  DATA 20,20
00E0:  DATA 00,00
00E2:  DATA 43,4C
00E4:  DATA 4F,43
00E6:  DATA 4B,3A
00E8:  DATA 00,00
*
0252:  TBLRD*+
0254:  MOVF   FF5,F
0256:  BZ    0270
0258:  MOVFF  FF6,28
025C:  MOVFF  FF7,29
0260:  MOVFF  FF5,2D
0264:  RCALL  023C
0266:  MOVFF  28,FF6
026A:  MOVFF  29,FF7
026E:  BRA    0252
0270:  RETURN 0
*
0434:  CLRF   00
0436:  CLRF   01
0438:  MOVF   2C,W
043A:  BCF    FD8.0
043C:  BTFSC  2D.0
043E:  ADDWF  00,F
0440:  RRCF   00,F
0442:  RRCF   01,F
0444:  BTFSC  2D.1
0446:  ADDWF  00,F
0448:  RRCF   00,F
044A:  RRCF   01,F
044C:  BTFSC  2D.2
044E:  ADDWF  00,F
0450:  RRCF   00,F
0452:  RRCF   01,F
0454:  BTFSC  2D.3
0456:  ADDWF  00,F
0458:  RRCF   00,F
045A:  RRCF   01,F
045C:  BTFSC  2D.4
045E:  ADDWF  00,F
0460:  RRCF   00,F
0462:  RRCF   01,F
0464:  BTFSC  2D.5
0466:  ADDWF  00,F
0468:  RRCF   00,F
046A:  RRCF   01,F
046C:  BTFSC  2D.6
046E:  ADDWF  00,F
0470:  RRCF   00,F
0472:  RRCF   01,F
0474:  BTFSC  2D.7
0476:  ADDWF  00,F
0478:  RRCF   00,F
047A:  RRCF   01,F
047C:  GOTO   04B4 (RETURN)
....................  
.................... #list 
....................  
.................... #DEVICE     ADC=10 
.................... #FUSES      NOWDT,PUT,HS,NOPROTECT,NOLVP,CPUDIV1 
.................... #USE        DELAY(CLOCK=20000000) 
*
01CE:  CLRF   FEA
01D0:  MOVLW  28
01D2:  MOVWF  FE9
01D4:  MOVF   FEF,W
01D6:  BZ    01F2
01D8:  MOVLW  06
01DA:  MOVWF  01
01DC:  CLRF   00
01DE:  DECFSZ 00,F
01E0:  BRA    01DE
01E2:  DECFSZ 01,F
01E4:  BRA    01DC
01E6:  MOVLW  7B
01E8:  MOVWF  00
01EA:  DECFSZ 00,F
01EC:  BRA    01EA
01EE:  DECFSZ FEF,F
01F0:  BRA    01D8
01F2:  RETURN 0
.................... #USE        I2C(MASTER,SLOW,SDA=PIN_B0,SCL=PIN_B1) 
*
0272:  MOVLW  08
0274:  MOVWF  01
0276:  MOVLW  05
0278:  MOVWF  00
027A:  DECFSZ 00,F
027C:  BRA    027A
027E:  BCF    F8A.1
0280:  BCF    F93.1
0282:  MOVLW  06
0284:  MOVWF  00
0286:  DECFSZ 00,F
0288:  BRA    0286
028A:  RLCF   28,F
028C:  BCF    F8A.0
028E:  BTFSC  FD8.0
0290:  BSF    F93.0
0292:  BTFSS  FD8.0
0294:  BCF    F93.0
0296:  BSF    F93.1
0298:  BTFSS  F81.1
029A:  BRA    0298
029C:  DECFSZ 01,F
029E:  BRA    0276
02A0:  MOVLW  05
02A2:  MOVWF  00
02A4:  DECFSZ 00,F
02A6:  BRA    02A4
02A8:  BCF    F8A.1
02AA:  BCF    F93.1
02AC:  NOP   
02AE:  BSF    F93.0
02B0:  MOVLW  06
02B2:  MOVWF  00
02B4:  DECFSZ 00,F
02B6:  BRA    02B4
02B8:  MOVLW  06
02BA:  MOVWF  00
02BC:  DECFSZ 00,F
02BE:  BRA    02BC
02C0:  BSF    F93.1
02C2:  BTFSS  F81.1
02C4:  BRA    02C2
02C6:  CLRF   01
02C8:  MOVLW  06
02CA:  MOVWF  00
02CC:  DECFSZ 00,F
02CE:  BRA    02CC
02D0:  BTFSC  F81.0
02D2:  BSF    01.0
02D4:  BCF    F8A.1
02D6:  BCF    F93.1
02D8:  BCF    F8A.0
02DA:  BCF    F93.0
02DC:  RETURN 0
02DE:  MOVLW  08
02E0:  MOVWF  29
02E2:  MOVFF  00,2A
02E6:  BSF    F93.0
02E8:  MOVLW  06
02EA:  MOVWF  00
02EC:  DECFSZ 00,F
02EE:  BRA    02EC
02F0:  BSF    F93.1
02F2:  BTFSS  F81.1
02F4:  BRA    02F2
02F6:  BTFSC  F81.0
02F8:  BSF    FD8.0
02FA:  BTFSS  F81.0
02FC:  BCF    FD8.0
02FE:  RLCF   01,F
0300:  MOVLW  05
0302:  MOVWF  00
0304:  DECFSZ 00,F
0306:  BRA    0304
0308:  BCF    F93.1
030A:  BCF    F8A.1
030C:  DECFSZ 29,F
030E:  BRA    02E6
0310:  BSF    F93.0
0312:  MOVLW  06
0314:  MOVWF  00
0316:  DECFSZ 00,F
0318:  BRA    0316
031A:  BCF    F8A.0
031C:  MOVF   2A,W
031E:  BTFSS  FD8.2
0320:  BCF    F93.0
0322:  NOP   
0324:  BSF    F93.1
0326:  BTFSS  F81.1
0328:  BRA    0326
032A:  MOVLW  05
032C:  MOVWF  00
032E:  DECFSZ 00,F
0330:  BRA    032E
0332:  BCF    F8A.1
0334:  BCF    F93.1
0336:  MOVLW  06
0338:  MOVWF  00
033A:  DECFSZ 00,F
033C:  BRA    033A
033E:  BCF    F8A.0
0340:  BCF    F93.0
0342:  RETURN 0
....................  
.................... //#USE        rs232(baud=9600, xmit=PIN_C6,rcv=PIN_C7) 
.................... //NUT NHAN: 
.................... #DEFINE  BT0     PIN_B5 
.................... #DEFINE  BT1     PIN_B4 
.................... #DEFINE  BT2     PIN_B3 
.................... #DEFINE  BT3     PIN_B2 
....................  
.................... #DEFINE  ON      BT0       //DK LED DON, MOTOR 
.................... #DEFINE  OFF     BT1 
.................... #DEFINE  INV     BT2 
....................  
.................... #DEFINE  UP      BT0    //DK LED DON 
.................... #DEFINE  DW      BT1 
.................... #DEFINE  CLR     BT2 
.................... #DEFINE  MOD     BT3 
....................  
.................... #DEFINE  STOP    BT3 
....................  
.................... #DEFINE  ON1     BT0      
.................... #DEFINE  OFF1    BT1 
.................... #DEFINE  ON2     BT2        
.................... #DEFINE  OFF2    BT3 
....................  
....................  
.................... #DEFINE     TRIGGER      PIN_E2 
.................... #DEFINE     ECHO         PIN_E1 
.................... //   IC74138_A    PIN_B6   //OUTPUT GIAI MA 2 SANG 4 TICH CUC MUC 0 
.................... //   IC74138_B    PIN_B7   //OUTPUT GIAI MA 2 SANG 4 TICH CUC MUC 0 
....................  
.................... //          ENCODER  PIN_C0   //RC0/T13CKI 
....................  
.................... //          CB_KC    PIN_A2   //RA2/AN2 
.................... //          PIR      PIN_A3   //RA3/AN3 
.................... //          CBXUNG   PIN_A4   //RA4/T0CKI 
.................... //          LEDTHU   PIN_A4   //RA4/T0CKI//SW802 
....................  
.................... //          CB_KCSA_TRIGGER  PIN_E2   //RE2/SDO  DUNG CHUNG 
.................... //          CB_KCSA_RCHO     PIN_E1   //RE1 
....................  
.................... //          CB_TCS3200_OUT    PIN_E1   //RE1 //CAM BIEN MAU TCS3200 
.................... //          CB_TCS3200_S0     B12      //LAY TU MBI5026 
.................... //          CB_TCS3200_S1     B13      //LAY TU MBI5026 
.................... //          CB_TCS3200_S2     B14      //LAY TU MBI5026 
.................... //          CB_TCS3200_S3     B15      //LAY TU MBI5026 
....................  
.................... //          CB_POWER  SW803 
.................... //          CB_GAS      AIN3_PCF8591T   //RE1 
.................... //          CB_QUANG    AIN2_PCF8591T    
.................... //          CB_LM35B    AIN1_PCF8591T   //RA1/AN1 
.................... //          CB_LM35A    AIN0_PCF8591T   //RE1/AN0 
....................  
.................... //XXXXXXXXXXXXXXXXXXXXXXXXXXXXXXXXXXXXXXXXXXXXXXXXX 
.................... #DEFINE      ENABLE_573A      PIN_D1         //CS0 CUA A 
.................... #DEFINE      ENABLE_573B      PIN_D0         //CS1 CUA B 
.................... //XXXXXXXXXXXXXXXXXXXXXXXXXXXXXXXXXXXXXXXXXXXXXXXXX 
.................... #DEFINE      SSDO             PIN_E2         //CHUNG TAT CA 
.................... #DEFINE      SSCK             PIN_E0         //CHUNG TAT CA 
.................... //XXXXXXXXXXXXXXXXXXXXXXXXXXXXXXXXXXXXXXXXXXXXXXXXX 
.................... #DEFINE      RCK_4LED7DOAN    PIN_D7         //A - 4 BYTE 
.................... #DEFINE      G_4LED7DOAN      PIN_D6         //A - 4 BYTE 
.................... //XXXXXXXXXXXXXXXXXXXXXXXXXXXXXXXXXXXXXXXXXXXX     
.................... #DEFINE      RCK_MATRANLED    PIN_D7         //B - 3 BYTE DAO 
.................... #DEFINE      G_MATRANLED      PIN_D6         //B - 3 BYTE DAO 
.................... //XXXXXXXXXXXXXXXXXXXXXXXXXXXXXXXXXXXXXXXXXXXXXXXXX 
.................... #DEFINE      RCK_32LED        PIN_D5         //A - 4 BYTE 
.................... #DEFINE      G_32LED          PIN_D4         //A - 4 BYTE 
.................... //XXXXXXXXXXXXXXXXXXXXXXXXXXXXXXXXXXXXXXXXXXXX  
.................... #DEFINE      RCK_8LEDQUET     PIN_D5         //B - 2 BYTE DAO 
.................... #DEFINE      G_8LEDQUET       PIN_D4         //B - 2 BYTE DAO 
.................... //XXXXXXXXXXXXXXXXXXXXXXXXXXXXXXXXXXXXXXXXXXXXXXXXX 
.................... #DEFINE      RCK_LCD20X4      PIN_D3         //A - 2 BYTE DAO 
.................... #DEFINE      G_LCD20X4         PIN_D2         //A - 2 BYTE DAO 
.................... //XXXXXXXXXXXXXXXXXXXXXXXXXXXXXXXXXXXXXXXXXXXX  
.................... #DEFINE      RCK_BUZERELAY    PIN_D3     //B - 1 BYTE  
.................... #DEFINE      G_BUZERELAY      PIN_D2         //B - 1 BYTE  
....................  
.................... VOID XUAT_LCD20X4(UNSIGNED INT8 LCD_SIGNAL,LCD_INS_HTHI); 
....................  
.................... VOID XUAT_BUZZER_RELAY(); 
.................... //XXXXXXXXXXXXXXXXXXXXXXXXXXXXXXXXXXXXXXXXXXXX    
.................... #DEFINE     CHOT_2_IC_74573_A_B  OUTPUT_D(0XFC) 
....................  
.................... UNSIGNED INT8 TIN_HIEU_DK_74573_A; 
.................... #BIT G_4A         = TIN_HIEU_DK_74573_A.6 
.................... #BIT G_32A        = TIN_HIEU_DK_74573_A.4 
.................... #BIT G_LCDA       = TIN_HIEU_DK_74573_A.2 
.................... //XXXXXXXXXXXXXXXXXXXXXXXXXXXXXXXXXXXXXXXXXXXX          
.................... #DEFINE     MO_32_LED_DON        G_32A=0; //OUTPUT_LOW(G_32LED)  
.................... #DEFINE     TAT_32_LED_DON       G_32A=1; //OUTPUT_HIGH(G_32LED)  
.................... //XXXXXXXXXXXXXXXXXXXXXXXXXXXXXXXXXXXXXXXXXXXX          
.................... #DEFINE     MO_4_LED_7DOAN       G_4A=0;  //OUTPUT_LOW(G_4LED7DOAN) 
.................... #DEFINE     TAT_4_LED_7DOAN      G_4A=1;  //OUTPUT_HIGH(G_4LED7DOAN) 
.................... //XXXXXXXXXXXXXXXXXXXXXXXXXXXXXXXXXXXXXXXXXXXX  
.................... #DEFINE     MO_GLCD_LCD           G_LCDA=0;   //OUTPUT_LOW(G_LCD20X4) 
.................... #DEFINE     TAT_GLCD_LCD          G_LCDA=1;   // OUTPUT_LOW(G_LCD20X4) 
....................  
.................... UNSIGNED INT8 TIN_HIEU_DK_74573_B;   
.................... #BIT G_MTB        = TIN_HIEU_DK_74573_B.6 
.................... #BIT G_8B         = TIN_HIEU_DK_74573_B.4 
.................... #BIT G_RBDCB      = TIN_HIEU_DK_74573_B.2 
.................... //XXXXXXXXXXXXXXXXXXXXXXXXXXXXXXXXXXXXXXXXXXXX  
.................... #DEFINE     MO_LED_MATRAN        G_MTB=0; //OUTPUT_LOW(G_MATRANLED) 
.................... #DEFINE     TAT_LED_MATRAN       G_MTB=1; //OUTPUT_LOW(G_MATRANLED) 
.................... //XXXXXXXXXXXXXXXXXXXXXXXXXXXXXXXXXXXXXXXXXXXX        
.................... #DEFINE     MO_8_LED_QUET        G_8B=0;  //OUTPUT_LOW(G_8LEDQUET) 
.................... #DEFINE     TAT_8_LED_QUET       G_8B=1;  //OUTPUT_LOW(G_8LEDQUET) 
.................... //XXXXXXXXXXXXXXXXXXXXXXXXXXXXXXXXXXXXXXXXXXXX          
.................... #DEFINE     MO_RELAY_BUZZER_DC   G_RBDCB=0;  //OUTPUT_LOW(G_BUZERELAY) 
.................... #DEFINE     TAT_RELAY_BUZZER_DC  G_RBDCB=1;  //OUTPUT_LOW(G_BUZERELAY) 
....................  
.................... //XXXXXXXXXXXXXXXXXXXXXXXXXXXXXXXXXXXXXXXXXXXX 
.................... //CHUONG TRINH KIEM TRA PHIM BT1 
.................... //XXXXXXXXXXXXXXXXXXXXXXXXXXXXXXXXXXXXXXXXXXXX 
.................... UNSIGNED INT8 DL_BTN=0; 
.................... INT1 PHIM_BT0(UNSIGNED INT16 DL) 
.................... {   
....................     IF (!INPUT(BT0)) 
....................     {   
....................       DL_BTN++; 
....................        
....................       IF (DL_BTN>= DL) 
....................          { 
....................             DL_BTN =0; 
....................             RETURN(1); 
....................          } 
....................       ELSE RETURN(0); 
....................     } 
....................     ELSE    RETURN(0); 
.................... }  
.................... //XXXXXXXXXXXXXXXXXXXXXXXXXXXXXXXXXXXXXXXXXXXX 
.................... //CHUONG TRINH KIEM TRA PHIM BT1 
.................... //XXXXXXXXXXXXXXXXXXXXXXXXXXXXXXXXXXXXXXXXXXXX 
.................... INT1 PHIM_BT1(UNSIGNED INT16 DL ) 
.................... {   
....................     IF (!INPUT(BT1)) 
....................     {   
....................       DL_BTN++; 
....................        
....................       IF (DL_BTN>= DL) 
....................          { 
....................             DL_BTN =0; 
....................             RETURN(1); 
....................          } 
....................       ELSE RETURN(0); 
....................     } 
....................     ELSE    RETURN(0); 
.................... }  
.................... //XXXXXXXXXXXXXXXXXXXXXXXXXXXXXXXXXXXXXXXXXXXX 
.................... //CHUONG TRINH KIEM TRA PHIM BT2       
.................... //XXXXXXXXXXXXXXXXXXXXXXXXXXXXXXXXXXXXXXXXXXXX                                     
.................... INT1 PHIM_BT2(UNSIGNED INT16 DL ) 
.................... {                                         
....................     IF (!INPUT(BT2)) 
....................     {   
....................       DL_BTN++; 
....................        
....................       IF (DL_BTN>= DL) 
....................          { 
....................             DL_BTN =0; 
....................             RETURN(1); 
....................          } 
....................       ELSE RETURN(0); 
....................     } 
....................     ELSE    RETURN(0); 
....................                                           
.................... }       
....................  
.................... //XXXXXXXXXXXXXXXXXXXXXXXXXXXXXXXXXXXXXXXXXXXX 
.................... //CHUONG TRINH KIEM TRA PHIM BT3 
.................... //XXXXXXXXXXXXXXXXXXXXXXXXXXXXXXXXXXXXXXXXXXXX 
.................... INT1 PHIM_BT3(UNSIGNED INT16 DL,  UNSIGNED INT8 SOLAN  ) 
.................... {   
....................     IF (!INPUT(BT3)) 
....................     {   
....................       DL_BTN++; 
....................       IF(DL_BTN==1) RETURN(1); 
....................       ELSE 
....................       { 
....................          IF (DL_BTN>= DL) 
....................          DL_BTN =SOLAN; 
....................       } 
....................     } 
....................     ELSE    
....................     { 
....................       //DL_BTN =0; 
....................       RETURN(0); 
....................     } 
.................... }  
.................... //XXXXXXXXXXXXXXXXXXXXXXXXXXXXXXXXXXXXXXXXXXXX 
.................... //KHAI BAO DU LIEU 16 BIT CHO MODULE RELAY, TRIAC, BUZZER, DONG CO 
.................... //XXXXXXXXXXXXXXXXXXXXXXXXXXXXXXXXXXXXXXXXXXXX 
.................... UNSIGNED INT16 RBDC; 
.................... #BIT STEP_MOTOR_ENABLE  = RBDC.0    //1=ENA,0=DIS 
.................... #BIT STEP_MOTOR_IN1     = RBDC.1     
.................... #BIT STEP_MOTOR_IN2     = RBDC.2 
.................... #BIT STEP_MOTOR_IN3     = RBDC.3 
.................... #BIT STEP_MOTOR_IN4     = RBDC.4 
.................... #BIT DC_ENABLE          = RBDC.5    //1=ENA,0=DIS 
.................... #BIT PWRKEY             = RBDC.6    //KHOI TAO SIM900 
....................  
.................... #BIT BUZZER             = RBDC.8    //1=ON,0=OFF 
.................... #BIT TRIAC_1            = RBDC.9    //1=ON,0=OFF 
.................... #BIT TRIAC_2            = RBDC.10   //1=ON,0=OFF 
.................... #BIT RELAY_1            = RBDC.11   //0=ON,1=OFF 
.................... #BIT RELAY_2            = RBDC.12   //0=ON,1=OFF 
....................  
.................... //HAM 103 
.................... //XXXXXXXXXXXXXXXXXXXXXXXXXXXXXXXXXXXXXXXXXXXX 
.................... //CHUONG TRINH CON KHOI TAO IC CHOT 
.................... //XXXXXXXXXXXXXXXXXXXXXXXXXXXXXXXXXXXXXXXXXXXX          
.................... #DEFINE     CHO_IC_74573_A_GOI_DU_LIEU     OUTPUT_HIGH(ENABLE_573A) 
.................... #DEFINE     CHOT_IC_74573_A_GOI_DU_LIEU    OUTPUT_LOW(ENABLE_573A) 
....................  
.................... #DEFINE     CHO_IC_74573_B_GOI_DU_LIEU     OUTPUT_HIGH(ENABLE_573B) 
.................... #DEFINE     CHOT_IC_74573_B_GOI_DU_LIEU    OUTPUT_LOW(ENABLE_573B) 
.................... VOID MO_IC_74573_A_THONG_DL(); 
....................  
.................... //XXXXXXXXXXXXXXXXXXXXXXXXXXXXXXXXXXXXXXXXXXXX    
.................... CONST UNSIGNED CHAR MA7DOAN[16]= {0XC0,0XF9,0xA4,0XB0,0X99,0X92,0X82,0XF8, 
.................... 0X80,0X90,0x88, 0x83, 0xC6, 0xA1, 0x86, 0x8E}; 
.................... #DEFINE     MASO0    0XC0 
.................... #DEFINE     MASO1    0XF9 
.................... #DEFINE     MASO2    0XA4 
.................... #DEFINE     MASO3    0XB0 
.................... #DEFINE     MASO4    0X99 
.................... #DEFINE     MASO5    0X92 
.................... #DEFINE     MASO6    0X82 
.................... #DEFINE     MASO7    0XF8 
....................  
.................... //XXXXXXXXXXXXXXXXXXXXXXXXXXXXXXXXXXXXXXXXXXXX  
.................... //HAM 102 
.................... //XXXXXXXXXXXXXXXXXXXXXXXXXXXXXXXXXXXXXXXXXXXX     
.................... //XUAT 1 BYTE RA THANH GHI DICH 
.................... //XXXXXXXXXXXXXXXXXXXXXXXXXXXXXXXXXXXXXXXXXXXX     
.................... VOID XUAT_1BYTE(UNSIGNED INT8 BYTEXUAT) 
.................... { 
....................    UNSIGNED INT8   SB,X;    
....................    #BIT BSERI  = X.7 
....................    X = BYTEXUAT; 
*
0108:  MOVFF  34,36
....................    FOR (SB=0;SB<8;SB++) 
010C:  CLRF   35
010E:  MOVF   35,W
0110:  SUBLW  07
0112:  BNC   0130
....................       {                                                  
....................          OUTPUT_BIT(SSDO,BSERI);     
0114:  BTFSC  36.7
0116:  BRA    011C
0118:  BCF    F8D.2
011A:  BRA    011E
011C:  BSF    F8D.2
011E:  BCF    F96.2
....................          OUTPUT_LOW(SSCK); OUTPUT_HIGH(SSCK); 
0120:  BCF    F96.0
0122:  BCF    F8D.0
0124:  BCF    F96.0
0126:  BSF    F8D.0
....................          X= X<<1;          
0128:  BCF    FD8.0
012A:  RLCF   36,F
012C:  INCF   35,F
012E:  BRA    010E
....................      } 
0130:  RETURN 0
.................... } 
.................... //XXXXXXXXXXXXXXXXXXXXXXXXXXXXXXXXXXXXXXXXXXXX  
.................... //HAM 301 
.................... //XXXXXXXXXXXXXXXXXXXXXXXXXXXXXXXXXXXXXXXXXXXX 
.................... //CHUONG TRINH CON XUAT 4 BYTE RA 32 LED DON 
.................... //XXXXXXXXXXXXXXXXXXXXXXXXXXXXXXXXXXXXXXXXXXXX 
.................... VOID XUAT_32LED_DON_4BYTE(UNSIGNED INT8 BLD3,BLD2,BLD1,BLD0) 
.................... {      
....................       XUAT_1BYTE(BLD3);           
....................       XUAT_1BYTE(BLD2); 
....................       XUAT_1BYTE(BLD1);           
....................       XUAT_1BYTE(BLD0);             
....................       MO_32_LED_DON;       
....................       MO_IC_74573_A_THONG_DL();             
....................       OUTPUT_HIGH(RCK_32LED);    OUTPUT_LOW(RCK_32LED); 
....................       CHOT_IC_74573_A_GOI_DU_LIEU;       
.................... } 
.................... //HAM 302 
.................... //XXXXXXXXXXXXXXXXXXXXXXXXXXXXXXXXXXXXXXXXXXXX 
.................... //CHUONG TRINH CON XUAT 2 WORD 16 BITRA 32 LED DON 
.................... //XXXXXXXXXXXXXXXXXXXXXXXXXXXXXXXXXXXXXXXXXXXX 
.................... VOID XUAT_32LED_DON_2WORD(UNSIGNED INT16 WLD1, UNSIGNED INT16 WLD0) 
.................... {      
....................      UNSIGNED INT8  B3,B2,B1,B0; 
....................      B3 = WLD1>>8;  B2 = WLD1;  
....................      B1 = WLD0>>8;  B0 = WLD0; 
....................      XUAT_32LED_DON_4BYTE(B3,B2,B1,B0); 
.................... } 
.................... //HAM 303 
.................... //XXXXXXXXXXXXXXXXXXXXXXXXXXXXXXXXXXXXXXXXXXXX 
.................... //CHUONG TRINH CON XUAT 1 DOUBLE WORD RA 32 LED DON 
.................... //XXXXXXXXXXXXXXXXXXXXXXXXXXXXXXXXXXXXXXXXXXXX 
.................... VOID XUAT_32LED_DON_1DW(UNSIGNED LONG LONG DWLD) 
.................... {      
....................      UNSIGNED INT16  WD1,WD0; 
....................      WD1 = DWLD>>16;  WD0 = DWLD; 
....................      XUAT_32LED_DON_2WORD(WD1,WD0); 
.................... } 
....................  
.................... //HAM 304 
.................... //XXXXXXXXXXXXXXXXXXXXXXXXXXXXXXXXXXXXXXXXXXXX 
.................... //CHUONG TRINH CON MO 32 LED DON SANG 
.................... //XXXXXXXXXXXXXXXXXXXXXXXXXXXXXXXXXXXXXXXXXXXX 
.................... VOID MO_32LED_DON() 
.................... {         
....................      XUAT_32LED_DON_1DW(0XFFFFFFFF); 
.................... } 
.................... //HAM 305 
.................... //XXXXXXXXXXXXXXXXXXXXXXXXXXXXXXXXXXXXXXXXXXXX 
.................... //CHUONG TRINH CON TAT 32 LED DON  
.................... //XXXXXXXXXXXXXXXXXXXXXXXXXXXXXXXXXXXXXXXXXXXX 
.................... VOID TAT_32LED_DON() 
.................... {         
....................      XUAT_32LED_DON_1DW(0); 
.................... } 
.................... //XXXXXXXXXXXXXXXXXXXXXXXXXXXXXXXXXXXXXXXXXXXX     
.................... //XUAT 1 BIT ROI TRA LAI KET QUA SAU KHI DICH DI 1 BIT 
.................... //XXXXXXXXXXXXXXXXXXXXXXXXXXXXXXXXXXXXXXXXXXXX     
.................... UNSIGNED  INT8 XUAT_1BIT(UNSIGNED INT8 BYTEXUAT) 
.................... { 
....................       UNSIGNED INT8   XBITX;    
....................       #BIT BSERIX  = XBITX.0 
....................       XBITX = BYTEXUAT; 
....................                                              
....................       OUTPUT_BIT(SSDO,BSERIX);     
....................       OUTPUT_LOW(SSCK); OUTPUT_HIGH(SSCK); 
....................       XBITX= XBITX>>1;    
....................       RETURN(XBITX);   
.................... } 
.................... //XXXXXXXXXXXXXXXXXXXXXXXXXXXXXXXXXXXXXXXXXXXX  
.................... //HAM 101 
.................... //XXXXXXXXXXXXXXXXXXXXXXXXXXXXXXXXXXXXXXXXXXXX     
.................... //HAM KHOI TAO CAC PORT VA IC CHOT 
.................... //XXXXXXXXXXXXXXXXXXXXXXXXXXXXXXXXXXXXXXXXXXXX     
....................    VOID SET_UP_PORT_IC_CHOT() 
.................... {      
....................       SET_TRIS_D(0x00);     
*
00EA:  MOVLW  00
00EC:  MOVWF  F95
....................       SET_TRIS_E(0X00); 
00EE:  MOVWF  F96
....................       OUTPUT_D(0XFF); 
00F0:  CLRF   F95
00F2:  SETF   F8C
....................       TIN_HIEU_DK_74573_A=0XFF;   
00F4:  SETF   04
....................       TIN_HIEU_DK_74573_B=0XFF;       
00F6:  SETF   05
....................       CHOT_IC_74573_A_GOI_DU_LIEU; 
00F8:  BCF    F95.1
00FA:  BCF    F8C.1
....................       CHOT_IC_74573_B_GOI_DU_LIEU;   
00FC:  BCF    F95.0
00FE:  BCF    F8C.0
....................       RBDC=0; 
0100:  CLRF   08
0102:  CLRF   07
0104:  GOTO   06D2 (RETURN)
.................... } 
.................... //HAM 104 
.................... //XXXXXXXXXXXXXXXXXXXXXXXXXXXXXXXXXXXXXXXXXXXX     
.................... //XUAT CÁC THIEU DIEU KHIEN  
.................... //GIU NGUYEN CAC TRANG THAI CUA 2 MODULE KHAC 
.................... //XXXXXXXXXXXXXXXXXXXXXXXXXXXXXXXXXXXXXXXXXXXX     
.................... VOID MO_IC_74573_A_THONG_DL() 
.................... {      
....................       OUTPUT_D(0X00); 
*
0132:  CLRF   F95
0134:  CLRF   F8C
....................       OUTPUT_BIT(G_32LED,G_32A); 
0136:  BTFSC  04.4
0138:  BRA    013E
013A:  BCF    F8C.4
013C:  BRA    0140
013E:  BSF    F8C.4
0140:  BCF    F95.4
....................       OUTPUT_BIT(G_4LED7DOAN,G_4A); 
0142:  BTFSC  04.6
0144:  BRA    014A
0146:  BCF    F8C.6
0148:  BRA    014C
014A:  BSF    F8C.6
014C:  BCF    F95.6
....................       OUTPUT_BIT(G_LCD20X4,G_LCDA);   
014E:  BTFSC  04.2
0150:  BRA    0156
0152:  BCF    F8C.2
0154:  BRA    0158
0156:  BSF    F8C.2
0158:  BCF    F95.2
....................       CHO_IC_74573_A_GOI_DU_LIEU; 
015A:  BCF    F95.1
015C:  BSF    F8C.1
015E:  GOTO   017E (RETURN)
.................... } 
.................... VOID MO_IC_74573_B_THONG_DL() 
.................... {      
....................       OUTPUT_D(0X00); 
....................       OUTPUT_BIT(G_MATRANLED,G_MTB); 
....................       OUTPUT_BIT(G_8LEDQUET,G_8B); 
....................       OUTPUT_BIT(G_BUZERELAY,G_RBDCB);  
....................       CHO_IC_74573_B_GOI_DU_LIEU; 
.................... } 
.................... //ham 401 
.................... //XXXXXXXXXXXXXXXXXXXXXXXXXXXXXXXXXXXXXXXXXXXX 
.................... //CHUONG TRINH CON XUAT 4 BYTE RA 4 LED 7 DOAN 
.................... //XXXXXXXXXXXXXXXXXXXXXXXXXXXXXXXXXXXXXXXXXXXX 
.................... VOID XUAT_4LED_7DOAN_4SO(UNSIGNED INT BL743,BL742,BL741,BL740) 
.................... {      
....................       XUAT_1BYTE(BL740);   XUAT_1BYTE(BL741); 
....................       XUAT_1BYTE(BL742);   XUAT_1BYTE(BL743); 
....................        
....................       MO_4_LED_7DOAN; 
....................       MO_IC_74573_A_THONG_DL(); 
....................         
....................       OUTPUT_LOW(RCK_4LED7DOAN);   OUTPUT_HIGH(RCK_4LED7DOAN);  
....................       CHOT_IC_74573_A_GOI_DU_LIEU; 
.................... } 
.................... //ham 404 
.................... VOID XUAT_4LED_7DOAN_3SO(UNSIGNED INT BL742,BL741,BL740) 
.................... {      
....................      XUAT_4LED_7DOAN_4SO(0XFF,BL742,BL741,BL740); 
.................... } 
.................... //ham 403 
.................... VOID XUAT_4LED_7DOAN_2SO(UNSIGNED INT BL741,BL740) 
.................... {      
....................      XUAT_4LED_7DOAN_4SO(0XFF,0XFF,BL741,BL740); 
.................... } 
.................... //ham 402 
.................... VOID XUAT_4LED_7DOAN_1SO(UNSIGNED INT BL740) 
.................... {      
....................      XUAT_4LED_7DOAN_4SO(0XFF,0XFF,0XFF,BL740); 
.................... } 
....................  
.................... //ham 405 
.................... //XXXXXXXXXXXXXXXXXXXXXXXXXXXXXXXXXXXXXXXXXXXXXXXXXXXXXXXXXXXXX 
.................... //CHUONG TRINH CON HIEN THI DU LIEU 16 BIT TREN 4 LED 7 DOAN 
.................... //XXXXXXXXXXXXXXXXXXXXXXXXXXXXXXXXXXXXXXXXXXXXXXXXXXXXXXXXXXXXX 
.................... UNSIGNED CHAR DONVI4,CHUC4,TRAM4,NGAN4; 
.................... VOID  XUAT_4LED_7DOAN_GIAIMA_XOA_SO0 (UNSIGNED INT16 TAM) 
.................... {          
....................       DONVI4 = MA7DOAN[TAM %10];          
....................       CHUC4  = MA7DOAN[TAM/10%10]; 
....................       TRAM4  = MA7DOAN[TAM/100%10];  
....................       NGAN4  = MA7DOAN[TAM/1000%10];        
....................       IF (NGAN4==0XC0) 
....................       { 
....................          NGAN4=0XFF; 
....................          IF (TRAM4==0XC0) 
....................          { 
....................             TRAM4=0XFF; 
....................             IF (CHUC4==0XC0)   CHUC4=0XFF; 
....................          } 
....................       } 
....................       XUAT_4LED_7DOAN_4SO(NGAN4,TRAM4,CHUC4,DONVI4);    
.................... } 
.................... UNSIGNED INT8 LCDDATA=0;  
.................... UNSIGNED INT8 LCDCONTROL=0; 
.................... UNSIGNED INT8 GLCDDATA=0; 
.................... UNSIGNED INT8 GLCDCONTROL=0;  
.................... //HAM 701 
.................... //XXXXXXXXXXXXXXXXXXXXXXXXXXXXXXXXXXXXXXXXXXXXXXXXXXXXXXXXXXXXX 
.................... //CHUONG TRINH CON XUAT DU LIEU 4 BYTE RA GLCD VA LCD 
.................... //XXXXXXXXXXXXXXXXXXXXXXXXXXXXXXXXXXXXXXXXXXXXXXXXXXXXXXXXXXXXX 
.................... VOID XUAT_GLCD_LCD() 
.................... {       
....................     XUAT_1BYTE(GLCDCONTROL);              
0162:  MOVFF  10,34
0166:  RCALL  0108
....................     XUAT_1BYTE(GLCDDATA); 
0168:  MOVFF  0F,34
016C:  RCALL  0108
....................     XUAT_1BYTE(LCDCONTROL);        
016E:  MOVFF  0E,34
0172:  RCALL  0108
....................     XUAT_1BYTE(LCDDATA);       
0174:  MOVFF  0D,34
0178:  RCALL  0108
....................        
....................     MO_GLCD_LCD; 
017A:  BCF    04.2
....................     MO_IC_74573_A_THONG_DL();             
017C:  BRA    0132
....................     OUTPUT_HIGH(RCK_LCD20X4);      
017E:  BCF    F95.3
0180:  BSF    F8C.3
....................     OUTPUT_LOW(RCK_LCD20X4); 
0182:  BCF    F95.3
0184:  BCF    F8C.3
....................     CHOT_IC_74573_A_GOI_DU_LIEU; 
0186:  BCF    F95.1
0188:  BCF    F8C.1
018A:  GOTO   019C (RETURN)
.................... } 
.................... //HAM 702 
.................... VOID XUAT_LCD20X4(UNSIGNED INT8 LCD_SIGNAL,LCD_INS_HTHI) 
.................... {      
....................     LCDCONTROL = ~LCD_SIGNAL; 
018E:  MOVF   32,W
0190:  MOVWF  0E
0192:  COMF   0E,F
....................     LCDDATA    = ~LCD_INS_HTHI;       
0194:  MOVFF  33,0D
0198:  COMF   0D,F
....................     XUAT_GLCD_LCD(); 
019A:  BRA    0162
019C:  RETURN 0
.................... } 
.................... //HAM 703 
.................... VOID XUAT_GLCD128X64(UNSIGNED INT8 GLCD_SIGNAL,GLCD_INS_HTHI) 
.................... {      
....................     GLCDCONTROL = ~GLCD_SIGNAL; 
....................     GLCDDATA    = ~GLCD_INS_HTHI;      
....................     XUAT_GLCD_LCD(); 
.................... } 
.................... //HAM 501 
.................... //XXXXXXXXXXXXXXXXXXXXXXXXXXXXXXXXXXXXXXXXXXXX 
.................... //CHUONG TRINH CON XUAT 2 BYTE RA DK 1 LED QUET SANG 
.................... //XXXXXXXXXXXXXXXXXXXXXXXXXXXXXXXXXXXXXXXXXXXX 
.................... VOID XUAT_8LED_7DOAN_QUET_1(UNSIGNED INT MA,SO_HTHI) 
.................... {      
....................       XUAT_1BYTE(~MA);   XUAT_1BYTE(~SO_HTHI); 
....................        
....................       MO_8_LED_QUET; 
....................       MO_IC_74573_B_THONG_DL(); 
....................        
....................       OUTPUT_HIGH(RCK_8LEDQUET); OUTPUT_LOW(RCK_8LEDQUET); 
....................       CHOT_IC_74573_B_GOI_DU_LIEU; 
.................... } 
.................... //HAM 502 
.................... //XXXXXXXXXXXXXXXXXXXXXXXXXXXXXXXXXXXXXXXXXXXX 
.................... //CHUONG TRINH CON XUAT 2 BYTE RA TAT 8 LED QUET 
.................... //XXXXXXXXXXXXXXXXXXXXXXXXXXXXXXXXXXXXXXXXXXXX 
.................... VOID XUAT_8LED_7DOAN_QUET_TAT_LED() 
.................... { 
....................    XUAT_8LED_7DOAN_QUET_1(0XFF,0XFF); 
.................... } 
.................... //HAM 503 
.................... //XXXXXXXXXXXXXXXXXXXXXXXXXXXXXXXXXXXXXXXXXXXX 
.................... //CHUONG TRINH CON HIEN THI LED THEO THU TU 
.................... //XXXXXXXXXXXXXXXXXXXXXXXXXXXXXXXXXXXXXXXXXXXX 
.................... CONST UNSIGNED CHAR TTLEDQUET[8]= {0x7F,0xBF,0xDF,0xEF,0xF7,0xFB,0xFD,0xFE}; 
.................... VOID XUAT_8LED_7DOAN_QUET_2(UNSIGNED INT THUTULED,SO_HTHI) 
.................... {          
....................       XUAT_1BYTE(~ (TTLEDQUET[THUTULED]));   XUAT_1BYTE(~SO_HTHI);      
....................       MO_8_LED_QUET; 
....................       MO_IC_74573_B_THONG_DL(); 
....................       OUTPUT_HIGH(RCK_8LEDQUET); OUTPUT_LOW(RCK_8LEDQUET); 
....................       CHOT_IC_74573_B_GOI_DU_LIEU; 
.................... } 
.................... //HAM 504 
.................... //XXXXXXXXXXXXXXXXXXXXXXXXXXXXXXXXXXXXXXXXXXXX 
.................... //CHUONG TRINH CON HIEN THI 8 SO TREN 8 LED QUET - CO KIEM TRA 
.................... //XXXXXXXXXXXXXXXXXXXXXXXXXXXXXXXXXXXXXXXXXXXX 
.................... UNSIGNED INT8 LED_7DQ[8]={0XFF,0XFF,0XFF,0XFF,0XFF,0XFF,0XFF,0XFF}; 
.................... UNSIGNED INT8 TT8LED=0; 
.................... VOID HIEN_THI_8LED_7DOAN_QUET() 
.................... {      
....................       FOR(TT8LED=0;TT8LED<8;TT8LED++) 
....................          IF (LED_7DQ[TT8LED]!=0XFF) 
....................          {            
....................             XUAT_8LED_7DOAN_QUET_2(TT8LED, LED_7DQ[TT8LED]); 
....................             //DELAY_US(100);  //THUC TE 
....................             DELAY_MS(20);     //MO PHONG PROTEUS 
....................             XUAT_8LED_7DOAN_QUET_TAT_LED();            
....................             } 
.................... } 
.................... //HAM 505 
.................... //XXXXXXXXXXXXXXXXXXXXXXXXXXXXXXXXXXXXXXXXXXXX 
.................... //CHUONG TRINH CON HIEN THI 8 SO TREN 8 LED QUET - KHONG KIEM TRA 
.................... //XXXXXXXXXXXXXXXXXXXXXXXXXXXXXXXXXXXXXXXXXXXX 
.................... VOID HIEN_THI_8LED_7DOAN_QUET_ALL() 
.................... {      
....................       FOR(TT8LED=0;TT8LED<8;TT8LED++)          
....................          {            
....................             XUAT_8LED_7DOAN_QUET_2(TT8LED, LED_7DQ[TT8LED]); 
....................             //DELAY_US(100);  //THUC TE 
....................             DELAY_MS(20);     //MO PHONG PROTEUS 
....................             XUAT_8LED_7DOAN_QUET_TAT_LED();            
....................             } 
.................... } 
....................  
.................... VOID DELAY_QUET_8LED(UNSIGNED INT16 DL) 
.................... {  
....................       UNSIGNED INT8 I; 
....................       FOR (I=0; I<DL;I++) 
....................       HIEN_THI_8LED_7DOAN_QUET_ALL(); 
.................... }  
....................  
.................... VOID GIAI_MA_GAN_CHO_8LED_QUET_16_XOA(UNSIGNED INT16 X) 
.................... {      
....................       LED_7DQ[0]= MA7DOAN [X %10];     
....................       LED_7DQ[1]= MA7DOAN [X/10%10]; 
....................       LED_7DQ[2]= MA7DOAN [X/100%10];     
....................       LED_7DQ[3]= MA7DOAN [X/1000%10]; 
....................       LED_7DQ[4]= MA7DOAN [X/10000%10]; 
....................       IF (LED_7DQ[4]==MASO0)  
....................       { 
....................             LED_7DQ[4]=0XFF; 
....................             IF (LED_7DQ[3]==MASO0)  
....................             { 
....................                LED_7DQ[3]=0XFF; 
....................                IF (LED_7DQ[2]==MASO0)  
....................                { 
....................                   LED_7DQ[2]=0XFF; 
....................                   IF (LED_7DQ[1]==MASO0)  
....................                   { 
....................                      LED_7DQ[1]=0XFF; 
....................                   } 
....................                } 
....................             } 
....................       } 
....................              
.................... } 
.................... //XXXXXXXXXXXXXXXXXXXXXXXXXXXXXXXXXXXXXXXXXXXX          
.................... VOID XUAT_2BYTE(UNSIGNED INT16 BYTE2XUAT) 
.................... { 
....................    INT8 SBB; 
....................    UNSIGNED INT16   XX;   //SHORT  BSERI; 
....................    #BIT BSERIX  = XX.15 
....................    XX = BYTE2XUAT; 
....................    FOR (SBB=0;SBB<16;SBB++) 
....................       {                                                  
....................          OUTPUT_BIT(SSDO,BSERIX);     
....................          OUTPUT_LOW(SSCK);          
....................          OUTPUT_HIGH(SSCK); 
....................          XX= XX<<1;          
....................      } 
.................... } 
.................... //XXXXXXXXXXXXXXXXXXXXXXXXXXXXXXXXXXXXXXXXXXXX 
.................... //CHUONG TRINH CON XUAT RA LED MA TRAN 
.................... //XXXXXXXXXXXXXXXXXXXXXXXXXXXXXXXXXXXXXXXXXXXX 
.................... VOID XUAT_MATRANLED(UNSIGNED INT16 MAHANG,UNSIGNED INT16 MACOT1, 
.................... UNSIGNED INT16 MACOT2,UNSIGNED INT16 MACOT3) 
.................... {       
....................       XUAT_2BYTE(MACOT3); 
....................       XUAT_2BYTE(MACOT2); 
....................       XUAT_2BYTE(MACOT1); 
....................       XUAT_2BYTE(MAHANG); 
....................        
....................       MO_LED_MATRAN; 
....................       MO_IC_74573_B_THONG_DL(); 
....................        
....................       OUTPUT_HIGH(RCK_MATRANLED); OUTPUT_LOW(RCK_MATRANLED);  
....................       CHOT_IC_74573_B_GOI_DU_LIEU; 
.................... } 
.................... //XXXXXXXXXXXXXXXXXXXXXXXXXXXXXXXXXXXXXXXXXXXX 
.................... //CHUONG TRINH CON XUAT RA LED MA TRAN 
.................... //XXXXXXXXXXXXXXXXXXXXXXXXXXXXXXXXXXXXXXXXXXXX 
.................... VOID TAT_MATRANLED() 
.................... {       
....................       XUAT_2BYTE(0); 
....................       XUAT_2BYTE(0); 
....................       XUAT_2BYTE(0); 
....................       XUAT_2BYTE(0);            
....................       OUTPUT_HIGH(RCK_MATRANLED);  
....................       OUTPUT_LOW(RCK_MATRANLED); 
.................... } 
.................... UNSIGNED  INT8 HIEU_CHINH_4BIT_CAO(UNSIGNED INT8 XZY) 
.................... { 
....................       INT1  BTG; 
....................       UNSIGNED INT8   BX;    
....................       #BIT BIT4  = BX.4 
....................       #BIT BIT5  = BX.5 
....................       #BIT BIT6  = BX.6 
....................       #BIT BIT7  = BX.7 
....................       BX=XZY; 
....................       BTG=BIT4;   BIT4=BIT7;  BIT7=BTG; 
....................       BTG=BIT5;   BIT5=BIT6;  BIT6=BTG;       
....................       RETURN(BX);   
.................... } 
.................... //HAM 601 
.................... //XXXXXXXXXXXXXXXXXXXXXXXXXXXXXXXXXXXXXXXXXXXXXXXXXXXX 
.................... //MODULE DIEU KHIEN RELAY,TRIAC, BUZZER, DONG CO, SIM 
.................... //XXXXXXXXXXXXXXXXXXXXXXXXXXXXXXXXXXXXXXXXXXXXXXXXXXXX 
.................... VOID XUAT_BUZZER_RELAY() 
.................... {      
....................    UNSIGNED INT8 RBDC1,RBDC2; 
....................       RBDC1=RBDC; RBDC2=RBDC>>8;       
....................       XUAT_1BYTE(RBDC2);       
....................       XUAT_1BYTE(RBDC1); 
....................       MO_RELAY_BUZZER_DC; 
....................       MO_IC_74573_B_THONG_DL(); 
....................        
....................       OUTPUT_HIGH(RCK_BUZERELAY);   OUTPUT_LOW(RCK_BUZERELAY); 
....................       CHOT_IC_74573_B_GOI_DU_LIEU; 
.................... } 
.................... //HAM 602 
.................... //XXXXXXXXXXXXXXXXXXXXXXXXXXXXXXXXXXXXXXXXXXXXXXXXXXXX 
.................... VOID BUZZER_ON() 
.................... {     
....................       BUZZER=1; 
....................       XUAT_BUZZER_RELAY();          
.................... } 
.................... //HAM 603 
.................... //XXXXXXXXXXXXXXXXXXXXXXXXXXXXXXXXXXXXXXXXXXXXXXXXXXXX 
.................... VOID BUZZER_OFF() 
.................... {      
....................       BUZZER=0; 
....................       XUAT_BUZZER_RELAY(); 
.................... } 
.................... //HAM 604 
.................... //XXXXXXXXXXXXXXXXXXXXXXXXXXXXXXXXXXXXXXXXXXXXXXXXXXXX 
.................... VOID RELAY_1_ON() 
.................... {     
....................       RELAY_1=1; 
....................       XUAT_BUZZER_RELAY();          
.................... } 
.................... //HAM 603 
.................... //XXXXXXXXXXXXXXXXXXXXXXXXXXXXXXXXXXXXXXXXXXXXXXXXXXXX 
.................... VOID RELAY_1_OFF() 
.................... {     
....................       RELAY_1=0; 
....................       XUAT_BUZZER_RELAY();          
.................... } 
.................... //HAM 604 
.................... //XXXXXXXXXXXXXXXXXXXXXXXXXXXXXXXXXXXXXXXXXXXXXXXXXXXX 
.................... VOID RELAY_2_ON() 
.................... {     
....................       RELAY_2=1; 
....................       XUAT_BUZZER_RELAY();          
.................... } 
.................... //HAM 607 
.................... //XXXXXXXXXXXXXXXXXXXXXXXXXXXXXXXXXXXXXXXXXXXXXXXXXXXX 
.................... VOID RELAY_2_OFF() 
.................... {     
....................       RELAY_2=0; 
....................       XUAT_BUZZER_RELAY();          
.................... } 
.................... //HAM 608 
.................... //XXXXXXXXXXXXXXXXXXXXXXXXXXXXXXXXXXXXXXXXXXXXXXXXXXXX 
.................... VOID RELAY_1_RELAY_2_ON() 
.................... {     
....................       RELAY_1=1;  RELAY_2=1; 
....................       XUAT_BUZZER_RELAY();          
.................... } 
.................... //HAM 609 
.................... //XXXXXXXXXXXXXXXXXXXXXXXXXXXXXXXXXXXXXXXXXXXXXXXXXXXX 
.................... VOID RELAY_1_RELAY_2_OFF() 
.................... {     
....................       RELAY_1=0;  RELAY_2=0; 
....................       XUAT_BUZZER_RELAY();          
.................... } 
.................... //HAM 610 
.................... //XXXXXXXXXXXXXXXXXXXXXXXXXXXXXXXXXXXXXXXXXXXXXXXXXXXX 
.................... VOID TRIAC_1_ON() 
.................... {     
....................       TRIAC_1=1; 
....................       XUAT_BUZZER_RELAY();          
.................... } 
.................... //HAM 611 
.................... //XXXXXXXXXXXXXXXXXXXXXXXXXXXXXXXXXXXXXXXXXXXXXXXXXXXX 
.................... VOID TRIAC_1_OFF() 
.................... {     
....................       TRIAC_1=0; 
....................       XUAT_BUZZER_RELAY();          
.................... } 
.................... //HAM 612 
.................... //XXXXXXXXXXXXXXXXXXXXXXXXXXXXXXXXXXXXXXXXXXXXXXXXXXXX 
.................... VOID TRIAC_2_ON() 
.................... {     
....................       TRIAC_2=1; 
....................       XUAT_BUZZER_RELAY();          
.................... } 
.................... //HAM 613 
.................... //XXXXXXXXXXXXXXXXXXXXXXXXXXXXXXXXXXXXXXXXXXXXXXXXXXXX 
.................... VOID TRIAC_2_OFF() 
.................... {     
....................       TRIAC_2=0; 
....................       XUAT_BUZZER_RELAY();          
.................... } 
.................... //XXXXXXXXXXXXXXXXXXXXXXXXXXXXXXXXXXXXXXXXXXXX 
....................  
....................  
....................  
.................... #INCLUDE <TV_PICKIT2_SHIFT_DS1307_I2C.c> 
.................... #INCLUDE <TV_PICKIT2_SHIFT_LCD.c> 
.................... UNSIGNED INT8 LCD_CONTROL;   
.................... #bit LCD_P = LCD_CONTROL.3 
.................... #bit LCD_RS = LCD_CONTROL.2 
.................... #bit LCD_RW = LCD_CONTROL.1 
.................... #bit LCD_E  = LCD_CONTROL.0 
....................  
.................... #DEFINE LCD_FUNCTION_SET       0X38 
.................... #DEFINE LCD_DISPLAY_CONTROL    0X0C 
.................... #DEFINE LCD_CLEAR_DISPLAY        0X01 
.................... #DEFINE LCD_ENTRY_MODE         0X06 
.................... #DEFINE LCD_SHIFT_LEFT         0X18 
.................... #DEFINE LCD_SHIFT_RIGHT        0X1C 
....................  
.................... #DEFINE LCD_ADDR_LINE1         0X80 
.................... #DEFINE LCD_ADDR_LINE2         0XC0 
.................... #DEFINE LCD_ADDR_LINE3         0X94 
.................... #DEFINE LCD_ADDR_LINE4         0XD4 
....................  
.................... VOID LCD_XUAT_8BIT(INT8 LCD_DATA_X) 
.................... { 
....................       LCD_E=1; XUAT_LCD20X4(LCD_CONTROL,LCD_DATA_X);      
019E:  BSF    1A.0
01A0:  MOVFF  1A,32
01A4:  MOVFF  31,33
01A8:  RCALL  018E
....................       LCD_E=0; XUAT_LCD20X4(LCD_CONTROL,LCD_DATA_X);  
01AA:  BCF    1A.0
01AC:  MOVFF  1A,32
01B0:  MOVFF  31,33
01B4:  RCALL  018E
01B6:  RETURN 0
.................... } 
.................... void LCD_COMMAND(INT8 LCD_DATA_X)    
....................   { 
....................       LCD_RS = 0; 
01B8:  BCF    1A.2
....................       LCD_XUAT_8BIT(LCD_DATA_X); 
01BA:  MOVFF  30,31
01BE:  RCALL  019E
....................       DELAY_US(20); 
01C0:  MOVLW  20
01C2:  MOVWF  00
01C4:  DECFSZ 00,F
01C6:  BRA    01C4
01C8:  BRA    01CA
01CA:  NOP   
01CC:  RETURN 0
....................   } 
.................... void LCD_DATA(INT8 LCD_DATA_X)        
....................   { 
....................       LCD_RS = 1;      
*
023C:  BSF    1A.2
....................       LCD_XUAT_8BIT(LCD_DATA_X); 
023E:  MOVFF  2D,31
0242:  RCALL  019E
....................       DELAY_US(20); 
0244:  MOVLW  20
0246:  MOVWF  00
0248:  DECFSZ 00,F
024A:  BRA    0248
024C:  BRA    024E
024E:  NOP   
0250:  RETURN 0
....................   } 
....................    
.................... VOID SETUP_LCD () 
.................... {                      
....................          LCD_E  = 0;  
*
01F4:  BCF    1A.0
....................          LCD_RW = 0;  
01F6:  BCF    1A.1
....................          LCD_RS = 1;  
01F8:  BSF    1A.2
....................          LCD_P =0; 
01FA:  BCF    1A.3
....................          LCD_COMMAND(LCD_FUNCTION_SET);          
01FC:  MOVLW  38
01FE:  MOVWF  30
0200:  RCALL  01B8
....................          DELAY_US(40); 
0202:  MOVLW  42
0204:  MOVWF  00
0206:  DECFSZ 00,F
0208:  BRA    0206
020A:  NOP   
....................          LCD_COMMAND(LCD_DISPLAY_CONTROL);    
020C:  MOVLW  0C
020E:  MOVWF  30
0210:  RCALL  01B8
....................          DELAY_US(40); 
0212:  MOVLW  42
0214:  MOVWF  00
0216:  DECFSZ 00,F
0218:  BRA    0216
021A:  NOP   
....................          LCD_COMMAND(LCD_CLEAR_DISPLAY);       
021C:  MOVLW  01
021E:  MOVWF  30
0220:  RCALL  01B8
....................          DELAY_MS(2); 
0222:  MOVLW  02
0224:  MOVWF  28
0226:  RCALL  01CE
....................          LCD_COMMAND(LCD_ENTRY_MODE);        
0228:  MOVLW  06
022A:  MOVWF  30
022C:  RCALL  01B8
....................          DELAY_US(40);                 
022E:  MOVLW  42
0230:  MOVWF  00
0232:  DECFSZ 00,F
0234:  BRA    0232
0236:  NOP   
0238:  GOTO   06D4 (RETURN)
.................... } 
....................  
.................... CONST UNSIGNED CHAR LCD_SO_X[15][6] ={    //May so nay o duoi co LCD_MA_8DOAN, hoac trang 152 
....................                   0,1,2,5,3,4,               // SO 0 
....................                   1,2,32,3,7,3,              // SO 1 
....................                   6,6,2,5,3,3,               // SO 2 
....................                   6,6,2,3,3,4,               // SO 3 
....................                   7,3,7,32,32,7,             // SO 4 
....................                   7,6,6,3,3,4,               // SO 5 
....................                   0,6,6,5,3,4,               // SO 6 
....................                   1,1,7,32,32,7,             // SO 7 
....................                   0,6,2,5,3,4,               // SO 8 
....................                   0,6,2,3,3,4,               // SO 9 
....................                   32,32,32,32,32,32        //space   - 10 
....................                   0, 1, 32, 4, 3, 32,        //Chu C  - 11 
....................                   0, 1, 2, 4, 32, 5,          //Chu N - 12 
....................                   7, 6, 7, 32, 32, 32,        //Dau do C - 13 
....................                   32, 32, 32, 32, 3, 32      //Dau cham  - 14 
....................                   };      
....................                    
.................... CONST UNSIGNED CHAR LCD_SO_XX[10][9] ={ 
....................                   0,1,2,7,32,7,5,3,4,               // SO 0 
....................                   1,2,32,3,7,3,              // SO 1 
....................                   6,6,2,5,3,3,               // SO 2 
....................                   6,6,2,3,3,4,               // SO 3 
....................                   7,3,7,32,32,7,             // SO 4 
....................                   7,6,6,3,3,4,               // SO 5 
....................                   0,6,6,5,3,4,               // SO 6 
....................                   1,1,7,32,32,7,             // SO 7 
....................                   0,6,2,5,3,4,               // SO 8 
....................                   0,6,2,3,3,4};             // SO 9          
.................... //!CONST UNSIGNED CHAR LCD_SO_X[10][6] = 
.................... //!{ 
.................... //!                  0,1,2,3,4,5,               // SO 0 
.................... //!                  1,2,32,3,7,3,              // SO 1 
.................... //!                  6,6,2,4,3,3,               // SO 2 
.................... //!                  6,6,2,3,3,5,               // SO 3 
.................... //!                  7,3,7,32,32,7,             // SO 4 
.................... //!                  7,6,6,3,3,5,               // SO 5 
.................... //!                  0,6,6,4,3,5,               // SO 6 
.................... //!                  1,1,7,32,32,7,             // SO 7 
.................... //!                  0,6,2,4,3,5,               // SO 8 
.................... //!                  0,6,2,3,3,5};             // SO 9    
....................                    
.................... CONST UNSIGNED CHAR LCD_MA_8DOAN[] = { 
....................    0x07,0x0F,0x1F,0x1F,0x1F,0x1F,0x1F,0x1F,  //DOAN F - 0 
....................    0x1F,0x1F,0x1F,0X00,0X00,0X00,0X00,0X00,  //DOAN A - 1 
....................    0x1C,0x1E,0x1F,0x1F,0x1F,0x1F,0x1F,0x1F,  //DOAN B - 2 
....................    0X00,0X00,0X00,0X00,0X00,0x1F,0x1F,0x1F,  //DOAN D - 3 
....................    0x1F,0x1F,0x1F,0x1F,0x1F,0x1F,0x1E,0x1C,  //DOAN C - 4 
....................    0x1F,0x1F,0x1F,0x1F,0x1F,0x1F,0x0F,0x07,  //DOAN E - 5 
....................    0x1F,0x1F,0x1F,0X00,0X00,0X00,0x1F,0x1F,  //DOAN G+D-6  
....................    0x1F,0x1F,0x1F,0x1F,0x1F,0x1F,0x1F,0x1F}; //DOAN I  -7 
....................     
.................... VOID LCD_GOTO_XY(SIGNED INT8 X, SIGNED INT8 Y) 
.................... {  
....................    CONST UNSIGNED INT8 LCD_VITRI[]={0x80,0xC0,0x94,0xD4}; 
....................    LCD_COMMAND(LCD_VITRI[X]+Y); 
*
041A:  CLRF   03
041C:  MOVF   2D,W
041E:  MOVFF  FF2,2F
0422:  BCF    FF2.7
0424:  RCALL  00BE
0426:  BTFSC  2F.7
0428:  BSF    FF2.7
042A:  ADDWF  2E,W
042C:  MOVWF  2F
042E:  MOVWF  30
0430:  RCALL  01B8
0432:  RETURN 0
.................... } 
....................  
.................... VOID XXX() 
.................... {  
....................    SIGNED INT8 X; 
....................    X= LCD_SO_X[0][0]; 
....................    X= LCD_MA_8DOAN[0]; 
.................... } 
....................  
.................... #define   GIAY_HTAI      0X55 
.................... #define   PHUT_HTAI      0X33 
.................... #define   GIO_HTAI       0X08 
.................... #define   THU_HTAI       8 
.................... #define   NGAY_HTAI      0X16 
.................... #define   THANG_HTAI     0X06 
.................... #define   NAM_HTAI       0X13       
.................... #define   MA_DS          0X98 
....................  
.................... #define  ADDR_WR_13B07   0xD0 
.................... #define  ADDR_RD_13B07   0xD1 
.................... #define  ADDR_MEM        0x00 
....................  
.................... UNSIGNED  CHAR    NAM_DS13,THANG_DS13,NGAY_DS13,THU_DS13,GIO_DS13, 
....................                   PHUT_DS13,GIAY_DS13,MA_DS13,CONTROL_DS13,GIAYTAM; 
....................                                 
.................... void THIET_LAP_THOI_GIAN_HIEN_TAI() 
.................... {     GIAY_DS13   =   GIAY_HTAI;       PHUT_DS13  =    PHUT_HTAI;    
....................       GIO_DS13    =   GIO_HTAI;        THU_DS13   =    THU_HTAI; 
....................       NGAY_DS13   =   NGAY_HTAI;       THANG_DS13 =    THANG_HTAI;    
....................       NAM_DS13    =   NAM_HTAI;    
....................       CONTROL_DS13 = 0X90;             MA_DS13      =   MA_DS; 
.................... } 
....................   
.................... void NAP_THOI_GIAN_HTAI_VAO_DS13B07() 
.................... {     I2C_START();          
....................       I2C_WRITE(ADDR_WR_13B07);     
....................       I2C_WRITE(0X00); 
....................       I2C_WRITE(GIAY_DS13);        I2C_WRITE(PHUT_DS13);       
....................       I2C_WRITE(GIO_DS13);         I2C_WRITE(THU_DS13);       
....................       I2C_WRITE(NGAY_DS13);        I2C_WRITE(THANG_DS13);             
....................       I2C_WRITE(NAM_DS13);         I2C_WRITE(CONTROL_DS13);    
....................       I2C_WRITE(MA_DS13); 
....................       I2C_STOP(); 
.................... } 
....................      
.................... void DOC_THOI_GIAN_TU_REALTIME() 
.................... {    
....................       I2C_START(); 
*
0344:  BSF    F93.0
0346:  MOVLW  05
0348:  MOVWF  00
034A:  DECFSZ 00,F
034C:  BRA    034A
034E:  BSF    F93.1
0350:  MOVLW  06
0352:  MOVWF  00
0354:  DECFSZ 00,F
0356:  BRA    0354
0358:  BCF    F8A.0
035A:  BCF    F93.0
035C:  MOVLW  05
035E:  MOVWF  00
0360:  DECFSZ 00,F
0362:  BRA    0360
0364:  BCF    F8A.1
0366:  BCF    F93.1
....................       I2C_WRITE(ADDR_WR_13B07); 
0368:  MOVLW  D0
036A:  MOVWF  28
036C:  RCALL  0272
....................       I2C_WRITE(ADDR_MEM);                      
036E:  CLRF   28
0370:  RCALL  0272
....................       I2C_START();                 
0372:  BSF    F93.0
0374:  MOVLW  05
0376:  MOVWF  00
0378:  DECFSZ 00,F
037A:  BRA    0378
037C:  BSF    F93.1
037E:  MOVLW  06
0380:  MOVWF  00
0382:  DECFSZ 00,F
0384:  BRA    0382
0386:  BTFSS  F81.1
0388:  BRA    0386
038A:  BCF    F8A.0
038C:  BCF    F93.0
038E:  MOVLW  05
0390:  MOVWF  00
0392:  DECFSZ 00,F
0394:  BRA    0392
0396:  BCF    F8A.1
0398:  BCF    F93.1
....................                  
....................       I2C_WRITE(ADDR_RD_13B07); 
039A:  MOVLW  D1
039C:  MOVWF  28
039E:  RCALL  0272
....................       GIAY_DS13      =  I2C_READ();               
03A0:  MOVLW  01
03A2:  MOVWF  00
03A4:  RCALL  02DE
03A6:  MOVFF  01,21
....................       PHUT_DS13      =  I2C_READ();              
03AA:  MOVLW  01
03AC:  MOVWF  00
03AE:  RCALL  02DE
03B0:  MOVFF  01,20
....................       GIO_DS13       =  I2C_READ();              
03B4:  MOVLW  01
03B6:  MOVWF  00
03B8:  RCALL  02DE
03BA:  MOVFF  01,1F
....................       THU_DS13       =  I2C_READ();  
03BE:  MOVLW  01
03C0:  MOVWF  00
03C2:  RCALL  02DE
03C4:  MOVFF  01,1E
....................       NGAY_DS13      =  I2C_READ();  
03C8:  MOVLW  01
03CA:  MOVWF  00
03CC:  RCALL  02DE
03CE:  MOVFF  01,1D
....................       THANG_DS13     =  I2C_READ();  
03D2:  MOVLW  01
03D4:  MOVWF  00
03D6:  RCALL  02DE
03D8:  MOVFF  01,1C
....................       NAM_DS13       =  I2C_READ();  
03DC:  MOVLW  01
03DE:  MOVWF  00
03E0:  RCALL  02DE
03E2:  MOVFF  01,1B
....................       CONTROL_DS13   =  I2C_READ();           
03E6:  MOVLW  01
03E8:  MOVWF  00
03EA:  RCALL  02DE
03EC:  MOVFF  01,23
....................       MA_DS13        =  I2C_READ(0);     //NOT ACK 
03F0:  CLRF   00
03F2:  RCALL  02DE
03F4:  MOVFF  01,22
....................       I2C_STOP(); 
03F8:  BCF    F93.0
03FA:  NOP   
03FC:  BSF    F93.1
03FE:  BTFSS  F81.1
0400:  BRA    03FE
0402:  MOVLW  05
0404:  MOVWF  00
0406:  DECFSZ 00,F
0408:  BRA    0406
040A:  BRA    040C
040C:  NOP   
040E:  BSF    F93.0
0410:  MOVLW  05
0412:  MOVWF  00
0414:  DECFSZ 00,F
0416:  BRA    0414
0418:  RETURN 0
.................... }     
....................  
....................     
.................... void DOC_GIAY_TU_REALTIME() 
.................... {    
....................       I2C_START(); 
....................       I2C_WRITE(ADDR_WR_13B07); 
....................       I2C_WRITE(ADDR_MEM);                      
....................       I2C_START();                 
....................                  
....................       I2C_WRITE(ADDR_RD_13B07); 
....................       GIAY_DS13      =  I2C_READ(0);               
....................       I2C_STOP(); 
.................... }   
....................          
....................   
.................... void HIEN_THI_THOI_GIAN_DS13B07 ( ) 
.................... {     LCD_COMMAND (0x8C);    
....................       LCD_DATA(GIO_DS13/16  +0X30);    LCD_DATA(GIO_DS13%16  +0X30); 
....................       LCD_DATA(' '); 
....................       LCD_DATA(PHUT_DS13/16 +0X30);    LCD_DATA(PHUT_DS13%16 +0X30); 
....................       LCD_DATA(' '); 
....................       LCD_DATA(GIAY_DS13/16 +0X30);    LCD_DATA(GIAY_DS13%16 +0X30); 
....................       LCD_COMMAND (0xCC);   
....................       LCD_DATA(NGAY_DS13/16 +0X30);    LCD_DATA(NGAY_DS13%16 +0X30); 
....................       LCD_DATA(' '); 
....................       LCD_DATA(THANG_DS13/16 +0X30);   LCD_DATA(THANG_DS13%16 +0X30); 
....................       LCD_DATA(' '); 
....................       LCD_DATA(NAM_DS13/16 +0X30);     LCD_DATA(NAM_DS13%16 +0X30);  
....................        
....................        
....................       //THEM THU VAO 
....................       LCD_GOTO_XY(1, 4); 
....................        
....................       LCD_DATA("THU "); 
....................       LCD_DATA(THU_DS13/16 +0X30);     LCD_DATA(THU_DS13%16 +0X30);  
.................... } 
....................  
....................  
....................  
....................  
....................  
.................... UNSIGNED CHAR GIATRI_MOD; 
.................... signed INT8 i; 
.................... unsigned int1 TT; 
.................... void lcd_hienthi_so_z_toado_xy(SIGNED int8 lcd_so, x1, y1) 
.................... { 
....................    lcd_GOTO_xy (x1, y1) ; 
*
0480:  MOVFF  2A,2D
0484:  MOVFF  2B,2E
0488:  RCALL  041A
....................    FOR (i = 0; i < 6; i++) //mot so LCD duoc tao thanh tu 6 phan, 3 tren, 3 duoi 
048A:  CLRF   26
048C:  BTFSC  26.7
048E:  BRA    0496
0490:  MOVF   26,W
0492:  SUBLW  05
0494:  BNC   04DE
....................    { 
....................       IF (i == 3) lcd_goto_xy (x1 + 1, y1); 
0496:  MOVF   26,W
0498:  SUBLW  03
049A:  BNZ   04AA
049C:  MOVLW  01
049E:  ADDWF  2A,W
04A0:  MOVWF  2C
04A2:  MOVWF  2D
04A4:  MOVFF  2B,2E
04A8:  RCALL  041A
....................       lcd_data (lcd_so_x[lcd_so][i]) ; 
04AA:  MOVFF  29,2C
04AE:  MOVLW  06
04B0:  MOVWF  2D
04B2:  BRA    0434
04B4:  MOVF   01,W
04B6:  CLRF   2D
04B8:  MOVWF  2C
04BA:  CLRF   03
04BC:  MOVF   26,W
04BE:  ADDWF  2C,W
04C0:  MOVWF  01
04C2:  MOVF   2D,W
04C4:  ADDWFC 03,F
04C6:  MOVF   01,W
04C8:  MOVFF  FF2,2C
04CC:  BCF    FF2.7
04CE:  RCALL  0004
04D0:  BTFSC  2C.7
04D2:  BSF    FF2.7
04D4:  MOVWF  2C
04D6:  MOVWF  2D
04D8:  RCALL  023C
04DA:  INCF   26,F
04DC:  BRA    048C
....................    } 
04DE:  RETURN 0
.................... } 
.................... void phim_hien_thi() 
.................... { 
....................    if(input(bt2)==0)    //kiem tra lan 1 
*
0686:  BSF    F93.3
0688:  BTFSC  F81.3
068A:  BRA    06A0
....................    { 
....................       delay_ms(50); 
068C:  MOVLW  32
068E:  MOVWF  28
0690:  RCALL  01CE
....................       
....................          if(input(bt2)==0)    //kiem tra lan 2 
0692:  BSF    F93.3
0694:  BTFSC  F81.3
0696:  BRA    06A0
....................          { 
....................          //lenh chuong trinh 
....................          TT = ~ TT; 
0698:  BTG    27.0
....................             while(input(bt2)==0);   //cho nha phim 
069A:  BSF    F93.3
069C:  BTFSS  F81.3
069E:  BRA    069A
....................          } 
....................        
....................    } 
06A0:  GOTO   06EE (RETURN)
.................... } 
....................  
....................  
.................... //!VOID PHIM_MOD() 
.................... //!{ 
.................... //!   IF (!INPUT (MOD)) 
.................... //!   { 
.................... //!      DELAY_MS (20) ; 
.................... //!      { 
.................... //!         IF (!INPUT (MOD)) 
.................... //!         { 
.................... //!            IF (GIATRI_MOD < 3) GIATRI_MOD++; 
.................... //!            ELSE GIATRI_MOD = 0; 
.................... //! 
.................... //!            DO{} 
.................... //!            WHILE ( ! INPUT (MOD)) ; 
.................... //!         } 
.................... //!      } 
.................... //!   } 
.................... //!} 
.................... //! 
.................... //!UNSIGNED INT8 HIEU_CHINH_SO_BCD_TANG(UNSIGNED INT8 X ) 
.................... //!{ 
.................... //!   UNSIGNED INT8 Y; 
.................... //!   Y = X; 
.................... //!   X = X&0X0F; 
.................... //!   IF (X == 0X0F) Y= Y + 6; 
.................... //!   RETURN (Y) ; 
.................... //!} 
.................... //! 
.................... //!UNSIGNED INT8 HIEU_CHINH_SO_BCD_GIAM(UNSIGNED INT8 X ) 
.................... //!{ 
.................... //!   UNSIGNED INT8 Y; 
.................... //!   Y = X; 
.................... //!   X = X&0X0F; 
.................... //!   IF (X == 0X0F) Y= Y - 6; 
.................... //!   RETURN (Y) ; 
.................... //!} 
.................... VOID HIEN_THI_THOI_GIAN() 
.................... { 
....................    if(TT == 0) 
*
04E0:  BTFSC  27.0
04E2:  BRA    05D0
....................    { 
....................  
....................       LCD_COMMAND (0x8C);    
04E4:  MOVLW  8C
04E6:  MOVWF  30
04E8:  RCALL  01B8
....................       LCD_DATA(GIO_DS13/16  +0X30);    LCD_DATA(GIO_DS13%16  +0X30); 
04EA:  SWAPF  1F,W
04EC:  MOVWF  00
04EE:  MOVLW  0F
04F0:  ANDWF  00,F
04F2:  MOVF   00,W
04F4:  ADDLW  30
04F6:  MOVWF  28
04F8:  MOVWF  2D
04FA:  RCALL  023C
04FC:  MOVF   1F,W
04FE:  ANDLW  0F
0500:  ADDLW  30
0502:  MOVWF  28
0504:  MOVWF  2D
0506:  RCALL  023C
....................       LCD_DATA(' '); 
0508:  MOVLW  20
050A:  MOVWF  2D
050C:  RCALL  023C
....................       LCD_DATA(PHUT_DS13/16 +0X30);    LCD_DATA(PHUT_DS13%16 +0X30); 
050E:  SWAPF  20,W
0510:  MOVWF  00
0512:  MOVLW  0F
0514:  ANDWF  00,F
0516:  MOVF   00,W
0518:  ADDLW  30
051A:  MOVWF  28
051C:  MOVWF  2D
051E:  RCALL  023C
0520:  MOVF   20,W
0522:  ANDLW  0F
0524:  ADDLW  30
0526:  MOVWF  28
0528:  MOVWF  2D
052A:  RCALL  023C
....................       LCD_DATA(' '); 
052C:  MOVLW  20
052E:  MOVWF  2D
0530:  RCALL  023C
....................       LCD_DATA(GIAY_DS13/16 +0X30);    LCD_DATA(GIAY_DS13%16 +0X30);    
0532:  SWAPF  21,W
0534:  MOVWF  00
0536:  MOVLW  0F
0538:  ANDWF  00,F
053A:  MOVF   00,W
053C:  ADDLW  30
053E:  MOVWF  28
0540:  MOVWF  2D
0542:  RCALL  023C
0544:  MOVF   21,W
0546:  ANDLW  0F
0548:  ADDLW  30
054A:  MOVWF  28
054C:  MOVWF  2D
054E:  RCALL  023C
....................        
....................       //xoa so lon 
....................       lcd_command (0x40) ; 
0550:  MOVLW  40
0552:  MOVWF  30
0554:  RCALL  01B8
....................       FOR (i = 0; i < 64; i++) { lcd_data (lcd_ma_8doan[i]);  } 
0556:  CLRF   26
0558:  BTFSC  26.7
055A:  BRA    0562
055C:  MOVF   26,W
055E:  SUBLW  3F
0560:  BNC   057C
0562:  CLRF   03
0564:  MOVF   26,W
0566:  MOVFF  FF2,28
056A:  BCF    FF2.7
056C:  RCALL  006E
056E:  BTFSC  28.7
0570:  BSF    FF2.7
0572:  MOVWF  28
0574:  MOVWF  2D
0576:  RCALL  023C
0578:  INCF   26,F
057A:  BRA    0558
....................       lcd_hienthi_so_z_toado_xy (10, 2, 0);          
057C:  MOVLW  0A
057E:  MOVWF  29
0580:  MOVLW  02
0582:  MOVWF  2A
0584:  CLRF   2B
0586:  RCALL  0480
....................       lcd_hienthi_so_z_toado_xy (10, 2, 3);  
0588:  MOVLW  0A
058A:  MOVWF  29
058C:  MOVLW  02
058E:  MOVWF  2A
0590:  MOVLW  03
0592:  MOVWF  2B
0594:  RCALL  0480
....................        
....................       lcd_hienthi_so_z_toado_xy (10, 2, 7);          
0596:  MOVLW  0A
0598:  MOVWF  29
059A:  MOVLW  02
059C:  MOVWF  2A
059E:  MOVLW  07
05A0:  MOVWF  2B
05A2:  RCALL  0480
....................       lcd_hienthi_so_z_toado_xy (10, 2, 10);     
05A4:  MOVLW  0A
05A6:  MOVWF  29
05A8:  MOVLW  02
05AA:  MOVWF  2A
05AC:  MOVLW  0A
05AE:  MOVWF  2B
05B0:  RCALL  0480
....................     
....................       lcd_hienthi_so_z_toado_xy (10, 2, 14);          
05B2:  MOVLW  0A
05B4:  MOVWF  29
05B6:  MOVLW  02
05B8:  MOVWF  2A
05BA:  MOVLW  0E
05BC:  MOVWF  2B
05BE:  RCALL  0480
....................       lcd_hienthi_so_z_toado_xy (10, 2, 17);        
05C0:  MOVLW  0A
05C2:  MOVWF  29
05C4:  MOVLW  02
05C6:  MOVWF  2A
05C8:  MOVLW  11
05CA:  MOVWF  2B
05CC:  RCALL  0480
....................    }  
05CE:  BRA    0682
....................    else 
....................    {     
....................       lcd_command (0x40) ; 
05D0:  MOVLW  40
05D2:  MOVWF  30
05D4:  RCALL  01B8
....................       FOR (i = 0; i < 64; i++) { lcd_data (lcd_ma_8doan[i]);  } 
05D6:  CLRF   26
05D8:  BTFSC  26.7
05DA:  BRA    05E2
05DC:  MOVF   26,W
05DE:  SUBLW  3F
05E0:  BNC   05FC
05E2:  CLRF   03
05E4:  MOVF   26,W
05E6:  MOVFF  FF2,28
05EA:  BCF    FF2.7
05EC:  RCALL  006E
05EE:  BTFSC  28.7
05F0:  BSF    FF2.7
05F2:  MOVWF  28
05F4:  MOVWF  2D
05F6:  RCALL  023C
05F8:  INCF   26,F
05FA:  BRA    05D8
....................       lcd_hienthi_so_z_toado_xy (GIO_DS13/16, 2, 0);          
05FC:  SWAPF  1F,W
05FE:  MOVWF  28
0600:  MOVLW  0F
0602:  ANDWF  28,F
0604:  MOVFF  28,29
0608:  MOVLW  02
060A:  MOVWF  2A
060C:  CLRF   2B
060E:  RCALL  0480
....................       lcd_hienthi_so_z_toado_xy (GIO_DS13%16, 2, 3);  
0610:  MOVF   1F,W
0612:  ANDLW  0F
0614:  MOVWF  28
0616:  MOVWF  29
0618:  MOVLW  02
061A:  MOVWF  2A
061C:  MOVLW  03
061E:  MOVWF  2B
0620:  RCALL  0480
....................        
....................       lcd_hienthi_so_z_toado_xy (PHUT_DS13/16, 2, 7);          
0622:  SWAPF  20,W
0624:  MOVWF  28
0626:  MOVLW  0F
0628:  ANDWF  28,F
062A:  MOVFF  28,29
062E:  MOVLW  02
0630:  MOVWF  2A
0632:  MOVLW  07
0634:  MOVWF  2B
0636:  RCALL  0480
....................       lcd_hienthi_so_z_toado_xy (PHUT_DS13%16, 2, 10);     
0638:  MOVF   20,W
063A:  ANDLW  0F
063C:  MOVWF  28
063E:  MOVWF  29
0640:  MOVLW  02
0642:  MOVWF  2A
0644:  MOVLW  0A
0646:  MOVWF  2B
0648:  RCALL  0480
....................     
....................       lcd_hienthi_so_z_toado_xy (GIAY_DS13/16, 2, 14);          
064A:  SWAPF  21,W
064C:  MOVWF  28
064E:  MOVLW  0F
0650:  ANDWF  28,F
0652:  MOVFF  28,29
0656:  MOVLW  02
0658:  MOVWF  2A
065A:  MOVLW  0E
065C:  MOVWF  2B
065E:  RCALL  0480
....................       lcd_hienthi_so_z_toado_xy (GIAY_DS13%16, 2, 17);    
0660:  MOVF   21,W
0662:  ANDLW  0F
0664:  MOVWF  28
0666:  MOVWF  29
0668:  MOVLW  02
066A:  MOVWF  2A
066C:  MOVLW  11
066E:  MOVWF  2B
0670:  RCALL  0480
....................        
....................       //xoa so nho\ 
....................  
....................       LCD_COMMAND (0x8C);    
0672:  MOVLW  8C
0674:  MOVWF  30
0676:  RCALL  01B8
....................       LCD_DATA("        "); 
0678:  MOVLW  D8
067A:  MOVWF  FF6
067C:  MOVLW  00
067E:  MOVWF  FF7
0680:  RCALL  0252
....................    
....................              
....................    } 
0682:  GOTO   06EC (RETURN)
....................  
.................... } 
.................... //!VOID LUU_GIAI_MA_HIEN_THI_SAU_KHI_CHINH() 
.................... //!{ 
.................... //!   NAP_THOI_GIAN_HTAI_VAO_DS13B07 () ; 
.................... //!   HIEN_THI_THOI_GIAN(); 
.................... //!} 
.................... //! 
.................... //!VOID PHIM_UP() 
.................... //!{ 
.................... //!   IF (!INPUT (UP)) 
.................... //!   { 
.................... //!      DELAY_MS (20) ; 
.................... //! 
.................... //!      IF (!INPUT (UP)) 
.................... //!      { 
.................... //!         SWITCH (GIATRI_MOD) 
.................... //!         { 
.................... //!            CASE 1: IF (GIAY_DS13 == 0X59) GIAY_DS13 = 0; 
.................... //! 
.................... //!            ELSE 
.................... //!            { 
.................... //!               GIAY_DS13++; 
.................... //!               PHUT_DS13 = HIEU_CHINH_SO_BCD_TANG (GIAY_DS13); 
.................... //!            } 
.................... //! 
.................... //!            LUU_GIAI_MA_HIEN_THI_SAU_KHI_CHINH () ; 
.................... //!            BREAK; 
.................... //!            CASE 2: IF (PHUT_DS13 == 0X59) PHUT_DS13 = 0; 
.................... //! 
.................... //!            ELSE 
.................... //!            { 
.................... //!               PHUT_DS13++; 
.................... //!               PHUT_DS13 = HIEU_CHINH_SO_BCD_TANG (PHUT_DS13); 
.................... //!            } 
.................... //! 
.................... //!            LUU_GIAI_MA_HIEN_THI_SAU_KHI_CHINH () ; 
.................... //!            BREAK; 
.................... //!            CASE 3: IF (GIO_DS13 == 0X23) GIO_DS13 = 0; 
.................... //! 
.................... //!            ELSE 
.................... //!            { 
.................... //!               GIO_DS13++; 
.................... //!                
.................... //!               GIO_DS13 = HIEU_CHINH_SO_BCD_TANG (GIO_DS13); 
.................... //!            } 
.................... //! 
.................... //!            LUU_GIAI_MA_HIEN_THI_SAU_KHI_CHINH () ; 
.................... //!            BREAK; 
.................... //!            DEFAULT: BREAK; 
.................... //!         } 
.................... //! 
.................... //!         DO{} 
.................... //!         WHILE ( ! INPUT (UP)) ; 
.................... //!      } 
.................... //!   } 
.................... //!} 
.................... //! 
.................... //!VOID PHIM_DW() 
.................... //!{ 
.................... //!   IF (!INPUT (DW)) 
.................... //!   { 
.................... //!      DELAY_MS (20) ; 
.................... //! 
.................... //!      IF (!INPUT (DW)) 
.................... //!      { 
.................... //!         SWITCH (GIATRI_MOD) 
.................... //!         { 
.................... //!            CASE 1: IF (GIAY_DS13 == 0) GIAY_DS13 = 0X59; 
.................... //! 
.................... //!            ELSE 
.................... //!            { 
.................... //!               GIAY_DS13--; 
.................... //!               PHUT_DS13 = HIEU_CHINH_SO_BCD_GIAM (GIAY_DS13); 
.................... //!            } 
.................... //! 
.................... //!            LUU_GIAI_MA_HIEN_THI_SAU_KHI_CHINH () ; 
.................... //!            BREAK; 
.................... //!            CASE 2: IF (PHUT_DS13 == 0) PHUT_DS13 = 0X59; 
.................... //! 
.................... //!            ELSE 
.................... //!            { 
.................... //!               PHUT_DS13--; 
.................... //!               PHUT_DS13 = HIEU_CHINH_SO_BCD_GIAM (PHUT_DS13); 
.................... //!            } 
.................... //! 
.................... //!            LUU_GIAI_MA_HIEN_THI_SAU_KHI_CHINH () ; 
.................... //!            BREAK; 
.................... //!            CASE 3: IF (GIO_DS13 == 0) GIO_DS13 = 0X23; 
.................... //! 
.................... //!            ELSE 
.................... //!            { 
.................... //!               GIO_DS13--; 
.................... //!               GIO_DS13 = HIEU_CHINH_SO_BCD_GIAM (GIO_DS13); 
.................... //!            } 
.................... //! 
.................... //!            LUU_GIAI_MA_HIEN_THI_SAU_KHI_CHINH () ; 
.................... //!            BREAK; 
.................... //!            DEFAULT: BREAK; 
.................... //!         } 
.................... //! 
.................... //!         DO{} 
.................... //!         WHILE ( ! INPUT (DW)) ; 
.................... //!      } 
.................... //!   } 
.................... //!} 
.................... //! 
.................... VOID MAIN() 
*
06A4:  CLRF   FF8
06A6:  BCF    FD0.7
06A8:  CLRF   06
06AA:  CLRF   0D
06AC:  CLRF   0E
06AE:  CLRF   0F
06B0:  CLRF   10
06B2:  CLRF   19
06B4:  MOVF   FC1,W
06B6:  ANDLW  C0
06B8:  IORLW  0F
06BA:  MOVWF  FC1
06BC:  MOVLW  07
06BE:  MOVWF  FB4
06C0:  SETF   11
06C2:  SETF   12
06C4:  SETF   13
06C6:  SETF   14
06C8:  SETF   15
06CA:  SETF   16
06CC:  SETF   17
06CE:  SETF   18
....................      { 
....................    SET_UP_PORT_IC_CHOT () ; 
06D0:  BRA    00EA
....................    SETUP_LCD () ; 
06D2:  BRA    01F4
....................    LCD_COMMAND (LCD_ADDR_LINE1) ; 
06D4:  MOVLW  80
06D6:  MOVWF  30
06D8:  RCALL  01B8
....................    LCD_DATA ("CLOCK:") ; 
06DA:  MOVLW  E2
06DC:  MOVWF  FF6
06DE:  MOVLW  00
06E0:  MOVWF  FF7
06E2:  RCALL  0252
.................... //!   DOC_THOI_GIAN_TU_REALTIME () ; 
....................  
.................... //!   IF (MA_DS13 != MA_DS) 
.................... //!   { 
.................... //!      THIET_LAP_THOI_GIAN_HIEN_TAI () ; 
.................... //!      NAP_THOI_GIAN_HTAI_VAO_DS13B07 () ; 
.................... //!   } 
....................  
....................    GIATRI_MOD = 0; 
06E4:  CLRF   25
....................    DOC_THOI_GIAN_TU_REALTIME () ; 
06E6:  RCALL  0344
....................    WHILE (TRUE) 
....................    { 
....................          DOC_THOI_GIAN_TU_REALTIME () ; 
06E8:  RCALL  0344
....................          HIEN_THI_THOI_GIAN(); 
06EA:  BRA    04E0
....................          phim_hien_thi(); 
06EC:  BRA    0686
06EE:  BRA    06E8
.................... //!         PHIM_MOD ();  
.................... //!         PHIM_UP ();  
.................... //!         PHIM_DW (); 
.................... //! 
....................    } 
.................... } 
....................  
06F0:  SLEEP 

Configuration Fuses:
   Word  1: CC27   PLL12 CPUDIV1 USBDIV HS FCMEN IESO
   Word  2: 1E3E   PUT BROWNOUT BORV21 VREGEN NOWDT WDT32768
   Word  3: 8700   CCP2C1 PBADEN LPT1OSC MCLR
   Word  4: 00A1   STVREN NOLVP ICSP2 NOXINST NODEBUG
   Word  5: C00F   NOPROTECT NOCPB NOCPD
   Word  6: E00F   NOWRT NOWRTC NOWRTB NOWRTD
   Word  7: 400F   NOEBTR NOEBTRB
