
ROM used:   522/32768 (2%)
            522/32768 (2%) including unused fragments

            0.3 Average locations per line
            2.0 Average locations per statement

RAM used:   26/2048 (1%) at main() level
            34/2048 (2%) worst case

Stack used: 4 worst case (4 in main + 0 for interrupts)
Stack size: 31

Lines Stmts  %   Files
----- ----- ---  -----
   62    33  12  BAI_324_16LED_UP_DW_CLR_1.c
  627   233  88  tv_pickit2_shift_1.c
  837     0   0  ..\..\..\..\Program Files (x86)\PICC\Devices\18F4550.H
----- -----
 1526   266 Total

Page ROM  %  RAM   Vol Diff  Functions:
---- --- --- ---   --- ----  ----------
0     38   4    1             @delay_ms1
0     38   4    2   234  4.3  XUAT_1BYTE
0     34   3    4   160  1.8  XUAT_32LED_DON_4BYTE
0     22   2    4   131  2.8  xuat_1word
0     88   8    0   396  1.4  xoa_tat_6module
0     58   6    0   253  2.3  SET_UP_PORT_IC_CHOT
0     74   7    2   290  5.1  Nut_up
0     60   6    2   272  4.1  Nut_dw
0    106  10    0   248  3.2  MAIN
 Inline         0   161  2.6  @cinit1

Program metrics:
    Functions               9
    Statements              266
    Comments                291
    Volume (V)              3498
    Difficulty (D)          27.6
    Effort to implement (E) 96613
    Time to implement (T)   1 hours, 29 minutes
    Est Delivered Bugs (B)  1
    Cyclomatic Complexity   6
    Maintainability (MI)    114

 Segment     Used  Free
-----------  ----  ----
00000-00002     4  0  
00004-07FFE   518  32246  



