
ROM used:   1530/32768 (5%)
            1530/32768 (5%) including unused fragments

            0.9 Average locations per line
            3.9 Average locations per statement

RAM used:   54/2048 (3%) at main() level
            63/2048 (3%) worst case

Stack used: 8 worst case (7 in main + 1 for interrupts)
Stack size: 31

Lines Stmts  %   Files
----- ----- ---  -----
  218   136  35  BAI_615_LCD_8LED_GIO_PHUT_GIAY.c
  627   233  59  tv_pickit2_shift_1.c
  837     0   0  ..\..\..\..\Program Files (x86)\PICC\Devices\18F4550.H
  112    25   6  tv_pickit2_shift_lcd.c
----- -----
 1794   394 Total

Page ROM  %  RAM   Vol Diff  Functions:
---- --- --- ---   --- ----  ----------
0     38   1    1             @delay_ms1
0     42   1    0   271  4.3  @const681
0     38   1    2   234  4.3  XUAT_1BYTE
0     22   1    4   131  2.8  xuat_1word
0     88   3    0   396  1.4  xoa_tat_6module
0     58   2    0   253  2.3  SET_UP_PORT_IC_CHOT
0     36   1    4   160  1.8  XUAT_4LED_7DOAN_4SO
0     36   1    0   106  1.3  XUAT_GLCD_LCD
0     16   1    2    80  2.7  XUAT_LCD20X4
0     26   1    1   102  2.1  LCD_XUAT_8BIT
0     22   1    1    61  1.6  LCD_COMMAND
0     22   1    1    61  1.6  LCD_DATA
0     72   2    0   245  1.8  SETUP_LCD
0     30   1    0   510  8.0  @const830
0     26   1    3   147  3.7  LCD_GOTO_XY
0     16   1    0    29  1.2  interrupt_timer1
0    128   4    1   290  3.3  GM_LCD
0     72   2    4   214  1.7  @DIVS88
0     60   2    0   186  1.8  HT_LCD
0     42   1    0   219  3.1  tat_2led_chinh_LCD
0     80   3    1   270  5.5  phim_mod
0     86   3    0   486  7.0  phim_dw
0     86   3    0   486  7.0  phim_up
0    198   6    0   959  6.7  MAIN
0     10   0    0             @const860
0     34   1    2             @PSTRINGC_813
 Inline         0             @cinit1

Program metrics:
    Functions               23
    Statements              394
    Comments                332
    Volume (V)              10776
    Difficulty (D)          76.9
    Effort to implement (E) 828445
    Time to implement (T)   12 hours, 47 minutes
    Est Delivered Bugs (B)  3
    Cyclomatic Complexity   35
    Maintainability (MI)    73

 Segment     Used  Free
-----------  ----  ----
00000-00002     4  0  
00004-00006     0  4  
00008-00094   142  0  
00096-07FFE  1384  31234  



