
ROM used:   1002/32768 (3%)
            1002/32768 (3%) including unused fragments

            0.6 Average locations per line
            2.8 Average locations per statement

RAM used:   50/2048 (2%) at main() level
            59/2048 (3%) worst case

Stack used: 6 worst case (6 in main + 0 for interrupts)
Stack size: 31

Lines Stmts  %   Files
----- ----- ---  -----
   56    32   9  BAI_625_LCD_4LED_DEM_SP_T0_MATRIX_KEY.c
  705   244  69  tv_pickit2_shift_1_proteus.c
  837     0   0  ..\..\..\..\Program Files (x86)\PICC\Devices\18F4550.H
  112    25   7  tv_pickit2_shift_lcd.c
   62    52  15  tv_pickit2_shift_key4x4_138.c
----- -----
 1772   353 Total

Page ROM  %  RAM   Vol Diff  Functions:
---- --- --- ---   --- ----  ----------
0     38   2    1             @delay_ms1
0     42   2    3   271  4.3  XUAT_1BYTE
0     30   1    0   152  1.8  SET_UP_PORT_IC_CHOT
0     48   2    0   119  1.7  MO_IC_74573_A_THONG_DL
0     44   2    0   172  1.8  XUAT_GLCD_LCD
0     16   1    2    80  2.7  XUAT_LCD20X4
0     26   1    1   102  2.1  LCD_XUAT_8BIT
0     22   1    1    61  1.6  LCD_COMMAND
0     22   1    1    61  1.6  LCD_DATA
0     72   4    0   245  1.8  SETUP_LCD
0     20   1    0   204  3.4  @const827
0     26   1    3   147  3.7  LCD_GOTO_XY
0     20   1    0    82  2.1  @const832
0    128   6    4   656  8.1  KEY_NHAN
0     76   4    2   656  8.1  @MUL88
0     50   2    0   204  4.4  KEY_4X4_DW
0    254  13    1   999  7.7  MAIN
0     18   1    0   204  3.4  @const858
0     32   2    2   204  3.4  @PSTRINGC_810
0     14   1    0             @const860
 Inline         0             @cinit1

Program metrics:
    Functions               18
    Statements              353
    Comments                386
    Volume (V)              8009
    Difficulty (D)          63.6
    Effort to implement (E) 509027
    Time to implement (T)   7 hours, 51 minutes
    Est Delivered Bugs (B)  2
    Cyclomatic Complexity   23
    Maintainability (MI)    130

 Segment     Used  Free
-----------  ----  ----
00000-00002     4  0  
00004-07FFE   998  31766  



