
ROM used:   1092/32768 (3%)
            1092/32768 (3%) including unused fragments

            0.7 Average locations per line
            3.9 Average locations per statement

RAM used:   28/2048 (1%) at main() level
            41/2048 (2%) worst case

Stack used: 7 worst case (7 in main + 0 for interrupts)
Stack size: 31

Lines Stmts  %   Files
----- ----- ---  -----
   35    19   7  BAI_643_LCD_DEM_00_99.c
  627   233  84  tv_pickit2_shift_1.c
  837     0   0  ..\..\..\..\Program Files (x86)\PICC\Devices\18F4550.H
  112    25   9  tv_pickit2_shift_lcd.c
----- -----
 1611   277 Total

Page ROM  %  RAM   Vol Diff  Functions:
---- --- --- ---   --- ----  ----------
0     38   2    1             @delay_ms1
0     38   2    2   234  4.3  XUAT_1BYTE
0     22   1    4   131  2.8  xuat_1word
0     88   4    0   396  1.4  xoa_tat_6module
0     58   3    0   253  2.3  SET_UP_PORT_IC_CHOT
0     36   2    0   106  1.3  XUAT_GLCD_LCD
0     16   1    2    80  2.7  XUAT_LCD20X4
0     26   1    1   102  2.1  LCD_XUAT_8BIT
0     22   1    1    61  1.6  LCD_COMMAND
0     22   1    1    61  1.6  LCD_DATA
0     72   3    0   245  1.8  SETUP_LCD
0     82   4    0   372  5.6  @const816
0     80   4    0   147  3.7  @const824
0     20   1    0    82  2.1  @const830
0     26   1    3   147  3.7  LCD_GOTO_XY
0     96   4    5   255  5.5  lcd_hienthi_so_z_toado_xy
0     76   3    2   656  8.1  @MUL88
0    198   9    1   393  5.6  MAIN
0     72   3    4   204  4.4  @DIVS88
 Inline         0   354  4.6  @cinit1

Program metrics:
    Functions               19
    Statements              277
    Comments                326
    Volume (V)              7729
    Difficulty (D)          65.3
    Effort to implement (E) 504907
    Time to implement (T)   7 hours, 48 minutes
    Est Delivered Bugs (B)  2
    Cyclomatic Complexity   18
    Maintainability (MI)    103

 Segment     Used  Free
-----------  ----  ----
00000-00002     4  0  
00004-07FFE  1088  31676  



