
ROM used:   538/32768 (2%)
            538/32768 (2%) including unused fragments

            0.3 Average locations per line
            1.9 Average locations per statement

RAM used:   27/2048 (1%) at main() level
            36/2048 (2%) worst case

Stack used: 6 worst case (6 in main + 0 for interrupts)
Stack size: 31

Lines Stmts  %   Files
----- ----- ---  -----
   18    10   4  BAI_605_LCD_HT_2HANG_DICH_PHAI.c
  705   244  87  tv_pickit2_shift_1_proteus.c
  837     0   0  ..\..\..\..\Program Files (x86)\PICC\Devices\18F4550.H
  112    25   9  tv_pickit2_shift_lcd.c
----- -----
 1672   279 Total

Page ROM  %  RAM   Vol Diff  Functions:
---- --- --- ---   --- ----  ----------
0     38   4    1             @delay_ms1
0     42   4    3   271  4.3  XUAT_1BYTE
0     30   3    0   152  1.8  SET_UP_PORT_IC_CHOT
0     48   4    0   119  1.7  MO_IC_74573_A_THONG_DL
0     44   4    0   172  1.8  XUAT_GLCD_LCD
0     16   1    2    80  2.7  XUAT_LCD20X4
0     26   2    1   102  2.1  LCD_XUAT_8BIT
0     22   2    1    61  1.6  LCD_COMMAND
0     24   2    1    61  1.6  LCD_DATA
0     72   7    0   245  1.8  SETUP_LCD
0     96   9    0   161  1.7  MAIN
0     22   2    0    82  2.1  @const835
0     32   3    2   207  1.7  @PSTRINGC_810
0     22   2    0             @const837
 Inline         0             @cinit1

Program metrics:
    Functions               12
    Statements              279
    Comments                374
    Volume (V)              3037
    Difficulty (D)          24.7
    Effort to implement (E) 75146
    Time to implement (T)   1 hours, 10 minutes
    Est Delivered Bugs (B)  1
    Cyclomatic Complexity   1
    Maintainability (MI)    126

 Segment     Used  Free
-----------  ----  ----
00000-00002     4  0  
00004-07FFE   534  32230  



