
ROM used:   872/32768 (3%)
            872/32768 (3%) including unused fragments

            0.6 Average locations per line
            3.4 Average locations per statement

RAM used:   44/2048 (2%) at main() level
            50/2048 (2%) worst case

Stack used: 5 worst case (4 in main + 1 for interrupts)
Stack size: 31

Lines Stmts  %   Files
----- ----- ---  -----
   46    21   8  BAI_512_DEM_GIAY_CX.c
  627   233  92  tv_pickit2_shift_1.c
  837     0   0  ..\..\..\..\Program Files (x86)\PICC\Devices\18F4550.H
----- -----
 1510   254 Total

Page ROM  %  RAM   Vol Diff  Functions:
---- --- --- ---   --- ----  ----------
0     42   2    0             @const681
0     38   2    2   234  4.3  XUAT_1BYTE
0     22   1    4   131  2.8  xuat_1word
0     88   5    0   396  1.4  xoa_tat_6module
0     58   3    0   253  2.3  SET_UP_PORT_IC_CHOT
0     36   2    3   106  2.1  XUAT_8LED_7DOAN_QUET_1
0     10   1    0    25  1.2  XUAT_8LED_7DOAN_QUET_TAT_LED
0     34   2    0             @const755
0     52   3    3   123  2.6  XUAT_8LED_7DOAN_QUET_2
0     76   4    1   178  4.9  HIEN_THI_8LED_7DOAN_QUET
0     16   1    0    29  1.2  interrupt_timer1
0     60   3    1    93  2.9  giai_ma_gan_cho_8led_quet
0     72   4    4    61  1.6  @DIVS88
0    122   7    0   354  5.6  MAIN
 Inline         0    93  2.9  @cinit1

Program metrics:
    Functions               13
    Statements              254
    Comments                288
    Volume (V)              3584
    Difficulty (D)          36.7
    Effort to implement (E) 131684
    Time to implement (T)   2 hours, 2 minutes
    Est Delivered Bugs (B)  1
    Cyclomatic Complexity   5
    Maintainability (MI)    136

 Segment     Used  Free
-----------  ----  ----
00000-00002     4  0  
00004-00006     0  4  
00008-00094   142  0  
00096-07FFE   726  31892  



