CCS PCH C Compiler, Version 5.015, 5967               29-Aug-22 21:25

               Filename:   C:\Users\NguyenMinhTri\Desktop\TT VXL\BAI_310_TONGHOP_32LED.lst

               ROM used:   724 bytes (2%)
                           Largest free fragment is 32044
               RAM used:   34 (2%) at main() level
                           48 (2%) worst case
               Stack used: 4 locations
               Stack size: 31

*
0000:  GOTO   0280
.................... #include<tv_pickit2_shift_1.c> 
.................... #INCLUDE    <18F4550.H> 
.................... //////////// Standard Header file for the PIC18F4550 device //////////////// 
.................... /////////////////////////////////////////////////////////////////////////// 
.................... ////        (C) Copyright 1996, 2013 Custom Computer Services          //// 
.................... //// This source code may only be used by licensed users of the CCS C  //// 
.................... //// compiler.  This source code may only be distributed to other      //// 
.................... //// licensed users of the CCS C compiler.  No other use, reproduction //// 
.................... //// or distribution is permitted without written permission.          //// 
.................... //// Derivative programs created using this software in object code    //// 
.................... //// form are not restricted in any way.                               //// 
.................... /////////////////////////////////////////////////////////////////////////// 
.................... #device PIC18F4550 
....................  
.................... #list 
....................  
.................... #DEVICE     ADC=10 
.................... #FUSES      NOWDT,PUT,HS,NOPROTECT,NOLVP,CPUDIV1 
.................... #USE        I2C(MASTER,SLOW,SDA=PIN_B0,SCL=PIN_B1) 
.................... #USE        DELAY(CLOCK=20000000) 
*
00F4:  CLRF   FEA
00F6:  MOVLW  22
00F8:  MOVWF  FE9
00FA:  MOVF   FEF,W
00FC:  BZ    0118
00FE:  MOVLW  06
0100:  MOVWF  01
0102:  CLRF   00
0104:  DECFSZ 00,F
0106:  BRA    0104
0108:  DECFSZ 01,F
010A:  BRA    0102
010C:  MOVLW  7B
010E:  MOVWF  00
0110:  DECFSZ 00,F
0112:  BRA    0110
0114:  DECFSZ FEF,F
0116:  BRA    00FE
0118:  RETURN 0
.................... #USE        rs232(baud=9600, xmit=PIN_C6,rcv=PIN_C7) 
.................... //NUT NHAN: 
.................... #DEFINE  BT0     PIN_B5 
.................... #DEFINE  BT1     PIN_B4 
.................... #DEFINE  BT2     PIN_B3 
.................... #DEFINE  BT3     PIN_B2 
....................  
.................... #DEFINE  ON      BT0       //DK LED DON, MOTOR 
.................... #DEFINE  OFF     BT1 
.................... #DEFINE  INV     BT2 
....................  
.................... #DEFINE  UP      BT0    //DK LED DON 
.................... #DEFINE  DW      BT1 
.................... #DEFINE  CLR     BT2 
.................... #DEFINE  MOD     BT3 
....................  
.................... #DEFINE  STOP    BT3 
....................  
.................... #DEFINE  ON1     BT0      
.................... #DEFINE  OFF1    BT1 
.................... #DEFINE  ON2     BT2        
.................... #DEFINE  OFF2    BT3 
....................  
....................  
.................... //XXXXXXXXXXXXXXXXXXXXXXXXXXXXXXXXXXXXXXXXXXXXXXXXX 
.................... //XXXXXXXXXXXXXXXXXXXXXXXXXXXXXXXXXXXXXXXXXXXXXXXXX 
.................... #DEFINE      SSDO             PIN_E2         //CHUNG TAT CA 
.................... #DEFINE      SSCK             PIN_E0         //CHUNG TAT CA 
....................  
.................... #DEFINE      G_ALL            PIN_D0         //A - 4 BYTE 
.................... #DEFINE      RCK_LCD20X4      PIN_D2         //A - 2 BYTE DAO 
.................... #DEFINE      RCK_BUZERELAY    PIN_D3     //B - 1 BYTE  
.................... #DEFINE      RCK_32LED        PIN_D4         //A - 4 BYTE 
.................... #DEFINE      RCK_8LEDQUET     PIN_D5         //B - 2 BYTE DAO 
.................... #DEFINE      RCK_4LED7DOAN    PIN_D6         //A - 4 BYTE 
.................... #DEFINE      RCK_MATRANLED    PIN_D7         //B - 3 BYTE DAO 
....................  
.................... VOID XUAT_LCD20X4(UNSIGNED INT8 LCD_SIGNAL,LCD_INS_HTHI); 
.................... VOID XUAT_BUZZER_RELAY(); 
....................  
.................... //XXXXXXXXXXXXXXXXXXXXXXXXXXXXXXXXXXXXXXXXXXXX 
.................... //CHUONG TRINH KIEM TRA PHIM BT1 
.................... //XXXXXXXXXXXXXXXXXXXXXXXXXXXXXXXXXXXXXXXXXXXX 
.................... UNSIGNED INT8 DL_BTN=0; 
.................... INT1 PHIM_BT0(UNSIGNED INT16 DL) 
.................... {   
....................     IF(!INPUT(BT0)) 
....................     {   
....................       DL_BTN++; 
....................       IF(DL_BTN==1) RETURN(1); 
....................       ELSE 
....................       { 
....................          IF (DL_BTN>= DL) 
....................          DL_BTN = 0; 
....................       } 
....................     } 
....................     ELSE    
....................     { 
....................       RETURN(0); 
....................     } 
.................... }  
.................... //XXXXXXXXXXXXXXXXXXXXXXXXXXXXXXXXXXXXXXXXXXXX 
.................... //CHUONG TRINH KIEM TRA PHIM BT1 
.................... //XXXXXXXXXXXXXXXXXXXXXXXXXXXXXXXXXXXXXXXXXXXX 
.................... INT1 PHIM_BT1(UNSIGNED INT16 DL ) 
.................... {   
....................     IF (!INPUT(BT1)) 
....................     {   
....................       DL_BTN++; 
....................       IF(DL_BTN==1) RETURN(1); 
....................       ELSE 
....................       { 
....................          IF (DL_BTN>= DL) 
....................          DL_BTN =0; 
....................       } 
....................     } 
....................     ELSE    
....................     { 
....................       RETURN(0); 
....................     } 
.................... }  
.................... //XXXXXXXXXXXXXXXXXXXXXXXXXXXXXXXXXXXXXXXXXXXX 
.................... //CHUONG TRINH KIEM TRA PHIM BT2       
.................... //XXXXXXXXXXXXXXXXXXXXXXXXXXXXXXXXXXXXXXXXXXXX                                     
.................... INT1 PHIM_BT2(UNSIGNED INT16 DL ) 
.................... {                                         
....................     IF (!INPUT(BT2)) 
....................     {   
....................       DL_BTN++; 
....................       IF(DL_BTN==1) RETURN(1); 
....................       ELSE 
....................       { 
....................          IF (DL_BTN>= DL) 
....................          DL_BTN =0; 
....................       } 
....................     } 
....................     ELSE    
....................     { 
....................       RETURN(0); 
....................     }                                           
.................... }       
....................  
.................... //XXXXXXXXXXXXXXXXXXXXXXXXXXXXXXXXXXXXXXXXXXXX 
.................... //CHUONG TRINH KIEM TRA PHIM BT3 
.................... //XXXXXXXXXXXXXXXXXXXXXXXXXXXXXXXXXXXXXXXXXXXX 
.................... INT1 PHIM_BT3(UNSIGNED INT16 DL,  UNSIGNED INT8 SOLAN  ) 
.................... {   
....................     IF (!INPUT(BT3)) 
....................     {   
....................       DL_BTN++; 
....................       IF(DL_BTN==1) RETURN(1); 
....................       ELSE 
....................       { 
....................          IF (DL_BTN>= DL) 
....................          DL_BTN =SOLAN; 
....................       } 
....................     } 
....................     ELSE    
....................     { 
....................       //DL_BTN =0; 
....................       RETURN(0); 
....................     } 
.................... }  
.................... //XXXXXXXXXXXXXXXXXXXXXXXXXXXXXXXXXXXXXXXXXXXX 
.................... //KHAI BAO DU LIEU 16 BIT CHO MODULE RELAY, TRIAC, BUZZER, DONG CO 
.................... //XXXXXXXXXXXXXXXXXXXXXXXXXXXXXXXXXXXXXXXXXXXX 
.................... UNSIGNED INT16 RBDC; 
.................... #BIT STEP_MOTOR_ENABLE  = RBDC.0    //1=ENA,0=DIS 
.................... #BIT STEP_MOTOR_IN1     = RBDC.1     
.................... #BIT STEP_MOTOR_IN2     = RBDC.2 
.................... #BIT STEP_MOTOR_IN3     = RBDC.3 
.................... #BIT STEP_MOTOR_IN4     = RBDC.4 
.................... #BIT DC_ENABLE          = RBDC.5    //1=ENA,0=DIS 
.................... #BIT PWRKEY             = RBDC.6    //KHOI TAO SIM900 
....................  
.................... #BIT BUZZER             = RBDC.8    //1=ON,0=OFF 
.................... #BIT TRIAC_1            = RBDC.9    //1=ON,0=OFF 
.................... #BIT TRIAC_2            = RBDC.10   //1=ON,0=OFF 
.................... #BIT RELAY_1            = RBDC.11   //0=ON,1=OFF 
.................... #BIT RELAY_2            = RBDC.12   //0=ON,1=OFF 
....................  
....................  
....................  
.................... //XXXXXXXXXXXXXXXXXXXXXXXXXXXXXXXXXXXXXXXXXXXX    
.................... CONST UNSIGNED CHAR MA7DOAN[16]= {0XC0,0XF9,0xA4,0XB0,0X99,0X92,0X82,0XF8, 
.................... 0X80,0X90,0x88, 0x83, 0xC6, 0xA1, 0x86, 0x8E}; 
.................... #DEFINE     MASO0    0XC0 
.................... #DEFINE     MASO1    0XF9 
.................... #DEFINE     MASO2    0XA4 
.................... #DEFINE     MASO3    0XB0 
.................... #DEFINE     MASO4    0X99 
.................... #DEFINE     MASO5    0X92 
.................... #DEFINE     MASO6    0X82 
.................... #DEFINE     MASO7    0XF8 
....................  
.................... //XXXXXXXXXXXXXXXXXXXXXXXXXXXXXXXXXXXXXXXXXXXX  
.................... //HAM 102 XUAT 1 BYTE RA THANH GHI DICH 
.................... //XXXXXXXXXXXXXXXXXXXXXXXXXXXXXXXXXXXXXXXXXXXX     
.................... VOID XUAT_1BYTE(UNSIGNED INT8 X) 
.................... { 
....................    UNSIGNED INT8 SB;    
....................    #BIT BSERI  = X.7 
....................    FOR(SB=0;SB<8;SB++) 
*
0004:  CLRF   2F
0006:  MOVF   2F,W
0008:  SUBLW  07
000A:  BNC   0028
....................       {                                                  
....................          OUTPUT_BIT(SSDO,BSERI);     
000C:  BTFSC  2E.7
000E:  BRA    0014
0010:  BCF    F8D.2
0012:  BRA    0016
0014:  BSF    F8D.2
0016:  BCF    F96.2
....................          OUTPUT_LOW(SSCK); OUTPUT_HIGH(SSCK); 
0018:  BCF    F96.0
001A:  BCF    F8D.0
001C:  BCF    F96.0
001E:  BSF    F8D.0
....................          X= X<<1;          
0020:  BCF    FD8.0
0022:  RLCF   2E,F
0024:  INCF   2F,F
0026:  BRA    0006
....................      } 
0028:  RETURN 0
.................... } 
.................... //XXXXXXXXXXXXXXXXXXXXXXXXXXXXXXXXXXXXXXXXXXXX  
.................... //HAM 301 
.................... //XXXXXXXXXXXXXXXXXXXXXXXXXXXXXXXXXXXXXXXXXXXX 
.................... //CHUONG TRINH CON XUAT 4 BYTE RA 32 LED DON 
.................... //XXXXXXXXXXXXXXXXXXXXXXXXXXXXXXXXXXXXXXXXXXXX 
.................... VOID XUAT_32LED_DON_4BYTE(UNSIGNED INT8 BLD3,BLD2,BLD1,BLD0) 
.................... {      
....................       XUAT_1BYTE(BLD3);           
*
00D2:  MOVFF  2A,2E
00D6:  RCALL  0004
....................       XUAT_1BYTE(BLD2); 
00D8:  MOVFF  2B,2E
00DC:  RCALL  0004
....................       XUAT_1BYTE(BLD1);           
00DE:  MOVFF  2C,2E
00E2:  RCALL  0004
....................       XUAT_1BYTE(BLD0);             
00E4:  MOVFF  2D,2E
00E8:  RCALL  0004
....................                        
....................       OUTPUT_HIGH(RCK_32LED);     
00EA:  BCF    F95.4
00EC:  BSF    F8C.4
....................       OUTPUT_LOW(RCK_32LED); 
00EE:  BCF    F95.4
00F0:  BCF    F8C.4
00F2:  RETURN 0
....................      
.................... } 
.................... //HAM 302 
.................... //XXXXXXXXXXXXXXXXXXXXXXXXXXXXXXXXXXXXXXXXXXXX 
.................... //CHUONG TRINH CON XUAT 2 WORD 16 BITRA 32 LED DON 
.................... //XXXXXXXXXXXXXXXXXXXXXXXXXXXXXXXXXXXXXXXXXXXX 
.................... VOID XUAT_32LED_DON_2WORD(UNSIGNED INT16 WLD1, UNSIGNED INT16 WLD0) 
.................... {      
....................      UNSIGNED INT8  B3,B2,B1,B0; 
....................      B3 = WLD1>>8;  B2 = WLD1;  
*
0148:  MOVFF  23,26
014C:  MOVFF  22,27
....................      B1 = WLD0>>8;  B0 = WLD0; 
0150:  MOVFF  25,28
0154:  MOVFF  24,29
....................      XUAT_32LED_DON_4BYTE(B3,B2,B1,B0); 
0158:  MOVFF  26,2A
015C:  MOVFF  27,2B
0160:  MOVFF  28,2C
0164:  MOVFF  29,2D
0168:  RCALL  00D2
016A:  RETURN 0
.................... } 
.................... //HAM 303 
.................... //XXXXXXXXXXXXXXXXXXXXXXXXXXXXXXXXXXXXXXXXXXXX 
.................... //CHUONG TRINH CON XUAT 1 DOUBLE WORD RA 32 LED DON 
.................... //XXXXXXXXXXXXXXXXXXXXXXXXXXXXXXXXXXXXXXXXXXXX 
.................... VOID XUAT_32LED_DON_1DW(UNSIGNED LONG LONG DWLD) 
.................... {      
....................      UNSIGNED INT16  WD1,WD0; 
....................      WD1 = DWLD>>16;  WD0 = DWLD; 
....................      XUAT_32LED_DON_2WORD(WD1,WD0); 
.................... } 
....................  
.................... //XXXXXXXXXXXXXXXXXXXXXXXXXXXXXXXXXXXXXXXXXXXX     
.................... //XUAT 1 BIT ROI TRA LAI KET QUA SAU KHI DICH DI 1 BIT 
.................... //XXXXXXXXXXXXXXXXXXXXXXXXXXXXXXXXXXXXXXXXXXXX     
.................... UNSIGNED  INT8 XUAT_1BIT(UNSIGNED INT8 BYTEXUAT) 
.................... { 
....................       UNSIGNED INT8   XBITX;    
....................       #BIT BSERIX  = XBITX.0 
....................       XBITX = BYTEXUAT; 
....................                                              
....................       OUTPUT_BIT(SSDO,BSERIX);     
....................       OUTPUT_LOW(SSCK); OUTPUT_HIGH(SSCK); 
....................       XBITX= XBITX>>1;    
....................       RETURN(XBITX);   
.................... } 
.................... //xxxxxxxxxxxxxxxxxxxxxxxxxxxxxxxxxxxxxxxxxxxxxxxxxxxxxxxx     
.................... //ham 103: xuat 1 word ra thanh ghi dich 
.................... //xxxxxxxxxxxxxxxxxxxxxxxxxxxxxxxxxxxxxxxxxxxxxxxxxxxxxxxx     
.................... void xuat_1word(unsigned int16 w) 
.................... {   
....................    unsigned int8 b1,b0; 
....................    b1 = w>>8; b0 = w; 
*
002A:  MOVFF  23,24
002E:  MOVFF  22,25
....................    xuat_1byte(b1);     
0032:  MOVFF  24,2E
0036:  RCALL  0004
....................    xuat_1byte(b0); 
0038:  MOVFF  25,2E
003C:  RCALL  0004
003E:  RETURN 0
.................... }    
.................... //xxxxxxxxxxxxxxxxxxxxxxxxxxxxxxxxxxxxxxxxxxxxxxxxxxxxxxxx      
.................... //ham 104: xoa cac module  
.................... //xxxxxxxxxxxxxxxxxxxxxxxxxxxxxxxxxxxxxxxxxxxxxxxxxxxxxxxx   
.................... void xoa_tat_6module()                           
.................... {                                                                                               
....................    xuat_1word(0);                              
0040:  CLRF   23
0042:  CLRF   22
0044:  RCALL  002A
....................    xuat_1word(0);  
0046:  CLRF   23
0048:  CLRF   22
004A:  RCALL  002A
....................    xuat_1word(0);                              
004C:  CLRF   23
004E:  CLRF   22
0050:  RCALL  002A
....................    xuat_1word(0);                                     
0052:  CLRF   23
0054:  CLRF   22
0056:  RCALL  002A
....................     
....................    output_high(rck_buzerelay);    
0058:  BCF    F95.3
005A:  BSF    F8C.3
....................    output_low(rck_buzerelay); 
005C:  BCF    F95.3
005E:  BCF    F8C.3
....................     
....................    output_high(rck_32led); 
0060:  BCF    F95.4
0062:  BSF    F8C.4
....................    output_low(rck_32led);  
0064:  BCF    F95.4
0066:  BCF    F8C.4
....................     
....................    output_high(rck_8ledquet);    
0068:  BCF    F95.5
006A:  BSF    F8C.5
....................    output_low(rck_8ledquet);    
006C:  BCF    F95.5
006E:  BCF    F8C.5
....................                                   
....................    output_high(rck_matranled);           
0070:  BCF    F95.7
0072:  BSF    F8C.7
....................    output_low(rck_matranled);    
0074:  BCF    F95.7
0076:  BCF    F8C.7
....................                             
....................    output_high(rck_lcd20x4);    
0078:  BCF    F95.2
007A:  BSF    F8C.2
....................    output_low(rck_lcd20x4);       
007C:  BCF    F95.2
007E:  BCF    F8C.2
....................                                                                            
....................    xuat_1word(0xffff);  
0080:  SETF   23
0082:  SETF   22
0084:  RCALL  002A
....................    xuat_1word(0xffff);  
0086:  SETF   23
0088:  SETF   22
008A:  RCALL  002A
....................    output_high(rck_4led7doan);        
008C:  BCF    F95.6
008E:  BSF    F8C.6
....................    output_low(rck_4led7doan);                                                                       
0090:  BCF    F95.6
0092:  BCF    F8C.6
0094:  GOTO   00B0 (RETURN)
.................... }              
.................... //XXXXXXXXXXXXXXXXXXXXXXXXXXXXXXXXXXXXXXXXXXXX  
.................... //HAM 101 
.................... //XXXXXXXXXXXXXXXXXXXXXXXXXXXXXXXXXXXXXXXXXXXX     
.................... //HAM KHOI TAO CAC PORT VA IC CHOT 
.................... //XXXXXXXXXXXXXXXXXXXXXXXXXXXXXXXXXXXXXXXXXXXX     
.................... VOID SET_UP_PORT_IC_CHOT() 
.................... {      
....................    set_tris_a(0xff);    set_tris_b(0x3c);                                                    
0098:  MOVLW  FF
009A:  MOVWF  F92
009C:  MOVLW  3C
009E:  MOVWF  F93
....................    set_tris_c(0xf1);    set_tris_e(0x00);                                                
00A0:  MOVLW  F1
00A2:  MOVWF  F94
00A4:  MOVLW  00
00A6:  MOVWF  F96
....................    set_tris_d(0x00);     
00A8:  MOVWF  F95
....................    output_d(0x00);  
00AA:  CLRF   F95
00AC:  CLRF   F8C
....................    xoa_tat_6module(); 
00AE:  BRA    0040
....................    port_b_pullups(0xff);           
00B0:  BCF    FF1.7
....................    rbdc=0;                
00B2:  CLRF   06
00B4:  CLRF   05
....................              
....................    setup_adc(adc_clock_div_32);         
00B6:  MOVF   FC0,W
00B8:  ANDLW  C0
00BA:  IORLW  02
00BC:  MOVWF  FC0
00BE:  BSF    FC0.7
00C0:  BSF    FC2.0
....................    setup_adc_ports(an0_to_an2|vss_vdd);  
00C2:  MOVF   FC1,W
00C4:  ANDLW  C0
00C6:  IORLW  0C
00C8:  MOVWF  FC1
....................    output_low(g_all);         
00CA:  BCF    F95.0
00CC:  BCF    F8C.0
00CE:  GOTO   02C0 (RETURN)
.................... } 
.................... //HAM 104 
....................  
.................... //XXXXXXXXXXXXXXXXXXXXXXXXXXXXXXXXXXXXXXXXXXXX 
.................... //CHUONG TRINH CON XUAT 4 BYTE RA 4 LED 7 DOAN 
.................... //XXXXXXXXXXXXXXXXXXXXXXXXXXXXXXXXXXXXXXXXXXXX 
.................... VOID XUAT_4LED_7DOAN_4SO(UNSIGNED INT BL743,BL742,BL741,BL740) 
.................... {      
....................       XUAT_1BYTE(BL740);   XUAT_1BYTE(BL741); 
....................       XUAT_1BYTE(BL742);   XUAT_1BYTE(BL743);        
....................       OUTPUT_LOW(RCK_4LED7DOAN);    
....................       OUTPUT_HIGH(RCK_4LED7DOAN); 
....................  
.................... } 
.................... //ham 404 
.................... VOID XUAT_4LED_7DOAN_3SO(UNSIGNED INT BL742,BL741,BL740) 
.................... {      
....................      XUAT_4LED_7DOAN_4SO(0XFF,BL742,BL741,BL740); 
.................... } 
.................... //ham 403 
.................... VOID XUAT_4LED_7DOAN_2SO(UNSIGNED INT BL741,BL740) 
.................... {      
....................      XUAT_4LED_7DOAN_4SO(0XFF,0XFF,BL741,BL740); 
.................... } 
.................... //ham 402 
.................... VOID XUAT_4LED_7DOAN_1SO(UNSIGNED INT BL740) 
.................... {      
....................      XUAT_4LED_7DOAN_4SO(0XFF,0XFF,0XFF,BL740); 
.................... } 
....................  
.................... //ham 405 
.................... //XXXXXXXXXXXXXXXXXXXXXXXXXXXXXXXXXXXXXXXXXXXXXXXXXXXXXXXXXXXXX 
.................... //CHUONG TRINH CON HIEN THI DU LIEU 16 BIT TREN 4 LED 7 DOAN 
.................... //XXXXXXXXXXXXXXXXXXXXXXXXXXXXXXXXXXXXXXXXXXXXXXXXXXXXXXXXXXXXX 
.................... UNSIGNED CHAR DONVI4,CHUC4,TRAM4,NGAN4; 
.................... VOID  XUAT_4LED_7DOAN_GIAIMA_XOA_SO0 (UNSIGNED INT16 TAM) 
.................... {          
....................       DONVI4 = MA7DOAN[TAM %10];          
....................       CHUC4  = MA7DOAN[TAM/10%10]; 
....................       TRAM4  = MA7DOAN[TAM/100%10];  
....................       NGAN4  = MA7DOAN[TAM/1000%10];        
....................       IF (NGAN4==0XC0) 
....................       { 
....................          NGAN4=0XFF; 
....................          IF (TRAM4==0XC0) 
....................          { 
....................             TRAM4=0XFF; 
....................             IF (CHUC4==0XC0)   CHUC4=0XFF; 
....................          } 
....................       } 
....................       XUAT_4LED_7DOAN_4SO(NGAN4,TRAM4,CHUC4,DONVI4);    
.................... } 
....................  
.................... void  XUAT_4LED_7DOAN_2_SO (unsigned int8 BH,BL) 
.................... {          
....................  XUAT_4LED_7DOAN_4SO(MA7DOAN[BH/10],MA7DOAN[BH%10],MA7DOAN[BL/10],MA7DOAN[BL%10]);    
.................... } 
....................  
.................... UNSIGNED INT8 LCDDATA=0;  
.................... UNSIGNED INT8 LCDCONTROL=0; 
.................... UNSIGNED INT8 GLCDDATA=0; 
.................... UNSIGNED INT8 GLCDCONTROL=0;  
.................... //HAM 701 
.................... //XXXXXXXXXXXXXXXXXXXXXXXXXXXXXXXXXXXXXXXXXXXXXXXXXXXXXXXXXXXXX 
.................... //CHUONG TRINH CON XUAT DU LIEU 4 BYTE RA GLCD VA LCD 
.................... //XXXXXXXXXXXXXXXXXXXXXXXXXXXXXXXXXXXXXXXXXXXXXXXXXXXXXXXXXXXXX 
.................... VOID XUAT_GLCD_LCD() 
.................... {       
....................     XUAT_1BYTE(GLCDCONTROL);              
....................     XUAT_1BYTE(GLCDDATA); 
....................     XUAT_1BYTE(LCDCONTROL);        
....................     XUAT_1BYTE(LCDDATA);       
....................           
....................     OUTPUT_HIGH(RCK_LCD20X4);      
....................     OUTPUT_LOW(RCK_LCD20X4); 
.................... } 
.................... //HAM 702 
.................... VOID XUAT_LCD20X4(UNSIGNED INT8 LCD_SIGNAL,LCD_INS_HTHI) 
.................... {      
....................     LCDCONTROL = ~LCD_SIGNAL; 
....................     LCDDATA    = ~LCD_INS_HTHI;       
....................     XUAT_GLCD_LCD(); 
.................... } 
.................... //HAM 703 
.................... VOID XUAT_GLCD128X64(UNSIGNED INT8 GLCD_SIGNAL,GLCD_INS_HTHI) 
.................... {      
....................     GLCDCONTROL = ~GLCD_SIGNAL; 
....................     GLCDDATA    = ~GLCD_INS_HTHI;      
....................     XUAT_GLCD_LCD(); 
.................... } 
.................... //HAM 501 
.................... //XXXXXXXXXXXXXXXXXXXXXXXXXXXXXXXXXXXXXXXXXXXX 
.................... //CHUONG TRINH CON XUAT 2 BYTE RA DK 1 LED QUET SANG 
.................... //XXXXXXXXXXXXXXXXXXXXXXXXXXXXXXXXXXXXXXXXXXXX 
.................... VOID XUAT_8LED_7DOAN_QUET_1(UNSIGNED INT MA,SO_HTHI) 
.................... {      
....................       XUAT_1BYTE(~MA);    
....................       XUAT_1BYTE(~SO_HTHI); 
....................       OUTPUT_HIGH(RCK_8LEDQUET);  
....................       OUTPUT_LOW(RCK_8LEDQUET); 
.................... } 
.................... //HAM 502 
.................... //XXXXXXXXXXXXXXXXXXXXXXXXXXXXXXXXXXXXXXXXXXXX 
.................... //CHUONG TRINH CON XUAT 2 BYTE RA TAT 8 LED QUET 
.................... //XXXXXXXXXXXXXXXXXXXXXXXXXXXXXXXXXXXXXXXXXXXX 
.................... VOID XUAT_8LED_7DOAN_QUET_TAT_LED() 
.................... { 
....................    XUAT_8LED_7DOAN_QUET_1(0XFF,0XFF); 
.................... } 
.................... //HAM 503 
.................... //XXXXXXXXXXXXXXXXXXXXXXXXXXXXXXXXXXXXXXXXXXXX 
.................... //CHUONG TRINH CON HIEN THI LED THEO THU TU 
.................... //XXXXXXXXXXXXXXXXXXXXXXXXXXXXXXXXXXXXXXXXXXXX 
.................... CONST UNSIGNED CHAR TTLEDQUET[8]= {0x7F,0xBF,0xDF,0xEF,0xF7,0xFB,0xFD,0xFE}; 
.................... VOID XUAT_8LED_7DOAN_QUET_2(UNSIGNED INT THUTULED,SO_HTHI) 
.................... {          
....................       XUAT_1BYTE(~ (TTLEDQUET[THUTULED]));    
....................       XUAT_1BYTE(~SO_HTHI);      
....................       OUTPUT_HIGH(RCK_8LEDQUET);  
....................       OUTPUT_LOW(RCK_8LEDQUET); 
.................... } 
.................... //HAM 504 
.................... //XXXXXXXXXXXXXXXXXXXXXXXXXXXXXXXXXXXXXXXXXXXX 
.................... //CHUONG TRINH CON HIEN THI 8 SO TREN 8 LED QUET - CO KIEM TRA 
.................... //XXXXXXXXXXXXXXXXXXXXXXXXXXXXXXXXXXXXXXXXXXXX 
.................... UNSIGNED CHAR LED_7DQ[8]={0XFF,0XFF,0XFF,0XFF,0XFF,0XFF,0XFF,0XFF}; 
.................... UNSIGNED INT8 TT8LED=0; 
.................... VOID HIEN_THI_8LED_7DOAN_QUET() 
.................... {      
....................       FOR(TT8LED=0;TT8LED<8;TT8LED++) 
....................          IF (LED_7DQ[TT8LED]!=0XFF) 
....................          {            
....................             XUAT_8LED_7DOAN_QUET_2(TT8LED, LED_7DQ[TT8LED]); 
....................             DELAY_US(100); 
....................             XUAT_8LED_7DOAN_QUET_TAT_LED();            
....................             } 
.................... } 
.................... //HAM 505 
.................... //XXXXXXXXXXXXXXXXXXXXXXXXXXXXXXXXXXXXXXXXXXXX 
.................... //CHUONG TRINH CON HIEN THI 8 SO TREN 8 LED QUET - KHONG KIEM TRA 
.................... //XXXXXXXXXXXXXXXXXXXXXXXXXXXXXXXXXXXXXXXXXXXX 
.................... VOID HIEN_THI_8LED_7DOAN_QUET_ALL() 
.................... {      
....................       FOR(TT8LED=0;TT8LED<8;TT8LED++)          
....................          {            
....................             XUAT_8LED_7DOAN_QUET_2(TT8LED, LED_7DQ[TT8LED]); 
....................             DELAY_US(100); 
....................             XUAT_8LED_7DOAN_QUET_TAT_LED();            
....................             } 
.................... } 
....................  
.................... VOID DELAY_QUET_8LED(UNSIGNED INT16 DL) 
.................... {  
....................       UNSIGNED INT8 I; 
....................       FOR (I=0; I<DL;I++) 
....................       HIEN_THI_8LED_7DOAN_QUET_ALL(); 
.................... }  
....................  
.................... VOID GIAI_MA_GAN_CHO_8LED_QUET_16_XOA(UNSIGNED INT16 X) 
.................... {      
....................       LED_7DQ[0]= MA7DOAN [X %10];     
....................       LED_7DQ[1]= MA7DOAN [X/10%10]; 
....................       LED_7DQ[2]= MA7DOAN [X/100%10];     
....................       LED_7DQ[3]= MA7DOAN [X/1000%10]; 
....................       LED_7DQ[4]= MA7DOAN [X/10000%10]; 
....................       IF (LED_7DQ[4]==MASO0)  
....................       { 
....................             LED_7DQ[4]=0XFF; 
....................             IF (LED_7DQ[3]==MASO0)  
....................             { 
....................                LED_7DQ[3]=0XFF; 
....................                IF (LED_7DQ[2]==MASO0)  
....................                { 
....................                   LED_7DQ[2]=0XFF; 
....................                   IF (LED_7DQ[1]==MASO0)  
....................                   { 
....................                      LED_7DQ[1]=0XFF; 
....................                   } 
....................                } 
....................             } 
....................       } 
....................              
.................... } 
....................  
....................  
.................... //XXXXXXXXXXXXXXXXXXXXXXXXXXXXXXXXXXXXXXXXXXXX          
.................... VOID XUAT_2BYTE(UNSIGNED INT16 X) 
.................... { 
....................    INT8 SBB; 
....................    #BIT BSERIX  = X.15 
....................    FOR (SBB=0;SBB<16;SBB++) 
....................       {                                                  
....................          OUTPUT_BIT(SSDO,BSERIX);     
....................          OUTPUT_LOW(SSCK);          
....................          OUTPUT_HIGH(SSCK); 
....................          X= X<<1;          
....................      } 
.................... } 
.................... //XXXXXXXXXXXXXXXXXXXXXXXXXXXXXXXXXXXXXXXXXXXX 
.................... //CHUONG TRINH CON XUAT RA LED MA TRAN 
.................... //XXXXXXXXXXXXXXXXXXXXXXXXXXXXXXXXXXXXXXXXXXXX 
.................... VOID XUAT_MATRANLED(UNSIGNED INT16 MAHANG,UNSIGNED INT16 MACOT1, 
.................... UNSIGNED INT16 MACOT2,UNSIGNED INT16 MACOT3) 
.................... {       
....................       XUAT_2BYTE(MACOT3); 
....................       XUAT_2BYTE(MACOT2); 
....................       XUAT_2BYTE(MACOT1); 
....................       XUAT_2BYTE(MAHANG);      
....................  
....................       OUTPUT_HIGH(RCK_MATRANLED);  
....................       OUTPUT_LOW(RCK_MATRANLED); 
.................... } 
.................... //XXXXXXXXXXXXXXXXXXXXXXXXXXXXXXXXXXXXXXXXXXXX 
.................... //CHUONG TRINH CON XUAT RA LED MA TRAN 
.................... //XXXXXXXXXXXXXXXXXXXXXXXXXXXXXXXXXXXXXXXXXXXX 
.................... VOID TAT_MATRANLED() 
.................... {       
....................       XUAT_2BYTE(0); 
....................       XUAT_2BYTE(0); 
....................       XUAT_2BYTE(0); 
....................       XUAT_2BYTE(0);            
....................       OUTPUT_HIGH(RCK_MATRANLED); OUTPUT_LOW(RCK_MATRANLED);  
.................... } 
.................... UNSIGNED  INT8 HIEU_CHINH_4BIT_CAO(UNSIGNED INT8 XZY) 
.................... { 
....................       INT1  BTG; 
....................       UNSIGNED INT8   BX;    
....................       #BIT BIT4  = BX.4 
....................       #BIT BIT5  = BX.5 
....................       #BIT BIT6  = BX.6 
....................       #BIT BIT7  = BX.7 
....................       BX=XZY; 
....................       BTG=BIT4;   BIT4=BIT7;  BIT7=BTG; 
....................       BTG=BIT5;   BIT5=BIT6;  BIT6=BTG;       
....................       RETURN(BX);   
.................... } 
.................... //HAM 601 
.................... //XXXXXXXXXXXXXXXXXXXXXXXXXXXXXXXXXXXXXXXXXXXXXXXXXXXX 
.................... //MODULE DIEU KHIEN RELAY,TRIAC, BUZZER, DONG CO, SIM 
.................... //XXXXXXXXXXXXXXXXXXXXXXXXXXXXXXXXXXXXXXXXXXXXXXXXXXXX 
.................... VOID XUAT_BUZZER_RELAY() 
.................... {      
....................    UNSIGNED INT8 RBDC1,RBDC2; 
....................       RBDC1=RBDC; RBDC2=RBDC>>8;       
....................       XUAT_1BYTE(RBDC2);       
....................       XUAT_1BYTE(RBDC1); 
....................        
....................       OUTPUT_HIGH(RCK_BUZERELAY);    
....................       OUTPUT_LOW(RCK_BUZERELAY); 
.................... } 
.................... //HAM 602 
.................... //XXXXXXXXXXXXXXXXXXXXXXXXXXXXXXXXXXXXXXXXXXXXXXXXXXXX 
.................... VOID BUZZER_ON() 
.................... {     
....................       BUZZER=1; 
....................       XUAT_BUZZER_RELAY();          
.................... } 
.................... //HAM 603 
.................... //XXXXXXXXXXXXXXXXXXXXXXXXXXXXXXXXXXXXXXXXXXXXXXXXXXXX 
.................... VOID BUZZER_OFF() 
.................... {      
....................       BUZZER=0; 
....................       XUAT_BUZZER_RELAY(); 
.................... } 
.................... //HAM 604 
.................... //XXXXXXXXXXXXXXXXXXXXXXXXXXXXXXXXXXXXXXXXXXXXXXXXXXXX 
.................... VOID RELAY_1_ON() 
.................... {     
....................       RELAY_1=1; 
....................       XUAT_BUZZER_RELAY();          
.................... } 
.................... //HAM 603 
.................... //XXXXXXXXXXXXXXXXXXXXXXXXXXXXXXXXXXXXXXXXXXXXXXXXXXXX 
.................... VOID RELAY_1_OFF() 
.................... {     
....................       RELAY_1=0; 
....................       XUAT_BUZZER_RELAY();          
.................... } 
.................... //HAM 604 
.................... //XXXXXXXXXXXXXXXXXXXXXXXXXXXXXXXXXXXXXXXXXXXXXXXXXXXX 
.................... VOID RELAY_2_ON() 
.................... {     
....................       RELAY_2=1; 
....................       XUAT_BUZZER_RELAY();          
.................... } 
.................... //HAM 607 
.................... //XXXXXXXXXXXXXXXXXXXXXXXXXXXXXXXXXXXXXXXXXXXXXXXXXXXX 
.................... VOID RELAY_2_OFF() 
.................... {     
....................       RELAY_2=0; 
....................       XUAT_BUZZER_RELAY();          
.................... } 
.................... //HAM 608 
.................... //XXXXXXXXXXXXXXXXXXXXXXXXXXXXXXXXXXXXXXXXXXXXXXXXXXXX 
.................... VOID RELAY_1_RELAY_2_ON() 
.................... {     
....................       RELAY_1=1;  RELAY_2=1; 
....................       XUAT_BUZZER_RELAY();          
.................... } 
.................... //HAM 609 
.................... //XXXXXXXXXXXXXXXXXXXXXXXXXXXXXXXXXXXXXXXXXXXXXXXXXXXX 
.................... VOID RELAY_1_RELAY_2_OFF() 
.................... {     
....................       RELAY_1=0;  RELAY_2=0; 
....................       XUAT_BUZZER_RELAY();          
.................... } 
.................... //HAM 610 
.................... //XXXXXXXXXXXXXXXXXXXXXXXXXXXXXXXXXXXXXXXXXXXXXXXXXXXX 
.................... VOID TRIAC_1_ON() 
.................... {     
....................       TRIAC_1=1; 
....................       XUAT_BUZZER_RELAY();          
.................... } 
.................... //HAM 611 
.................... //XXXXXXXXXXXXXXXXXXXXXXXXXXXXXXXXXXXXXXXXXXXXXXXXXXXX 
.................... VOID TRIAC_1_OFF() 
.................... {     
....................       TRIAC_1=0; 
....................       XUAT_BUZZER_RELAY();          
.................... } 
.................... //HAM 612 
.................... //XXXXXXXXXXXXXXXXXXXXXXXXXXXXXXXXXXXXXXXXXXXXXXXXXXXX 
.................... VOID TRIAC_2_ON() 
.................... {     
....................       TRIAC_2=1; 
....................       XUAT_BUZZER_RELAY();          
.................... } 
.................... //HAM 613 
.................... //XXXXXXXXXXXXXXXXXXXXXXXXXXXXXXXXXXXXXXXXXXXXXXXXXXXX 
.................... VOID TRIAC_2_OFF() 
.................... {     
....................       TRIAC_2=0; 
....................       XUAT_BUZZER_RELAY();          
.................... } 
.................... //XXXXXXXXXXXXXXXXXXXXXXXXXXXXXXXXXXXXXXXXXXXX 
....................  
.................... VOID GGMMAA() 
.................... { 
....................    UNSIGNED INT8   X;    
....................    X=MA7DOAN[1]; 
.................... } 
....................  
....................  
.................... unsigned int8 i,j; 
.................... unsigned int32 y; 
.................... unsigned int16 zt,zp; 
.................... void sang_tat_32led_5lan() 
.................... { 
....................    for(j=0;j<5;j++) 
*
011A:  CLRF   19
011C:  MOVF   19,W
011E:  SUBLW  04
0120:  BNC   0146
....................    { 
....................       xuat_32led_don_4byte(0,0,0,0); 
0122:  CLRF   2A
0124:  CLRF   2B
0126:  CLRF   2C
0128:  CLRF   2D
012A:  RCALL  00D2
....................       delay_ms(100); 
012C:  MOVLW  64
012E:  MOVWF  22
0130:  RCALL  00F4
....................       xuat_32led_don_4byte(0xff,0xff,0xff,0xff); 
0132:  SETF   2A
0134:  SETF   2B
0136:  SETF   2C
0138:  SETF   2D
013A:  RCALL  00D2
....................       delay_ms(100); 
013C:  MOVLW  64
013E:  MOVWF  22
0140:  RCALL  00F4
0142:  INCF   19,F
0144:  BRA    011C
....................    } 
0146:  RETURN 0
.................... } 
....................  
.................... void sang_tat_dan_ngoai_vao_32led_2lan() 
.................... { 
....................    for(j=0;j<2;j++) 
*
016C:  CLRF   19
016E:  MOVF   19,W
0170:  SUBLW  01
0172:  BNC   01F2
....................    { 
....................       for (i=0;i<16;i++) 
0174:  CLRF   18
0176:  MOVF   18,W
0178:  SUBLW  0F
017A:  BNC   01BE
....................       { 
....................          xuat_32led_don_2word(zp,zt); 
017C:  MOVFF  21,23
0180:  MOVFF  20,22
0184:  MOVFF  1F,25
0188:  MOVFF  1E,24
018C:  RCALL  0148
....................          delay_ms(30); 
018E:  MOVLW  1E
0190:  MOVWF  22
0192:  RCALL  00F4
....................          zp= (zp<<1)+1; 
0194:  BCF    FD8.0
0196:  RLCF   20,W
0198:  MOVWF  22
019A:  RLCF   21,W
019C:  MOVWF  23
019E:  MOVLW  01
01A0:  ADDWF  22,W
01A2:  MOVWF  20
01A4:  MOVLW  00
01A6:  ADDWFC 23,W
01A8:  MOVWF  21
....................          zt= (zt>>1)+0x8000; 
01AA:  BCF    FD8.0
01AC:  RRCF   1F,W
01AE:  MOVWF  23
01B0:  RRCF   1E,W
01B2:  MOVWF  1E
01B4:  MOVLW  80
01B6:  ADDWF  23,W
01B8:  MOVWF  1F
01BA:  INCF   18,F
01BC:  BRA    0176
....................           
....................       } 
....................       for (i=0;i<16;i++) 
01BE:  CLRF   18
01C0:  MOVF   18,W
01C2:  SUBLW  0F
01C4:  BNC   01EE
....................       { 
....................          xuat_32led_don_2word(zp,zt); 
01C6:  MOVFF  21,23
01CA:  MOVFF  20,22
01CE:  MOVFF  1F,25
01D2:  MOVFF  1E,24
01D6:  RCALL  0148
....................          delay_ms(30); 
01D8:  MOVLW  1E
01DA:  MOVWF  22
01DC:  RCALL  00F4
....................          zp= (zp<<1); 
01DE:  BCF    FD8.0
01E0:  RLCF   20,F
01E2:  RLCF   21,F
....................          zt= (zt>>1); 
01E4:  BCF    FD8.0
01E6:  RRCF   1F,F
01E8:  RRCF   1E,F
01EA:  INCF   18,F
01EC:  BRA    01C0
....................       } 
01EE:  INCF   19,F
01F0:  BRA    016E
....................     
....................    } 
01F2:  GOTO   02CC (RETURN)
....................  
.................... } 
....................  
....................  
.................... void sang_tat_dan_trong_ra_32led_2lan() 
.................... { 
....................    for(j=0;j<2;j++) 
01F6:  CLRF   19
01F8:  MOVF   19,W
01FA:  SUBLW  01
01FC:  BNC   027C
....................    { 
....................       for (i=0;i<16;i++) 
01FE:  CLRF   18
0200:  MOVF   18,W
0202:  SUBLW  0F
0204:  BNC   0248
....................       { 
....................          xuat_32led_don_2word(zp,zt); 
0206:  MOVFF  21,23
020A:  MOVFF  20,22
020E:  MOVFF  1F,25
0212:  MOVFF  1E,24
0216:  RCALL  0148
....................          delay_ms(30); 
0218:  MOVLW  1E
021A:  MOVWF  22
021C:  RCALL  00F4
....................          zt= (zt<<1)+1; 
021E:  BCF    FD8.0
0220:  RLCF   1E,W
0222:  MOVWF  22
0224:  RLCF   1F,W
0226:  MOVWF  23
0228:  MOVLW  01
022A:  ADDWF  22,W
022C:  MOVWF  1E
022E:  MOVLW  00
0230:  ADDWFC 23,W
0232:  MOVWF  1F
....................          zp= (zp>>1)+0x8000; 
0234:  BCF    FD8.0
0236:  RRCF   21,W
0238:  MOVWF  23
023A:  RRCF   20,W
023C:  MOVWF  20
023E:  MOVLW  80
0240:  ADDWF  23,W
0242:  MOVWF  21
0244:  INCF   18,F
0246:  BRA    0200
....................           
....................       } 
....................       for (i=0;i<16;i++) 
0248:  CLRF   18
024A:  MOVF   18,W
024C:  SUBLW  0F
024E:  BNC   0278
....................       { 
....................          xuat_32led_don_2word(zp,zt); 
0250:  MOVFF  21,23
0254:  MOVFF  20,22
0258:  MOVFF  1F,25
025C:  MOVFF  1E,24
0260:  RCALL  0148
....................          delay_ms(30); 
0262:  MOVLW  1E
0264:  MOVWF  22
0266:  RCALL  00F4
....................          zp= (zp>>1); 
0268:  BCF    FD8.0
026A:  RRCF   21,F
026C:  RRCF   20,F
....................          zt= (zt<<1); 
026E:  BCF    FD8.0
0270:  RLCF   1E,F
0272:  RLCF   1F,F
0274:  INCF   18,F
0276:  BRA    024A
....................       } 
0278:  INCF   19,F
027A:  BRA    01F8
....................     
....................    } 
027C:  GOTO   02D0 (RETURN)
....................  
.................... } 
....................  
....................  
.................... void main() 
0280:  CLRF   FF8
0282:  BCF    FD0.7
0284:  BSF    FB8.3
0286:  MOVLW  08
0288:  MOVWF  FAF
028A:  MOVLW  02
028C:  MOVWF  FB0
028E:  MOVLW  A6
0290:  MOVWF  FAC
0292:  MOVLW  90
0294:  MOVWF  FAB
0296:  CLRF   04
0298:  CLRF   0B
029A:  CLRF   0C
029C:  CLRF   0D
029E:  CLRF   0E
02A0:  CLRF   17
02A2:  MOVF   FC1,W
02A4:  ANDLW  C0
02A6:  IORLW  0F
02A8:  MOVWF  FC1
02AA:  MOVLW  07
02AC:  MOVWF  FB4
02AE:  SETF   0F
02B0:  SETF   10
02B2:  SETF   11
02B4:  SETF   12
02B6:  SETF   13
02B8:  SETF   14
02BA:  SETF   15
02BC:  SETF   16
.................... { 
....................    set_up_port_ic_chot(); 
02BE:  BRA    0098
....................    y=0x00000000; 
02C0:  CLRF   1D
02C2:  CLRF   1C
02C4:  CLRF   1B
02C6:  CLRF   1A
....................    while (true) 
....................    { 
....................       sang_tat_32led_5lan(); 
02C8:  RCALL  011A
....................       sang_tat_dan_ngoai_vao_32led_2lan(); 
02CA:  BRA    016C
....................       sang_tat_32led_5lan(); 
02CC:  RCALL  011A
....................       sang_tat_dan_trong_ra_32led_2lan(); 
02CE:  BRA    01F6
02D0:  BRA    02C8
....................        
....................    } 
....................  
.................... } 
02D2:  SLEEP 

Configuration Fuses:
   Word  1: CC27   PLL12 CPUDIV1 USBDIV HS FCMEN IESO
   Word  2: 1E3E   PUT BROWNOUT BORV21 VREGEN NOWDT WDT32768
   Word  3: 8700   CCP2C1 PBADEN LPT1OSC MCLR
   Word  4: 00A1   STVREN NOLVP ICSP2 NOXINST NODEBUG
   Word  5: C00F   NOPROTECT NOCPB NOCPD
   Word  6: E00F   NOWRT NOWRTC NOWRTB NOWRTD
   Word  7: 400F   NOEBTR NOEBTRB
