
ROM used:   1262/32768 (4%)
            1262/32768 (4%) including unused fragments

            0.8 Average locations per line
            3.7 Average locations per statement

RAM used:   48/2048 (2%) at main() level
            54/2048 (3%) worst case

Stack used: 7 worst case (6 in main + 1 for interrupts)
Stack size: 31

Lines Stmts  %   Files
----- ----- ---  -----
  142   106  31  BAI_515_GIO_PHUT_GIAY_KEY.c
  627   233  69  tv_pickit2_shift_1.c
  837     0   0  ..\..\..\..\Program Files (x86)\PICC\Devices\18F4550.H
----- -----
 1606   339 Total

Page ROM  %  RAM   Vol Diff  Functions:
---- --- --- ---   --- ----  ----------
0     42   2    0             @const681
0     38   2    2   234  4.3  XUAT_1BYTE
0     22   1    4   131  2.8  xuat_1word
0     88   3    0   396  1.4  xoa_tat_6module
0     58   2    0   253  2.3  SET_UP_PORT_IC_CHOT
0     36   1    3   106  2.1  XUAT_8LED_7DOAN_QUET_1
0     10   0    0    25  1.2  XUAT_8LED_7DOAN_QUET_TAT_LED
0     34   1    0             @const755
0     52   2    3   123  2.6  XUAT_8LED_7DOAN_QUET_2
0     74   3    1   178  4.9  HIEN_THI_8LED_7DOAN_QUET
0     16   1    0    29  1.2  interrupt_timer1
0    196   8    1   654  5.3  giai_ma_gan_cho_8led_quet
0     72   3    4   100  3.2  @DIVS88
0     16   1    0    66  2.6  delay_hienthi
0     38   2    0   216  4.4  phim_mod
0     86   3    0   530  7.5  phim_up
0     86   3    0   530  7.5  phim_dw
0    152   6    0   650  5.7  MAIN
 Inline         0             @cinit1

Program metrics:
    Functions               16
    Statements              339
    Comments                288
    Volume (V)              7205
    Difficulty (D)          60.4
    Effort to implement (E) 434985
    Time to implement (T)   6 hours, 43 minutes
    Est Delivered Bugs (B)  2
    Cyclomatic Complexity   36
    Maintainability (MI)    104

 Segment     Used  Free
-----------  ----  ----
00000-00002     4  0  
00004-00006     0  4  
00008-00094   142  0  
00096-07FFE  1116  31502  



