
ROM used:   1274/32768 (4%)
            1274/32768 (4%) including unused fragments

            0.8 Average locations per line
            4.5 Average locations per statement

RAM used:   31/2048 (2%) at main() level
            44/2048 (2%) worst case

Stack used: 7 worst case (7 in main + 0 for interrupts)
Stack size: 31

Lines Stmts  %   Files
----- ----- ---  -----
   40    27   9  BAI_644_LCD_DEM_SP_KTL.c
  627   233  82  tv_pickit2_shift_1.c
  837     0   0  ..\..\..\..\Program Files (x86)\PICC\Devices\18F4550.H
  112    25   9  tv_pickit2_shift_lcd.c
----- -----
 1616   285 Total

Page ROM  %  RAM   Vol Diff  Functions:
---- --- --- ---   --- ----  ----------
0     40   2    1             @delay_ms1
0     38   1    2   234  4.3  XUAT_1BYTE
0     22   1    4   131  2.8  xuat_1word
0     88   3    0   396  1.4  xoa_tat_6module
0     58   2    0   253  2.3  SET_UP_PORT_IC_CHOT
0     66   3    5   465  4.8  @DIV1616
0     36   1    0   106  1.3  XUAT_GLCD_LCD
0     16   1    2    80  2.7  XUAT_LCD20X4
0     26   1    1   102  2.1  LCD_XUAT_8BIT
0     22   1    1    61  1.6  LCD_COMMAND
0     22   1    1    61  1.6  LCD_DATA
0     72   3    0   245  1.8  SETUP_LCD
0     82   3    0   372  5.6  @const816
0     80   3    0   147  3.7  @const824
0     20   1    0    82  2.1  @const830
0     26   1    3   147  3.7  LCD_GOTO_XY
0    106   4    5   255  5.5  lcd_hienthi_so_z_toado_xy
0     76   3    2   656  8.1  @MUL88
0    308  12    2   690  7.1  MAIN
0     14   1    0   204  4.4  @const847
0     32   1    2   354  4.6  @PSTRINGC_813
0     20   1    0   476  3.8  @const849
 Inline         0   898  7.6  @cinit1

Program metrics:
    Functions               22
    Statements              285
    Comments                331
    Volume (V)              11458
    Difficulty (D)          83.2
    Effort to implement (E) 952822
    Time to implement (T)   14 hours, 42 minutes
    Est Delivered Bugs (B)  3
    Cyclomatic Complexity   26
    Maintainability (MI)    83

 Segment     Used  Free
-----------  ----  ----
00000-00002     4  0  
00004-07FFE  1270  31494  



