
ROM used:   1034/32768 (3%)
            1034/32768 (3%) including unused fragments

            0.6 Average locations per line
            3.4 Average locations per statement

RAM used:   263/2048 (13%) at main() level
            269/2048 (13%) worst case

Stack used: 6 worst case (6 in main + 0 for interrupts)
Stack size: 31

Lines Stmts  %   Files
----- ----- ---  -----
   72    47  15  BAI_606_LCD_HT_2HANG_DICH_2C_1HANG.c
  627   233  76  tv_pickit2_shift_1.c
  837     0   0  ..\..\..\..\Program Files (x86)\PICC\Devices\18F4550.H
  112    25   8  tv_pickit2_shift_lcd.c
----- -----
 1648   305 Total

Page ROM  %  RAM   Vol Diff  Functions:
---- --- --- ---   --- ----  ----------
0     40   2    1             @delay_ms1
0     42   2    2   234  4.3  XUAT_1BYTE
0     22   1    4   131  2.8  xuat_1word
0    112   5    0   396  1.4  xoa_tat_6module
0     58   3    0   253  2.3  SET_UP_PORT_IC_CHOT
0     36   2    0   106  1.3  XUAT_GLCD_LCD
0     20   1    2    80  2.7  XUAT_LCD20X4
0     26   1    1   102  2.1  LCD_XUAT_8BIT
0     22   1    1    61  1.6  LCD_COMMAND
0     22   1    1    61  1.6  LCD_DATA
0     92   4    0   245  1.8  SETUP_LCD
0    538  26    1  1469  6.9  MAIN
 Inline         0   341  3.3  @cinit1

Program metrics:
    Functions               12
    Statements              305
    Comments                330
    Volume (V)              5446
    Difficulty (D)          32.6
    Effort to implement (E) 177468
    Time to implement (T)   2 hours, 44 minutes
    Est Delivered Bugs (B)  1
    Cyclomatic Complexity   11
    Maintainability (MI)    135

 Segment     Used  Free
-----------  ----  ----
00000-00002     4  0  
00004-07FFE  1030  31734  



