
ROM used:   534/32768 (2%)
            534/32768 (2%) including unused fragments

            0.3 Average locations per line
            1.9 Average locations per statement

RAM used:   30/2048 (1%) at main() level
            44/2048 (2%) worst case

Stack used: 4 worst case (4 in main + 0 for interrupts)
Stack size: 31

Lines Stmts  %   Files
----- ----- ---  -----
   66    41  15  BAI_314_TONGHOP_32LED.c
  627   233  85  tv_pickit2_shift_1.c
  837     0   0  ..\..\..\..\Program Files (x86)\PICC\Devices\18F4550.H
----- -----
 1530   274 Total

Page ROM  %  RAM   Vol Diff  Functions:
---- --- --- ---   --- ----  ----------
0     38   4    1             @delay_ms1
0     38   4    2   234  4.3  XUAT_1BYTE
0     34   3    4   160  1.8  XUAT_32LED_DON_4BYTE
0     36   3    8   245  3.1  XUAT_32LED_DON_2WORD
0     44   4    0   183  3.1  chop_tat_5_lan
0    118  11    2   380  5.6  NVT
0    116  11    2   359  5.1  TRN
0    106  10    0   197  4.0  MAIN
 Inline         0             @cinit1

Program metrics:
    Functions               7
    Statements              274
    Comments                282
    Volume (V)              2726
    Difficulty (D)          27.0
    Effort to implement (E) 73470
    Time to implement (T)   1 hours, 8 minutes
    Est Delivered Bugs (B)  1
    Cyclomatic Complexity   9
    Maintainability (MI)    60

 Segment     Used  Free
-----------  ----  ----
00000-00002     4  0  
00004-07FFE   530  32234  



