
ROM used:   898/32768 (3%)
            898/32768 (3%) including unused fragments

            0.5 Average locations per line
            3.2 Average locations per statement

RAM used:   26/2048 (1%) at main() level
            35/2048 (2%) worst case

Stack used: 7 worst case (7 in main + 0 for interrupts)
Stack size: 31

Lines Stmts  %   Files
----- ----- ---  -----
   68    27   9  BAI_633_LCD_3KYTU.c
  627   233  82  tv_pickit2_shift_1.c
  837     0   0  ..\..\..\..\Program Files (x86)\PICC\Devices\18F4550.H
  114    25   9  tv_pickit2_shift_lcd.c
----- -----
 1646   285 Total

Page ROM  %  RAM   Vol Diff  Functions:
---- --- --- ---   --- ----  ----------
0     40   2    1             @delay_ms1
0     38   2    2   234  4.3  XUAT_1BYTE
0     22   1    4   131  2.8  xuat_1word
0     88   5    0   396  1.4  xoa_tat_6module
0     58   3    0   253  2.3  SET_UP_PORT_IC_CHOT
0     36   2    0   106  1.3  XUAT_GLCD_LCD
0     16   1    2    80  2.7  XUAT_LCD20X4
0     26   1    1   102  2.1  LCD_XUAT_8BIT
0     22   1    1    61  1.6  LCD_COMMAND
0     22   1    1    61  1.6  LCD_DATA
0     72   4    0   245  1.8  SETUP_LCD
0     20   1    0   179  2.2  @const830
0     26   1    3   147  3.7  LCD_GOTO_XY
0     24   1    0    61  1.6  @const835
0     24   1    0   245  1.8  @const838
0     24   1    0             @const841
0     62   3    1   165  4.0  show_heart
0     64   4    1   165  4.0  hien_hinh_thoi
0     64   4    1   165  4.0  hien_hinh_vuong
0     92   5    0   132  2.0  MAIN
0     20   1    0    82  2.1  @const851
0     34   2    2   255  5.5  @PSTRINGC_813
 Inline         0             @cinit1

Program metrics:
    Functions               20
    Statements              285
    Comments                370
    Volume (V)              6192
    Difficulty (D)          52.9
    Effort to implement (E) 327488
    Time to implement (T)   5 hours, 3 minutes
    Est Delivered Bugs (B)  2
    Cyclomatic Complexity   6
    Maintainability (MI)    117

 Segment     Used  Free
-----------  ----  ----
00000-00002     4  0  
00004-07FFE   894  31870  



