
ROM used:   1344/32768 (4%)
            1344/32768 (4%) including unused fragments

            0.9 Average locations per line
            4.3 Average locations per statement

RAM used:   47/2048 (2%) at main() level
            53/2048 (3%) worst case

Stack used: 5 worst case (4 in main + 1 for interrupts)
Stack size: 31

Lines Stmts  %   Files
----- ----- ---  -----
  117    83  26  BAi_516_GIO_PHUT_GIAY_KEY_CAITIEN.c
  627   233  74  tv_pickit2_shift_1.c
  837     0   0  ..\..\..\..\Program Files (x86)\PICC\Devices\18F4550.H
----- -----
 1581   316 Total

Page ROM  %  RAM   Vol Diff  Functions:
---- --- --- ---   --- ----  ----------
0     42   2    2   195  4.8  PHIM_BT0
0     42   2    2   195  4.8  PHIM_BT1
0     42   2    2   195  4.8  PHIM_BT2
0     42   2    0             @const681
0     38   1    2   234  4.3  XUAT_1BYTE
0     22   1    4   131  2.8  xuat_1word
0     88   3    0   396  1.4  xoa_tat_6module
0     58   2    0   253  2.3  SET_UP_PORT_IC_CHOT
0     36   1    3   106  2.1  XUAT_8LED_7DOAN_QUET_1
0     10   0    0    25  1.2  XUAT_8LED_7DOAN_QUET_TAT_LED
0     34   1    0             @const755
0     52   2    3   123  2.6  XUAT_8LED_7DOAN_QUET_2
0     76   3    1   178  4.9  HIEN_THI_8LED_7DOAN_QUET
0     16   1    0    29  1.2  interrupt_timer1
0    198   7    1   654  5.3  giai_ma_gan_cho_8led_quet
0     72   3    4   100  3.2  @DIVS88
0     30   1    0    80  2.7  phim_mod
0     74   3    0   362  5.9  phim_up
0     74   3    0   362  5.9  phim_dw
0    152   6    0   650  5.7  MAIN
 Inline         0   650  5.7  @cinit1

Program metrics:
    Functions               19
    Statements              316
    Comments                284
    Volume (V)              8684
    Difficulty (D)          73.7
    Effort to implement (E) 640093
    Time to implement (T)   9 hours, 53 minutes
    Est Delivered Bugs (B)  2
    Cyclomatic Complexity   42
    Maintainability (MI)    79

 Segment     Used  Free
-----------  ----  ----
00000-00002     4  0  
00004-00006     0  4  
00008-00094   142  0  
00096-07FFE  1198  31420  



