
ROM used:   658/32768 (2%)
            658/32768 (2%) including unused fragments

            0.4 Average locations per line
            2.3 Average locations per statement

RAM used:   27/2048 (1%) at main() level
            33/2048 (2%) worst case

Stack used: 4 worst case (4 in main + 0 for interrupts)
Stack size: 31

Lines Stmts  %   Files
----- ----- ---  -----
   15     7   2  BAI_332_MATRANPHIM_LEDDON.c
  627   233  80  tv_pickit2_shift_1.c
  837     0   0  ..\..\..\..\Program Files (x86)\PICC\Devices\18F4550.H
   62    52  18  tv_pickit2_shift_key4x4_138.c
----- -----
 1541   292 Total

Page ROM  %  RAM   Vol Diff  Functions:
---- --- --- ---   --- ----  ----------
0     38   3    1             @delay_ms1
0     38   3    2   234  4.3  XUAT_1BYTE
0     36   3    4   160  1.8  XUAT_32LED_DON_4BYTE
0     22   2    4   131  2.8  xuat_1word
0     88   7    0   396  1.4  xoa_tat_6module
0     58   4    0   253  2.3  SET_UP_PORT_IC_CHOT
0     20   2    0   145  3.5  @const804
0    128  10    4   656  8.1  KEY_NHAN
0     76   6    2             @MUL88
0     50   4    0   204  4.4  KEY_4X4_DW
0    100   8    0   149  3.5  MAIN
 Inline         0             @cinit1

Program metrics:
    Functions               9
    Statements              292
    Comments                289
    Volume (V)              3711
    Difficulty (D)          32.0
    Effort to implement (E) 118630
    Time to implement (T)   1 hours, 50 minutes
    Est Delivered Bugs (B)  1
    Cyclomatic Complexity   11
    Maintainability (MI)    113

 Segment     Used  Free
-----------  ----  ----
00000-00002     4  0  
00004-07FFE   654  32110  



