
ROM used:   1778/32768 (5%)
            1778/32768 (5%) including unused fragments

            0.9 Average locations per line
            4.0 Average locations per statement

RAM used:   38/2048 (2%) at main() level
            48/2048 (2%) worst case

Stack used: 9 worst case (9 in main + 0 for interrupts)
Stack size: 31

Lines Stmts  %   Files
----- ----- ---  -----
  191   106  24  BAI_802_I2C_RT_LCD_3KEY.c
  705   244  55  TV_PICKIT2_SHIFT_1_proteus.c
  837     0   0  ..\..\..\..\Program Files (x86)\PICC\Devices\18F4550.H
   95    66  15  TV_PICKIT2_SHIFT_DS1307_I2C.c
  117    25   6  TV_PICKIT2_SHIFT_LCD.c
----- -----
 1945   441 Total

Page ROM  %  RAM   Vol Diff  Functions:
---- --- --- ---   --- ----  ----------
0     38   1    1             @delay_ms1
0    102   3    3             @I2C_READ_1
0    108   3    1             @I2C_WRITE_1
0     42   1    3   271  4.3  XUAT_1BYTE
0     30   1    0   152  1.8  SET_UP_PORT_IC_CHOT
0     48   1    0   119  1.7  MO_IC_74573_A_THONG_DL
0     44   1    0   172  1.8  XUAT_GLCD_LCD
0     16   0    2    80  2.7  XUAT_LCD20X4
0     26   1    1   102  2.1  LCD_XUAT_8BIT
0     22   1    1    61  1.6  LCD_COMMAND
0     22   1    1    61  1.6  LCD_DATA
0     72   2    0   245  1.8  SETUP_LCD
0     20   1    0   706  7.6  @const827
0     28   1    3   147  3.7  LCD_GOTO_XY
0     38   1    0   174  1.8  THIET_LAP_THOI_GIAN_HIEN_TAI
0    134   4    0   253  1.4  NAP_THOI_GIAN_HTAI_VAO_DS13B07
0    214   6    0   351  1.9  DOC_THOI_GIAN_TU_REALTIME
0    268   8    1   944  3.4  HIEN_THI_THOI_GIAN_DS13B07
0      6   0    0   121  1.7  @const847
0     32   1    2   944  3.4  @PSTRINGC_810
0     18   1    1    42  1.4  HIEN_THI_GIA_TRI_MOD
0     42   1    0   219  4.8  PHIM_MOD
0     24   1    2   160  4.5  HIEU_CHINH_SO_BCD_TANG
0     24   1    2   160  4.5  HIEU_CHINH_SO_BCD_GIAM
0      6   0    0    21  1.0  LUU_GIAI_MA_HIEN_THI_SAU_KHI_CHINH
0    122   3    0   706  7.6  PHIM_UP
0    122   3    0   706  7.6  PHIM_DW
0     98   3    0   315  3.1  MAIN
0      8   0    0   706  7.6  @const864
 Inline         0   497  4.6  @cinit1

Program metrics:
    Functions               27
    Statements              441
    Comments                381
    Volume (V)              15343
    Difficulty (D)          91.3
    Effort to implement (E) 1400746
    Time to implement (T)   21 hours, 37 minutes
    Est Delivered Bugs (B)  4
    Cyclomatic Complexity   51
    Maintainability (MI)    70

 Segment     Used  Free
-----------  ----  ----
00000-00002     4  0  
00004-07FFE  1774  30990  



