
ROM used:   926/32768 (3%)
            926/32768 (3%) including unused fragments

            0.6 Average locations per line
            3.2 Average locations per statement

RAM used:   29/2048 (1%) at main() level
            42/2048 (2%) worst case

Stack used: 7 worst case (7 in main + 0 for interrupts)
Stack size: 31

Lines Stmts  %   Files
----- ----- ---  -----
   29    17   6  BAI_641_LCD_SO_0.c
  705   244  85  tv_pickit2_shift_1_proteus.c
  837     0   0  ..\..\..\..\Program Files (x86)\PICC\Devices\18F4550.H
  112    25   9  tv_pickit2_shift_lcd.c
----- -----
 1683   286 Total

Page ROM  %  RAM   Vol Diff  Functions:
---- --- --- ---   --- ----  ----------
0     40   2    1             @delay_ms1
0     42   2    3   271  4.3  XUAT_1BYTE
0     30   2    0   152  1.8  SET_UP_PORT_IC_CHOT
0     48   3    0   119  1.7  MO_IC_74573_A_THONG_DL
0     44   2    0   172  1.8  XUAT_GLCD_LCD
0     16   1    2    80  2.7  XUAT_LCD20X4
0     26   1    1   102  2.1  LCD_XUAT_8BIT
0     22   1    1    61  1.6  LCD_COMMAND
0     22   1    1    61  1.6  LCD_DATA
0     72   4    0   245  1.8  SETUP_LCD
0     82   4    0    61  1.6  @const813
0     80   4    0             @const821
0     20   1    0             @const827
0     26   1    3   147  3.7  LCD_GOTO_XY
0     98   5    5   255  5.5  lcd_hienthi_so_z_toado_xy
0     76   4    2    82  2.1  @MUL88
0    122   7    1   272  4.4  MAIN
0     22   1    0   132  2.0  @const843
0     34   2    2   272  4.4  @PSTRINGC_810
 Inline         0   165  4.0  @cinit1

Program metrics:
    Functions               17
    Statements              286
    Comments                379
    Volume (V)              4909
    Difficulty (D)          46.8
    Effort to implement (E) 229629
    Time to implement (T)   3 hours, 33 minutes
    Est Delivered Bugs (B)  1
    Cyclomatic Complexity   6
    Maintainability (MI)    139

 Segment     Used  Free
-----------  ----  ----
00000-00002     4  0  
00004-07FFE   922  31842  



