
ROM used:   634/32768 (2%)
            634/32768 (2%) including unused fragments

            0.4 Average locations per line
            2.4 Average locations per statement

RAM used:   25/2048 (1%) at main() level
            33/2048 (2%) worst case

Stack used: 6 worst case (6 in main + 0 for interrupts)
Stack size: 31

Lines Stmts  %   Files
----- ----- ---  -----
   23    10   4  BAI_604_LCD_HT_2HANG_DICH_TRAI.c
  627   233  87  tv_pickit2_shift_1.c
  837     0   0  ..\..\..\..\Program Files (x86)\PICC\Devices\18F4550.H
  112    25   9  tv_pickit2_shift_lcd.c
----- -----
 1599   268 Total

Page ROM  %  RAM   Vol Diff  Functions:
---- --- --- ---   --- ----  ----------
0     38   3    1             @delay_ms1
0     38   3    2   234  4.3  XUAT_1BYTE
0     22   2    4   131  2.8  xuat_1word
0     88   7    0   396  1.4  xoa_tat_6module
0     58   5    0   253  2.3  SET_UP_PORT_IC_CHOT
0     36   3    0   106  1.3  XUAT_GLCD_LCD
0     16   1    2    80  2.7  XUAT_LCD20X4
0     26   2    1   102  2.1  LCD_XUAT_8BIT
0     22   2    1    61  1.6  LCD_COMMAND
0     24   2    1    61  1.6  LCD_DATA
0     72   6    0   245  1.8  SETUP_LCD
0    114   9    0   161  1.7  MAIN
0     22   2    0   341  3.3  @const838
0     32   3    2   154  3.0  @PSTRINGC_813
0     22   2    0    93  2.9  @const840
 Inline         0   584  5.7  @cinit1

Program metrics:
    Functions               15
    Statements              268
    Comments                331
    Volume (V)              5266
    Difficulty (D)          39.0
    Effort to implement (E) 205328
    Time to implement (T)   3 hours, 10 minutes
    Est Delivered Bugs (B)  1
    Cyclomatic Complexity   7
    Maintainability (MI)    136

 Segment     Used  Free
-----------  ----  ----
00000-00002     4  0  
00004-07FFE   630  32134  



