
ROM used:   742/32768 (2%)
            742/32768 (2%) including unused fragments

            0.5 Average locations per line
            2.7 Average locations per statement

RAM used:   144/2048 (7%) at main() level
            150/2048 (7%) worst case

Stack used: 6 worst case (6 in main + 0 for interrupts)
Stack size: 31

Lines Stmts  %   Files
----- ----- ---  -----
   37    22   8  BAI_605_LCD_HT_2HANG_DICH_PHAI_1HANG.c
  627   233  83  tv_pickit2_shift_1.c
  837     0   0  ..\..\..\..\Program Files (x86)\PICC\Devices\18F4550.H
  112    25   9  tv_pickit2_shift_lcd.c
----- -----
 1613   280 Total

Page ROM  %  RAM   Vol Diff  Functions:
---- --- --- ---   --- ----  ----------
0     38   3    1             @delay_ms1
0     38   3    2   234  4.3  XUAT_1BYTE
0     22   1    4   131  2.8  xuat_1word
0     88   6    0   396  1.4  xoa_tat_6module
0     58   4    0   253  2.3  SET_UP_PORT_IC_CHOT
0     36   2    0   106  1.3  XUAT_GLCD_LCD
0     16   1    2    80  2.7  XUAT_LCD20X4
0     26   2    1   102  2.1  LCD_XUAT_8BIT
0     22   1    1    61  1.6  LCD_COMMAND
0     22   1    1    61  1.6  LCD_DATA
0     72   5    0   245  1.8  SETUP_LCD
0    300  20    1   598  6.2  MAIN
 Inline         0             @cinit1

Program metrics:
    Functions               11
    Statements              280
    Comments                325
    Volume (V)              3734
    Difficulty (D)          28.3
    Effort to implement (E) 105489
    Time to implement (T)   1 hours, 38 minutes
    Est Delivered Bugs (B)  1
    Cyclomatic Complexity   5
    Maintainability (MI)    130

 Segment     Used  Free
-----------  ----  ----
00000-00002     4  0  
00004-07FFE   738  32026  



