
ROM used:   928/32768 (3%)
            928/32768 (3%) including unused fragments

            0.6 Average locations per line
            3.2 Average locations per statement

RAM used:   30/2048 (1%) at main() level
            44/2048 (2%) worst case

Stack used: 8 worst case (8 in main + 0 for interrupts)
Stack size: 31

Lines Stmts  %   Files
----- ----- ---  -----
   86    34  12  BAI_636_LCD_APPLE_DICHUYEN.c
  627   233  80  tv_pickit2_shift_1.c
  837     0   0  ..\..\..\..\Program Files (x86)\PICC\Devices\18F4550.H
  112    25   9  tv_pickit2_shift_lcd.c
----- -----
 1662   292 Total

Page ROM  %  RAM   Vol Diff  Functions:
---- --- --- ---   --- ----  ----------
0     38   2    1             @delay_ms1
0     38   2    2   234  4.3  XUAT_1BYTE
0     22   1    4   131  2.8  xuat_1word
0     88   5    0   396  1.4  xoa_tat_6module
0     58   3    0   253  2.3  SET_UP_PORT_IC_CHOT
0     36   2    0   106  1.3  XUAT_GLCD_LCD
0     16   1    2    80  2.7  XUAT_LCD20X4
0     26   1    1   102  2.1  LCD_XUAT_8BIT
0     22   1    1    61  1.6  LCD_COMMAND
0     22   1    1    61  1.6  LCD_DATA
0     72   4    0   245  1.8  SETUP_LCD
0     20   1    0             @const830
0     26   1    3   147  3.7  LCD_GOTO_XY
0     24   1    0   428  4.6  @const835
0     24   1    0   364  4.5  @const838
0     62   3    3   194  4.3  hien_hinh_cn_nho
0     60   3    3   194  4.3  hien_hinh_cn_lon
0     94   5    4   295  2.9  hien_cot_song_dien_thoai
0    176   9    1   404  5.2  MAIN
 Inline         0             @cinit1

Program metrics:
    Functions               17
    Statements              292
    Comments                360
    Volume (V)              6617
    Difficulty (D)          51.1
    Effort to implement (E) 338350
    Time to implement (T)   5 hours, 13 minutes
    Est Delivered Bugs (B)  2
    Cyclomatic Complexity   8
    Maintainability (MI)    131

 Segment     Used  Free
-----------  ----  ----
00000-00002     4  0  
00004-07FFE   924  31840  



