CCS PCH C Compiler, Version 5.015, 5967               01-Nov-22 08:33

               Filename:   C:\Users\NguyenMinhTri\Desktop\TT VXL\BAI_412_DEM_XUNG_T0_XOA_SO0_VN_BOSUNG.lst

               ROM used:   802 bytes (2%)
                           Largest free fragment is 31966
               RAM used:   31 (2%) at main() level
                           37 (2%) worst case
               Stack used: 4 locations
               Stack size: 31

*
0000:  GOTO   0238
.................... #include<tv_pickit2_shift_1.c> 
.................... #INCLUDE    <18F4550.H> 
.................... //////////// Standard Header file for the PIC18F4550 device //////////////// 
.................... /////////////////////////////////////////////////////////////////////////// 
.................... ////        (C) Copyright 1996, 2013 Custom Computer Services          //// 
.................... //// This source code may only be used by licensed users of the CCS C  //// 
.................... //// compiler.  This source code may only be distributed to other      //// 
.................... //// licensed users of the CCS C compiler.  No other use, reproduction //// 
.................... //// or distribution is permitted without written permission.          //// 
.................... //// Derivative programs created using this software in object code    //// 
.................... //// form are not restricted in any way.                               //// 
.................... /////////////////////////////////////////////////////////////////////////// 
.................... #device PIC18F4550 
0004:  CLRF   FF7
0006:  ADDLW  14
0008:  MOVWF  FF6
000A:  MOVLW  00
000C:  ADDWFC FF7,F
000E:  TBLRD*+
0010:  MOVF   FF5,W
0012:  RETURN 0
0014:  DATA C0,F9
0016:  DATA A4,B0
0018:  DATA 99,92
001A:  DATA 82,F8
001C:  DATA 80,90
001E:  DATA 88,83
0020:  DATA C6,A1
0022:  DATA 86,8E
*
00F2:  MOVF   1E,W
00F4:  XORWF  1F,W
00F6:  ANDLW  80
00F8:  MOVWF  21
00FA:  BTFSS  1E.7
00FC:  BRA    0102
00FE:  COMF   1E,F
0100:  INCF   1E,F
0102:  BTFSS  1F.7
0104:  BRA    010A
0106:  COMF   1F,F
0108:  INCF   1F,F
010A:  MOVF   1F,W
010C:  CLRF   01
010E:  SUBWF  1E,W
0110:  BC    0118
0112:  MOVFF  1E,00
0116:  BRA    0130
0118:  CLRF   00
011A:  MOVLW  08
011C:  MOVWF  20
011E:  RLCF   1E,F
0120:  RLCF   00,F
0122:  MOVF   1F,W
0124:  SUBWF  00,W
0126:  BTFSC  FD8.0
0128:  MOVWF  00
012A:  RLCF   01,F
012C:  DECFSZ 20,F
012E:  BRA    011E
0130:  BTFSS  21.7
0132:  BRA    0138
0134:  COMF   01,F
0136:  INCF   01,F
0138:  RETURN 0
....................  
.................... #list 
....................  
.................... #DEVICE     ADC=10 
.................... #FUSES      NOWDT,PUT,HS,NOPROTECT,NOLVP,CPUDIV1 
.................... #USE        I2C(MASTER,SLOW,SDA=PIN_B0,SCL=PIN_B1) 
.................... #USE        DELAY(CLOCK=20000000) 
.................... #USE        rs232(baud=9600, xmit=PIN_C6,rcv=PIN_C7) 
.................... //NUT NHAN: 
.................... #DEFINE  BT0     PIN_B5 
.................... #DEFINE  BT1     PIN_B4 
.................... #DEFINE  BT2     PIN_B3 
.................... #DEFINE  BT3     PIN_B2 
....................  
.................... #DEFINE  ON      BT0       //DK LED DON, MOTOR 
.................... #DEFINE  OFF     BT1 
.................... #DEFINE  INV     BT2 
....................  
.................... #DEFINE  UP      BT0    //DK LED DON 
.................... #DEFINE  DW      BT1 
.................... #DEFINE  CLR     BT2 
.................... #DEFINE  MOD     BT3 
....................  
.................... #DEFINE  STOP    BT3 
....................  
.................... #DEFINE  ON1     BT0      
.................... #DEFINE  OFF1    BT1 
.................... #DEFINE  ON2     BT2        
.................... #DEFINE  OFF2    BT3 
....................  
....................  
.................... //XXXXXXXXXXXXXXXXXXXXXXXXXXXXXXXXXXXXXXXXXXXXXXXXX 
.................... //XXXXXXXXXXXXXXXXXXXXXXXXXXXXXXXXXXXXXXXXXXXXXXXXX 
.................... #DEFINE      SSDO             PIN_E2         //CHUNG TAT CA 
.................... #DEFINE      SSCK             PIN_E0         //CHUNG TAT CA 
....................  
.................... #DEFINE      G_ALL            PIN_D0         //A - 4 BYTE 
.................... #DEFINE      RCK_LCD20X4      PIN_D2         //A - 2 BYTE DAO 
.................... #DEFINE      RCK_BUZERELAY    PIN_D3     //B - 1 BYTE  
.................... #DEFINE      RCK_32LED        PIN_D4         //A - 4 BYTE 
.................... #DEFINE      RCK_8LEDQUET     PIN_D5         //B - 2 BYTE DAO 
.................... #DEFINE      RCK_4LED7DOAN    PIN_D6         //A - 4 BYTE 
.................... #DEFINE      RCK_MATRANLED    PIN_D7         //B - 3 BYTE DAO 
....................  
.................... VOID XUAT_LCD20X4(UNSIGNED INT8 LCD_SIGNAL,LCD_INS_HTHI); 
.................... VOID XUAT_BUZZER_RELAY(); 
....................  
.................... //XXXXXXXXXXXXXXXXXXXXXXXXXXXXXXXXXXXXXXXXXXXX 
.................... //CHUONG TRINH KIEM TRA PHIM BT1 
.................... //XXXXXXXXXXXXXXXXXXXXXXXXXXXXXXXXXXXXXXXXXXXX 
.................... UNSIGNED INT8 DL_BTN=0; 
.................... INT1 PHIM_BT0(UNSIGNED INT16 DL) 
.................... {   
....................     IF(!INPUT(BT0)) 
....................     {   
....................       DL_BTN++; 
....................       IF(DL_BTN==1) RETURN(1); 
....................       ELSE 
....................       { 
....................          IF (DL_BTN>= DL) 
....................          DL_BTN = 0; 
....................       } 
....................     } 
....................     ELSE    
....................     { 
....................       RETURN(0); 
....................     } 
.................... }  
.................... //XXXXXXXXXXXXXXXXXXXXXXXXXXXXXXXXXXXXXXXXXXXX 
.................... //CHUONG TRINH KIEM TRA PHIM BT1 
.................... //XXXXXXXXXXXXXXXXXXXXXXXXXXXXXXXXXXXXXXXXXXXX 
.................... INT1 PHIM_BT1(UNSIGNED INT16 DL ) 
.................... {   
....................     IF (!INPUT(BT1)) 
....................     {   
....................       DL_BTN++; 
....................       IF(DL_BTN==1) RETURN(1); 
....................       ELSE 
....................       { 
....................          IF (DL_BTN>= DL) 
....................          DL_BTN =0; 
....................       } 
....................     } 
....................     ELSE    
....................     { 
....................       RETURN(0); 
....................     } 
.................... }  
.................... //XXXXXXXXXXXXXXXXXXXXXXXXXXXXXXXXXXXXXXXXXXXX 
.................... //CHUONG TRINH KIEM TRA PHIM BT2       
.................... //XXXXXXXXXXXXXXXXXXXXXXXXXXXXXXXXXXXXXXXXXXXX                                     
.................... INT1 PHIM_BT2(UNSIGNED INT16 DL ) 
.................... {                                         
....................     IF (!INPUT(BT2)) 
....................     {   
....................       DL_BTN++; 
....................       IF(DL_BTN==1) RETURN(1); 
....................       ELSE 
....................       { 
....................          IF (DL_BTN>= DL) 
....................          DL_BTN =0; 
....................       } 
....................     } 
....................     ELSE    
....................     { 
....................       RETURN(0); 
....................     }                                           
.................... }       
....................  
.................... //XXXXXXXXXXXXXXXXXXXXXXXXXXXXXXXXXXXXXXXXXXXX 
.................... //CHUONG TRINH KIEM TRA PHIM BT3 
.................... //XXXXXXXXXXXXXXXXXXXXXXXXXXXXXXXXXXXXXXXXXXXX 
.................... INT1 PHIM_BT3(UNSIGNED INT16 DL,  UNSIGNED INT8 SOLAN  ) 
.................... {   
....................     IF (!INPUT(BT3)) 
....................     {   
....................       DL_BTN++; 
....................       IF(DL_BTN==1) RETURN(1); 
....................       ELSE 
....................       { 
....................          IF (DL_BTN>= DL) 
....................          DL_BTN =SOLAN; 
....................       } 
....................     } 
....................     ELSE    
....................     { 
....................       //DL_BTN =0; 
....................       RETURN(0); 
....................     } 
.................... }  
.................... //XXXXXXXXXXXXXXXXXXXXXXXXXXXXXXXXXXXXXXXXXXXX 
.................... //KHAI BAO DU LIEU 16 BIT CHO MODULE RELAY, TRIAC, BUZZER, DONG CO 
.................... //XXXXXXXXXXXXXXXXXXXXXXXXXXXXXXXXXXXXXXXXXXXX 
.................... UNSIGNED INT16 RBDC; 
.................... #BIT STEP_MOTOR_ENABLE  = RBDC.0    //1=ENA,0=DIS 
.................... #BIT STEP_MOTOR_IN1     = RBDC.1     
.................... #BIT STEP_MOTOR_IN2     = RBDC.2 
.................... #BIT STEP_MOTOR_IN3     = RBDC.3 
.................... #BIT STEP_MOTOR_IN4     = RBDC.4 
.................... #BIT DC_ENABLE          = RBDC.5    //1=ENA,0=DIS 
.................... #BIT PWRKEY             = RBDC.6    //KHOI TAO SIM900 
....................  
.................... #BIT BUZZER             = RBDC.8    //1=ON,0=OFF 
.................... #BIT TRIAC_1            = RBDC.9    //1=ON,0=OFF 
.................... #BIT TRIAC_2            = RBDC.10   //1=ON,0=OFF 
.................... #BIT RELAY_1            = RBDC.11   //0=ON,1=OFF 
.................... #BIT RELAY_2            = RBDC.12   //0=ON,1=OFF 
....................  
....................  
....................  
.................... //XXXXXXXXXXXXXXXXXXXXXXXXXXXXXXXXXXXXXXXXXXXX    
.................... CONST UNSIGNED CHAR MA7DOAN[16]= {0XC0,0XF9,0xA4,0XB0,0X99,0X92,0X82,0XF8, 
.................... 0X80,0X90,0x88, 0x83, 0xC6, 0xA1, 0x86, 0x8E}; 
.................... #DEFINE     MASO0    0XC0 
.................... #DEFINE     MASO1    0XF9 
.................... #DEFINE     MASO2    0XA4 
.................... #DEFINE     MASO3    0XB0 
.................... #DEFINE     MASO4    0X99 
.................... #DEFINE     MASO5    0X92 
.................... #DEFINE     MASO6    0X82 
.................... #DEFINE     MASO7    0XF8 
....................  
.................... //XXXXXXXXXXXXXXXXXXXXXXXXXXXXXXXXXXXXXXXXXXXX  
.................... //HAM 102 XUAT 1 BYTE RA THANH GHI DICH 
.................... //XXXXXXXXXXXXXXXXXXXXXXXXXXXXXXXXXXXXXXXXXXXX     
.................... VOID XUAT_1BYTE(UNSIGNED INT8 X) 
.................... { 
....................    UNSIGNED INT8 SB;    
....................    #BIT BSERI  = X.7 
....................    FOR(SB=0;SB<8;SB++) 
*
0024:  CLRF   24
0026:  MOVF   24,W
0028:  SUBLW  07
002A:  BNC   0048
....................       {                                                  
....................          OUTPUT_BIT(SSDO,BSERI);     
002C:  BTFSC  23.7
002E:  BRA    0034
0030:  BCF    F8D.2
0032:  BRA    0036
0034:  BSF    F8D.2
0036:  BCF    F96.2
....................          OUTPUT_LOW(SSCK); OUTPUT_HIGH(SSCK); 
0038:  BCF    F96.0
003A:  BCF    F8D.0
003C:  BCF    F96.0
003E:  BSF    F8D.0
....................          X= X<<1;          
0040:  BCF    FD8.0
0042:  RLCF   23,F
0044:  INCF   24,F
0046:  BRA    0026
....................      } 
0048:  RETURN 0
.................... } 
.................... //XXXXXXXXXXXXXXXXXXXXXXXXXXXXXXXXXXXXXXXXXXXX  
.................... //HAM 301 
.................... //XXXXXXXXXXXXXXXXXXXXXXXXXXXXXXXXXXXXXXXXXXXX 
.................... //CHUONG TRINH CON XUAT 4 BYTE RA 32 LED DON 
.................... //XXXXXXXXXXXXXXXXXXXXXXXXXXXXXXXXXXXXXXXXXXXX 
.................... VOID XUAT_32LED_DON_4BYTE(UNSIGNED INT8 BLD3,BLD2,BLD1,BLD0) 
.................... {      
....................       XUAT_1BYTE(BLD3);           
*
019E:  MOVFF  1E,23
01A2:  RCALL  0024
....................       XUAT_1BYTE(BLD2); 
01A4:  MOVFF  1F,23
01A8:  RCALL  0024
....................       XUAT_1BYTE(BLD1);           
01AA:  MOVFF  20,23
01AE:  RCALL  0024
....................       XUAT_1BYTE(BLD0);             
01B0:  MOVFF  21,23
01B4:  RCALL  0024
....................                        
....................       OUTPUT_HIGH(RCK_32LED);     
01B6:  BCF    F95.4
01B8:  BSF    F8C.4
....................       OUTPUT_LOW(RCK_32LED); 
01BA:  BCF    F95.4
01BC:  BCF    F8C.4
01BE:  RETURN 0
....................      
.................... } 
.................... //HAM 302 
.................... //XXXXXXXXXXXXXXXXXXXXXXXXXXXXXXXXXXXXXXXXXXXX 
.................... //CHUONG TRINH CON XUAT 2 WORD 16 BITRA 32 LED DON 
.................... //XXXXXXXXXXXXXXXXXXXXXXXXXXXXXXXXXXXXXXXXXXXX 
.................... VOID XUAT_32LED_DON_2WORD(UNSIGNED INT16 WLD1, UNSIGNED INT16 WLD0) 
.................... {      
....................      UNSIGNED INT8  B3,B2,B1,B0; 
....................      B3 = WLD1>>8;  B2 = WLD1;  
....................      B1 = WLD0>>8;  B0 = WLD0; 
....................      XUAT_32LED_DON_4BYTE(B3,B2,B1,B0); 
.................... } 
.................... //HAM 303 
.................... //XXXXXXXXXXXXXXXXXXXXXXXXXXXXXXXXXXXXXXXXXXXX 
.................... //CHUONG TRINH CON XUAT 1 DOUBLE WORD RA 32 LED DON 
.................... //XXXXXXXXXXXXXXXXXXXXXXXXXXXXXXXXXXXXXXXXXXXX 
.................... VOID XUAT_32LED_DON_1DW(UNSIGNED LONG LONG DWLD) 
.................... {      
....................      UNSIGNED INT16  WD1,WD0; 
....................      WD1 = DWLD>>16;  WD0 = DWLD; 
....................      XUAT_32LED_DON_2WORD(WD1,WD0); 
.................... } 
....................  
.................... //XXXXXXXXXXXXXXXXXXXXXXXXXXXXXXXXXXXXXXXXXXXX     
.................... //XUAT 1 BIT ROI TRA LAI KET QUA SAU KHI DICH DI 1 BIT 
.................... //XXXXXXXXXXXXXXXXXXXXXXXXXXXXXXXXXXXXXXXXXXXX     
.................... UNSIGNED  INT8 XUAT_1BIT(UNSIGNED INT8 BYTEXUAT) 
.................... { 
....................       UNSIGNED INT8   XBITX;    
....................       #BIT BSERIX  = XBITX.0 
....................       XBITX = BYTEXUAT; 
....................                                              
....................       OUTPUT_BIT(SSDO,BSERIX);     
....................       OUTPUT_LOW(SSCK); OUTPUT_HIGH(SSCK); 
....................       XBITX= XBITX>>1;    
....................       RETURN(XBITX);   
.................... } 
.................... //xxxxxxxxxxxxxxxxxxxxxxxxxxxxxxxxxxxxxxxxxxxxxxxxxxxxxxxx     
.................... //ham 103: xuat 1 word ra thanh ghi dich 
.................... //xxxxxxxxxxxxxxxxxxxxxxxxxxxxxxxxxxxxxxxxxxxxxxxxxxxxxxxx     
.................... void xuat_1word(unsigned int16 w) 
.................... {   
....................    unsigned int8 b1,b0; 
....................    b1 = w>>8; b0 = w; 
*
004A:  MOVFF  1F,20
004E:  MOVFF  1E,21
....................    xuat_1byte(b1);     
0052:  MOVFF  20,23
0056:  RCALL  0024
....................    xuat_1byte(b0); 
0058:  MOVFF  21,23
005C:  RCALL  0024
005E:  RETURN 0
.................... }    
.................... //xxxxxxxxxxxxxxxxxxxxxxxxxxxxxxxxxxxxxxxxxxxxxxxxxxxxxxxx      
.................... //ham 104: xoa cac module  
.................... //xxxxxxxxxxxxxxxxxxxxxxxxxxxxxxxxxxxxxxxxxxxxxxxxxxxxxxxx   
.................... void xoa_tat_6module()                           
.................... {                                                                                               
....................    xuat_1word(0);                              
0060:  CLRF   1F
0062:  CLRF   1E
0064:  RCALL  004A
....................    xuat_1word(0);  
0066:  CLRF   1F
0068:  CLRF   1E
006A:  RCALL  004A
....................    xuat_1word(0);                              
006C:  CLRF   1F
006E:  CLRF   1E
0070:  RCALL  004A
....................    xuat_1word(0);                                     
0072:  CLRF   1F
0074:  CLRF   1E
0076:  RCALL  004A
....................     
....................    output_high(rck_buzerelay);    
0078:  BCF    F95.3
007A:  BSF    F8C.3
....................    output_low(rck_buzerelay); 
007C:  BCF    F95.3
007E:  BCF    F8C.3
....................     
....................    output_high(rck_32led); 
0080:  BCF    F95.4
0082:  BSF    F8C.4
....................    output_low(rck_32led);  
0084:  BCF    F95.4
0086:  BCF    F8C.4
....................     
....................    output_high(rck_8ledquet);    
0088:  BCF    F95.5
008A:  BSF    F8C.5
....................    output_low(rck_8ledquet);    
008C:  BCF    F95.5
008E:  BCF    F8C.5
....................                                   
....................    output_high(rck_matranled);           
0090:  BCF    F95.7
0092:  BSF    F8C.7
....................    output_low(rck_matranled);    
0094:  BCF    F95.7
0096:  BCF    F8C.7
....................                             
....................    output_high(rck_lcd20x4);    
0098:  BCF    F95.2
009A:  BSF    F8C.2
....................    output_low(rck_lcd20x4);       
009C:  BCF    F95.2
009E:  BCF    F8C.2
....................                                                                            
....................    xuat_1word(0xffff);  
00A0:  SETF   1F
00A2:  SETF   1E
00A4:  RCALL  004A
....................    xuat_1word(0xffff);  
00A6:  SETF   1F
00A8:  SETF   1E
00AA:  RCALL  004A
....................    output_high(rck_4led7doan);        
00AC:  BCF    F95.6
00AE:  BSF    F8C.6
....................    output_low(rck_4led7doan);                                                                       
00B0:  BCF    F95.6
00B2:  BCF    F8C.6
00B4:  GOTO   00D0 (RETURN)
.................... }              
.................... //XXXXXXXXXXXXXXXXXXXXXXXXXXXXXXXXXXXXXXXXXXXX  
.................... //HAM 101 
.................... //XXXXXXXXXXXXXXXXXXXXXXXXXXXXXXXXXXXXXXXXXXXX     
.................... //HAM KHOI TAO CAC PORT VA IC CHOT 
.................... //XXXXXXXXXXXXXXXXXXXXXXXXXXXXXXXXXXXXXXXXXXXX     
.................... VOID SET_UP_PORT_IC_CHOT() 
.................... {      
....................    set_tris_a(0xff);    set_tris_b(0x3c);                                                    
00B8:  MOVLW  FF
00BA:  MOVWF  F92
00BC:  MOVLW  3C
00BE:  MOVWF  F93
....................    set_tris_c(0xf1);    set_tris_e(0x00);                                                
00C0:  MOVLW  F1
00C2:  MOVWF  F94
00C4:  MOVLW  00
00C6:  MOVWF  F96
....................    set_tris_d(0x00);     
00C8:  MOVWF  F95
....................    output_d(0x00);  
00CA:  CLRF   F95
00CC:  CLRF   F8C
....................    xoa_tat_6module(); 
00CE:  BRA    0060
....................    port_b_pullups(0xff);           
00D0:  BCF    FF1.7
....................    rbdc=0;                
00D2:  CLRF   06
00D4:  CLRF   05
....................              
....................    setup_adc(adc_clock_div_32);         
00D6:  MOVF   FC0,W
00D8:  ANDLW  C0
00DA:  IORLW  02
00DC:  MOVWF  FC0
00DE:  BSF    FC0.7
00E0:  BSF    FC2.0
....................    setup_adc_ports(an0_to_an2|vss_vdd);  
00E2:  MOVF   FC1,W
00E4:  ANDLW  C0
00E6:  IORLW  0C
00E8:  MOVWF  FC1
....................    output_low(g_all);         
00EA:  BCF    F95.0
00EC:  BCF    F8C.0
00EE:  GOTO   0280 (RETURN)
.................... } 
.................... //HAM 104 
....................  
.................... //XXXXXXXXXXXXXXXXXXXXXXXXXXXXXXXXXXXXXXXXXXXX 
.................... //CHUONG TRINH CON XUAT 4 BYTE RA 4 LED 7 DOAN 
.................... //XXXXXXXXXXXXXXXXXXXXXXXXXXXXXXXXXXXXXXXXXXXX 
.................... VOID XUAT_4LED_7DOAN_4SO(UNSIGNED INT BL743,BL742,BL741,BL740) 
.................... {      
....................       XUAT_1BYTE(BL740);   XUAT_1BYTE(BL741); 
*
01E0:  MOVFF  22,23
01E4:  RCALL  0024
01E6:  MOVFF  21,23
01EA:  RCALL  0024
....................       XUAT_1BYTE(BL742);   XUAT_1BYTE(BL743);        
01EC:  MOVFF  20,23
01F0:  RCALL  0024
01F2:  MOVFF  1F,23
01F6:  RCALL  0024
....................       OUTPUT_LOW(RCK_4LED7DOAN);    
01F8:  BCF    F95.6
01FA:  BCF    F8C.6
....................       OUTPUT_HIGH(RCK_4LED7DOAN); 
01FC:  BCF    F95.6
01FE:  BSF    F8C.6
0200:  RETURN 0
....................  
.................... } 
.................... //ham 404 
.................... VOID XUAT_4LED_7DOAN_3SO(UNSIGNED INT BL742,BL741,BL740) 
.................... {      
....................      XUAT_4LED_7DOAN_4SO(0XFF,BL742,BL741,BL740); 
.................... } 
.................... //ham 403 
.................... VOID XUAT_4LED_7DOAN_2SO(UNSIGNED INT BL741,BL740) 
.................... {      
....................      XUAT_4LED_7DOAN_4SO(0XFF,0XFF,BL741,BL740); 
.................... } 
.................... //ham 402 
.................... VOID XUAT_4LED_7DOAN_1SO(UNSIGNED INT BL740) 
.................... {      
....................      XUAT_4LED_7DOAN_4SO(0XFF,0XFF,0XFF,BL740); 
.................... } 
....................  
.................... //ham 405 
.................... //XXXXXXXXXXXXXXXXXXXXXXXXXXXXXXXXXXXXXXXXXXXXXXXXXXXXXXXXXXXXX 
.................... //CHUONG TRINH CON HIEN THI DU LIEU 16 BIT TREN 4 LED 7 DOAN 
.................... //XXXXXXXXXXXXXXXXXXXXXXXXXXXXXXXXXXXXXXXXXXXXXXXXXXXXXXXXXXXXX 
.................... UNSIGNED CHAR DONVI4,CHUC4,TRAM4,NGAN4; 
.................... VOID  XUAT_4LED_7DOAN_GIAIMA_XOA_SO0 (UNSIGNED INT16 TAM) 
.................... {          
....................       DONVI4 = MA7DOAN[TAM %10];          
....................       CHUC4  = MA7DOAN[TAM/10%10]; 
....................       TRAM4  = MA7DOAN[TAM/100%10];  
....................       NGAN4  = MA7DOAN[TAM/1000%10];        
....................       IF (NGAN4==0XC0) 
....................       { 
....................          NGAN4=0XFF; 
....................          IF (TRAM4==0XC0) 
....................          { 
....................             TRAM4=0XFF; 
....................             IF (CHUC4==0XC0)   CHUC4=0XFF; 
....................          } 
....................       } 
....................       XUAT_4LED_7DOAN_4SO(NGAN4,TRAM4,CHUC4,DONVI4);    
.................... } 
....................  
.................... void  XUAT_4LED_7DOAN_2_SO (unsigned int8 BH,BL) 
.................... {          
....................  XUAT_4LED_7DOAN_4SO(MA7DOAN[BH/10],MA7DOAN[BH%10],MA7DOAN[BL/10],MA7DOAN[BL%10]);    
.................... } 
....................  
.................... UNSIGNED INT8 LCDDATA=0;  
.................... UNSIGNED INT8 LCDCONTROL=0; 
.................... UNSIGNED INT8 GLCDDATA=0; 
.................... UNSIGNED INT8 GLCDCONTROL=0;  
.................... //HAM 701 
.................... //XXXXXXXXXXXXXXXXXXXXXXXXXXXXXXXXXXXXXXXXXXXXXXXXXXXXXXXXXXXXX 
.................... //CHUONG TRINH CON XUAT DU LIEU 4 BYTE RA GLCD VA LCD 
.................... //XXXXXXXXXXXXXXXXXXXXXXXXXXXXXXXXXXXXXXXXXXXXXXXXXXXXXXXXXXXXX 
.................... VOID XUAT_GLCD_LCD() 
.................... {       
....................     XUAT_1BYTE(GLCDCONTROL);              
....................     XUAT_1BYTE(GLCDDATA); 
....................     XUAT_1BYTE(LCDCONTROL);        
....................     XUAT_1BYTE(LCDDATA);       
....................           
....................     OUTPUT_HIGH(RCK_LCD20X4);      
....................     OUTPUT_LOW(RCK_LCD20X4); 
.................... } 
.................... //HAM 702 
.................... VOID XUAT_LCD20X4(UNSIGNED INT8 LCD_SIGNAL,LCD_INS_HTHI) 
.................... {      
....................     LCDCONTROL = ~LCD_SIGNAL; 
....................     LCDDATA    = ~LCD_INS_HTHI;       
....................     XUAT_GLCD_LCD(); 
.................... } 
.................... //HAM 703 
.................... VOID XUAT_GLCD128X64(UNSIGNED INT8 GLCD_SIGNAL,GLCD_INS_HTHI) 
.................... {      
....................     GLCDCONTROL = ~GLCD_SIGNAL; 
....................     GLCDDATA    = ~GLCD_INS_HTHI;      
....................     XUAT_GLCD_LCD(); 
.................... } 
.................... //HAM 501 
.................... //XXXXXXXXXXXXXXXXXXXXXXXXXXXXXXXXXXXXXXXXXXXX 
.................... //CHUONG TRINH CON XUAT 2 BYTE RA DK 1 LED QUET SANG 
.................... //XXXXXXXXXXXXXXXXXXXXXXXXXXXXXXXXXXXXXXXXXXXX 
.................... VOID XUAT_8LED_7DOAN_QUET_1(UNSIGNED INT MA,SO_HTHI) 
.................... {      
....................       XUAT_1BYTE(~MA);    
....................       XUAT_1BYTE(~SO_HTHI); 
....................       OUTPUT_HIGH(RCK_8LEDQUET);  
....................       OUTPUT_LOW(RCK_8LEDQUET); 
.................... } 
.................... //HAM 502 
.................... //XXXXXXXXXXXXXXXXXXXXXXXXXXXXXXXXXXXXXXXXXXXX 
.................... //CHUONG TRINH CON XUAT 2 BYTE RA TAT 8 LED QUET 
.................... //XXXXXXXXXXXXXXXXXXXXXXXXXXXXXXXXXXXXXXXXXXXX 
.................... VOID XUAT_8LED_7DOAN_QUET_TAT_LED() 
.................... { 
....................    XUAT_8LED_7DOAN_QUET_1(0XFF,0XFF); 
.................... } 
.................... //HAM 503 
.................... //XXXXXXXXXXXXXXXXXXXXXXXXXXXXXXXXXXXXXXXXXXXX 
.................... //CHUONG TRINH CON HIEN THI LED THEO THU TU 
.................... //XXXXXXXXXXXXXXXXXXXXXXXXXXXXXXXXXXXXXXXXXXXX 
.................... CONST UNSIGNED CHAR TTLEDQUET[8]= {0x7F,0xBF,0xDF,0xEF,0xF7,0xFB,0xFD,0xFE}; 
.................... VOID XUAT_8LED_7DOAN_QUET_2(UNSIGNED INT THUTULED,SO_HTHI) 
.................... {          
....................       XUAT_1BYTE(~ (TTLEDQUET[THUTULED]));    
....................       XUAT_1BYTE(~SO_HTHI);      
....................       OUTPUT_HIGH(RCK_8LEDQUET);  
....................       OUTPUT_LOW(RCK_8LEDQUET); 
.................... } 
.................... //HAM 504 
.................... //XXXXXXXXXXXXXXXXXXXXXXXXXXXXXXXXXXXXXXXXXXXX 
.................... //CHUONG TRINH CON HIEN THI 8 SO TREN 8 LED QUET - CO KIEM TRA 
.................... //XXXXXXXXXXXXXXXXXXXXXXXXXXXXXXXXXXXXXXXXXXXX 
.................... UNSIGNED CHAR LED_7DQ[8]={0XFF,0XFF,0XFF,0XFF,0XFF,0XFF,0XFF,0XFF}; 
.................... UNSIGNED INT8 TT8LED=0; 
.................... VOID HIEN_THI_8LED_7DOAN_QUET() 
.................... {      
....................       FOR(TT8LED=0;TT8LED<8;TT8LED++) 
....................          IF (LED_7DQ[TT8LED]!=0XFF) 
....................          {            
....................             XUAT_8LED_7DOAN_QUET_2(TT8LED, LED_7DQ[TT8LED]); 
....................             DELAY_US(100); 
....................             XUAT_8LED_7DOAN_QUET_TAT_LED();            
....................             } 
.................... } 
.................... //HAM 505 
.................... //XXXXXXXXXXXXXXXXXXXXXXXXXXXXXXXXXXXXXXXXXXXX 
.................... //CHUONG TRINH CON HIEN THI 8 SO TREN 8 LED QUET - KHONG KIEM TRA 
.................... //XXXXXXXXXXXXXXXXXXXXXXXXXXXXXXXXXXXXXXXXXXXX 
.................... VOID HIEN_THI_8LED_7DOAN_QUET_ALL() 
.................... {      
....................       FOR(TT8LED=0;TT8LED<8;TT8LED++)          
....................          {            
....................             XUAT_8LED_7DOAN_QUET_2(TT8LED, LED_7DQ[TT8LED]); 
....................             DELAY_US(100); 
....................             XUAT_8LED_7DOAN_QUET_TAT_LED();            
....................             } 
.................... } 
....................  
.................... VOID DELAY_QUET_8LED(UNSIGNED INT16 DL) 
.................... {  
....................       UNSIGNED INT8 I; 
....................       FOR (I=0; I<DL;I++) 
....................       HIEN_THI_8LED_7DOAN_QUET_ALL(); 
.................... }  
....................  
.................... VOID GIAI_MA_GAN_CHO_8LED_QUET_16_XOA(UNSIGNED INT16 X) 
.................... {      
....................       LED_7DQ[0]= MA7DOAN [X %10];     
....................       LED_7DQ[1]= MA7DOAN [X/10%10]; 
....................       LED_7DQ[2]= MA7DOAN [X/100%10];     
....................       LED_7DQ[3]= MA7DOAN [X/1000%10]; 
....................       LED_7DQ[4]= MA7DOAN [X/10000%10]; 
....................       IF (LED_7DQ[4]==MASO0)  
....................       { 
....................             LED_7DQ[4]=0XFF; 
....................             IF (LED_7DQ[3]==MASO0)  
....................             { 
....................                LED_7DQ[3]=0XFF; 
....................                IF (LED_7DQ[2]==MASO0)  
....................                { 
....................                   LED_7DQ[2]=0XFF; 
....................                   IF (LED_7DQ[1]==MASO0)  
....................                   { 
....................                      LED_7DQ[1]=0XFF; 
....................                   } 
....................                } 
....................             } 
....................       } 
....................              
.................... } 
....................  
....................  
.................... //XXXXXXXXXXXXXXXXXXXXXXXXXXXXXXXXXXXXXXXXXXXX          
.................... VOID XUAT_2BYTE(UNSIGNED INT16 X) 
.................... { 
....................    INT8 SBB; 
....................    #BIT BSERIX  = X.15 
....................    FOR (SBB=0;SBB<16;SBB++) 
....................       {                                                  
....................          OUTPUT_BIT(SSDO,BSERIX);     
....................          OUTPUT_LOW(SSCK);          
....................          OUTPUT_HIGH(SSCK); 
....................          X= X<<1;          
....................      } 
.................... } 
.................... //XXXXXXXXXXXXXXXXXXXXXXXXXXXXXXXXXXXXXXXXXXXX 
.................... //CHUONG TRINH CON XUAT RA LED MA TRAN 
.................... //XXXXXXXXXXXXXXXXXXXXXXXXXXXXXXXXXXXXXXXXXXXX 
.................... VOID XUAT_MATRANLED(UNSIGNED INT16 MAHANG,UNSIGNED INT16 MACOT1, 
.................... UNSIGNED INT16 MACOT2,UNSIGNED INT16 MACOT3) 
.................... {       
....................       XUAT_2BYTE(MACOT3); 
....................       XUAT_2BYTE(MACOT2); 
....................       XUAT_2BYTE(MACOT1); 
....................       XUAT_2BYTE(MAHANG);      
....................  
....................       OUTPUT_HIGH(RCK_MATRANLED);  
....................       OUTPUT_LOW(RCK_MATRANLED); 
.................... } 
.................... //XXXXXXXXXXXXXXXXXXXXXXXXXXXXXXXXXXXXXXXXXXXX 
.................... //CHUONG TRINH CON XUAT RA LED MA TRAN 
.................... //XXXXXXXXXXXXXXXXXXXXXXXXXXXXXXXXXXXXXXXXXXXX 
.................... VOID TAT_MATRANLED() 
.................... {       
....................       XUAT_2BYTE(0); 
....................       XUAT_2BYTE(0); 
....................       XUAT_2BYTE(0); 
....................       XUAT_2BYTE(0);            
....................       OUTPUT_HIGH(RCK_MATRANLED); OUTPUT_LOW(RCK_MATRANLED);  
.................... } 
.................... UNSIGNED  INT8 HIEU_CHINH_4BIT_CAO(UNSIGNED INT8 XZY) 
.................... { 
....................       INT1  BTG; 
....................       UNSIGNED INT8   BX;    
....................       #BIT BIT4  = BX.4 
....................       #BIT BIT5  = BX.5 
....................       #BIT BIT6  = BX.6 
....................       #BIT BIT7  = BX.7 
....................       BX=XZY; 
....................       BTG=BIT4;   BIT4=BIT7;  BIT7=BTG; 
....................       BTG=BIT5;   BIT5=BIT6;  BIT6=BTG;       
....................       RETURN(BX);   
.................... } 
.................... //HAM 601 
.................... //XXXXXXXXXXXXXXXXXXXXXXXXXXXXXXXXXXXXXXXXXXXXXXXXXXXX 
.................... //MODULE DIEU KHIEN RELAY,TRIAC, BUZZER, DONG CO, SIM 
.................... //XXXXXXXXXXXXXXXXXXXXXXXXXXXXXXXXXXXXXXXXXXXXXXXXXXXX 
.................... VOID XUAT_BUZZER_RELAY() 
.................... {      
....................    UNSIGNED INT8 RBDC1,RBDC2; 
....................       RBDC1=RBDC; RBDC2=RBDC>>8;       
....................       XUAT_1BYTE(RBDC2);       
....................       XUAT_1BYTE(RBDC1); 
....................        
....................       OUTPUT_HIGH(RCK_BUZERELAY);    
....................       OUTPUT_LOW(RCK_BUZERELAY); 
.................... } 
.................... //HAM 602 
.................... //XXXXXXXXXXXXXXXXXXXXXXXXXXXXXXXXXXXXXXXXXXXXXXXXXXXX 
.................... VOID BUZZER_ON() 
.................... {     
....................       BUZZER=1; 
....................       XUAT_BUZZER_RELAY();          
.................... } 
.................... //HAM 603 
.................... //XXXXXXXXXXXXXXXXXXXXXXXXXXXXXXXXXXXXXXXXXXXXXXXXXXXX 
.................... VOID BUZZER_OFF() 
.................... {      
....................       BUZZER=0; 
....................       XUAT_BUZZER_RELAY(); 
.................... } 
.................... //HAM 604 
.................... //XXXXXXXXXXXXXXXXXXXXXXXXXXXXXXXXXXXXXXXXXXXXXXXXXXXX 
.................... VOID RELAY_1_ON() 
.................... {     
....................       RELAY_1=1; 
....................       XUAT_BUZZER_RELAY();          
.................... } 
.................... //HAM 603 
.................... //XXXXXXXXXXXXXXXXXXXXXXXXXXXXXXXXXXXXXXXXXXXXXXXXXXXX 
.................... VOID RELAY_1_OFF() 
.................... {     
....................       RELAY_1=0; 
....................       XUAT_BUZZER_RELAY();          
.................... } 
.................... //HAM 604 
.................... //XXXXXXXXXXXXXXXXXXXXXXXXXXXXXXXXXXXXXXXXXXXXXXXXXXXX 
.................... VOID RELAY_2_ON() 
.................... {     
....................       RELAY_2=1; 
....................       XUAT_BUZZER_RELAY();          
.................... } 
.................... //HAM 607 
.................... //XXXXXXXXXXXXXXXXXXXXXXXXXXXXXXXXXXXXXXXXXXXXXXXXXXXX 
.................... VOID RELAY_2_OFF() 
.................... {     
....................       RELAY_2=0; 
....................       XUAT_BUZZER_RELAY();          
.................... } 
.................... //HAM 608 
.................... //XXXXXXXXXXXXXXXXXXXXXXXXXXXXXXXXXXXXXXXXXXXXXXXXXXXX 
.................... VOID RELAY_1_RELAY_2_ON() 
.................... {     
....................       RELAY_1=1;  RELAY_2=1; 
....................       XUAT_BUZZER_RELAY();          
.................... } 
.................... //HAM 609 
.................... //XXXXXXXXXXXXXXXXXXXXXXXXXXXXXXXXXXXXXXXXXXXXXXXXXXXX 
.................... VOID RELAY_1_RELAY_2_OFF() 
.................... {     
....................       RELAY_1=0;  RELAY_2=0; 
....................       XUAT_BUZZER_RELAY();          
.................... } 
.................... //HAM 610 
.................... //XXXXXXXXXXXXXXXXXXXXXXXXXXXXXXXXXXXXXXXXXXXXXXXXXXXX 
.................... VOID TRIAC_1_ON() 
.................... {     
....................       TRIAC_1=1; 
....................       XUAT_BUZZER_RELAY();          
.................... } 
.................... //HAM 611 
.................... //XXXXXXXXXXXXXXXXXXXXXXXXXXXXXXXXXXXXXXXXXXXXXXXXXXXX 
.................... VOID TRIAC_1_OFF() 
.................... {     
....................       TRIAC_1=0; 
....................       XUAT_BUZZER_RELAY();          
.................... } 
.................... //HAM 612 
.................... //XXXXXXXXXXXXXXXXXXXXXXXXXXXXXXXXXXXXXXXXXXXXXXXXXXXX 
.................... VOID TRIAC_2_ON() 
.................... {     
....................       TRIAC_2=1; 
....................       XUAT_BUZZER_RELAY();          
.................... } 
.................... //HAM 613 
.................... //XXXXXXXXXXXXXXXXXXXXXXXXXXXXXXXXXXXXXXXXXXXXXXXXXXXX 
.................... VOID TRIAC_2_OFF() 
.................... {     
....................       TRIAC_2=0; 
....................       XUAT_BUZZER_RELAY();          
.................... } 
.................... //XXXXXXXXXXXXXXXXXXXXXXXXXXXXXXXXXXXXXXXXXXXX 
....................  
.................... VOID GGMMAA() 
.................... { 
....................    UNSIGNED INT8   X;    
....................    X=MA7DOAN[1]; 
.................... } 
....................  
....................  
.................... signed int8 t0=0,ch,dv; 
.................... unsigned int8 tt_sp=0,tt_ht=0,tt_d=0; 
.................... void PHIM_SP() 
.................... { 
....................    if(input(bt0)==0) 
*
017E:  BSF    F93.5
0180:  BTFSC  F81.5
0182:  BRA    019A
....................    { 
....................       if(input(bt0)==0) 
0184:  BSF    F93.5
0186:  BTFSC  F81.5
0188:  BRA    019A
....................       { 
....................          tt_sp++; 
018A:  INCF   1B,F
....................          if(tt_sp==2) tt_sp=0; 
018C:  MOVF   1B,W
018E:  SUBLW  02
0190:  BNZ   0194
0192:  CLRF   1B
....................          while(input(bt0)==0); 
0194:  BSF    F93.5
0196:  BTFSS  F81.5
0198:  BRA    0194
....................       } 
....................    } 
019A:  GOTO   028E (RETURN)
.................... } 
.................... void PHIM_HT() 
.................... { 
....................    if(input(bt1)==0) 
*
01C0:  BSF    F93.4
01C2:  BTFSC  F81.4
01C4:  BRA    01DC
....................    { 
....................       if(input(bt1)==0) 
01C6:  BSF    F93.4
01C8:  BTFSC  F81.4
01CA:  BRA    01DC
....................       { 
....................          tt_ht++; 
01CC:  INCF   1C,F
....................          if(tt_ht==2) tt_ht=0; 
01CE:  MOVF   1C,W
01D0:  SUBLW  02
01D2:  BNZ   01D6
01D4:  CLRF   1C
....................          while(input(bt1)==0); 
01D6:  BSF    F93.4
01D8:  BTFSS  F81.4
01DA:  BRA    01D6
....................       } 
....................    } 
01DC:  GOTO   02B2 (RETURN)
.................... } 
.................... void PHIM_DAO() 
.................... { 
....................    if(input(bt2)==0) 
*
0202:  BSF    F93.3
0204:  BTFSC  F81.3
0206:  BRA    0234
....................    { 
....................       if(input(bt2)==0) 
0208:  BSF    F93.3
020A:  BTFSC  F81.3
020C:  BRA    0234
....................       { 
....................          set_timer0(99-get_timer0()); 
020E:  MOVF   FD6,W
0210:  MOVFF  FD7,03
0214:  XORLW  FF
0216:  ADDLW  64
0218:  MOVWF  1E
021A:  MOVLW  00
021C:  SUBFWB FD7,W
021E:  MOVWF  FD7
0220:  MOVFF  1E,FD6
....................          tt_d++; 
0224:  INCF   1D,F
....................          if(tt_d==2) tt_d=0; 
0226:  MOVF   1D,W
0228:  SUBLW  02
022A:  BNZ   022E
022C:  CLRF   1D
....................          while(input(bt2)==0); 
022E:  BSF    F93.3
0230:  BTFSS  F81.3
0232:  BRA    022E
....................       } 
....................    } 
0234:  GOTO   02E4 (RETURN)
.................... } 
.................... void GM_HT() 
.................... { 
....................    ch=ma7doan[t0/10]; 
*
013A:  MOVFF  18,1E
013E:  MOVLW  0A
0140:  MOVWF  1F
0142:  RCALL  00F2
0144:  CLRF   03
0146:  MOVF   01,W
0148:  MOVFF  FF2,1E
014C:  BCF    FF2.7
014E:  RCALL  0004
0150:  BTFSC  1E.7
0152:  BSF    FF2.7
0154:  MOVWF  19
....................    dv=ma7doan[t0%10]; 
0156:  MOVFF  18,1E
015A:  MOVLW  0A
015C:  MOVWF  1F
015E:  RCALL  00F2
0160:  CLRF   03
0162:  MOVF   00,W
0164:  MOVFF  FF2,1E
0168:  BCF    FF2.7
016A:  RCALL  0004
016C:  BTFSC  1E.7
016E:  BSF    FF2.7
0170:  MOVWF  1A
....................    if(ch==0xc0) ch=0xff; 
0172:  MOVF   19,W
0174:  SUBLW  C0
0176:  BNZ   017A
0178:  SETF   19
017A:  GOTO   028C (RETURN)
.................... } 
.................... void main() 
*
0238:  CLRF   FF8
023A:  BCF    FD0.7
023C:  BSF    FB8.3
023E:  MOVLW  08
0240:  MOVWF  FAF
0242:  MOVLW  02
0244:  MOVWF  FB0
0246:  MOVLW  A6
0248:  MOVWF  FAC
024A:  MOVLW  90
024C:  MOVWF  FAB
024E:  CLRF   04
0250:  CLRF   0B
0252:  CLRF   0C
0254:  CLRF   0D
0256:  CLRF   0E
0258:  CLRF   17
025A:  CLRF   18
025C:  CLRF   1B
025E:  CLRF   1C
0260:  CLRF   1D
0262:  MOVF   FC1,W
0264:  ANDLW  C0
0266:  IORLW  0F
0268:  MOVWF  FC1
026A:  MOVLW  07
026C:  MOVWF  FB4
026E:  SETF   0F
0270:  SETF   10
0272:  SETF   11
0274:  SETF   12
0276:  SETF   13
0278:  SETF   14
027A:  SETF   15
027C:  SETF   16
.................... { 
....................    set_up_port_ic_chot(); 
027E:  BRA    00B8
....................    setup_timer_0(t0_ext_l_to_h|t0_div_1|t0_8_bit); 
0280:  MOVLW  E8
0282:  MOVWF  FD5
....................    set_timer0(t0);  
0284:  CLRF   FD7
0286:  MOVFF  18,FD6
....................    while(true) 
....................    { 
....................       GM_HT(); 
028A:  BRA    013A
....................       PHIM_SP(); 
028C:  BRA    017E
....................       if(tt_sp==0) 
028E:  MOVF   1B,F
0290:  BNZ   02A0
....................       { 
....................          setup_timer_0(t0_ext_l_to_h|t0_div_1|t0_8_bit); 
0292:  MOVLW  E8
0294:  MOVWF  FD5
....................          xuat_32led_don_4byte(0xff,0xff,0xff,0xff); 
0296:  SETF   1E
0298:  SETF   1F
029A:  SETF   20
029C:  SETF   21
029E:  RCALL  019E
....................       } 
....................       if(tt_sp==1) 
02A0:  DECFSZ 1B,W
02A2:  BRA    02B0
....................       { 
....................          setup_timer_0(t0_off); 
02A4:  CLRF   FD5
....................          xuat_32led_don_4byte(0,0,0,0); 
02A6:  CLRF   1E
02A8:  CLRF   1F
02AA:  CLRF   20
02AC:  CLRF   21
02AE:  RCALL  019E
....................       } 
....................       PHIM_HT(); 
02B0:  BRA    01C0
....................       if(tt_ht==0) 
02B2:  MOVF   1C,F
02B4:  BNZ   02CC
....................       { 
....................          xuat_4led_7doan_4so(ch,dv&0x7f,ma7doan[5],0x8c); 
02B6:  MOVF   1A,W
02B8:  ANDLW  7F
02BA:  MOVWF  1E
02BC:  MOVFF  19,1F
02C0:  MOVWF  20
02C2:  MOVLW  92
02C4:  MOVWF  21
02C6:  MOVLW  8C
02C8:  MOVWF  22
02CA:  RCALL  01E0
....................       } 
....................        if(tt_ht==1) 
02CC:  DECFSZ 1C,W
02CE:  BRA    02E2
....................       { 
....................          xuat_4led_7doan_4so(ma7doan[5],0x8c&0x7f,ch,dv); 
02D0:  MOVLW  92
02D2:  MOVWF  1F
02D4:  MOVLW  0C
02D6:  MOVWF  20
02D8:  MOVFF  19,21
02DC:  MOVFF  1A,22
02E0:  RCALL  01E0
....................       } 
....................       PHIM_DAO(); 
02E2:  BRA    0202
....................       if(tt_d==0) 
02E4:  MOVF   1D,F
02E6:  BNZ   02FA
....................       { 
....................          t0=get_timer0(); 
02E8:  MOVF   FD6,W
02EA:  MOVWF  18
....................          if(t0>99) set_timer0(0); 
02EC:  BTFSC  18.7
02EE:  BRA    02FA
02F0:  MOVF   18,W
02F2:  SUBLW  63
02F4:  BC    02FA
02F6:  CLRF   FD7
02F8:  CLRF   FD6
....................       } 
....................       if(tt_d==1) 
02FA:  DECFSZ 1D,W
02FC:  BRA    031E
....................       { 
....................          t0=99-get_timer0(); 
02FE:  MOVF   FD6,W
0300:  MOVFF  FD7,03
0304:  XORLW  FF
0306:  ADDLW  64
0308:  MOVWF  00
030A:  MOVLW  00
030C:  SUBFWB 03,F
030E:  MOVFF  00,18
....................          if(t0<=-1) set_timer0(0); 
0312:  MOVF   18,W
0314:  XORLW  80
0316:  SUBLW  7F
0318:  BNC   031E
031A:  CLRF   FD7
031C:  CLRF   FD6
....................       } 
031E:  BRA    028A
....................    } 
.................... } 
....................  
0320:  SLEEP 

Configuration Fuses:
   Word  1: CC27   PLL12 CPUDIV1 USBDIV HS FCMEN IESO
   Word  2: 1E3E   PUT BROWNOUT BORV21 VREGEN NOWDT WDT32768
   Word  3: 8700   CCP2C1 PBADEN LPT1OSC MCLR
   Word  4: 00A1   STVREN NOLVP ICSP2 NOXINST NODEBUG
   Word  5: C00F   NOPROTECT NOCPB NOCPD
   Word  6: E00F   NOWRT NOWRTC NOWRTB NOWRTD
   Word  7: 400F   NOEBTR NOEBTRB
