
ROM used:   1208/32768 (4%)
            1208/32768 (4%) including unused fragments

            0.7 Average locations per line
            3.8 Average locations per statement

RAM used:   29/2048 (1%) at main() level
            38/2048 (2%) worst case

Stack used: 4 worst case (4 in main + 0 for interrupts)
Stack size: 31

Lines Stmts  %   Files
----- ----- ---  -----
   19    11   3  BAI_731_DS18B20A.c
  627   233  74  TV_PICKIT2_SHIFT_1.c
  837     0   0  ..\..\..\..\Program Files (x86)\PICC\Devices\18F4550.H
   36    17   5  TV_PICKIT2_SHIFT_DS18B20.c
  230    54  17  ..\..\..\..\Program Files (x86)\PICC\Drivers\TOUCH.c
----- -----
 1749   315 Total

Page ROM  %  RAM   Vol Diff  Functions:
---- --- --- ---   --- ----  ----------
0     26   1    1             @delay_us1
0     32   1    0             @const681
0     38   2    2   234  4.3  XUAT_1BYTE
0     22   1    4   131  2.8  xuat_1word
0     88   4    0   396  1.4  xoa_tat_6module
0     58   2    0   253  2.3  SET_UP_PORT_IC_CHOT
0     36   1    4   160  1.8  XUAT_4LED_7DOAN_4SO
0    294  12    5   465  4.8  XUAT_4LED_7DOAN_GIAIMA_XOA_SO0
0     66   3    5             @DIV1616
0     60   2    1   176  2.3  touch_read_bit
0     34   1    2   149  4.3  touch_read_byte
0    112   5    1   450  3.3  touch_write_bit
0     46   2    3   185  5.6  touch_write_byte
0     78   3    2   260  3.2  touch_present
0     46   2    0   158  1.3  KHOI_TAO_DS18B20
0     50   2    0   179  2.2  DOC_GIATRI_DS18B20
0    118   5    0   204  3.6  MAIN
 Inline         0             @cinit1

Program metrics:
    Functions               14
    Statements              315
    Comments                400
    Volume (V)              5936
    Difficulty (D)          43.0
    Effort to implement (E) 255337
    Time to implement (T)   3 hours, 56 minutes
    Est Delivered Bugs (B)  1
    Cyclomatic Complexity   12
    Maintainability (MI)    134

 Segment     Used  Free
-----------  ----  ----
00000-00002     4  0  
00004-07FFE  1204  31560  



