
ROM used:   628/32768 (2%)
            628/32768 (2%) including unused fragments

            0.4 Average locations per line
            2.5 Average locations per statement

RAM used:   27/2048 (1%) at main() level
            32/2048 (2%) worst case

Stack used: 4 worst case (4 in main + 0 for interrupts)
Stack size: 31

Lines Stmts  %   Files
----- ----- ---  -----
   30    20   8  BAI_501_HIENTHI_8SO.c
  627   233  92  tv_pickit2_shift_1.c
  837     0   0  ..\..\..\..\Program Files (x86)\PICC\Devices\18F4550.H
----- -----
 1494   253 Total

Page ROM  %  RAM   Vol Diff  Functions:
---- --- --- ---   --- ----  ----------
0     38   3    1             @delay_ms1
0     38   3    2   234  4.3  XUAT_1BYTE
0     22   2    4   131  2.8  xuat_1word
0     88   7    0   396  1.4  xoa_tat_6module
0     58   5    0   253  2.3  SET_UP_PORT_IC_CHOT
0     34   3    3   106  2.1  XUAT_8LED_7DOAN_QUET_1
0    346  28    1   530  2.9  MAIN
 Inline         0   598  5.7  @cinit1

Program metrics:
    Functions               7
    Statements              253
    Comments                290
    Volume (V)              3367
    Difficulty (D)          21.6
    Effort to implement (E) 72716
    Time to implement (T)   1 hours, 7 minutes
    Est Delivered Bugs (B)  1
    Cyclomatic Complexity   4
    Maintainability (MI)    55

 Segment     Used  Free
-----------  ----  ----
00000-00002     4  0  
00004-07FFE   624  32140  



