
ROM used:   2452/32768 (7%)
            2452/32768 (7%) including unused fragments

            1.5 Average locations per line
            7.8 Average locations per statement

RAM used:   45/2048 (2%) at main() level
            51/2048 (2%) worst case

Stack used: 7 worst case (7 in main + 0 for interrupts)
Stack size: 31

Lines Stmts  %   Files
----- ----- ---  -----
  100    56  18  BAI_707_2LM35_LCD.c
  627   233  74  tv_pickit2_shift_1.c
  837     0   0  ..\..\..\..\Program Files (x86)\PICC\Devices\18F4550.H
  112    25   8  tv_pickit2_shift_lcd.c
----- -----
 1676   314 Total

Page ROM  %  RAM   Vol Diff  Functions:
---- --- --- ---   --- ----  ----------
0     38   1    1             @delay_ms1
0     32   1    0             @const681
0     38   1    2   234  4.3  XUAT_1BYTE
0     34   1    4   160  1.8  XUAT_32LED_DON_4BYTE
0     22   0    4   131  2.8  xuat_1word
0     88   2    0   396  1.4  xoa_tat_6module
0     58   1    0   253  2.3  SET_UP_PORT_IC_CHOT
0     36   1    4   160  1.8  XUAT_4LED_7DOAN_4SO
0     66   1    5             @DIV1616
0     36   1    0   106  1.3  XUAT_GLCD_LCD
0     16   0    2    80  2.7  XUAT_LCD20X4
0     26   1    1   102  2.1  LCD_XUAT_8BIT
0     22   0    1    61  1.6  LCD_COMMAND
0     22   0    1    61  1.6  LCD_DATA
0     72   1    0   245  1.8  SETUP_LCD
0     82   2    0   254  4.0  @const816
0     80   2    0   290  4.6  @const824
0     20   0    0             @const830
0     26   1    3   147  3.7  LCD_GOTO_XY
0     96   2    5   255  5.5  lcd_hienthi_so_z_toado_xy
0     76   2    2             @MUL88
0    156   3    0   254  4.0  doc_nd_lm35a
0     54   1    2   736  6.6  @ITOF
0    346   7   14             @DIVFF
0     56   1    4             @SFTOI
0    156   3    0   254  4.0  doc_nd_lm35b
0    108   2    1   494  5.7  so_sanh_dk_buzzer
0    534  11   12   903  6.7  MAIN
0     10   0    0             @const861
0     32   1    2             @PSTRINGC_813
0     10   0    0             @const863
 Inline         0             @cinit1

Program metrics:
    Functions               21
    Statements              314
    Comments                329
    Volume (V)              10004
    Difficulty (D)          69.2
    Effort to implement (E) 692318
    Time to implement (T)   10 hours, 41 minutes
    Est Delivered Bugs (B)  3
    Cyclomatic Complexity   12
    Maintainability (MI)    87

 Segment     Used  Free
-----------  ----  ----
00000-00002     4  0  
00004-07FFE  2448  30316  



