CCS PCH C Compiler, Version 5.015, 5967               18-Oct-22 10:44

               Filename:   C:\Users\NguyenMinhTri\Desktop\TT VXL\BAI_622_LCD_KEY4X4_DICH.lst

               ROM used:   1116 bytes (3%)
                           Largest free fragment is 31652
               RAM used:   49 (2%) at main() level
                           58 (3%) worst case
               Stack used: 7 locations
               Stack size: 31

*
0000:  GOTO   03B2
....................  
.................... #include <tv_pickit2_shift_1.c> 
.................... #INCLUDE    <18F4550.H> 
.................... //////////// Standard Header file for the PIC18F4550 device //////////////// 
.................... /////////////////////////////////////////////////////////////////////////// 
.................... ////        (C) Copyright 1996, 2013 Custom Computer Services          //// 
.................... //// This source code may only be used by licensed users of the CCS C  //// 
.................... //// compiler.  This source code may only be distributed to other      //// 
.................... //// licensed users of the CCS C compiler.  No other use, reproduction //// 
.................... //// or distribution is permitted without written permission.          //// 
.................... //// Derivative programs created using this software in object code    //// 
.................... //// form are not restricted in any way.                               //// 
.................... /////////////////////////////////////////////////////////////////////////// 
.................... #device PIC18F4550 
0004:  CLRF   FF7
0006:  ADDLW  14
0008:  MOVWF  FF6
000A:  MOVLW  00
000C:  ADDWFC FF7,F
000E:  TBLRD*+
0010:  MOVF   FF5,W
0012:  RETURN 0
0014:  DATA 3F,7F
0016:  DATA BF,FF
0018:  CLRF   FF7
001A:  ADDLW  28
001C:  MOVWF  FF6
001E:  MOVLW  00
0020:  ADDWFC FF7,F
0022:  TBLRD*+
0024:  MOVF   FF5,W
0026:  RETURN 0
0028:  DATA 80,C0
002A:  DATA 94,D4
002C:  DATA 48,41
002E:  DATA 59,20
0030:  DATA 4E,48
0032:  DATA 41,50
0034:  DATA 20,50
0036:  DATA 48,49
0038:  DATA 4D,3A
003A:  DATA 00,00
*
020C:  TBLRD*+
020E:  MOVF   FF5,F
0210:  BZ    022A
0212:  MOVFF  FF6,31
0216:  MOVFF  FF7,32
021A:  MOVFF  FF5,33
021E:  RCALL  01F6
0220:  MOVFF  31,FF6
0224:  MOVFF  32,FF7
0228:  BRA    020C
022A:  GOTO   0442 (RETURN)
022E:  CLRF   00
0230:  CLRF   01
0232:  MOVF   34,W
0234:  BCF    FD8.0
0236:  BTFSC  35.0
0238:  ADDWF  00,F
023A:  RRCF   00,F
023C:  RRCF   01,F
023E:  BTFSC  35.1
0240:  ADDWF  00,F
0242:  RRCF   00,F
0244:  RRCF   01,F
0246:  BTFSC  35.2
0248:  ADDWF  00,F
024A:  RRCF   00,F
024C:  RRCF   01,F
024E:  BTFSC  35.3
0250:  ADDWF  00,F
0252:  RRCF   00,F
0254:  RRCF   01,F
0256:  BTFSC  35.4
0258:  ADDWF  00,F
025A:  RRCF   00,F
025C:  RRCF   01,F
025E:  BTFSC  35.5
0260:  ADDWF  00,F
0262:  RRCF   00,F
0264:  RRCF   01,F
0266:  BTFSC  35.6
0268:  ADDWF  00,F
026A:  RRCF   00,F
026C:  RRCF   01,F
026E:  BTFSC  35.7
0270:  ADDWF  00,F
0272:  RRCF   00,F
0274:  RRCF   01,F
0276:  GOTO   02EE (RETURN)
....................  
.................... #list 
....................  
.................... #DEVICE     ADC=10 
.................... #FUSES      NOWDT,PUT,HS,NOPROTECT,NOLVP,CPUDIV1 
.................... #USE        I2C(MASTER,SLOW,SDA=PIN_B0,SCL=PIN_B1) 
.................... #USE        DELAY(CLOCK=20000000) 
*
016E:  CLRF   FEA
0170:  MOVLW  34
0172:  MOVWF  FE9
0174:  MOVF   FEF,W
0176:  BZ    0192
0178:  MOVLW  06
017A:  MOVWF  01
017C:  CLRF   00
017E:  DECFSZ 00,F
0180:  BRA    017E
0182:  DECFSZ 01,F
0184:  BRA    017C
0186:  MOVLW  7B
0188:  MOVWF  00
018A:  DECFSZ 00,F
018C:  BRA    018A
018E:  DECFSZ FEF,F
0190:  BRA    0178
0192:  RETURN 0
.................... #USE        rs232(baud=9600, xmit=PIN_C6,rcv=PIN_C7) 
.................... //NUT NHAN: 
.................... #DEFINE  BT0     PIN_B5 
.................... #DEFINE  BT1     PIN_B4 
.................... #DEFINE  BT2     PIN_B3 
.................... #DEFINE  BT3     PIN_B2 
....................  
.................... #DEFINE  ON      BT0       //DK LED DON, MOTOR 
.................... #DEFINE  OFF     BT1 
.................... #DEFINE  INV     BT2 
....................  
.................... #DEFINE  UP      BT0    //DK LED DON 
.................... #DEFINE  DW      BT1 
.................... #DEFINE  CLR     BT2 
.................... #DEFINE  MOD     BT3 
....................  
.................... #DEFINE  STOP    BT3 
....................  
.................... #DEFINE  ON1     BT0      
.................... #DEFINE  OFF1    BT1 
.................... #DEFINE  ON2     BT2        
.................... #DEFINE  OFF2    BT3 
....................  
....................  
.................... //XXXXXXXXXXXXXXXXXXXXXXXXXXXXXXXXXXXXXXXXXXXXXXXXX 
.................... //XXXXXXXXXXXXXXXXXXXXXXXXXXXXXXXXXXXXXXXXXXXXXXXXX 
.................... #DEFINE      SSDO             PIN_E2         //CHUNG TAT CA 
.................... #DEFINE      SSCK             PIN_E0         //CHUNG TAT CA 
....................  
.................... #DEFINE      G_ALL            PIN_D0         //A - 4 BYTE 
.................... #DEFINE      RCK_LCD20X4      PIN_D2         //A - 2 BYTE DAO 
.................... #DEFINE      RCK_BUZERELAY    PIN_D3     //B - 1 BYTE  
.................... #DEFINE      RCK_32LED        PIN_D4         //A - 4 BYTE 
.................... #DEFINE      RCK_8LEDQUET     PIN_D5         //B - 2 BYTE DAO 
.................... #DEFINE      RCK_4LED7DOAN    PIN_D6         //A - 4 BYTE 
.................... #DEFINE      RCK_MATRANLED    PIN_D7         //B - 3 BYTE DAO 
....................  
.................... VOID XUAT_LCD20X4(UNSIGNED INT8 LCD_SIGNAL,LCD_INS_HTHI); 
.................... VOID XUAT_BUZZER_RELAY(); 
....................  
.................... //XXXXXXXXXXXXXXXXXXXXXXXXXXXXXXXXXXXXXXXXXXXX 
.................... //CHUONG TRINH KIEM TRA PHIM BT1 
.................... //XXXXXXXXXXXXXXXXXXXXXXXXXXXXXXXXXXXXXXXXXXXX 
.................... UNSIGNED INT8 DL_BTN=0; 
.................... INT1 PHIM_BT0(UNSIGNED INT16 DL) 
.................... {   
....................     IF(!INPUT(BT0)) 
....................     {   
....................       DL_BTN++; 
....................       IF(DL_BTN==1) RETURN(1); 
....................       ELSE 
....................       { 
....................          IF (DL_BTN>= DL) 
....................          DL_BTN = 0; 
....................       } 
....................     } 
....................     ELSE    
....................     { 
....................       RETURN(0); 
....................     } 
.................... }  
.................... //XXXXXXXXXXXXXXXXXXXXXXXXXXXXXXXXXXXXXXXXXXXX 
.................... //CHUONG TRINH KIEM TRA PHIM BT1 
.................... //XXXXXXXXXXXXXXXXXXXXXXXXXXXXXXXXXXXXXXXXXXXX 
.................... INT1 PHIM_BT1(UNSIGNED INT16 DL ) 
.................... {   
....................     IF (!INPUT(BT1)) 
....................     {   
....................       DL_BTN++; 
....................       IF(DL_BTN==1) RETURN(1); 
....................       ELSE 
....................       { 
....................          IF (DL_BTN>= DL) 
....................          DL_BTN =0; 
....................       } 
....................     } 
....................     ELSE    
....................     { 
....................       RETURN(0); 
....................     } 
.................... }  
.................... //XXXXXXXXXXXXXXXXXXXXXXXXXXXXXXXXXXXXXXXXXXXX 
.................... //CHUONG TRINH KIEM TRA PHIM BT2       
.................... //XXXXXXXXXXXXXXXXXXXXXXXXXXXXXXXXXXXXXXXXXXXX                                     
.................... INT1 PHIM_BT2(UNSIGNED INT16 DL ) 
.................... {                                         
....................     IF (!INPUT(BT2)) 
....................     {   
....................       DL_BTN++; 
....................       IF(DL_BTN==1) RETURN(1); 
....................       ELSE 
....................       { 
....................          IF (DL_BTN>= DL) 
....................          DL_BTN =0; 
....................       } 
....................     } 
....................     ELSE    
....................     { 
....................       RETURN(0); 
....................     }                                           
.................... }       
....................  
.................... //XXXXXXXXXXXXXXXXXXXXXXXXXXXXXXXXXXXXXXXXXXXX 
.................... //CHUONG TRINH KIEM TRA PHIM BT3 
.................... //XXXXXXXXXXXXXXXXXXXXXXXXXXXXXXXXXXXXXXXXXXXX 
.................... INT1 PHIM_BT3(UNSIGNED INT16 DL,  UNSIGNED INT8 SOLAN  ) 
.................... {   
....................     IF (!INPUT(BT3)) 
....................     {   
....................       DL_BTN++; 
....................       IF(DL_BTN==1) RETURN(1); 
....................       ELSE 
....................       { 
....................          IF (DL_BTN>= DL) 
....................          DL_BTN =SOLAN; 
....................       } 
....................     } 
....................     ELSE    
....................     { 
....................       //DL_BTN =0; 
....................       RETURN(0); 
....................     } 
.................... }  
.................... //XXXXXXXXXXXXXXXXXXXXXXXXXXXXXXXXXXXXXXXXXXXX 
.................... //KHAI BAO DU LIEU 16 BIT CHO MODULE RELAY, TRIAC, BUZZER, DONG CO 
.................... //XXXXXXXXXXXXXXXXXXXXXXXXXXXXXXXXXXXXXXXXXXXX 
.................... UNSIGNED INT16 RBDC; 
.................... #BIT STEP_MOTOR_ENABLE  = RBDC.0    //1=ENA,0=DIS 
.................... #BIT STEP_MOTOR_IN1     = RBDC.1     
.................... #BIT STEP_MOTOR_IN2     = RBDC.2 
.................... #BIT STEP_MOTOR_IN3     = RBDC.3 
.................... #BIT STEP_MOTOR_IN4     = RBDC.4 
.................... #BIT DC_ENABLE          = RBDC.5    //1=ENA,0=DIS 
.................... #BIT PWRKEY             = RBDC.6    //KHOI TAO SIM900 
....................  
.................... #BIT BUZZER             = RBDC.8    //1=ON,0=OFF 
.................... #BIT TRIAC_1            = RBDC.9    //1=ON,0=OFF 
.................... #BIT TRIAC_2            = RBDC.10   //1=ON,0=OFF 
.................... #BIT RELAY_1            = RBDC.11   //0=ON,1=OFF 
.................... #BIT RELAY_2            = RBDC.12   //0=ON,1=OFF 
....................  
....................  
....................  
.................... //XXXXXXXXXXXXXXXXXXXXXXXXXXXXXXXXXXXXXXXXXXXX    
.................... CONST UNSIGNED CHAR MA7DOAN[16]= {0XC0,0XF9,0xA4,0XB0,0X99,0X92,0X82,0XF8, 
.................... 0X80,0X90,0x88, 0x83, 0xC6, 0xA1, 0x86, 0x8E}; 
.................... #DEFINE     MASO0    0XC0 
.................... #DEFINE     MASO1    0XF9 
.................... #DEFINE     MASO2    0XA4 
.................... #DEFINE     MASO3    0XB0 
.................... #DEFINE     MASO4    0X99 
.................... #DEFINE     MASO5    0X92 
.................... #DEFINE     MASO6    0X82 
.................... #DEFINE     MASO7    0XF8 
....................  
.................... //XXXXXXXXXXXXXXXXXXXXXXXXXXXXXXXXXXXXXXXXXXXX  
.................... //HAM 102 XUAT 1 BYTE RA THANH GHI DICH 
.................... //XXXXXXXXXXXXXXXXXXXXXXXXXXXXXXXXXXXXXXXXXXXX     
.................... VOID XUAT_1BYTE(UNSIGNED INT8 X) 
.................... { 
....................    UNSIGNED INT8 SB;    
....................    #BIT BSERI  = X.7 
....................    FOR(SB=0;SB<8;SB++) 
*
003C:  CLRF   39
003E:  MOVF   39,W
0040:  SUBLW  07
0042:  BNC   0060
....................       {                                                  
....................          OUTPUT_BIT(SSDO,BSERI);     
0044:  BTFSC  38.7
0046:  BRA    004C
0048:  BCF    F8D.2
004A:  BRA    004E
004C:  BSF    F8D.2
004E:  BCF    F96.2
....................          OUTPUT_LOW(SSCK); OUTPUT_HIGH(SSCK); 
0050:  BCF    F96.0
0052:  BCF    F8D.0
0054:  BCF    F96.0
0056:  BSF    F8D.0
....................          X= X<<1;          
0058:  BCF    FD8.0
005A:  RLCF   38,F
005C:  INCF   39,F
005E:  BRA    003E
....................      } 
0060:  RETURN 0
.................... } 
.................... //XXXXXXXXXXXXXXXXXXXXXXXXXXXXXXXXXXXXXXXXXXXX  
.................... //HAM 301 
.................... //XXXXXXXXXXXXXXXXXXXXXXXXXXXXXXXXXXXXXXXXXXXX 
.................... //CHUONG TRINH CON XUAT 4 BYTE RA 32 LED DON 
.................... //XXXXXXXXXXXXXXXXXXXXXXXXXXXXXXXXXXXXXXXXXXXX 
.................... VOID XUAT_32LED_DON_4BYTE(UNSIGNED INT8 BLD3,BLD2,BLD1,BLD0) 
.................... {      
....................       XUAT_1BYTE(BLD3);           
....................       XUAT_1BYTE(BLD2); 
....................       XUAT_1BYTE(BLD1);           
....................       XUAT_1BYTE(BLD0);             
....................                        
....................       OUTPUT_HIGH(RCK_32LED);     
....................       OUTPUT_LOW(RCK_32LED); 
....................      
.................... } 
.................... //HAM 302 
.................... //XXXXXXXXXXXXXXXXXXXXXXXXXXXXXXXXXXXXXXXXXXXX 
.................... //CHUONG TRINH CON XUAT 2 WORD 16 BITRA 32 LED DON 
.................... //XXXXXXXXXXXXXXXXXXXXXXXXXXXXXXXXXXXXXXXXXXXX 
.................... VOID XUAT_32LED_DON_2WORD(UNSIGNED INT16 WLD1, UNSIGNED INT16 WLD0) 
.................... {      
....................      UNSIGNED INT8  B3,B2,B1,B0; 
....................      B3 = WLD1>>8;  B2 = WLD1;  
....................      B1 = WLD0>>8;  B0 = WLD0; 
....................      XUAT_32LED_DON_4BYTE(B3,B2,B1,B0); 
.................... } 
.................... //HAM 303 
.................... //XXXXXXXXXXXXXXXXXXXXXXXXXXXXXXXXXXXXXXXXXXXX 
.................... //CHUONG TRINH CON XUAT 1 DOUBLE WORD RA 32 LED DON 
.................... //XXXXXXXXXXXXXXXXXXXXXXXXXXXXXXXXXXXXXXXXXXXX 
.................... VOID XUAT_32LED_DON_1DW(UNSIGNED LONG LONG DWLD) 
.................... {      
....................      UNSIGNED INT16  WD1,WD0; 
....................      WD1 = DWLD>>16;  WD0 = DWLD; 
....................      XUAT_32LED_DON_2WORD(WD1,WD0); 
.................... } 
....................  
.................... //XXXXXXXXXXXXXXXXXXXXXXXXXXXXXXXXXXXXXXXXXXXX     
.................... //XUAT 1 BIT ROI TRA LAI KET QUA SAU KHI DICH DI 1 BIT 
.................... //XXXXXXXXXXXXXXXXXXXXXXXXXXXXXXXXXXXXXXXXXXXX     
.................... UNSIGNED  INT8 XUAT_1BIT(UNSIGNED INT8 BYTEXUAT) 
.................... { 
....................       UNSIGNED INT8   XBITX;    
....................       #BIT BSERIX  = XBITX.0 
....................       XBITX = BYTEXUAT; 
....................                                              
....................       OUTPUT_BIT(SSDO,BSERIX);     
....................       OUTPUT_LOW(SSCK); OUTPUT_HIGH(SSCK); 
....................       XBITX= XBITX>>1;    
....................       RETURN(XBITX);   
.................... } 
.................... //xxxxxxxxxxxxxxxxxxxxxxxxxxxxxxxxxxxxxxxxxxxxxxxxxxxxxxxx     
.................... //ham 103: xuat 1 word ra thanh ghi dich 
.................... //xxxxxxxxxxxxxxxxxxxxxxxxxxxxxxxxxxxxxxxxxxxxxxxxxxxxxxxx     
.................... void xuat_1word(unsigned int16 w) 
.................... {   
....................    unsigned int8 b1,b0; 
....................    b1 = w>>8; b0 = w; 
0062:  MOVFF  32,33
0066:  MOVFF  31,34
....................    xuat_1byte(b1);     
006A:  MOVFF  33,38
006E:  RCALL  003C
....................    xuat_1byte(b0); 
0070:  MOVFF  34,38
0074:  RCALL  003C
0076:  RETURN 0
.................... }    
.................... //xxxxxxxxxxxxxxxxxxxxxxxxxxxxxxxxxxxxxxxxxxxxxxxxxxxxxxxx      
.................... //ham 104: xoa cac module  
.................... //xxxxxxxxxxxxxxxxxxxxxxxxxxxxxxxxxxxxxxxxxxxxxxxxxxxxxxxx   
.................... void xoa_tat_6module()                           
.................... {                                                                                               
....................    xuat_1word(0);                              
0078:  CLRF   32
007A:  CLRF   31
007C:  RCALL  0062
....................    xuat_1word(0);  
007E:  CLRF   32
0080:  CLRF   31
0082:  RCALL  0062
....................    xuat_1word(0);                              
0084:  CLRF   32
0086:  CLRF   31
0088:  RCALL  0062
....................    xuat_1word(0);                                     
008A:  CLRF   32
008C:  CLRF   31
008E:  RCALL  0062
....................     
....................    output_high(rck_buzerelay);    
0090:  BCF    F95.3
0092:  BSF    F8C.3
....................    output_low(rck_buzerelay); 
0094:  BCF    F95.3
0096:  BCF    F8C.3
....................     
....................    output_high(rck_32led); 
0098:  BCF    F95.4
009A:  BSF    F8C.4
....................    output_low(rck_32led);  
009C:  BCF    F95.4
009E:  BCF    F8C.4
....................     
....................    output_high(rck_8ledquet);    
00A0:  BCF    F95.5
00A2:  BSF    F8C.5
....................    output_low(rck_8ledquet);    
00A4:  BCF    F95.5
00A6:  BCF    F8C.5
....................                                   
....................    output_high(rck_matranled);           
00A8:  BCF    F95.7
00AA:  BSF    F8C.7
....................    output_low(rck_matranled);    
00AC:  BCF    F95.7
00AE:  BCF    F8C.7
....................                             
....................    output_high(rck_lcd20x4);    
00B0:  BCF    F95.2
00B2:  BSF    F8C.2
....................    output_low(rck_lcd20x4);       
00B4:  BCF    F95.2
00B6:  BCF    F8C.2
....................                                                                            
....................    xuat_1word(0xffff);  
00B8:  SETF   32
00BA:  SETF   31
00BC:  RCALL  0062
....................    xuat_1word(0xffff);  
00BE:  SETF   32
00C0:  SETF   31
00C2:  RCALL  0062
....................    output_high(rck_4led7doan);        
00C4:  BCF    F95.6
00C6:  BSF    F8C.6
....................    output_low(rck_4led7doan);                                                                       
00C8:  BCF    F95.6
00CA:  BCF    F8C.6
00CC:  GOTO   00E8 (RETURN)
.................... }              
.................... //XXXXXXXXXXXXXXXXXXXXXXXXXXXXXXXXXXXXXXXXXXXX  
.................... //HAM 101 
.................... //XXXXXXXXXXXXXXXXXXXXXXXXXXXXXXXXXXXXXXXXXXXX     
.................... //HAM KHOI TAO CAC PORT VA IC CHOT 
.................... //XXXXXXXXXXXXXXXXXXXXXXXXXXXXXXXXXXXXXXXXXXXX     
.................... VOID SET_UP_PORT_IC_CHOT() 
.................... {      
....................    set_tris_a(0xff);    set_tris_b(0x3c);                                                    
00D0:  MOVLW  FF
00D2:  MOVWF  F92
00D4:  MOVLW  3C
00D6:  MOVWF  F93
....................    set_tris_c(0xf1);    set_tris_e(0x00);                                                
00D8:  MOVLW  F1
00DA:  MOVWF  F94
00DC:  MOVLW  00
00DE:  MOVWF  F96
....................    set_tris_d(0x00);     
00E0:  MOVWF  F95
....................    output_d(0x00);  
00E2:  CLRF   F95
00E4:  CLRF   F8C
....................    xoa_tat_6module(); 
00E6:  BRA    0078
....................    port_b_pullups(0xff);           
00E8:  BCF    FF1.7
....................    rbdc=0;                
00EA:  CLRF   06
00EC:  CLRF   05
....................              
....................    setup_adc(adc_clock_div_32);         
00EE:  MOVF   FC0,W
00F0:  ANDLW  C0
00F2:  IORLW  02
00F4:  MOVWF  FC0
00F6:  BSF    FC0.7
00F8:  BSF    FC2.0
....................    setup_adc_ports(an0_to_an2|vss_vdd);  
00FA:  MOVF   FC1,W
00FC:  ANDLW  C0
00FE:  IORLW  0C
0100:  MOVWF  FC1
....................    output_low(g_all);         
0102:  BCF    F95.0
0104:  BCF    F8C.0
0106:  GOTO   0430 (RETURN)
.................... } 
.................... //HAM 104 
....................  
.................... //XXXXXXXXXXXXXXXXXXXXXXXXXXXXXXXXXXXXXXXXXXXX 
.................... //CHUONG TRINH CON XUAT 4 BYTE RA 4 LED 7 DOAN 
.................... //XXXXXXXXXXXXXXXXXXXXXXXXXXXXXXXXXXXXXXXXXXXX 
.................... VOID XUAT_4LED_7DOAN_4SO(UNSIGNED INT BL743,BL742,BL741,BL740) 
.................... {      
....................       XUAT_1BYTE(BL740);   XUAT_1BYTE(BL741); 
....................       XUAT_1BYTE(BL742);   XUAT_1BYTE(BL743);        
....................       OUTPUT_LOW(RCK_4LED7DOAN);    
....................       OUTPUT_HIGH(RCK_4LED7DOAN); 
....................  
.................... } 
.................... //ham 404 
.................... VOID XUAT_4LED_7DOAN_3SO(UNSIGNED INT BL742,BL741,BL740) 
.................... {      
....................      XUAT_4LED_7DOAN_4SO(0XFF,BL742,BL741,BL740); 
.................... } 
.................... //ham 403 
.................... VOID XUAT_4LED_7DOAN_2SO(UNSIGNED INT BL741,BL740) 
.................... {      
....................      XUAT_4LED_7DOAN_4SO(0XFF,0XFF,BL741,BL740); 
.................... } 
.................... //ham 402 
.................... VOID XUAT_4LED_7DOAN_1SO(UNSIGNED INT BL740) 
.................... {      
....................      XUAT_4LED_7DOAN_4SO(0XFF,0XFF,0XFF,BL740); 
.................... } 
....................  
.................... //ham 405 
.................... //XXXXXXXXXXXXXXXXXXXXXXXXXXXXXXXXXXXXXXXXXXXXXXXXXXXXXXXXXXXXX 
.................... //CHUONG TRINH CON HIEN THI DU LIEU 16 BIT TREN 4 LED 7 DOAN 
.................... //XXXXXXXXXXXXXXXXXXXXXXXXXXXXXXXXXXXXXXXXXXXXXXXXXXXXXXXXXXXXX 
.................... UNSIGNED CHAR DONVI4,CHUC4,TRAM4,NGAN4; 
.................... VOID  XUAT_4LED_7DOAN_GIAIMA_XOA_SO0 (UNSIGNED INT16 TAM) 
.................... {          
....................       DONVI4 = MA7DOAN[TAM %10];          
....................       CHUC4  = MA7DOAN[TAM/10%10]; 
....................       TRAM4  = MA7DOAN[TAM/100%10];  
....................       NGAN4  = MA7DOAN[TAM/1000%10];        
....................       IF (NGAN4==0XC0) 
....................       { 
....................          NGAN4=0XFF; 
....................          IF (TRAM4==0XC0) 
....................          { 
....................             TRAM4=0XFF; 
....................             IF (CHUC4==0XC0)   CHUC4=0XFF; 
....................          } 
....................       } 
....................       XUAT_4LED_7DOAN_4SO(NGAN4,TRAM4,CHUC4,DONVI4);    
.................... } 
....................  
.................... void  XUAT_4LED_7DOAN_2_SO (unsigned int8 BH,BL) 
.................... {          
....................  XUAT_4LED_7DOAN_4SO(MA7DOAN[BH/10],MA7DOAN[BH%10],MA7DOAN[BL/10],MA7DOAN[BL%10]);    
.................... } 
....................  
.................... UNSIGNED INT8 LCDDATA=0;  
.................... UNSIGNED INT8 LCDCONTROL=0; 
.................... UNSIGNED INT8 GLCDDATA=0; 
.................... UNSIGNED INT8 GLCDCONTROL=0;  
.................... //HAM 701 
.................... //XXXXXXXXXXXXXXXXXXXXXXXXXXXXXXXXXXXXXXXXXXXXXXXXXXXXXXXXXXXXX 
.................... //CHUONG TRINH CON XUAT DU LIEU 4 BYTE RA GLCD VA LCD 
.................... //XXXXXXXXXXXXXXXXXXXXXXXXXXXXXXXXXXXXXXXXXXXXXXXXXXXXXXXXXXXXX 
.................... VOID XUAT_GLCD_LCD() 
.................... {       
....................     XUAT_1BYTE(GLCDCONTROL);              
010A:  MOVFF  0E,38
010E:  RCALL  003C
....................     XUAT_1BYTE(GLCDDATA); 
0110:  MOVFF  0D,38
0114:  RCALL  003C
....................     XUAT_1BYTE(LCDCONTROL);        
0116:  MOVFF  0C,38
011A:  RCALL  003C
....................     XUAT_1BYTE(LCDDATA);       
011C:  MOVFF  0B,38
0120:  RCALL  003C
....................           
....................     OUTPUT_HIGH(RCK_LCD20X4);      
0122:  BCF    F95.2
0124:  BSF    F8C.2
....................     OUTPUT_LOW(RCK_LCD20X4); 
0126:  BCF    F95.2
0128:  BCF    F8C.2
012A:  GOTO   013C (RETURN)
.................... } 
.................... //HAM 702 
.................... VOID XUAT_LCD20X4(UNSIGNED INT8 LCD_SIGNAL,LCD_INS_HTHI) 
.................... {      
....................     LCDCONTROL = ~LCD_SIGNAL; 
012E:  MOVF   36,W
0130:  MOVWF  0C
0132:  COMF   0C,F
....................     LCDDATA    = ~LCD_INS_HTHI;       
0134:  MOVFF  37,0B
0138:  COMF   0B,F
....................     XUAT_GLCD_LCD(); 
013A:  BRA    010A
013C:  RETURN 0
.................... } 
.................... //HAM 703 
.................... VOID XUAT_GLCD128X64(UNSIGNED INT8 GLCD_SIGNAL,GLCD_INS_HTHI) 
.................... {      
....................     GLCDCONTROL = ~GLCD_SIGNAL; 
....................     GLCDDATA    = ~GLCD_INS_HTHI;      
....................     XUAT_GLCD_LCD(); 
.................... } 
.................... //HAM 501 
.................... //XXXXXXXXXXXXXXXXXXXXXXXXXXXXXXXXXXXXXXXXXXXX 
.................... //CHUONG TRINH CON XUAT 2 BYTE RA DK 1 LED QUET SANG 
.................... //XXXXXXXXXXXXXXXXXXXXXXXXXXXXXXXXXXXXXXXXXXXX 
.................... VOID XUAT_8LED_7DOAN_QUET_1(UNSIGNED INT MA,SO_HTHI) 
.................... {      
....................       XUAT_1BYTE(~MA);    
....................       XUAT_1BYTE(~SO_HTHI); 
....................       OUTPUT_HIGH(RCK_8LEDQUET);  
....................       OUTPUT_LOW(RCK_8LEDQUET); 
.................... } 
.................... //HAM 502 
.................... //XXXXXXXXXXXXXXXXXXXXXXXXXXXXXXXXXXXXXXXXXXXX 
.................... //CHUONG TRINH CON XUAT 2 BYTE RA TAT 8 LED QUET 
.................... //XXXXXXXXXXXXXXXXXXXXXXXXXXXXXXXXXXXXXXXXXXXX 
.................... VOID XUAT_8LED_7DOAN_QUET_TAT_LED() 
.................... { 
....................    XUAT_8LED_7DOAN_QUET_1(0XFF,0XFF); 
.................... } 
.................... //HAM 503 
.................... //XXXXXXXXXXXXXXXXXXXXXXXXXXXXXXXXXXXXXXXXXXXX 
.................... //CHUONG TRINH CON HIEN THI LED THEO THU TU 
.................... //XXXXXXXXXXXXXXXXXXXXXXXXXXXXXXXXXXXXXXXXXXXX 
.................... CONST UNSIGNED CHAR TTLEDQUET[8]= {0x7F,0xBF,0xDF,0xEF,0xF7,0xFB,0xFD,0xFE}; 
.................... VOID XUAT_8LED_7DOAN_QUET_2(UNSIGNED INT THUTULED,SO_HTHI) 
.................... {          
....................       XUAT_1BYTE(~ (TTLEDQUET[THUTULED]));    
....................       XUAT_1BYTE(~SO_HTHI);      
....................       OUTPUT_HIGH(RCK_8LEDQUET);  
....................       OUTPUT_LOW(RCK_8LEDQUET); 
.................... } 
.................... //HAM 504 
.................... //XXXXXXXXXXXXXXXXXXXXXXXXXXXXXXXXXXXXXXXXXXXX 
.................... //CHUONG TRINH CON HIEN THI 8 SO TREN 8 LED QUET - CO KIEM TRA 
.................... //XXXXXXXXXXXXXXXXXXXXXXXXXXXXXXXXXXXXXXXXXXXX 
.................... UNSIGNED CHAR LED_7DQ[8]={0XFF,0XFF,0XFF,0XFF,0XFF,0XFF,0XFF,0XFF}; 
.................... UNSIGNED INT8 TT8LED=0; 
.................... VOID HIEN_THI_8LED_7DOAN_QUET() 
.................... {      
....................       FOR(TT8LED=0;TT8LED<8;TT8LED++) 
....................          IF (LED_7DQ[TT8LED]!=0XFF) 
....................          {            
....................             XUAT_8LED_7DOAN_QUET_2(TT8LED, LED_7DQ[TT8LED]); 
....................             DELAY_US(100); 
....................             XUAT_8LED_7DOAN_QUET_TAT_LED();            
....................             } 
.................... } 
.................... //HAM 505 
.................... //XXXXXXXXXXXXXXXXXXXXXXXXXXXXXXXXXXXXXXXXXXXX 
.................... //CHUONG TRINH CON HIEN THI 8 SO TREN 8 LED QUET - KHONG KIEM TRA 
.................... //XXXXXXXXXXXXXXXXXXXXXXXXXXXXXXXXXXXXXXXXXXXX 
.................... VOID HIEN_THI_8LED_7DOAN_QUET_ALL() 
.................... {      
....................       FOR(TT8LED=0;TT8LED<8;TT8LED++)          
....................          {            
....................             XUAT_8LED_7DOAN_QUET_2(TT8LED, LED_7DQ[TT8LED]); 
....................             DELAY_US(100); 
....................             XUAT_8LED_7DOAN_QUET_TAT_LED();            
....................             } 
.................... } 
....................  
.................... VOID DELAY_QUET_8LED(UNSIGNED INT16 DL) 
.................... {  
....................       UNSIGNED INT8 I; 
....................       FOR (I=0; I<DL;I++) 
....................       HIEN_THI_8LED_7DOAN_QUET_ALL(); 
.................... }  
....................  
.................... VOID GIAI_MA_GAN_CHO_8LED_QUET_16_XOA(UNSIGNED INT16 X) 
.................... {      
....................       LED_7DQ[0]= MA7DOAN [X %10];     
....................       LED_7DQ[1]= MA7DOAN [X/10%10]; 
....................       LED_7DQ[2]= MA7DOAN [X/100%10];     
....................       LED_7DQ[3]= MA7DOAN [X/1000%10]; 
....................       LED_7DQ[4]= MA7DOAN [X/10000%10]; 
....................       IF (LED_7DQ[4]==MASO0)  
....................       { 
....................             LED_7DQ[4]=0XFF; 
....................             IF (LED_7DQ[3]==MASO0)  
....................             { 
....................                LED_7DQ[3]=0XFF; 
....................                IF (LED_7DQ[2]==MASO0)  
....................                { 
....................                   LED_7DQ[2]=0XFF; 
....................                   IF (LED_7DQ[1]==MASO0)  
....................                   { 
....................                      LED_7DQ[1]=0XFF; 
....................                   } 
....................                } 
....................             } 
....................       } 
....................              
.................... } 
....................  
....................  
.................... //XXXXXXXXXXXXXXXXXXXXXXXXXXXXXXXXXXXXXXXXXXXX          
.................... VOID XUAT_2BYTE(UNSIGNED INT16 X) 
.................... { 
....................    INT8 SBB; 
....................    #BIT BSERIX  = X.15 
....................    FOR (SBB=0;SBB<16;SBB++) 
....................       {                                                  
....................          OUTPUT_BIT(SSDO,BSERIX);     
....................          OUTPUT_LOW(SSCK);          
....................          OUTPUT_HIGH(SSCK); 
....................          X= X<<1;          
....................      } 
.................... } 
.................... //XXXXXXXXXXXXXXXXXXXXXXXXXXXXXXXXXXXXXXXXXXXX 
.................... //CHUONG TRINH CON XUAT RA LED MA TRAN 
.................... //XXXXXXXXXXXXXXXXXXXXXXXXXXXXXXXXXXXXXXXXXXXX 
.................... VOID XUAT_MATRANLED(UNSIGNED INT16 MAHANG,UNSIGNED INT16 MACOT1, 
.................... UNSIGNED INT16 MACOT2,UNSIGNED INT16 MACOT3) 
.................... {       
....................       XUAT_2BYTE(MACOT3); 
....................       XUAT_2BYTE(MACOT2); 
....................       XUAT_2BYTE(MACOT1); 
....................       XUAT_2BYTE(MAHANG);      
....................  
....................       OUTPUT_HIGH(RCK_MATRANLED);  
....................       OUTPUT_LOW(RCK_MATRANLED); 
.................... } 
.................... //XXXXXXXXXXXXXXXXXXXXXXXXXXXXXXXXXXXXXXXXXXXX 
.................... //CHUONG TRINH CON XUAT RA LED MA TRAN 
.................... //XXXXXXXXXXXXXXXXXXXXXXXXXXXXXXXXXXXXXXXXXXXX 
.................... VOID TAT_MATRANLED() 
.................... {       
....................       XUAT_2BYTE(0); 
....................       XUAT_2BYTE(0); 
....................       XUAT_2BYTE(0); 
....................       XUAT_2BYTE(0);            
....................       OUTPUT_HIGH(RCK_MATRANLED); OUTPUT_LOW(RCK_MATRANLED);  
.................... } 
.................... UNSIGNED  INT8 HIEU_CHINH_4BIT_CAO(UNSIGNED INT8 XZY) 
.................... { 
....................       INT1  BTG; 
....................       UNSIGNED INT8   BX;    
....................       #BIT BIT4  = BX.4 
....................       #BIT BIT5  = BX.5 
....................       #BIT BIT6  = BX.6 
....................       #BIT BIT7  = BX.7 
....................       BX=XZY; 
....................       BTG=BIT4;   BIT4=BIT7;  BIT7=BTG; 
....................       BTG=BIT5;   BIT5=BIT6;  BIT6=BTG;       
....................       RETURN(BX);   
.................... } 
.................... //HAM 601 
.................... //XXXXXXXXXXXXXXXXXXXXXXXXXXXXXXXXXXXXXXXXXXXXXXXXXXXX 
.................... //MODULE DIEU KHIEN RELAY,TRIAC, BUZZER, DONG CO, SIM 
.................... //XXXXXXXXXXXXXXXXXXXXXXXXXXXXXXXXXXXXXXXXXXXXXXXXXXXX 
.................... VOID XUAT_BUZZER_RELAY() 
.................... {      
....................    UNSIGNED INT8 RBDC1,RBDC2; 
....................       RBDC1=RBDC; RBDC2=RBDC>>8;       
....................       XUAT_1BYTE(RBDC2);       
....................       XUAT_1BYTE(RBDC1); 
....................        
....................       OUTPUT_HIGH(RCK_BUZERELAY);    
....................       OUTPUT_LOW(RCK_BUZERELAY); 
.................... } 
.................... //HAM 602 
.................... //XXXXXXXXXXXXXXXXXXXXXXXXXXXXXXXXXXXXXXXXXXXXXXXXXXXX 
.................... VOID BUZZER_ON() 
.................... {     
....................       BUZZER=1; 
....................       XUAT_BUZZER_RELAY();          
.................... } 
.................... //HAM 603 
.................... //XXXXXXXXXXXXXXXXXXXXXXXXXXXXXXXXXXXXXXXXXXXXXXXXXXXX 
.................... VOID BUZZER_OFF() 
.................... {      
....................       BUZZER=0; 
....................       XUAT_BUZZER_RELAY(); 
.................... } 
.................... //HAM 604 
.................... //XXXXXXXXXXXXXXXXXXXXXXXXXXXXXXXXXXXXXXXXXXXXXXXXXXXX 
.................... VOID RELAY_1_ON() 
.................... {     
....................       RELAY_1=1; 
....................       XUAT_BUZZER_RELAY();          
.................... } 
.................... //HAM 603 
.................... //XXXXXXXXXXXXXXXXXXXXXXXXXXXXXXXXXXXXXXXXXXXXXXXXXXXX 
.................... VOID RELAY_1_OFF() 
.................... {     
....................       RELAY_1=0; 
....................       XUAT_BUZZER_RELAY();          
.................... } 
.................... //HAM 604 
.................... //XXXXXXXXXXXXXXXXXXXXXXXXXXXXXXXXXXXXXXXXXXXXXXXXXXXX 
.................... VOID RELAY_2_ON() 
.................... {     
....................       RELAY_2=1; 
....................       XUAT_BUZZER_RELAY();          
.................... } 
.................... //HAM 607 
.................... //XXXXXXXXXXXXXXXXXXXXXXXXXXXXXXXXXXXXXXXXXXXXXXXXXXXX 
.................... VOID RELAY_2_OFF() 
.................... {     
....................       RELAY_2=0; 
....................       XUAT_BUZZER_RELAY();          
.................... } 
.................... //HAM 608 
.................... //XXXXXXXXXXXXXXXXXXXXXXXXXXXXXXXXXXXXXXXXXXXXXXXXXXXX 
.................... VOID RELAY_1_RELAY_2_ON() 
.................... {     
....................       RELAY_1=1;  RELAY_2=1; 
....................       XUAT_BUZZER_RELAY();          
.................... } 
.................... //HAM 609 
.................... //XXXXXXXXXXXXXXXXXXXXXXXXXXXXXXXXXXXXXXXXXXXXXXXXXXXX 
.................... VOID RELAY_1_RELAY_2_OFF() 
.................... {     
....................       RELAY_1=0;  RELAY_2=0; 
....................       XUAT_BUZZER_RELAY();          
.................... } 
.................... //HAM 610 
.................... //XXXXXXXXXXXXXXXXXXXXXXXXXXXXXXXXXXXXXXXXXXXXXXXXXXXX 
.................... VOID TRIAC_1_ON() 
.................... {     
....................       TRIAC_1=1; 
....................       XUAT_BUZZER_RELAY();          
.................... } 
.................... //HAM 611 
.................... //XXXXXXXXXXXXXXXXXXXXXXXXXXXXXXXXXXXXXXXXXXXXXXXXXXXX 
.................... VOID TRIAC_1_OFF() 
.................... {     
....................       TRIAC_1=0; 
....................       XUAT_BUZZER_RELAY();          
.................... } 
.................... //HAM 612 
.................... //XXXXXXXXXXXXXXXXXXXXXXXXXXXXXXXXXXXXXXXXXXXXXXXXXXXX 
.................... VOID TRIAC_2_ON() 
.................... {     
....................       TRIAC_2=1; 
....................       XUAT_BUZZER_RELAY();          
.................... } 
.................... //HAM 613 
.................... //XXXXXXXXXXXXXXXXXXXXXXXXXXXXXXXXXXXXXXXXXXXXXXXXXXXX 
.................... VOID TRIAC_2_OFF() 
.................... {     
....................       TRIAC_2=0; 
....................       XUAT_BUZZER_RELAY();          
.................... } 
.................... //XXXXXXXXXXXXXXXXXXXXXXXXXXXXXXXXXXXXXXXXXXXX 
....................  
.................... VOID GGMMAA() 
.................... { 
....................    UNSIGNED INT8   X;    
....................    X=MA7DOAN[1]; 
.................... } 
....................  
....................  
.................... //!#include <tv_pickit2_shift_1_proteus.c> 
.................... #include <tv_pickit2_shift_key4x4_138.c> 
.................... CONST UNSIGNED CHAR MAQUETKEY[4]= {0x3F,0x7F,0xBF,0xFF}; 
.................... UNSIGNED INT8  MPT1=0,MPT2=0;   
.................... UNSIGNED INT KEY_NHAN() 
.................... {     SIGNED INT8 MAPHIM,HANG,COT; 
....................       MAPHIM=HANG=0XFF; 
*
027A:  SETF   32
027C:  MOVFF  32,31
....................       FOR(COT=0;COT<4;COT++) 
0280:  CLRF   33
0282:  BTFSC  33.7
0284:  BRA    028C
0286:  MOVF   33,W
0288:  SUBLW  03
028A:  BNC   02DE
....................             {    
....................                OUTPUT_B(MAQUETKEY[COT]); 
028C:  CLRF   03
028E:  MOVF   33,W
0290:  MOVFF  FF2,34
0294:  BCF    FF2.7
0296:  RCALL  0004
0298:  BTFSC  34.7
029A:  BSF    FF2.7
029C:  CLRF   F93
029E:  MOVWF  F8A
....................                IF         (!INPUT(PIN_B2))      {HANG=3;   BREAK;} 
02A0:  BSF    F93.2
02A2:  BTFSC  F81.2
02A4:  BRA    02AE
02A6:  MOVLW  03
02A8:  MOVWF  32
02AA:  BRA    02DE
02AC:  BRA    02D4
....................                ELSE    IF (!INPUT(PIN_B3))      {HANG=2;   BREAK;} 
02AE:  BSF    F93.3
02B0:  BTFSC  F81.3
02B2:  BRA    02BC
02B4:  MOVLW  02
02B6:  MOVWF  32
02B8:  BRA    02DE
02BA:  BRA    02D4
....................                ELSE    IF (!INPUT(PIN_B4))      {HANG=1;   BREAK;} 
02BC:  BSF    F93.4
02BE:  BTFSC  F81.4
02C0:  BRA    02CA
02C2:  MOVLW  01
02C4:  MOVWF  32
02C6:  BRA    02DE
02C8:  BRA    02D4
....................                ELSE    IF (!INPUT(PIN_B5))      {HANG=0;   BREAK;} 
02CA:  BSF    F93.5
02CC:  BTFSC  F81.5
02CE:  BRA    02D4
02D0:  CLRF   32
02D2:  BRA    02DE
....................                DELAY_MS(30); //THEM VAO DE XU LY LOI QUA TAI CPU 
02D4:  MOVLW  1E
02D6:  MOVWF  34
02D8:  RCALL  016E
02DA:  INCF   33,F
02DC:  BRA    0282
....................             }           
....................          IF (HANG!=0XFF)   MAPHIM   = COT*4 + HANG; 
02DE:  INCFSZ 32,W
02E0:  BRA    02E4
02E2:  BRA    02F4
02E4:  MOVFF  33,34
02E8:  MOVLW  04
02EA:  MOVWF  35
02EC:  BRA    022E
02EE:  MOVF   32,W
02F0:  ADDWF  01,W
02F2:  MOVWF  31
....................          RETURN(MAPHIM); 
02F4:  MOVFF  31,01
02F8:  RETURN 0
.................... } 
....................  
.................... UNSIGNED INT KEY_4X4_DW() 
.................... {      
....................       MPT1=KEY_NHAN();        
02FA:  RCALL  027A
02FC:  MOVFF  01,18
....................       IF (MPT1!=0XFF)    
0300:  INCFSZ 18,W
0302:  BRA    0306
0304:  BRA    0324
....................       {  DELAY_MS(1);   
0306:  MOVLW  01
0308:  MOVWF  34
030A:  RCALL  016E
....................          MPT1=KEY_NHAN(); 
030C:  RCALL  027A
030E:  MOVFF  01,18
....................          DO{MPT2=KEY_NHAN(); DELAY_MS(30);} 
0312:  RCALL  027A
0314:  MOVFF  01,19
0318:  MOVLW  1E
031A:  MOVWF  34
031C:  RCALL  016E
....................          WHILE (MPT2==MPT1); 
031E:  MOVF   18,W
0320:  SUBWF  19,W
0322:  BZ    0312
....................       }              
....................       RETURN(MPT1); 
0324:  MOVFF  18,01
0328:  GOTO   0444 (RETURN)
.................... } 
....................  
.................... UNSIGNED INT KEY_4X4_UP() 
.................... {             
....................       MPT1=KEY_NHAN(); 
....................       IF (MPT1!=0XFF)    
....................       {   
....................          IF (MPT1!=MPT2) 
....................             { 
....................                RETURN(MPT1);  //PHIM MOI 
....................                MPT2=MPT1; 
....................             } 
....................          ELSE 
....................          { 
....................             DELAY_MS(1); 
....................             MPT1=KEY_NHAN(); 
....................             DO 
....................             { 
....................                MPT2=KEY_NHAN(); 
....................                } 
....................             WHILE (MPT2!=MPT1); 
....................                RETURN(MPT1);     //THOAT VI TRUNG MA PHIM DA NHAN 
....................                MPT2=MPT1;            
....................          } 
....................       }   
....................       ELSE  
....................       { 
....................          RETURN(MPT1);  //THOAT VI KHONG NHAN 
....................          MPT2=MPT1; 
....................       }       
.................... } 
....................  
....................  
....................  
.................... #include <tv_pickit2_shift_lcd.c> 
.................... UNSIGNED INT8 LCD_CONTROL;   
.................... #bit LCD_P = LCD_CONTROL.3 
.................... #bit LCD_RS = LCD_CONTROL.2 
.................... #bit LCD_RW = LCD_CONTROL.1 
.................... #bit LCD_E  = LCD_CONTROL.0 
....................  
.................... #DEFINE LCD_FUNCTION_SET       0X38 
.................... #DEFINE LCD_DISPLAY_CONTROL    0X0C 
.................... #DEFINE LCD_CLEAR_DISPLAY      0X01 
.................... #DEFINE LCD_ENTRY_MODE         0X06 
.................... #DEFINE LCD_SHIFT_LEFT         0X18 
.................... #DEFINE LCD_SHIFT_RIGHT        0X1C 
....................  
.................... #DEFINE LCD_ADDR_LINE1         0X80 
.................... #DEFINE LCD_ADDR_LINE2         0XC0 
.................... #DEFINE LCD_ADDR_LINE3         0X94 
.................... #DEFINE LCD_ADDR_LINE4         0XD4 
....................  
.................... VOID LCD_XUAT_8BIT(INT8 LCD_DATA_X) 
.................... { 
....................       LCD_E=1; XUAT_LCD20X4(LCD_CONTROL,LCD_DATA_X);      
*
013E:  BSF    1A.0
0140:  MOVFF  1A,36
0144:  MOVFF  35,37
0148:  RCALL  012E
....................       LCD_E=0; XUAT_LCD20X4(LCD_CONTROL,LCD_DATA_X);  
014A:  BCF    1A.0
014C:  MOVFF  1A,36
0150:  MOVFF  35,37
0154:  RCALL  012E
0156:  RETURN 0
.................... } 
.................... void LCD_COMMAND(INT8 LCD_DATA_X)    
....................   { 
....................       LCD_RS = 0; 
0158:  BCF    1A.2
....................       LCD_XUAT_8BIT(LCD_DATA_X); 
015A:  MOVFF  34,35
015E:  RCALL  013E
....................       DELAY_US(20); 
0160:  MOVLW  20
0162:  MOVWF  00
0164:  DECFSZ 00,F
0166:  BRA    0164
0168:  BRA    016A
016A:  NOP   
016C:  RETURN 0
....................   } 
.................... void LCD_DATA(INT8 LCD_DATA_X)        
....................   { 
....................       LCD_RS = 1;      
*
01F6:  BSF    1A.2
....................       LCD_XUAT_8BIT(LCD_DATA_X); 
01F8:  MOVFF  33,35
01FC:  RCALL  013E
....................       DELAY_US(20); 
01FE:  MOVLW  20
0200:  MOVWF  00
0202:  DECFSZ 00,F
0204:  BRA    0202
0206:  BRA    0208
0208:  NOP   
020A:  RETURN 0
....................   } 
....................    
.................... VOID SETUP_LCD () 
.................... {                      
....................          LCD_E  = 0;  
*
0194:  BCF    1A.0
....................          LCD_RW = 0;  
0196:  BCF    1A.1
....................          LCD_RS = 1;  
0198:  BSF    1A.2
....................          LCD_P =0; 
019A:  BCF    1A.3
....................          LCD_COMMAND(LCD_FUNCTION_SET);          
019C:  MOVLW  38
019E:  MOVWF  34
01A0:  RCALL  0158
....................          DELAY_US(40); 
01A2:  MOVLW  42
01A4:  MOVWF  00
01A6:  DECFSZ 00,F
01A8:  BRA    01A6
01AA:  NOP   
....................          LCD_COMMAND(LCD_DISPLAY_CONTROL);    
01AC:  MOVLW  0C
01AE:  MOVWF  34
01B0:  RCALL  0158
....................          DELAY_US(40); 
01B2:  MOVLW  42
01B4:  MOVWF  00
01B6:  DECFSZ 00,F
01B8:  BRA    01B6
01BA:  NOP   
....................          LCD_COMMAND(LCD_CLEAR_DISPLAY);       
01BC:  MOVLW  01
01BE:  MOVWF  34
01C0:  RCALL  0158
....................          DELAY_MS(2); 
01C2:  MOVLW  02
01C4:  MOVWF  34
01C6:  RCALL  016E
....................          LCD_COMMAND(LCD_ENTRY_MODE);        
01C8:  MOVLW  06
01CA:  MOVWF  34
01CC:  RCALL  0158
....................          DELAY_US(40);                 
01CE:  MOVLW  42
01D0:  MOVWF  00
01D2:  DECFSZ 00,F
01D4:  BRA    01D2
01D6:  NOP   
01D8:  GOTO   0432 (RETURN)
.................... } 
....................  
.................... CONST UNSIGNED CHAR LCD_SO_X[11][6] ={ 
....................                   0,1,2,5,3,4,               // SO 0 
....................                   1,2,32,3,7,3,              // SO 1 
....................                   6,6,2,5,3,3,               // SO 2 
....................                   6,6,2,3,3,4,               // SO 3 
....................                   7,3,7,32,32,7,             // SO 4 
....................                   7,6,6,3,3,4,               // SO 5 
....................                   0,6,6,5,3,4,               // SO 6 
....................                   1,1,7,32,32,7,             // SO 7 
....................                   0,6,2,5,3,4,               // SO 8 
....................                   0,6,2,3,3,4, 
....................                   32,32,32,32,32,32};             // SO 9 
....................                    
.................... CONST UNSIGNED CHAR LCD_SO_XX[10][9] ={ 
....................                   0,1,2,7,32,7,5,3,4,               // SO 0 
....................                   1,2,32,3,7,3,              // SO 1 
....................                   6,6,2,5,3,3,               // SO 2 
....................                   6,6,2,3,3,4,               // SO 3 
....................                   7,3,7,32,32,7,             // SO 4 
....................                   7,6,6,3,3,4,               // SO 5 
....................                   0,6,6,5,3,4,               // SO 6 
....................                   1,1,7,32,32,7,             // SO 7 
....................                   0,6,2,5,3,4,               // SO 8 
....................                   0,6,2,3,3,4};             // SO 9          
.................... //!CONST UNSIGNED CHAR LCD_SO_X[10][6] = 
.................... //!{ 
.................... //!                  0,1,2,3,4,5,               // SO 0 
.................... //!                  1,2,32,3,7,3,              // SO 1 
.................... //!                  6,6,2,4,3,3,               // SO 2 
.................... //!                  6,6,2,3,3,5,               // SO 3 
.................... //!                  7,3,7,32,32,7,             // SO 4 
.................... //!                  7,6,6,3,3,5,               // SO 5 
.................... //!                  0,6,6,4,3,5,               // SO 6 
.................... //!                  1,1,7,32,32,7,             // SO 7 
.................... //!                  0,6,2,4,3,5,               // SO 8 
.................... //!                  0,6,2,3,3,5};             // SO 9    
....................                    
.................... CONST UNSIGNED CHAR LCD_MA_8DOAN[] = { 
....................    0x07,0x0F,0x1F,0x1F,0x1F,0x1F,0x1F,0x1F,  //DOAN F - 0 
....................    0x1F,0x1F,0x1F,0X00,0X00,0X00,0X00,0X00,  //DOAN A - 1 
....................    0x1C,0x1E,0x1F,0x1F,0x1F,0x1F,0x1F,0x1F,  //DOAN B - 2 
....................    0X00,0X00,0X00,0X00,0X00,0x1F,0x1F,0x1F,  //DOAN D - 3 
....................    0x1F,0x1F,0x1F,0x1F,0x1F,0x1F,0x1E,0x1C,  //DOAN C - 4 
....................    0x1F,0x1F,0x1F,0x1F,0x1F,0x1F,0x0F,0x07,  //DOAN E - 5 
....................    0x1F,0x1F,0x1F,0X00,0X00,0X00,0x1F,0x1F,  //DOAN G+D-6  
....................    0x1F,0x1F,0x1F,0x1F,0x1F,0x1F,0x1F,0x1F}; //DOAN I  -7 
....................     
.................... VOID LCD_GOTO_XY(SIGNED INT8 X, SIGNED INT8 Y) 
.................... {  
....................    CONST UNSIGNED INT8 LCD_VITRI[]={0x80,0xC0,0x94,0xD4}; 
....................    LCD_COMMAND(LCD_VITRI[X]+Y); 
01DC:  CLRF   03
01DE:  MOVF   31,W
01E0:  MOVFF  FF2,33
01E4:  BCF    FF2.7
01E6:  RCALL  0018
01E8:  BTFSC  33.7
01EA:  BSF    FF2.7
01EC:  ADDWF  32,W
01EE:  MOVWF  33
01F0:  MOVWF  34
01F2:  RCALL  0158
01F4:  RETURN 0
.................... } 
....................  
.................... VOID XXX() 
.................... {  
....................    SIGNED INT8 X; 
....................    X= LCD_SO_X[0][0]; 
....................    X= LCD_MA_8DOAN[0]; 
.................... } 
....................  
....................  
.................... unsigned CHAR led[] = {0x20, 0x20, 0x20, 0x20, 0x20, 0x20, 0x20, 0x20, 0x20, 0x20, 0x20, 0x20, 0x20, 0x20, 0x20, 0x20, 0x20, 0x20, 0x20, 0x20}; 
.................... unsigned INT8 mp, i; 
.................... void dich() 
.................... { 
....................    FOR (i = 19; i > 0; i--) 
*
032C:  MOVLW  13
032E:  MOVWF  30
0330:  MOVF   30,F
0332:  BZ    0368
....................    { 
....................       led[i] = led[i - 1]; 
0334:  CLRF   03
0336:  MOVF   30,W
0338:  ADDLW  1B
033A:  MOVWF  01
033C:  MOVLW  00
033E:  ADDWFC 03,F
0340:  MOVFF  03,32
0344:  MOVLW  01
0346:  SUBWF  30,W
0348:  CLRF   03
034A:  ADDLW  1B
034C:  MOVWF  FE9
034E:  MOVLW  00
0350:  ADDWFC 03,W
0352:  MOVWF  FEA
0354:  MOVFF  FEF,33
0358:  MOVFF  32,FEA
035C:  MOVFF  01,FE9
0360:  MOVFF  33,FEF
0364:  DECF   30,F
0366:  BRA    0330
....................    } 
....................  
....................    IF (mp < 10) led[0] = mp + 0x30; 
0368:  MOVF   2F,W
036A:  SUBLW  09
036C:  BNC   0376
036E:  MOVLW  30
0370:  ADDWF  2F,W
0372:  MOVWF  1B
0374:  BRA    037C
....................    ELSE  led[0] = mp + 0x37; 
0376:  MOVLW  37
0378:  ADDWF  2F,W
037A:  MOVWF  1B
037C:  GOTO   0450 (RETURN)
.................... } 
....................  
.................... void xuat_lcd() 
.................... { 
....................    lcd_GOTO_xy (1, 0); 
0380:  MOVLW  01
0382:  MOVWF  31
0384:  CLRF   32
0386:  RCALL  01DC
....................    FOR (i = 19; i > 0; i--) 
0388:  MOVLW  13
038A:  MOVWF  30
038C:  MOVF   30,F
038E:  BZ    03AE
....................    { 
....................       lcd_data (led[i - 1]); //i - 1 dng, cn i th bi cham?? 
0390:  MOVLW  01
0392:  SUBWF  30,W
0394:  CLRF   03
0396:  ADDLW  1B
0398:  MOVWF  FE9
039A:  MOVLW  00
039C:  ADDWFC 03,W
039E:  MOVWF  FEA
03A0:  MOVFF  FEF,31
03A4:  MOVFF  31,33
03A8:  RCALL  01F6
03AA:  DECF   30,F
03AC:  BRA    038C
....................    } 
03AE:  GOTO   0452 (RETURN)
.................... } 
....................  
.................... void main() 
03B2:  CLRF   FF8
03B4:  BCF    FD0.7
03B6:  BSF    FB8.3
03B8:  MOVLW  08
03BA:  MOVWF  FAF
03BC:  MOVLW  02
03BE:  MOVWF  FB0
03C0:  MOVLW  A6
03C2:  MOVWF  FAC
03C4:  MOVLW  90
03C6:  MOVWF  FAB
03C8:  CLRF   04
03CA:  CLRF   0B
03CC:  CLRF   0C
03CE:  CLRF   0D
03D0:  CLRF   0E
03D2:  CLRF   17
03D4:  CLRF   18
03D6:  CLRF   19
03D8:  MOVF   FC1,W
03DA:  ANDLW  C0
03DC:  IORLW  0F
03DE:  MOVWF  FC1
03E0:  MOVLW  07
03E2:  MOVWF  FB4
03E4:  BRA    03F0
03E6:  DATA 08,40
03E8:  DATA 0F,FF
03EA:  DATA 14,40
03EC:  DATA 1B,20
03EE:  DATA 00,00
03F0:  MOVLW  00
03F2:  MOVWF  FF8
03F4:  MOVLW  03
03F6:  MOVWF  FF7
03F8:  MOVLW  E6
03FA:  MOVWF  FF6
03FC:  TBLRD*+
03FE:  MOVF   FF5,W
0400:  MOVWF  00
0402:  XORLW  00
0404:  BZ    042C
0406:  TBLRD*+
0408:  MOVF   FF5,W
040A:  MOVWF  01
040C:  BTFSC  FE8.7
040E:  BRA    041A
0410:  ANDLW  0F
0412:  MOVWF  FEA
0414:  TBLRD*+
0416:  MOVFF  FF5,FE9
041A:  BTFSC  01.6
041C:  TBLRD*+
041E:  BTFSS  01.6
0420:  TBLRD*+
0422:  MOVFF  FF5,FEE
0426:  DCFSNZ 00,F
0428:  BRA    03FC
042A:  BRA    041E
042C:  CLRF   FF8
.................... { 
....................    set_up_port_ic_chot (); 
042E:  BRA    00D0
....................    setup_lcd (); 
0430:  BRA    0194
....................    lcd_GOTO_xy (0, 0); 
0432:  CLRF   31
0434:  CLRF   32
0436:  RCALL  01DC
....................    lcd_data ("HAY NHAP PHIM:") ; 
0438:  MOVLW  2C
043A:  MOVWF  FF6
043C:  MOVLW  00
043E:  MOVWF  FF7
0440:  BRA    020C
....................    WHILE (true) 
....................    { 
....................       mp = key_4x4_dw (); //kiem tra ma tran phim 
0442:  BRA    02FA
0444:  MOVFF  01,2F
....................       IF (mp != 0xff) 
0448:  INCFSZ 2F,W
044A:  BRA    044E
044C:  BRA    0452
....................       { 
....................          dich () ; 
044E:  BRA    032C
....................          xuat_lcd (); 
0450:  BRA    0380
....................       } 
0452:  BRA    0442
....................    } 
....................  
....................    delay_ms (50) ; 
0454:  MOVLW  32
0456:  MOVWF  34
0458:  RCALL  016E
.................... } 
....................  
045A:  SLEEP 
....................  

Configuration Fuses:
   Word  1: CC27   PLL12 CPUDIV1 USBDIV HS FCMEN IESO
   Word  2: 1E3E   PUT BROWNOUT BORV21 VREGEN NOWDT WDT32768
   Word  3: 8700   CCP2C1 PBADEN LPT1OSC MCLR
   Word  4: 00A1   STVREN NOLVP ICSP2 NOXINST NODEBUG
   Word  5: C00F   NOPROTECT NOCPB NOCPD
   Word  6: E00F   NOWRT NOWRTC NOWRTB NOWRTD
   Word  7: 400F   NOEBTR NOEBTRB
