CCS PCH C Compiler, Version 5.015, 5967               02-Dec-22 20:50

               Filename:   C:\Users\NguyenMinhTri\Desktop\TT VXL\BAI_802_I2C_RT_LCD_3KEY.lst

               ROM used:   1778 bytes (5%)
                           Largest free fragment is 30990
               RAM used:   38 (2%) at main() level
                           48 (2%) worst case
               Stack used: 9 locations
               Stack size: 31

*
0000:  GOTO   0690
....................  
.................... #INCLUDE <TV_PICKIT2_SHIFT_1_proteus.c> 
.................... #INCLUDE    <18F4550.H> 
.................... //////////// Standard Header file for the PIC18F4550 device //////////////// 
.................... /////////////////////////////////////////////////////////////////////////// 
.................... ////        (C) Copyright 1996, 2013 Custom Computer Services          //// 
.................... //// This source code may only be used by licensed users of the CCS C  //// 
.................... //// compiler.  This source code may only be distributed to other      //// 
.................... //// licensed users of the CCS C compiler.  No other use, reproduction //// 
.................... //// or distribution is permitted without written permission.          //// 
.................... //// Derivative programs created using this software in object code    //// 
.................... //// form are not restricted in any way.                               //// 
.................... /////////////////////////////////////////////////////////////////////////// 
.................... #device PIC18F4550 
0004:  CLRF   FF7
0006:  ADDLW  14
0008:  MOVWF  FF6
000A:  MOVLW  00
000C:  ADDWFC FF7,F
000E:  TBLRD*+
0010:  MOVF   FF5,W
0012:  RETURN 0
0014:  DATA 80,C0
0016:  DATA 94,D4
0018:  DATA 54,48
001A:  DATA 55,20
001C:  DATA 00,00
001E:  DATA 43,4C
0020:  DATA 4F,43
0022:  DATA 4B,3A
0024:  DATA 00,00
*
018E:  TBLRD*+
0190:  MOVF   FF5,F
0192:  BZ    01AC
0194:  MOVFF  FF6,26
0198:  MOVFF  FF7,27
019C:  MOVFF  FF5,28
01A0:  RCALL  0178
01A2:  MOVFF  26,FF6
01A6:  MOVFF  27,FF7
01AA:  BRA    018E
01AC:  RETURN 0
....................  
.................... #list 
....................  
.................... #DEVICE     ADC=10 
.................... #FUSES      NOWDT,PUT,HS,NOPROTECT,NOLVP,CPUDIV1 
.................... #USE        DELAY(CLOCK=20000000) 
*
010A:  CLRF   FEA
010C:  MOVLW  26
010E:  MOVWF  FE9
0110:  MOVF   FEF,W
0112:  BZ    012E
0114:  MOVLW  06
0116:  MOVWF  01
0118:  CLRF   00
011A:  DECFSZ 00,F
011C:  BRA    011A
011E:  DECFSZ 01,F
0120:  BRA    0118
0122:  MOVLW  7B
0124:  MOVWF  00
0126:  DECFSZ 00,F
0128:  BRA    0126
012A:  DECFSZ FEF,F
012C:  BRA    0114
012E:  RETURN 0
.................... #USE        I2C(MASTER,SLOW,SDA=PIN_B0,SCL=PIN_B1) 
*
01AE:  MOVLW  08
01B0:  MOVWF  01
01B2:  MOVLW  05
01B4:  MOVWF  00
01B6:  DECFSZ 00,F
01B8:  BRA    01B6
01BA:  BCF    F8A.1
01BC:  BCF    F93.1
01BE:  MOVLW  06
01C0:  MOVWF  00
01C2:  DECFSZ 00,F
01C4:  BRA    01C2
01C6:  RLCF   26,F
01C8:  BCF    F8A.0
01CA:  BTFSC  FD8.0
01CC:  BSF    F93.0
01CE:  BTFSS  FD8.0
01D0:  BCF    F93.0
01D2:  BSF    F93.1
01D4:  BTFSS  F81.1
01D6:  BRA    01D4
01D8:  DECFSZ 01,F
01DA:  BRA    01B2
01DC:  MOVLW  05
01DE:  MOVWF  00
01E0:  DECFSZ 00,F
01E2:  BRA    01E0
01E4:  BCF    F8A.1
01E6:  BCF    F93.1
01E8:  NOP   
01EA:  BSF    F93.0
01EC:  MOVLW  06
01EE:  MOVWF  00
01F0:  DECFSZ 00,F
01F2:  BRA    01F0
01F4:  MOVLW  06
01F6:  MOVWF  00
01F8:  DECFSZ 00,F
01FA:  BRA    01F8
01FC:  BSF    F93.1
01FE:  BTFSS  F81.1
0200:  BRA    01FE
0202:  CLRF   01
0204:  MOVLW  06
0206:  MOVWF  00
0208:  DECFSZ 00,F
020A:  BRA    0208
020C:  BTFSC  F81.0
020E:  BSF    01.0
0210:  BCF    F8A.1
0212:  BCF    F93.1
0214:  BCF    F8A.0
0216:  BCF    F93.0
0218:  RETURN 0
021A:  MOVLW  08
021C:  MOVWF  27
021E:  MOVFF  00,28
0222:  BSF    F93.0
0224:  MOVLW  06
0226:  MOVWF  00
0228:  DECFSZ 00,F
022A:  BRA    0228
022C:  BSF    F93.1
022E:  BTFSS  F81.1
0230:  BRA    022E
0232:  BTFSC  F81.0
0234:  BSF    FD8.0
0236:  BTFSS  F81.0
0238:  BCF    FD8.0
023A:  RLCF   01,F
023C:  MOVLW  05
023E:  MOVWF  00
0240:  DECFSZ 00,F
0242:  BRA    0240
0244:  BCF    F93.1
0246:  BCF    F8A.1
0248:  DECFSZ 27,F
024A:  BRA    0222
024C:  BSF    F93.0
024E:  MOVLW  06
0250:  MOVWF  00
0252:  DECFSZ 00,F
0254:  BRA    0252
0256:  BCF    F8A.0
0258:  MOVF   28,W
025A:  BTFSS  FD8.2
025C:  BCF    F93.0
025E:  NOP   
0260:  BSF    F93.1
0262:  BTFSS  F81.1
0264:  BRA    0262
0266:  MOVLW  05
0268:  MOVWF  00
026A:  DECFSZ 00,F
026C:  BRA    026A
026E:  BCF    F8A.1
0270:  BCF    F93.1
0272:  MOVLW  06
0274:  MOVWF  00
0276:  DECFSZ 00,F
0278:  BRA    0276
027A:  BCF    F8A.0
027C:  BCF    F93.0
027E:  RETURN 0
....................  
.................... //#USE        rs232(baud=9600, xmit=PIN_C6,rcv=PIN_C7) 
.................... //NUT NHAN: 
.................... #DEFINE  BT0     PIN_B5 
.................... #DEFINE  BT1     PIN_B4 
.................... #DEFINE  BT2     PIN_B3 
.................... #DEFINE  BT3     PIN_B2 
....................  
.................... #DEFINE  ON      BT0       //DK LED DON, MOTOR 
.................... #DEFINE  OFF     BT1 
.................... #DEFINE  INV     BT2 
....................  
.................... #DEFINE  UP      BT0    //DK LED DON 
.................... #DEFINE  DW      BT1 
.................... #DEFINE  CLR     BT2 
.................... #DEFINE  MOD     BT3 
....................  
.................... #DEFINE  STOP    BT3 
....................  
.................... #DEFINE  ON1     BT0      
.................... #DEFINE  OFF1    BT1 
.................... #DEFINE  ON2     BT2        
.................... #DEFINE  OFF2    BT3 
....................  
....................  
.................... #DEFINE     TRIGGER      PIN_E2 
.................... #DEFINE     ECHO         PIN_E1 
.................... //   IC74138_A    PIN_B6   //OUTPUT GIAI MA 2 SANG 4 TICH CUC MUC 0 
.................... //   IC74138_B    PIN_B7   //OUTPUT GIAI MA 2 SANG 4 TICH CUC MUC 0 
....................  
.................... //          ENCODER  PIN_C0   //RC0/T13CKI 
....................  
.................... //          CB_KC    PIN_A2   //RA2/AN2 
.................... //          PIR      PIN_A3   //RA3/AN3 
.................... //          CBXUNG   PIN_A4   //RA4/T0CKI 
.................... //          LEDTHU   PIN_A4   //RA4/T0CKI//SW802 
....................  
.................... //          CB_KCSA_TRIGGER  PIN_E2   //RE2/SDO  DUNG CHUNG 
.................... //          CB_KCSA_RCHO     PIN_E1   //RE1 
....................  
.................... //          CB_TCS3200_OUT    PIN_E1   //RE1 //CAM BIEN MAU TCS3200 
.................... //          CB_TCS3200_S0     B12      //LAY TU MBI5026 
.................... //          CB_TCS3200_S1     B13      //LAY TU MBI5026 
.................... //          CB_TCS3200_S2     B14      //LAY TU MBI5026 
.................... //          CB_TCS3200_S3     B15      //LAY TU MBI5026 
....................  
.................... //          CB_POWER  SW803 
.................... //          CB_GAS      AIN3_PCF8591T   //RE1 
.................... //          CB_QUANG    AIN2_PCF8591T    
.................... //          CB_LM35B    AIN1_PCF8591T   //RA1/AN1 
.................... //          CB_LM35A    AIN0_PCF8591T   //RE1/AN0 
....................  
.................... //XXXXXXXXXXXXXXXXXXXXXXXXXXXXXXXXXXXXXXXXXXXXXXXXX 
.................... #DEFINE      ENABLE_573A      PIN_D1         //CS0 CUA A 
.................... #DEFINE      ENABLE_573B      PIN_D0         //CS1 CUA B 
.................... //XXXXXXXXXXXXXXXXXXXXXXXXXXXXXXXXXXXXXXXXXXXXXXXXX 
.................... #DEFINE      SSDO             PIN_E2         //CHUNG TAT CA 
.................... #DEFINE      SSCK             PIN_E0         //CHUNG TAT CA 
.................... //XXXXXXXXXXXXXXXXXXXXXXXXXXXXXXXXXXXXXXXXXXXXXXXXX 
.................... #DEFINE      RCK_4LED7DOAN    PIN_D7         //A - 4 BYTE 
.................... #DEFINE      G_4LED7DOAN      PIN_D6         //A - 4 BYTE 
.................... //XXXXXXXXXXXXXXXXXXXXXXXXXXXXXXXXXXXXXXXXXXXX     
.................... #DEFINE      RCK_MATRANLED    PIN_D7         //B - 3 BYTE DAO 
.................... #DEFINE      G_MATRANLED      PIN_D6         //B - 3 BYTE DAO 
.................... //XXXXXXXXXXXXXXXXXXXXXXXXXXXXXXXXXXXXXXXXXXXXXXXXX 
.................... #DEFINE      RCK_32LED        PIN_D5         //A - 4 BYTE 
.................... #DEFINE      G_32LED          PIN_D4         //A - 4 BYTE 
.................... //XXXXXXXXXXXXXXXXXXXXXXXXXXXXXXXXXXXXXXXXXXXX  
.................... #DEFINE      RCK_8LEDQUET     PIN_D5         //B - 2 BYTE DAO 
.................... #DEFINE      G_8LEDQUET       PIN_D4         //B - 2 BYTE DAO 
.................... //XXXXXXXXXXXXXXXXXXXXXXXXXXXXXXXXXXXXXXXXXXXXXXXXX 
.................... #DEFINE      RCK_LCD20X4      PIN_D3         //A - 2 BYTE DAO 
.................... #DEFINE      G_LCD20X4         PIN_D2         //A - 2 BYTE DAO 
.................... //XXXXXXXXXXXXXXXXXXXXXXXXXXXXXXXXXXXXXXXXXXXX  
.................... #DEFINE      RCK_BUZERELAY    PIN_D3     //B - 1 BYTE  
.................... #DEFINE      G_BUZERELAY      PIN_D2         //B - 1 BYTE  
....................  
.................... VOID XUAT_LCD20X4(UNSIGNED INT8 LCD_SIGNAL,LCD_INS_HTHI); 
....................  
.................... VOID XUAT_BUZZER_RELAY(); 
.................... //XXXXXXXXXXXXXXXXXXXXXXXXXXXXXXXXXXXXXXXXXXXX    
.................... #DEFINE     CHOT_2_IC_74573_A_B  OUTPUT_D(0XFC) 
....................  
.................... UNSIGNED INT8 TIN_HIEU_DK_74573_A; 
.................... #BIT G_4A         = TIN_HIEU_DK_74573_A.6 
.................... #BIT G_32A        = TIN_HIEU_DK_74573_A.4 
.................... #BIT G_LCDA       = TIN_HIEU_DK_74573_A.2 
.................... //XXXXXXXXXXXXXXXXXXXXXXXXXXXXXXXXXXXXXXXXXXXX          
.................... #DEFINE     MO_32_LED_DON        G_32A=0; //OUTPUT_LOW(G_32LED)  
.................... #DEFINE     TAT_32_LED_DON       G_32A=1; //OUTPUT_HIGH(G_32LED)  
.................... //XXXXXXXXXXXXXXXXXXXXXXXXXXXXXXXXXXXXXXXXXXXX          
.................... #DEFINE     MO_4_LED_7DOAN       G_4A=0;  //OUTPUT_LOW(G_4LED7DOAN) 
.................... #DEFINE     TAT_4_LED_7DOAN      G_4A=1;  //OUTPUT_HIGH(G_4LED7DOAN) 
.................... //XXXXXXXXXXXXXXXXXXXXXXXXXXXXXXXXXXXXXXXXXXXX  
.................... #DEFINE     MO_GLCD_LCD           G_LCDA=0;   //OUTPUT_LOW(G_LCD20X4) 
.................... #DEFINE     TAT_GLCD_LCD          G_LCDA=1;   // OUTPUT_LOW(G_LCD20X4) 
....................  
.................... UNSIGNED INT8 TIN_HIEU_DK_74573_B;   
.................... #BIT G_MTB        = TIN_HIEU_DK_74573_B.6 
.................... #BIT G_8B         = TIN_HIEU_DK_74573_B.4 
.................... #BIT G_RBDCB      = TIN_HIEU_DK_74573_B.2 
.................... //XXXXXXXXXXXXXXXXXXXXXXXXXXXXXXXXXXXXXXXXXXXX  
.................... #DEFINE     MO_LED_MATRAN        G_MTB=0; //OUTPUT_LOW(G_MATRANLED) 
.................... #DEFINE     TAT_LED_MATRAN       G_MTB=1; //OUTPUT_LOW(G_MATRANLED) 
.................... //XXXXXXXXXXXXXXXXXXXXXXXXXXXXXXXXXXXXXXXXXXXX        
.................... #DEFINE     MO_8_LED_QUET        G_8B=0;  //OUTPUT_LOW(G_8LEDQUET) 
.................... #DEFINE     TAT_8_LED_QUET       G_8B=1;  //OUTPUT_LOW(G_8LEDQUET) 
.................... //XXXXXXXXXXXXXXXXXXXXXXXXXXXXXXXXXXXXXXXXXXXX          
.................... #DEFINE     MO_RELAY_BUZZER_DC   G_RBDCB=0;  //OUTPUT_LOW(G_BUZERELAY) 
.................... #DEFINE     TAT_RELAY_BUZZER_DC  G_RBDCB=1;  //OUTPUT_LOW(G_BUZERELAY) 
....................  
.................... //XXXXXXXXXXXXXXXXXXXXXXXXXXXXXXXXXXXXXXXXXXXX 
.................... //CHUONG TRINH KIEM TRA PHIM BT1 
.................... //XXXXXXXXXXXXXXXXXXXXXXXXXXXXXXXXXXXXXXXXXXXX 
.................... UNSIGNED INT8 DL_BTN=0; 
.................... INT1 PHIM_BT0(UNSIGNED INT16 DL) 
.................... {   
....................     IF (!INPUT(BT0)) 
....................     {   
....................       DL_BTN++; 
....................        
....................       IF (DL_BTN>= DL) 
....................          { 
....................             DL_BTN =0; 
....................             RETURN(1); 
....................          } 
....................       ELSE RETURN(0); 
....................     } 
....................     ELSE    RETURN(0); 
.................... }  
.................... //XXXXXXXXXXXXXXXXXXXXXXXXXXXXXXXXXXXXXXXXXXXX 
.................... //CHUONG TRINH KIEM TRA PHIM BT1 
.................... //XXXXXXXXXXXXXXXXXXXXXXXXXXXXXXXXXXXXXXXXXXXX 
.................... INT1 PHIM_BT1(UNSIGNED INT16 DL ) 
.................... {   
....................     IF (!INPUT(BT1)) 
....................     {   
....................       DL_BTN++; 
....................        
....................       IF (DL_BTN>= DL) 
....................          { 
....................             DL_BTN =0; 
....................             RETURN(1); 
....................          } 
....................       ELSE RETURN(0); 
....................     } 
....................     ELSE    RETURN(0); 
.................... }  
.................... //XXXXXXXXXXXXXXXXXXXXXXXXXXXXXXXXXXXXXXXXXXXX 
.................... //CHUONG TRINH KIEM TRA PHIM BT2       
.................... //XXXXXXXXXXXXXXXXXXXXXXXXXXXXXXXXXXXXXXXXXXXX                                     
.................... INT1 PHIM_BT2(UNSIGNED INT16 DL ) 
.................... {                                         
....................     IF (!INPUT(BT2)) 
....................     {   
....................       DL_BTN++; 
....................        
....................       IF (DL_BTN>= DL) 
....................          { 
....................             DL_BTN =0; 
....................             RETURN(1); 
....................          } 
....................       ELSE RETURN(0); 
....................     } 
....................     ELSE    RETURN(0); 
....................                                           
.................... }       
....................  
.................... //XXXXXXXXXXXXXXXXXXXXXXXXXXXXXXXXXXXXXXXXXXXX 
.................... //CHUONG TRINH KIEM TRA PHIM BT3 
.................... //XXXXXXXXXXXXXXXXXXXXXXXXXXXXXXXXXXXXXXXXXXXX 
.................... INT1 PHIM_BT3(UNSIGNED INT16 DL,  UNSIGNED INT8 SOLAN  ) 
.................... {   
....................     IF (!INPUT(BT3)) 
....................     {   
....................       DL_BTN++; 
....................       IF(DL_BTN==1) RETURN(1); 
....................       ELSE 
....................       { 
....................          IF (DL_BTN>= DL) 
....................          DL_BTN =SOLAN; 
....................       } 
....................     } 
....................     ELSE    
....................     { 
....................       //DL_BTN =0; 
....................       RETURN(0); 
....................     } 
.................... }  
.................... //XXXXXXXXXXXXXXXXXXXXXXXXXXXXXXXXXXXXXXXXXXXX 
.................... //KHAI BAO DU LIEU 16 BIT CHO MODULE RELAY, TRIAC, BUZZER, DONG CO 
.................... //XXXXXXXXXXXXXXXXXXXXXXXXXXXXXXXXXXXXXXXXXXXX 
.................... UNSIGNED INT16 RBDC; 
.................... #BIT STEP_MOTOR_ENABLE  = RBDC.0    //1=ENA,0=DIS 
.................... #BIT STEP_MOTOR_IN1     = RBDC.1     
.................... #BIT STEP_MOTOR_IN2     = RBDC.2 
.................... #BIT STEP_MOTOR_IN3     = RBDC.3 
.................... #BIT STEP_MOTOR_IN4     = RBDC.4 
.................... #BIT DC_ENABLE          = RBDC.5    //1=ENA,0=DIS 
.................... #BIT PWRKEY             = RBDC.6    //KHOI TAO SIM900 
....................  
.................... #BIT BUZZER             = RBDC.8    //1=ON,0=OFF 
.................... #BIT TRIAC_1            = RBDC.9    //1=ON,0=OFF 
.................... #BIT TRIAC_2            = RBDC.10   //1=ON,0=OFF 
.................... #BIT RELAY_1            = RBDC.11   //0=ON,1=OFF 
.................... #BIT RELAY_2            = RBDC.12   //0=ON,1=OFF 
....................  
.................... //HAM 103 
.................... //XXXXXXXXXXXXXXXXXXXXXXXXXXXXXXXXXXXXXXXXXXXX 
.................... //CHUONG TRINH CON KHOI TAO IC CHOT 
.................... //XXXXXXXXXXXXXXXXXXXXXXXXXXXXXXXXXXXXXXXXXXXX          
.................... #DEFINE     CHO_IC_74573_A_GOI_DU_LIEU     OUTPUT_HIGH(ENABLE_573A) 
.................... #DEFINE     CHOT_IC_74573_A_GOI_DU_LIEU    OUTPUT_LOW(ENABLE_573A) 
....................  
.................... #DEFINE     CHO_IC_74573_B_GOI_DU_LIEU     OUTPUT_HIGH(ENABLE_573B) 
.................... #DEFINE     CHOT_IC_74573_B_GOI_DU_LIEU    OUTPUT_LOW(ENABLE_573B) 
.................... VOID MO_IC_74573_A_THONG_DL(); 
....................  
.................... //XXXXXXXXXXXXXXXXXXXXXXXXXXXXXXXXXXXXXXXXXXXX    
.................... CONST UNSIGNED CHAR MA7DOAN[16]= {0XC0,0XF9,0xA4,0XB0,0X99,0X92,0X82,0XF8, 
.................... 0X80,0X90,0x88, 0x83, 0xC6, 0xA1, 0x86, 0x8E}; 
.................... #DEFINE     MASO0    0XC0 
.................... #DEFINE     MASO1    0XF9 
.................... #DEFINE     MASO2    0XA4 
.................... #DEFINE     MASO3    0XB0 
.................... #DEFINE     MASO4    0X99 
.................... #DEFINE     MASO5    0X92 
.................... #DEFINE     MASO6    0X82 
.................... #DEFINE     MASO7    0XF8 
....................  
.................... //XXXXXXXXXXXXXXXXXXXXXXXXXXXXXXXXXXXXXXXXXXXX  
.................... //HAM 102 
.................... //XXXXXXXXXXXXXXXXXXXXXXXXXXXXXXXXXXXXXXXXXXXX     
.................... //XUAT 1 BYTE RA THANH GHI DICH 
.................... //XXXXXXXXXXXXXXXXXXXXXXXXXXXXXXXXXXXXXXXXXXXX     
.................... VOID XUAT_1BYTE(UNSIGNED INT8 BYTEXUAT) 
.................... { 
....................    UNSIGNED INT8   SB,X;    
....................    #BIT BSERI  = X.7 
....................    X = BYTEXUAT; 
*
0044:  MOVFF  2D,2F
....................    FOR (SB=0;SB<8;SB++) 
0048:  CLRF   2E
004A:  MOVF   2E,W
004C:  SUBLW  07
004E:  BNC   006C
....................       {                                                  
....................          OUTPUT_BIT(SSDO,BSERI);     
0050:  BTFSC  2F.7
0052:  BRA    0058
0054:  BCF    F8D.2
0056:  BRA    005A
0058:  BSF    F8D.2
005A:  BCF    F96.2
....................          OUTPUT_LOW(SSCK); OUTPUT_HIGH(SSCK); 
005C:  BCF    F96.0
005E:  BCF    F8D.0
0060:  BCF    F96.0
0062:  BSF    F8D.0
....................          X= X<<1;          
0064:  BCF    FD8.0
0066:  RLCF   2F,F
0068:  INCF   2E,F
006A:  BRA    004A
....................      } 
006C:  RETURN 0
.................... } 
.................... //XXXXXXXXXXXXXXXXXXXXXXXXXXXXXXXXXXXXXXXXXXXX  
.................... //HAM 301 
.................... //XXXXXXXXXXXXXXXXXXXXXXXXXXXXXXXXXXXXXXXXXXXX 
.................... //CHUONG TRINH CON XUAT 4 BYTE RA 32 LED DON 
.................... //XXXXXXXXXXXXXXXXXXXXXXXXXXXXXXXXXXXXXXXXXXXX 
.................... VOID XUAT_32LED_DON_4BYTE(UNSIGNED INT8 BLD3,BLD2,BLD1,BLD0) 
.................... {      
....................       XUAT_1BYTE(BLD3);           
....................       XUAT_1BYTE(BLD2); 
....................       XUAT_1BYTE(BLD1);           
....................       XUAT_1BYTE(BLD0);             
....................       MO_32_LED_DON;       
....................       MO_IC_74573_A_THONG_DL();             
....................       OUTPUT_HIGH(RCK_32LED);    OUTPUT_LOW(RCK_32LED); 
....................       CHOT_IC_74573_A_GOI_DU_LIEU;       
.................... } 
.................... //HAM 302 
.................... //XXXXXXXXXXXXXXXXXXXXXXXXXXXXXXXXXXXXXXXXXXXX 
.................... //CHUONG TRINH CON XUAT 2 WORD 16 BITRA 32 LED DON 
.................... //XXXXXXXXXXXXXXXXXXXXXXXXXXXXXXXXXXXXXXXXXXXX 
.................... VOID XUAT_32LED_DON_2WORD(UNSIGNED INT16 WLD1, UNSIGNED INT16 WLD0) 
.................... {      
....................      UNSIGNED INT8  B3,B2,B1,B0; 
....................      B3 = WLD1>>8;  B2 = WLD1;  
....................      B1 = WLD0>>8;  B0 = WLD0; 
....................      XUAT_32LED_DON_4BYTE(B3,B2,B1,B0); 
.................... } 
.................... //HAM 303 
.................... //XXXXXXXXXXXXXXXXXXXXXXXXXXXXXXXXXXXXXXXXXXXX 
.................... //CHUONG TRINH CON XUAT 1 DOUBLE WORD RA 32 LED DON 
.................... //XXXXXXXXXXXXXXXXXXXXXXXXXXXXXXXXXXXXXXXXXXXX 
.................... VOID XUAT_32LED_DON_1DW(UNSIGNED LONG LONG DWLD) 
.................... {      
....................      UNSIGNED INT16  WD1,WD0; 
....................      WD1 = DWLD>>16;  WD0 = DWLD; 
....................      XUAT_32LED_DON_2WORD(WD1,WD0); 
.................... } 
....................  
.................... //HAM 304 
.................... //XXXXXXXXXXXXXXXXXXXXXXXXXXXXXXXXXXXXXXXXXXXX 
.................... //CHUONG TRINH CON MO 32 LED DON SANG 
.................... //XXXXXXXXXXXXXXXXXXXXXXXXXXXXXXXXXXXXXXXXXXXX 
.................... VOID MO_32LED_DON() 
.................... {         
....................      XUAT_32LED_DON_1DW(0XFFFFFFFF); 
.................... } 
.................... //HAM 305 
.................... //XXXXXXXXXXXXXXXXXXXXXXXXXXXXXXXXXXXXXXXXXXXX 
.................... //CHUONG TRINH CON TAT 32 LED DON  
.................... //XXXXXXXXXXXXXXXXXXXXXXXXXXXXXXXXXXXXXXXXXXXX 
.................... VOID TAT_32LED_DON() 
.................... {         
....................      XUAT_32LED_DON_1DW(0); 
.................... } 
.................... //XXXXXXXXXXXXXXXXXXXXXXXXXXXXXXXXXXXXXXXXXXXX     
.................... //XUAT 1 BIT ROI TRA LAI KET QUA SAU KHI DICH DI 1 BIT 
.................... //XXXXXXXXXXXXXXXXXXXXXXXXXXXXXXXXXXXXXXXXXXXX     
.................... UNSIGNED  INT8 XUAT_1BIT(UNSIGNED INT8 BYTEXUAT) 
.................... { 
....................       UNSIGNED INT8   XBITX;    
....................       #BIT BSERIX  = XBITX.0 
....................       XBITX = BYTEXUAT; 
....................                                              
....................       OUTPUT_BIT(SSDO,BSERIX);     
....................       OUTPUT_LOW(SSCK); OUTPUT_HIGH(SSCK); 
....................       XBITX= XBITX>>1;    
....................       RETURN(XBITX);   
.................... } 
.................... //XXXXXXXXXXXXXXXXXXXXXXXXXXXXXXXXXXXXXXXXXXXX  
.................... //HAM 101 
.................... //XXXXXXXXXXXXXXXXXXXXXXXXXXXXXXXXXXXXXXXXXXXX     
.................... //HAM KHOI TAO CAC PORT VA IC CHOT 
.................... //XXXXXXXXXXXXXXXXXXXXXXXXXXXXXXXXXXXXXXXXXXXX     
....................    VOID SET_UP_PORT_IC_CHOT() 
.................... {      
....................       SET_TRIS_D(0x00);     
*
0026:  MOVLW  00
0028:  MOVWF  F95
....................       SET_TRIS_E(0X00); 
002A:  MOVWF  F96
....................       OUTPUT_D(0XFF); 
002C:  CLRF   F95
002E:  SETF   F8C
....................       TIN_HIEU_DK_74573_A=0XFF;   
0030:  SETF   04
....................       TIN_HIEU_DK_74573_B=0XFF;       
0032:  SETF   05
....................       CHOT_IC_74573_A_GOI_DU_LIEU; 
0034:  BCF    F95.1
0036:  BCF    F8C.1
....................       CHOT_IC_74573_B_GOI_DU_LIEU;   
0038:  BCF    F95.0
003A:  BCF    F8C.0
....................       RBDC=0; 
003C:  CLRF   08
003E:  CLRF   07
0040:  GOTO   06BE (RETURN)
.................... } 
.................... //HAM 104 
.................... //XXXXXXXXXXXXXXXXXXXXXXXXXXXXXXXXXXXXXXXXXXXX     
.................... //XUAT CÁC THIEU DIEU KHIEN  
.................... //GIU NGUYEN CAC TRANG THAI CUA 2 MODULE KHAC 
.................... //XXXXXXXXXXXXXXXXXXXXXXXXXXXXXXXXXXXXXXXXXXXX     
.................... VOID MO_IC_74573_A_THONG_DL() 
.................... {      
....................       OUTPUT_D(0X00); 
*
006E:  CLRF   F95
0070:  CLRF   F8C
....................       OUTPUT_BIT(G_32LED,G_32A); 
0072:  BTFSC  04.4
0074:  BRA    007A
0076:  BCF    F8C.4
0078:  BRA    007C
007A:  BSF    F8C.4
007C:  BCF    F95.4
....................       OUTPUT_BIT(G_4LED7DOAN,G_4A); 
007E:  BTFSC  04.6
0080:  BRA    0086
0082:  BCF    F8C.6
0084:  BRA    0088
0086:  BSF    F8C.6
0088:  BCF    F95.6
....................       OUTPUT_BIT(G_LCD20X4,G_LCDA);   
008A:  BTFSC  04.2
008C:  BRA    0092
008E:  BCF    F8C.2
0090:  BRA    0094
0092:  BSF    F8C.2
0094:  BCF    F95.2
....................       CHO_IC_74573_A_GOI_DU_LIEU; 
0096:  BCF    F95.1
0098:  BSF    F8C.1
009A:  GOTO   00BA (RETURN)
.................... } 
.................... VOID MO_IC_74573_B_THONG_DL() 
.................... {      
....................       OUTPUT_D(0X00); 
....................       OUTPUT_BIT(G_MATRANLED,G_MTB); 
....................       OUTPUT_BIT(G_8LEDQUET,G_8B); 
....................       OUTPUT_BIT(G_BUZERELAY,G_RBDCB);  
....................       CHO_IC_74573_B_GOI_DU_LIEU; 
.................... } 
.................... //ham 401 
.................... //XXXXXXXXXXXXXXXXXXXXXXXXXXXXXXXXXXXXXXXXXXXX 
.................... //CHUONG TRINH CON XUAT 4 BYTE RA 4 LED 7 DOAN 
.................... //XXXXXXXXXXXXXXXXXXXXXXXXXXXXXXXXXXXXXXXXXXXX 
.................... VOID XUAT_4LED_7DOAN_4SO(UNSIGNED INT BL743,BL742,BL741,BL740) 
.................... {      
....................       XUAT_1BYTE(BL740);   XUAT_1BYTE(BL741); 
....................       XUAT_1BYTE(BL742);   XUAT_1BYTE(BL743); 
....................        
....................       MO_4_LED_7DOAN; 
....................       MO_IC_74573_A_THONG_DL(); 
....................         
....................       OUTPUT_LOW(RCK_4LED7DOAN);   OUTPUT_HIGH(RCK_4LED7DOAN);  
....................       CHOT_IC_74573_A_GOI_DU_LIEU; 
.................... } 
.................... //ham 404 
.................... VOID XUAT_4LED_7DOAN_3SO(UNSIGNED INT BL742,BL741,BL740) 
.................... {      
....................      XUAT_4LED_7DOAN_4SO(0XFF,BL742,BL741,BL740); 
.................... } 
.................... //ham 403 
.................... VOID XUAT_4LED_7DOAN_2SO(UNSIGNED INT BL741,BL740) 
.................... {      
....................      XUAT_4LED_7DOAN_4SO(0XFF,0XFF,BL741,BL740); 
.................... } 
.................... //ham 402 
.................... VOID XUAT_4LED_7DOAN_1SO(UNSIGNED INT BL740) 
.................... {      
....................      XUAT_4LED_7DOAN_4SO(0XFF,0XFF,0XFF,BL740); 
.................... } 
....................  
.................... //ham 405 
.................... //XXXXXXXXXXXXXXXXXXXXXXXXXXXXXXXXXXXXXXXXXXXXXXXXXXXXXXXXXXXXX 
.................... //CHUONG TRINH CON HIEN THI DU LIEU 16 BIT TREN 4 LED 7 DOAN 
.................... //XXXXXXXXXXXXXXXXXXXXXXXXXXXXXXXXXXXXXXXXXXXXXXXXXXXXXXXXXXXXX 
.................... UNSIGNED CHAR DONVI4,CHUC4,TRAM4,NGAN4; 
.................... VOID  XUAT_4LED_7DOAN_GIAIMA_XOA_SO0 (UNSIGNED INT16 TAM) 
.................... {          
....................       DONVI4 = MA7DOAN[TAM %10];          
....................       CHUC4  = MA7DOAN[TAM/10%10]; 
....................       TRAM4  = MA7DOAN[TAM/100%10];  
....................       NGAN4  = MA7DOAN[TAM/1000%10];        
....................       IF (NGAN4==0XC0) 
....................       { 
....................          NGAN4=0XFF; 
....................          IF (TRAM4==0XC0) 
....................          { 
....................             TRAM4=0XFF; 
....................             IF (CHUC4==0XC0)   CHUC4=0XFF; 
....................          } 
....................       } 
....................       XUAT_4LED_7DOAN_4SO(NGAN4,TRAM4,CHUC4,DONVI4);    
.................... } 
.................... UNSIGNED INT8 LCDDATA=0;  
.................... UNSIGNED INT8 LCDCONTROL=0; 
.................... UNSIGNED INT8 GLCDDATA=0; 
.................... UNSIGNED INT8 GLCDCONTROL=0;  
.................... //HAM 701 
.................... //XXXXXXXXXXXXXXXXXXXXXXXXXXXXXXXXXXXXXXXXXXXXXXXXXXXXXXXXXXXXX 
.................... //CHUONG TRINH CON XUAT DU LIEU 4 BYTE RA GLCD VA LCD 
.................... //XXXXXXXXXXXXXXXXXXXXXXXXXXXXXXXXXXXXXXXXXXXXXXXXXXXXXXXXXXXXX 
.................... VOID XUAT_GLCD_LCD() 
.................... {       
....................     XUAT_1BYTE(GLCDCONTROL);              
009E:  MOVFF  10,2D
00A2:  RCALL  0044
....................     XUAT_1BYTE(GLCDDATA); 
00A4:  MOVFF  0F,2D
00A8:  RCALL  0044
....................     XUAT_1BYTE(LCDCONTROL);        
00AA:  MOVFF  0E,2D
00AE:  RCALL  0044
....................     XUAT_1BYTE(LCDDATA);       
00B0:  MOVFF  0D,2D
00B4:  RCALL  0044
....................        
....................     MO_GLCD_LCD; 
00B6:  BCF    04.2
....................     MO_IC_74573_A_THONG_DL();             
00B8:  BRA    006E
....................     OUTPUT_HIGH(RCK_LCD20X4);      
00BA:  BCF    F95.3
00BC:  BSF    F8C.3
....................     OUTPUT_LOW(RCK_LCD20X4); 
00BE:  BCF    F95.3
00C0:  BCF    F8C.3
....................     CHOT_IC_74573_A_GOI_DU_LIEU; 
00C2:  BCF    F95.1
00C4:  BCF    F8C.1
00C6:  GOTO   00D8 (RETURN)
.................... } 
.................... //HAM 702 
.................... VOID XUAT_LCD20X4(UNSIGNED INT8 LCD_SIGNAL,LCD_INS_HTHI) 
.................... {      
....................     LCDCONTROL = ~LCD_SIGNAL; 
00CA:  MOVF   2B,W
00CC:  MOVWF  0E
00CE:  COMF   0E,F
....................     LCDDATA    = ~LCD_INS_HTHI;       
00D0:  MOVFF  2C,0D
00D4:  COMF   0D,F
....................     XUAT_GLCD_LCD(); 
00D6:  BRA    009E
00D8:  RETURN 0
.................... } 
.................... //HAM 703 
.................... VOID XUAT_GLCD128X64(UNSIGNED INT8 GLCD_SIGNAL,GLCD_INS_HTHI) 
.................... {      
....................     GLCDCONTROL = ~GLCD_SIGNAL; 
....................     GLCDDATA    = ~GLCD_INS_HTHI;      
....................     XUAT_GLCD_LCD(); 
.................... } 
.................... //HAM 501 
.................... //XXXXXXXXXXXXXXXXXXXXXXXXXXXXXXXXXXXXXXXXXXXX 
.................... //CHUONG TRINH CON XUAT 2 BYTE RA DK 1 LED QUET SANG 
.................... //XXXXXXXXXXXXXXXXXXXXXXXXXXXXXXXXXXXXXXXXXXXX 
.................... VOID XUAT_8LED_7DOAN_QUET_1(UNSIGNED INT MA,SO_HTHI) 
.................... {      
....................       XUAT_1BYTE(~MA);   XUAT_1BYTE(~SO_HTHI); 
....................        
....................       MO_8_LED_QUET; 
....................       MO_IC_74573_B_THONG_DL(); 
....................        
....................       OUTPUT_HIGH(RCK_8LEDQUET); OUTPUT_LOW(RCK_8LEDQUET); 
....................       CHOT_IC_74573_B_GOI_DU_LIEU; 
.................... } 
.................... //HAM 502 
.................... //XXXXXXXXXXXXXXXXXXXXXXXXXXXXXXXXXXXXXXXXXXXX 
.................... //CHUONG TRINH CON XUAT 2 BYTE RA TAT 8 LED QUET 
.................... //XXXXXXXXXXXXXXXXXXXXXXXXXXXXXXXXXXXXXXXXXXXX 
.................... VOID XUAT_8LED_7DOAN_QUET_TAT_LED() 
.................... { 
....................    XUAT_8LED_7DOAN_QUET_1(0XFF,0XFF); 
.................... } 
.................... //HAM 503 
.................... //XXXXXXXXXXXXXXXXXXXXXXXXXXXXXXXXXXXXXXXXXXXX 
.................... //CHUONG TRINH CON HIEN THI LED THEO THU TU 
.................... //XXXXXXXXXXXXXXXXXXXXXXXXXXXXXXXXXXXXXXXXXXXX 
.................... CONST UNSIGNED CHAR TTLEDQUET[8]= {0x7F,0xBF,0xDF,0xEF,0xF7,0xFB,0xFD,0xFE}; 
.................... VOID XUAT_8LED_7DOAN_QUET_2(UNSIGNED INT THUTULED,SO_HTHI) 
.................... {          
....................       XUAT_1BYTE(~ (TTLEDQUET[THUTULED]));   XUAT_1BYTE(~SO_HTHI);      
....................       MO_8_LED_QUET; 
....................       MO_IC_74573_B_THONG_DL(); 
....................       OUTPUT_HIGH(RCK_8LEDQUET); OUTPUT_LOW(RCK_8LEDQUET); 
....................       CHOT_IC_74573_B_GOI_DU_LIEU; 
.................... } 
.................... //HAM 504 
.................... //XXXXXXXXXXXXXXXXXXXXXXXXXXXXXXXXXXXXXXXXXXXX 
.................... //CHUONG TRINH CON HIEN THI 8 SO TREN 8 LED QUET - CO KIEM TRA 
.................... //XXXXXXXXXXXXXXXXXXXXXXXXXXXXXXXXXXXXXXXXXXXX 
.................... UNSIGNED INT8 LED_7DQ[8]={0XFF,0XFF,0XFF,0XFF,0XFF,0XFF,0XFF,0XFF}; 
.................... UNSIGNED INT8 TT8LED=0; 
.................... VOID HIEN_THI_8LED_7DOAN_QUET() 
.................... {      
....................       FOR(TT8LED=0;TT8LED<8;TT8LED++) 
....................          IF (LED_7DQ[TT8LED]!=0XFF) 
....................          {            
....................             XUAT_8LED_7DOAN_QUET_2(TT8LED, LED_7DQ[TT8LED]); 
....................             //DELAY_US(100);  //THUC TE 
....................             DELAY_MS(20);     //MO PHONG PROTEUS 
....................             XUAT_8LED_7DOAN_QUET_TAT_LED();            
....................             } 
.................... } 
.................... //HAM 505 
.................... //XXXXXXXXXXXXXXXXXXXXXXXXXXXXXXXXXXXXXXXXXXXX 
.................... //CHUONG TRINH CON HIEN THI 8 SO TREN 8 LED QUET - KHONG KIEM TRA 
.................... //XXXXXXXXXXXXXXXXXXXXXXXXXXXXXXXXXXXXXXXXXXXX 
.................... VOID HIEN_THI_8LED_7DOAN_QUET_ALL() 
.................... {      
....................       FOR(TT8LED=0;TT8LED<8;TT8LED++)          
....................          {            
....................             XUAT_8LED_7DOAN_QUET_2(TT8LED, LED_7DQ[TT8LED]); 
....................             //DELAY_US(100);  //THUC TE 
....................             DELAY_MS(20);     //MO PHONG PROTEUS 
....................             XUAT_8LED_7DOAN_QUET_TAT_LED();            
....................             } 
.................... } 
....................  
.................... VOID DELAY_QUET_8LED(UNSIGNED INT16 DL) 
.................... {  
....................       UNSIGNED INT8 I; 
....................       FOR (I=0; I<DL;I++) 
....................       HIEN_THI_8LED_7DOAN_QUET_ALL(); 
.................... }  
....................  
.................... VOID GIAI_MA_GAN_CHO_8LED_QUET_16_XOA(UNSIGNED INT16 X) 
.................... {      
....................       LED_7DQ[0]= MA7DOAN [X %10];     
....................       LED_7DQ[1]= MA7DOAN [X/10%10]; 
....................       LED_7DQ[2]= MA7DOAN [X/100%10];     
....................       LED_7DQ[3]= MA7DOAN [X/1000%10]; 
....................       LED_7DQ[4]= MA7DOAN [X/10000%10]; 
....................       IF (LED_7DQ[4]==MASO0)  
....................       { 
....................             LED_7DQ[4]=0XFF; 
....................             IF (LED_7DQ[3]==MASO0)  
....................             { 
....................                LED_7DQ[3]=0XFF; 
....................                IF (LED_7DQ[2]==MASO0)  
....................                { 
....................                   LED_7DQ[2]=0XFF; 
....................                   IF (LED_7DQ[1]==MASO0)  
....................                   { 
....................                      LED_7DQ[1]=0XFF; 
....................                   } 
....................                } 
....................             } 
....................       } 
....................              
.................... } 
.................... //XXXXXXXXXXXXXXXXXXXXXXXXXXXXXXXXXXXXXXXXXXXX          
.................... VOID XUAT_2BYTE(UNSIGNED INT16 BYTE2XUAT) 
.................... { 
....................    INT8 SBB; 
....................    UNSIGNED INT16   XX;   //SHORT  BSERI; 
....................    #BIT BSERIX  = XX.15 
....................    XX = BYTE2XUAT; 
....................    FOR (SBB=0;SBB<16;SBB++) 
....................       {                                                  
....................          OUTPUT_BIT(SSDO,BSERIX);     
....................          OUTPUT_LOW(SSCK);          
....................          OUTPUT_HIGH(SSCK); 
....................          XX= XX<<1;          
....................      } 
.................... } 
.................... //XXXXXXXXXXXXXXXXXXXXXXXXXXXXXXXXXXXXXXXXXXXX 
.................... //CHUONG TRINH CON XUAT RA LED MA TRAN 
.................... //XXXXXXXXXXXXXXXXXXXXXXXXXXXXXXXXXXXXXXXXXXXX 
.................... VOID XUAT_MATRANLED(UNSIGNED INT16 MAHANG,UNSIGNED INT16 MACOT1, 
.................... UNSIGNED INT16 MACOT2,UNSIGNED INT16 MACOT3) 
.................... {       
....................       XUAT_2BYTE(MACOT3); 
....................       XUAT_2BYTE(MACOT2); 
....................       XUAT_2BYTE(MACOT1); 
....................       XUAT_2BYTE(MAHANG); 
....................        
....................       MO_LED_MATRAN; 
....................       MO_IC_74573_B_THONG_DL(); 
....................        
....................       OUTPUT_HIGH(RCK_MATRANLED); OUTPUT_LOW(RCK_MATRANLED);  
....................       CHOT_IC_74573_B_GOI_DU_LIEU; 
.................... } 
.................... //XXXXXXXXXXXXXXXXXXXXXXXXXXXXXXXXXXXXXXXXXXXX 
.................... //CHUONG TRINH CON XUAT RA LED MA TRAN 
.................... //XXXXXXXXXXXXXXXXXXXXXXXXXXXXXXXXXXXXXXXXXXXX 
.................... VOID TAT_MATRANLED() 
.................... {       
....................       XUAT_2BYTE(0); 
....................       XUAT_2BYTE(0); 
....................       XUAT_2BYTE(0); 
....................       XUAT_2BYTE(0);            
....................       OUTPUT_HIGH(RCK_MATRANLED);  
....................       OUTPUT_LOW(RCK_MATRANLED); 
.................... } 
.................... UNSIGNED  INT8 HIEU_CHINH_4BIT_CAO(UNSIGNED INT8 XZY) 
.................... { 
....................       INT1  BTG; 
....................       UNSIGNED INT8   BX;    
....................       #BIT BIT4  = BX.4 
....................       #BIT BIT5  = BX.5 
....................       #BIT BIT6  = BX.6 
....................       #BIT BIT7  = BX.7 
....................       BX=XZY; 
....................       BTG=BIT4;   BIT4=BIT7;  BIT7=BTG; 
....................       BTG=BIT5;   BIT5=BIT6;  BIT6=BTG;       
....................       RETURN(BX);   
.................... } 
.................... //HAM 601 
.................... //XXXXXXXXXXXXXXXXXXXXXXXXXXXXXXXXXXXXXXXXXXXXXXXXXXXX 
.................... //MODULE DIEU KHIEN RELAY,TRIAC, BUZZER, DONG CO, SIM 
.................... //XXXXXXXXXXXXXXXXXXXXXXXXXXXXXXXXXXXXXXXXXXXXXXXXXXXX 
.................... VOID XUAT_BUZZER_RELAY() 
.................... {      
....................    UNSIGNED INT8 RBDC1,RBDC2; 
....................       RBDC1=RBDC; RBDC2=RBDC>>8;       
....................       XUAT_1BYTE(RBDC2);       
....................       XUAT_1BYTE(RBDC1); 
....................       MO_RELAY_BUZZER_DC; 
....................       MO_IC_74573_B_THONG_DL(); 
....................        
....................       OUTPUT_HIGH(RCK_BUZERELAY);   OUTPUT_LOW(RCK_BUZERELAY); 
....................       CHOT_IC_74573_B_GOI_DU_LIEU; 
.................... } 
.................... //HAM 602 
.................... //XXXXXXXXXXXXXXXXXXXXXXXXXXXXXXXXXXXXXXXXXXXXXXXXXXXX 
.................... VOID BUZZER_ON() 
.................... {     
....................       BUZZER=1; 
....................       XUAT_BUZZER_RELAY();          
.................... } 
.................... //HAM 603 
.................... //XXXXXXXXXXXXXXXXXXXXXXXXXXXXXXXXXXXXXXXXXXXXXXXXXXXX 
.................... VOID BUZZER_OFF() 
.................... {      
....................       BUZZER=0; 
....................       XUAT_BUZZER_RELAY(); 
.................... } 
.................... //HAM 604 
.................... //XXXXXXXXXXXXXXXXXXXXXXXXXXXXXXXXXXXXXXXXXXXXXXXXXXXX 
.................... VOID RELAY_1_ON() 
.................... {     
....................       RELAY_1=1; 
....................       XUAT_BUZZER_RELAY();          
.................... } 
.................... //HAM 603 
.................... //XXXXXXXXXXXXXXXXXXXXXXXXXXXXXXXXXXXXXXXXXXXXXXXXXXXX 
.................... VOID RELAY_1_OFF() 
.................... {     
....................       RELAY_1=0; 
....................       XUAT_BUZZER_RELAY();          
.................... } 
.................... //HAM 604 
.................... //XXXXXXXXXXXXXXXXXXXXXXXXXXXXXXXXXXXXXXXXXXXXXXXXXXXX 
.................... VOID RELAY_2_ON() 
.................... {     
....................       RELAY_2=1; 
....................       XUAT_BUZZER_RELAY();          
.................... } 
.................... //HAM 607 
.................... //XXXXXXXXXXXXXXXXXXXXXXXXXXXXXXXXXXXXXXXXXXXXXXXXXXXX 
.................... VOID RELAY_2_OFF() 
.................... {     
....................       RELAY_2=0; 
....................       XUAT_BUZZER_RELAY();          
.................... } 
.................... //HAM 608 
.................... //XXXXXXXXXXXXXXXXXXXXXXXXXXXXXXXXXXXXXXXXXXXXXXXXXXXX 
.................... VOID RELAY_1_RELAY_2_ON() 
.................... {     
....................       RELAY_1=1;  RELAY_2=1; 
....................       XUAT_BUZZER_RELAY();          
.................... } 
.................... //HAM 609 
.................... //XXXXXXXXXXXXXXXXXXXXXXXXXXXXXXXXXXXXXXXXXXXXXXXXXXXX 
.................... VOID RELAY_1_RELAY_2_OFF() 
.................... {     
....................       RELAY_1=0;  RELAY_2=0; 
....................       XUAT_BUZZER_RELAY();          
.................... } 
.................... //HAM 610 
.................... //XXXXXXXXXXXXXXXXXXXXXXXXXXXXXXXXXXXXXXXXXXXXXXXXXXXX 
.................... VOID TRIAC_1_ON() 
.................... {     
....................       TRIAC_1=1; 
....................       XUAT_BUZZER_RELAY();          
.................... } 
.................... //HAM 611 
.................... //XXXXXXXXXXXXXXXXXXXXXXXXXXXXXXXXXXXXXXXXXXXXXXXXXXXX 
.................... VOID TRIAC_1_OFF() 
.................... {     
....................       TRIAC_1=0; 
....................       XUAT_BUZZER_RELAY();          
.................... } 
.................... //HAM 612 
.................... //XXXXXXXXXXXXXXXXXXXXXXXXXXXXXXXXXXXXXXXXXXXXXXXXXXXX 
.................... VOID TRIAC_2_ON() 
.................... {     
....................       TRIAC_2=1; 
....................       XUAT_BUZZER_RELAY();          
.................... } 
.................... //HAM 613 
.................... //XXXXXXXXXXXXXXXXXXXXXXXXXXXXXXXXXXXXXXXXXXXXXXXXXXXX 
.................... VOID TRIAC_2_OFF() 
.................... {     
....................       TRIAC_2=0; 
....................       XUAT_BUZZER_RELAY();          
.................... } 
.................... //XXXXXXXXXXXXXXXXXXXXXXXXXXXXXXXXXXXXXXXXXXXX 
....................  
....................  
....................  
.................... #INCLUDE <TV_PICKIT2_SHIFT_DS1307_I2C.c> 
.................... #INCLUDE <TV_PICKIT2_SHIFT_LCD.c> 
.................... UNSIGNED INT8 LCD_CONTROL;   
.................... #bit LCD_P = LCD_CONTROL.3 
.................... #bit LCD_RS = LCD_CONTROL.2 
.................... #bit LCD_RW = LCD_CONTROL.1 
.................... #bit LCD_E  = LCD_CONTROL.0 
....................  
.................... #DEFINE LCD_FUNCTION_SET       0X38 
.................... #DEFINE LCD_DISPLAY_CONTROL    0X0C 
.................... #DEFINE LCD_CLEAR_DISPLAY        0X01 
.................... #DEFINE LCD_ENTRY_MODE         0X06 
.................... #DEFINE LCD_SHIFT_LEFT         0X18 
.................... #DEFINE LCD_SHIFT_RIGHT        0X1C 
....................  
.................... #DEFINE LCD_ADDR_LINE1         0X80 
.................... #DEFINE LCD_ADDR_LINE2         0XC0 
.................... #DEFINE LCD_ADDR_LINE3         0X94 
.................... #DEFINE LCD_ADDR_LINE4         0XD4 
....................  
.................... VOID LCD_XUAT_8BIT(INT8 LCD_DATA_X) 
.................... { 
....................       LCD_E=1; XUAT_LCD20X4(LCD_CONTROL,LCD_DATA_X);      
00DA:  BSF    1A.0
00DC:  MOVFF  1A,2B
00E0:  MOVFF  2A,2C
00E4:  RCALL  00CA
....................       LCD_E=0; XUAT_LCD20X4(LCD_CONTROL,LCD_DATA_X);  
00E6:  BCF    1A.0
00E8:  MOVFF  1A,2B
00EC:  MOVFF  2A,2C
00F0:  RCALL  00CA
00F2:  RETURN 0
.................... } 
.................... void LCD_COMMAND(INT8 LCD_DATA_X)    
....................   { 
....................       LCD_RS = 0; 
00F4:  BCF    1A.2
....................       LCD_XUAT_8BIT(LCD_DATA_X); 
00F6:  MOVFF  29,2A
00FA:  RCALL  00DA
....................       DELAY_US(20); 
00FC:  MOVLW  20
00FE:  MOVWF  00
0100:  DECFSZ 00,F
0102:  BRA    0100
0104:  BRA    0106
0106:  NOP   
0108:  RETURN 0
....................   } 
.................... void LCD_DATA(INT8 LCD_DATA_X)        
....................   { 
....................       LCD_RS = 1;      
*
0178:  BSF    1A.2
....................       LCD_XUAT_8BIT(LCD_DATA_X); 
017A:  MOVFF  28,2A
017E:  RCALL  00DA
....................       DELAY_US(20); 
0180:  MOVLW  20
0182:  MOVWF  00
0184:  DECFSZ 00,F
0186:  BRA    0184
0188:  BRA    018A
018A:  NOP   
018C:  RETURN 0
....................   } 
....................    
.................... VOID SETUP_LCD () 
.................... {                      
....................          LCD_E  = 0;  
*
0130:  BCF    1A.0
....................          LCD_RW = 0;  
0132:  BCF    1A.1
....................          LCD_RS = 1;  
0134:  BSF    1A.2
....................          LCD_P =0; 
0136:  BCF    1A.3
....................          LCD_COMMAND(LCD_FUNCTION_SET);          
0138:  MOVLW  38
013A:  MOVWF  29
013C:  RCALL  00F4
....................          DELAY_US(40); 
013E:  MOVLW  42
0140:  MOVWF  00
0142:  DECFSZ 00,F
0144:  BRA    0142
0146:  NOP   
....................          LCD_COMMAND(LCD_DISPLAY_CONTROL);    
0148:  MOVLW  0C
014A:  MOVWF  29
014C:  RCALL  00F4
....................          DELAY_US(40); 
014E:  MOVLW  42
0150:  MOVWF  00
0152:  DECFSZ 00,F
0154:  BRA    0152
0156:  NOP   
....................          LCD_COMMAND(LCD_CLEAR_DISPLAY);       
0158:  MOVLW  01
015A:  MOVWF  29
015C:  RCALL  00F4
....................          DELAY_MS(2); 
015E:  MOVLW  02
0160:  MOVWF  26
0162:  RCALL  010A
....................          LCD_COMMAND(LCD_ENTRY_MODE);        
0164:  MOVLW  06
0166:  MOVWF  29
0168:  RCALL  00F4
....................          DELAY_US(40);                 
016A:  MOVLW  42
016C:  MOVWF  00
016E:  DECFSZ 00,F
0170:  BRA    016E
0172:  NOP   
0174:  GOTO   06C0 (RETURN)
.................... } 
....................  
.................... CONST UNSIGNED CHAR LCD_SO_X[15][6] ={    //May so nay o duoi co LCD_MA_8DOAN, hoac trang 152 
....................                   0,1,2,5,3,4,               // SO 0 
....................                   1,2,32,3,7,3,              // SO 1 
....................                   6,6,2,5,3,3,               // SO 2 
....................                   6,6,2,3,3,4,               // SO 3 
....................                   7,3,7,32,32,7,             // SO 4 
....................                   7,6,6,3,3,4,               // SO 5 
....................                   0,6,6,5,3,4,               // SO 6 
....................                   1,1,7,32,32,7,             // SO 7 
....................                   0,6,2,5,3,4,               // SO 8 
....................                   0,6,2,3,3,4,               // SO 9 
....................                   32,32,32,32,32,32        //space   - 10 
....................                   0, 1, 32, 4, 3, 32,        //Chu C  - 11 
....................                   0, 1, 2, 4, 32, 5,          //Chu N - 12 
....................                   7, 6, 7, 32, 32, 32,        //Dau do C - 13 
....................                   32, 32, 32, 32, 3, 32      //Dau cham  - 14 
....................                   };      
....................                    
.................... CONST UNSIGNED CHAR LCD_SO_XX[10][9] ={ 
....................                   0,1,2,7,32,7,5,3,4,               // SO 0 
....................                   1,2,32,3,7,3,              // SO 1 
....................                   6,6,2,5,3,3,               // SO 2 
....................                   6,6,2,3,3,4,               // SO 3 
....................                   7,3,7,32,32,7,             // SO 4 
....................                   7,6,6,3,3,4,               // SO 5 
....................                   0,6,6,5,3,4,               // SO 6 
....................                   1,1,7,32,32,7,             // SO 7 
....................                   0,6,2,5,3,4,               // SO 8 
....................                   0,6,2,3,3,4};             // SO 9          
.................... //!CONST UNSIGNED CHAR LCD_SO_X[10][6] = 
.................... //!{ 
.................... //!                  0,1,2,3,4,5,               // SO 0 
.................... //!                  1,2,32,3,7,3,              // SO 1 
.................... //!                  6,6,2,4,3,3,               // SO 2 
.................... //!                  6,6,2,3,3,5,               // SO 3 
.................... //!                  7,3,7,32,32,7,             // SO 4 
.................... //!                  7,6,6,3,3,5,               // SO 5 
.................... //!                  0,6,6,4,3,5,               // SO 6 
.................... //!                  1,1,7,32,32,7,             // SO 7 
.................... //!                  0,6,2,4,3,5,               // SO 8 
.................... //!                  0,6,2,3,3,5};             // SO 9    
....................                    
.................... CONST UNSIGNED CHAR LCD_MA_8DOAN[] = { 
....................    0x07,0x0F,0x1F,0x1F,0x1F,0x1F,0x1F,0x1F,  //DOAN F - 0 
....................    0x1F,0x1F,0x1F,0X00,0X00,0X00,0X00,0X00,  //DOAN A - 1 
....................    0x1C,0x1E,0x1F,0x1F,0x1F,0x1F,0x1F,0x1F,  //DOAN B - 2 
....................    0X00,0X00,0X00,0X00,0X00,0x1F,0x1F,0x1F,  //DOAN D - 3 
....................    0x1F,0x1F,0x1F,0x1F,0x1F,0x1F,0x1E,0x1C,  //DOAN C - 4 
....................    0x1F,0x1F,0x1F,0x1F,0x1F,0x1F,0x0F,0x07,  //DOAN E - 5 
....................    0x1F,0x1F,0x1F,0X00,0X00,0X00,0x1F,0x1F,  //DOAN G+D-6  
....................    0x1F,0x1F,0x1F,0x1F,0x1F,0x1F,0x1F,0x1F}; //DOAN I  -7 
....................     
.................... VOID LCD_GOTO_XY(SIGNED INT8 X, SIGNED INT8 Y) 
.................... {  
....................    CONST UNSIGNED INT8 LCD_VITRI[]={0x80,0xC0,0x94,0xD4}; 
....................    LCD_COMMAND(LCD_VITRI[X]+Y); 
*
0414:  CLRF   03
0416:  MOVF   26,W
0418:  MOVFF  FF2,28
041C:  BCF    FF2.7
041E:  RCALL  0004
0420:  BTFSC  28.7
0422:  BSF    FF2.7
0424:  ADDWF  27,W
0426:  MOVWF  28
0428:  MOVWF  29
042A:  RCALL  00F4
042C:  GOTO   0512 (RETURN)
.................... } 
....................  
.................... VOID XXX() 
.................... {  
....................    SIGNED INT8 X; 
....................    X= LCD_SO_X[0][0]; 
....................    X= LCD_MA_8DOAN[0]; 
.................... } 
....................  
.................... #define   GIAY_HTAI      0X55 
.................... #define   PHUT_HTAI      0X33 
.................... #define   GIO_HTAI       0X08 
.................... #define   THU_HTAI       8 
.................... #define   NGAY_HTAI      0X16 
.................... #define   THANG_HTAI     0X06 
.................... #define   NAM_HTAI       0X13       
.................... #define   MA_DS          0X98 
....................  
.................... #define  ADDR_WR_13B07   0xD0 
.................... #define  ADDR_RD_13B07   0xD1 
.................... #define  ADDR_MEM        0x00 
....................  
.................... UNSIGNED  CHAR    NAM_DS13,THANG_DS13,NGAY_DS13,THU_DS13,GIO_DS13, 
....................                   PHUT_DS13,GIAY_DS13,MA_DS13,CONTROL_DS13,GIAYTAM; 
....................                                 
.................... void THIET_LAP_THOI_GIAN_HIEN_TAI() 
.................... {     GIAY_DS13   =   GIAY_HTAI;       PHUT_DS13  =    PHUT_HTAI;    
*
0356:  MOVLW  55
0358:  MOVWF  21
035A:  MOVLW  33
035C:  MOVWF  20
....................       GIO_DS13    =   GIO_HTAI;        THU_DS13   =    THU_HTAI; 
035E:  MOVLW  08
0360:  MOVWF  1F
0362:  MOVWF  1E
....................       NGAY_DS13   =   NGAY_HTAI;       THANG_DS13 =    THANG_HTAI;    
0364:  MOVLW  16
0366:  MOVWF  1D
0368:  MOVLW  06
036A:  MOVWF  1C
....................       NAM_DS13    =   NAM_HTAI;    
036C:  MOVLW  13
036E:  MOVWF  1B
....................       CONTROL_DS13 = 0X90;             MA_DS13      =   MA_DS; 
0370:  MOVLW  90
0372:  MOVWF  23
0374:  MOVLW  98
0376:  MOVWF  22
0378:  GOTO   06DA (RETURN)
.................... } 
....................   
.................... void NAP_THOI_GIAN_HTAI_VAO_DS13B07() 
.................... {     I2C_START();          
037C:  BSF    F93.0
037E:  MOVLW  05
0380:  MOVWF  00
0382:  DECFSZ 00,F
0384:  BRA    0382
0386:  BSF    F93.1
0388:  MOVLW  06
038A:  MOVWF  00
038C:  DECFSZ 00,F
038E:  BRA    038C
0390:  BCF    F8A.0
0392:  BCF    F93.0
0394:  MOVLW  05
0396:  MOVWF  00
0398:  DECFSZ 00,F
039A:  BRA    0398
039C:  BCF    F8A.1
039E:  BCF    F93.1
....................       I2C_WRITE(ADDR_WR_13B07);     
03A0:  MOVLW  D0
03A2:  MOVWF  26
03A4:  RCALL  01AE
....................       I2C_WRITE(0X00); 
03A6:  CLRF   26
03A8:  RCALL  01AE
....................       I2C_WRITE(GIAY_DS13);        I2C_WRITE(PHUT_DS13);       
03AA:  MOVFF  21,26
03AE:  RCALL  01AE
03B0:  MOVFF  20,26
03B4:  RCALL  01AE
....................       I2C_WRITE(GIO_DS13);         I2C_WRITE(THU_DS13);       
03B6:  MOVFF  1F,26
03BA:  RCALL  01AE
03BC:  MOVFF  1E,26
03C0:  RCALL  01AE
....................       I2C_WRITE(NGAY_DS13);        I2C_WRITE(THANG_DS13);             
03C2:  MOVFF  1D,26
03C6:  RCALL  01AE
03C8:  MOVFF  1C,26
03CC:  RCALL  01AE
....................       I2C_WRITE(NAM_DS13);         I2C_WRITE(CONTROL_DS13);    
03CE:  MOVFF  1B,26
03D2:  RCALL  01AE
03D4:  MOVFF  23,26
03D8:  RCALL  01AE
....................       I2C_WRITE(MA_DS13); 
03DA:  MOVFF  22,26
03DE:  RCALL  01AE
....................       I2C_STOP(); 
03E0:  BCF    F93.0
03E2:  NOP   
03E4:  BSF    F93.1
03E6:  BTFSS  F81.1
03E8:  BRA    03E6
03EA:  MOVLW  05
03EC:  MOVWF  00
03EE:  DECFSZ 00,F
03F0:  BRA    03EE
03F2:  BRA    03F4
03F4:  NOP   
03F6:  BSF    F93.0
03F8:  MOVLW  05
03FA:  MOVWF  00
03FC:  DECFSZ 00,F
03FE:  BRA    03FC
0400:  RETURN 0
.................... } 
....................      
.................... void DOC_THOI_GIAN_TU_REALTIME() 
.................... {    
....................       I2C_START(); 
*
0280:  BSF    F93.0
0282:  MOVLW  05
0284:  MOVWF  00
0286:  DECFSZ 00,F
0288:  BRA    0286
028A:  BSF    F93.1
028C:  MOVLW  06
028E:  MOVWF  00
0290:  DECFSZ 00,F
0292:  BRA    0290
0294:  BCF    F8A.0
0296:  BCF    F93.0
0298:  MOVLW  05
029A:  MOVWF  00
029C:  DECFSZ 00,F
029E:  BRA    029C
02A0:  BCF    F8A.1
02A2:  BCF    F93.1
....................       I2C_WRITE(ADDR_WR_13B07); 
02A4:  MOVLW  D0
02A6:  MOVWF  26
02A8:  RCALL  01AE
....................       I2C_WRITE(ADDR_MEM);                      
02AA:  CLRF   26
02AC:  RCALL  01AE
....................       I2C_START();                 
02AE:  BSF    F93.0
02B0:  MOVLW  05
02B2:  MOVWF  00
02B4:  DECFSZ 00,F
02B6:  BRA    02B4
02B8:  BSF    F93.1
02BA:  MOVLW  06
02BC:  MOVWF  00
02BE:  DECFSZ 00,F
02C0:  BRA    02BE
02C2:  BTFSS  F81.1
02C4:  BRA    02C2
02C6:  BCF    F8A.0
02C8:  BCF    F93.0
02CA:  MOVLW  05
02CC:  MOVWF  00
02CE:  DECFSZ 00,F
02D0:  BRA    02CE
02D2:  BCF    F8A.1
02D4:  BCF    F93.1
....................                  
....................       I2C_WRITE(ADDR_RD_13B07); 
02D6:  MOVLW  D1
02D8:  MOVWF  26
02DA:  RCALL  01AE
....................       GIAY_DS13      =  I2C_READ();               
02DC:  MOVLW  01
02DE:  MOVWF  00
02E0:  RCALL  021A
02E2:  MOVFF  01,21
....................       PHUT_DS13      =  I2C_READ();              
02E6:  MOVLW  01
02E8:  MOVWF  00
02EA:  RCALL  021A
02EC:  MOVFF  01,20
....................       GIO_DS13       =  I2C_READ();              
02F0:  MOVLW  01
02F2:  MOVWF  00
02F4:  RCALL  021A
02F6:  MOVFF  01,1F
....................       THU_DS13       =  I2C_READ();  
02FA:  MOVLW  01
02FC:  MOVWF  00
02FE:  RCALL  021A
0300:  MOVFF  01,1E
....................       NGAY_DS13      =  I2C_READ();  
0304:  MOVLW  01
0306:  MOVWF  00
0308:  RCALL  021A
030A:  MOVFF  01,1D
....................       THANG_DS13     =  I2C_READ();  
030E:  MOVLW  01
0310:  MOVWF  00
0312:  RCALL  021A
0314:  MOVFF  01,1C
....................       NAM_DS13       =  I2C_READ();  
0318:  MOVLW  01
031A:  MOVWF  00
031C:  RCALL  021A
031E:  MOVFF  01,1B
....................       CONTROL_DS13   =  I2C_READ();           
0322:  MOVLW  01
0324:  MOVWF  00
0326:  RCALL  021A
0328:  MOVFF  01,23
....................       MA_DS13        =  I2C_READ(0);     //NOT ACK 
032C:  CLRF   00
032E:  RCALL  021A
0330:  MOVFF  01,22
....................       I2C_STOP(); 
0334:  BCF    F93.0
0336:  NOP   
0338:  BSF    F93.1
033A:  BTFSS  F81.1
033C:  BRA    033A
033E:  MOVLW  05
0340:  MOVWF  00
0342:  DECFSZ 00,F
0344:  BRA    0342
0346:  BRA    0348
0348:  NOP   
034A:  BSF    F93.0
034C:  MOVLW  05
034E:  MOVWF  00
0350:  DECFSZ 00,F
0352:  BRA    0350
0354:  RETURN 0
.................... }     
....................  
....................     
.................... void DOC_GIAY_TU_REALTIME() 
.................... {    
....................       I2C_START(); 
....................       I2C_WRITE(ADDR_WR_13B07); 
....................       I2C_WRITE(ADDR_MEM);                      
....................       I2C_START();                 
....................                  
....................       I2C_WRITE(ADDR_RD_13B07); 
....................       GIAY_DS13      =  I2C_READ(0);               
....................       I2C_STOP(); 
.................... }   
....................          
....................   
.................... void HIEN_THI_THOI_GIAN_DS13B07 ( ) 
.................... {     LCD_COMMAND (0x8C);    
*
0430:  MOVLW  8C
0432:  MOVWF  29
0434:  RCALL  00F4
....................       LCD_DATA(GIO_DS13/16  +0X30);    LCD_DATA(GIO_DS13%16  +0X30); 
0436:  SWAPF  1F,W
0438:  MOVWF  00
043A:  MOVLW  0F
043C:  ANDWF  00,F
043E:  MOVF   00,W
0440:  ADDLW  30
0442:  MOVWF  26
0444:  MOVWF  28
0446:  RCALL  0178
0448:  MOVF   1F,W
044A:  ANDLW  0F
044C:  ADDLW  30
044E:  MOVWF  26
0450:  MOVWF  28
0452:  RCALL  0178
....................       LCD_DATA(' '); 
0454:  MOVLW  20
0456:  MOVWF  28
0458:  RCALL  0178
....................       LCD_DATA(PHUT_DS13/16 +0X30);    LCD_DATA(PHUT_DS13%16 +0X30); 
045A:  SWAPF  20,W
045C:  MOVWF  00
045E:  MOVLW  0F
0460:  ANDWF  00,F
0462:  MOVF   00,W
0464:  ADDLW  30
0466:  MOVWF  26
0468:  MOVWF  28
046A:  RCALL  0178
046C:  MOVF   20,W
046E:  ANDLW  0F
0470:  ADDLW  30
0472:  MOVWF  26
0474:  MOVWF  28
0476:  RCALL  0178
....................       LCD_DATA(' '); 
0478:  MOVLW  20
047A:  MOVWF  28
047C:  RCALL  0178
....................       LCD_DATA(GIAY_DS13/16 +0X30);    LCD_DATA(GIAY_DS13%16 +0X30); 
047E:  SWAPF  21,W
0480:  MOVWF  00
0482:  MOVLW  0F
0484:  ANDWF  00,F
0486:  MOVF   00,W
0488:  ADDLW  30
048A:  MOVWF  26
048C:  MOVWF  28
048E:  RCALL  0178
0490:  MOVF   21,W
0492:  ANDLW  0F
0494:  ADDLW  30
0496:  MOVWF  26
0498:  MOVWF  28
049A:  RCALL  0178
....................       LCD_COMMAND (0xCC);   
049C:  MOVLW  CC
049E:  MOVWF  29
04A0:  RCALL  00F4
....................       LCD_DATA(NGAY_DS13/16 +0X30);    LCD_DATA(NGAY_DS13%16 +0X30); 
04A2:  SWAPF  1D,W
04A4:  MOVWF  00
04A6:  MOVLW  0F
04A8:  ANDWF  00,F
04AA:  MOVF   00,W
04AC:  ADDLW  30
04AE:  MOVWF  26
04B0:  MOVWF  28
04B2:  RCALL  0178
04B4:  MOVF   1D,W
04B6:  ANDLW  0F
04B8:  ADDLW  30
04BA:  MOVWF  26
04BC:  MOVWF  28
04BE:  RCALL  0178
....................       LCD_DATA(' '); 
04C0:  MOVLW  20
04C2:  MOVWF  28
04C4:  RCALL  0178
....................       LCD_DATA(THANG_DS13/16 +0X30);   LCD_DATA(THANG_DS13%16 +0X30); 
04C6:  SWAPF  1C,W
04C8:  MOVWF  00
04CA:  MOVLW  0F
04CC:  ANDWF  00,F
04CE:  MOVF   00,W
04D0:  ADDLW  30
04D2:  MOVWF  26
04D4:  MOVWF  28
04D6:  RCALL  0178
04D8:  MOVF   1C,W
04DA:  ANDLW  0F
04DC:  ADDLW  30
04DE:  MOVWF  26
04E0:  MOVWF  28
04E2:  RCALL  0178
....................       LCD_DATA(' '); 
04E4:  MOVLW  20
04E6:  MOVWF  28
04E8:  RCALL  0178
....................       LCD_DATA(NAM_DS13/16 +0X30);     LCD_DATA(NAM_DS13%16 +0X30);  
04EA:  SWAPF  1B,W
04EC:  MOVWF  00
04EE:  MOVLW  0F
04F0:  ANDWF  00,F
04F2:  MOVF   00,W
04F4:  ADDLW  30
04F6:  MOVWF  26
04F8:  MOVWF  28
04FA:  RCALL  0178
04FC:  MOVF   1B,W
04FE:  ANDLW  0F
0500:  ADDLW  30
0502:  MOVWF  26
0504:  MOVWF  28
0506:  RCALL  0178
....................        
....................        
....................       //THEM THU VAO 
....................       LCD_GOTO_XY(1, 4); 
0508:  MOVLW  01
050A:  MOVWF  26
050C:  MOVLW  04
050E:  MOVWF  27
0510:  BRA    0414
....................        
....................       LCD_DATA("THU "); 
0512:  MOVLW  18
0514:  MOVWF  FF6
0516:  MOVLW  00
0518:  MOVWF  FF7
051A:  RCALL  018E
....................       LCD_DATA(THU_DS13/16 +0X30);     LCD_DATA(THU_DS13%16 +0X30);  
051C:  SWAPF  1E,W
051E:  MOVWF  00
0520:  MOVLW  0F
0522:  ANDWF  00,F
0524:  MOVF   00,W
0526:  ADDLW  30
0528:  MOVWF  26
052A:  MOVWF  28
052C:  RCALL  0178
052E:  MOVF   1E,W
0530:  ANDLW  0F
0532:  ADDLW  30
0534:  MOVWF  26
0536:  MOVWF  28
0538:  RCALL  0178
053A:  RETURN 0
.................... } 
....................  
....................  
....................  
....................  
....................  
.................... UNSIGNED CHAR GIATRI_MOD; 
....................  
.................... VOID HIEN_THI_GIA_TRI_MOD ( ) 
.................... { 
....................    LCD_COMMAND(0x8A); LCD_DATA(GIATRI_MOD+0X30); 
*
0402:  MOVLW  8A
0404:  MOVWF  29
0406:  RCALL  00F4
0408:  MOVLW  30
040A:  ADDWF  25,W
040C:  MOVWF  26
040E:  MOVWF  28
0410:  RCALL  0178
0412:  RETURN 0
.................... } 
....................  
.................... VOID PHIM_MOD() 
.................... { 
....................    IF (!INPUT (MOD)) 
*
053C:  BSF    F93.2
053E:  BTFSC  F81.2
0540:  BRA    0562
....................    { 
....................       DELAY_MS (20) ; 
0542:  MOVLW  14
0544:  MOVWF  26
0546:  RCALL  010A
....................       { 
....................          IF (!INPUT (MOD)) 
0548:  BSF    F93.2
054A:  BTFSC  F81.2
054C:  BRA    0562
....................          { 
....................             IF (GIATRI_MOD < 3) GIATRI_MOD++; 
054E:  MOVF   25,W
0550:  SUBLW  02
0552:  BNC   0558
0554:  INCF   25,F
0556:  BRA    055A
....................             ELSE GIATRI_MOD = 0; 
0558:  CLRF   25
....................             HIEN_THI_GIA_TRI_MOD (); 
055A:  RCALL  0402
....................             DO{} 
....................             WHILE ( ! INPUT (MOD)) ; 
055C:  BSF    F93.2
055E:  BTFSS  F81.2
0560:  BRA    055C
....................          } 
....................       } 
....................    } 
0562:  GOTO   06EA (RETURN)
.................... } 
....................  
.................... UNSIGNED INT8 HIEU_CHINH_SO_BCD_TANG(UNSIGNED INT8 X ) 
.................... { 
....................    UNSIGNED INT8 Y; 
....................    Y = X; 
0566:  MOVFF  26,27
....................    X = X&0X0F; 
056A:  MOVLW  0F
056C:  ANDWF  26,F
....................    IF (X == 0X0F) Y= Y + 6; 
056E:  MOVF   26,W
0570:  SUBLW  0F
0572:  BNZ   0578
0574:  MOVLW  06
0576:  ADDWF  27,F
....................    RETURN (Y) ; 
0578:  MOVFF  27,01
057C:  RETURN 0
.................... } 
....................  
.................... UNSIGNED INT8 HIEU_CHINH_SO_BCD_GIAM(UNSIGNED INT8 X ) 
.................... { 
....................    UNSIGNED INT8 Y; 
....................    Y = X; 
*
05FE:  MOVFF  26,27
....................    X = X&0X0F; 
0602:  MOVLW  0F
0604:  ANDWF  26,F
....................    IF (X == 0X0F) Y= Y - 6; 
0606:  MOVF   26,W
0608:  SUBLW  0F
060A:  BNZ   0610
060C:  MOVLW  06
060E:  SUBWF  27,F
....................    RETURN (Y) ; 
0610:  MOVFF  27,01
0614:  RETURN 0
.................... } 
....................  
.................... VOID LUU_GIAI_MA_HIEN_THI_SAU_KHI_CHINH() 
.................... { 
....................    NAP_THOI_GIAN_HTAI_VAO_DS13B07 () ; 
*
057E:  RCALL  037C
....................    HIEN_THI_THOI_GIAN_DS13B07 (); 
0580:  RCALL  0430
0582:  RETURN 0
.................... } 
....................  
.................... VOID PHIM_UP() 
.................... { 
....................    IF (!INPUT (UP)) 
0584:  BSF    F93.5
0586:  BTFSC  F81.5
0588:  BRA    05FA
....................    { 
....................       DELAY_MS (20) ; 
058A:  MOVLW  14
058C:  MOVWF  26
058E:  RCALL  010A
....................  
....................       IF (!INPUT (UP)) 
0590:  BSF    F93.5
0592:  BTFSC  F81.5
0594:  BRA    05FA
....................       { 
....................          SWITCH (GIATRI_MOD) 
0596:  MOVF   25,W
0598:  XORLW  01
059A:  BZ    05A6
059C:  XORLW  03
059E:  BZ    05C0
05A0:  XORLW  01
05A2:  BZ    05DA
05A4:  BRA    05F4
....................          { 
....................             CASE 1: IF (GIAY_DS13 == 0X59) GIAY_DS13 = 0; 
05A6:  MOVF   21,W
05A8:  SUBLW  59
05AA:  BNZ   05B0
05AC:  CLRF   21
05AE:  BRA    05BC
....................  
....................             ELSE 
....................             { 
....................                GIAY_DS13++; 
05B0:  INCF   21,F
....................                PHUT_DS13 = HIEU_CHINH_SO_BCD_TANG (GIAY_DS13); 
05B2:  MOVFF  21,26
05B6:  RCALL  0566
05B8:  MOVFF  01,20
....................             } 
....................  
....................             LUU_GIAI_MA_HIEN_THI_SAU_KHI_CHINH () ; 
05BC:  RCALL  057E
....................             BREAK; 
05BE:  BRA    05F4
....................             CASE 2: IF (PHUT_DS13 == 0X59) PHUT_DS13 = 0; 
05C0:  MOVF   20,W
05C2:  SUBLW  59
05C4:  BNZ   05CA
05C6:  CLRF   20
05C8:  BRA    05D6
....................  
....................             ELSE 
....................             { 
....................                PHUT_DS13++; 
05CA:  INCF   20,F
....................                PHUT_DS13 = HIEU_CHINH_SO_BCD_TANG (PHUT_DS13); 
05CC:  MOVFF  20,26
05D0:  RCALL  0566
05D2:  MOVFF  01,20
....................             } 
....................  
....................             LUU_GIAI_MA_HIEN_THI_SAU_KHI_CHINH () ; 
05D6:  RCALL  057E
....................             BREAK; 
05D8:  BRA    05F4
....................             CASE 3: IF (GIO_DS13 == 0X23) GIO_DS13 = 0; 
05DA:  MOVF   1F,W
05DC:  SUBLW  23
05DE:  BNZ   05E4
05E0:  CLRF   1F
05E2:  BRA    05F0
....................  
....................             ELSE 
....................             { 
....................                GIO_DS13++; 
05E4:  INCF   1F,F
....................                 
....................                GIO_DS13 = HIEU_CHINH_SO_BCD_TANG (GIO_DS13); 
05E6:  MOVFF  1F,26
05EA:  RCALL  0566
05EC:  MOVFF  01,1F
....................             } 
....................  
....................             LUU_GIAI_MA_HIEN_THI_SAU_KHI_CHINH () ; 
05F0:  RCALL  057E
....................             BREAK; 
05F2:  BRA    05F4
....................             DEFAULT: BREAK; 
....................          } 
....................  
....................          DO{} 
....................          WHILE ( ! INPUT (UP)) ; 
05F4:  BSF    F93.5
05F6:  BTFSS  F81.5
05F8:  BRA    05F4
....................       } 
....................    } 
05FA:  GOTO   06EC (RETURN)
.................... } 
....................  
.................... VOID PHIM_DW() 
.................... { 
....................    IF (!INPUT (DW)) 
*
0616:  BSF    F93.4
0618:  BTFSC  F81.4
061A:  BRA    068C
....................    { 
....................       DELAY_MS (20) ; 
061C:  MOVLW  14
061E:  MOVWF  26
0620:  RCALL  010A
....................  
....................       IF (!INPUT (DW)) 
0622:  BSF    F93.4
0624:  BTFSC  F81.4
0626:  BRA    068C
....................       { 
....................          SWITCH (GIATRI_MOD) 
0628:  MOVF   25,W
062A:  XORLW  01
062C:  BZ    0638
062E:  XORLW  03
0630:  BZ    0652
0632:  XORLW  01
0634:  BZ    066C
0636:  BRA    0686
....................          { 
....................             CASE 1: IF (GIAY_DS13 == 0) GIAY_DS13 = 0X59; 
0638:  MOVF   21,F
063A:  BNZ   0642
063C:  MOVLW  59
063E:  MOVWF  21
0640:  BRA    064E
....................  
....................             ELSE 
....................             { 
....................                GIAY_DS13--; 
0642:  DECF   21,F
....................                PHUT_DS13 = HIEU_CHINH_SO_BCD_GIAM (GIAY_DS13); 
0644:  MOVFF  21,26
0648:  RCALL  05FE
064A:  MOVFF  01,20
....................             } 
....................  
....................             LUU_GIAI_MA_HIEN_THI_SAU_KHI_CHINH () ; 
064E:  RCALL  057E
....................             BREAK; 
0650:  BRA    0686
....................             CASE 2: IF (PHUT_DS13 == 0) PHUT_DS13 = 0X59; 
0652:  MOVF   20,F
0654:  BNZ   065C
0656:  MOVLW  59
0658:  MOVWF  20
065A:  BRA    0668
....................  
....................             ELSE 
....................             { 
....................                PHUT_DS13--; 
065C:  DECF   20,F
....................                PHUT_DS13 = HIEU_CHINH_SO_BCD_GIAM (PHUT_DS13); 
065E:  MOVFF  20,26
0662:  RCALL  05FE
0664:  MOVFF  01,20
....................             } 
....................  
....................             LUU_GIAI_MA_HIEN_THI_SAU_KHI_CHINH () ; 
0668:  RCALL  057E
....................             BREAK; 
066A:  BRA    0686
....................             CASE 3: IF (GIO_DS13 == 0) GIO_DS13 = 0X23; 
066C:  MOVF   1F,F
066E:  BNZ   0676
0670:  MOVLW  23
0672:  MOVWF  1F
0674:  BRA    0682
....................  
....................             ELSE 
....................             { 
....................                GIO_DS13--; 
0676:  DECF   1F,F
....................                GIO_DS13 = HIEU_CHINH_SO_BCD_GIAM (GIO_DS13); 
0678:  MOVFF  1F,26
067C:  RCALL  05FE
067E:  MOVFF  01,1F
....................             } 
....................  
....................             LUU_GIAI_MA_HIEN_THI_SAU_KHI_CHINH () ; 
0682:  RCALL  057E
....................             BREAK; 
0684:  BRA    0686
....................             DEFAULT: BREAK; 
....................          } 
....................  
....................          DO{} 
....................          WHILE ( ! INPUT (DW)) ; 
0686:  BSF    F93.4
0688:  BTFSS  F81.4
068A:  BRA    0686
....................       } 
....................    } 
068C:  GOTO   06EE (RETURN)
.................... } 
....................  
.................... VOID MAIN() 
0690:  CLRF   FF8
0692:  BCF    FD0.7
0694:  CLRF   06
0696:  CLRF   0D
0698:  CLRF   0E
069A:  CLRF   0F
069C:  CLRF   10
069E:  CLRF   19
06A0:  MOVF   FC1,W
06A2:  ANDLW  C0
06A4:  IORLW  0F
06A6:  MOVWF  FC1
06A8:  MOVLW  07
06AA:  MOVWF  FB4
06AC:  SETF   11
06AE:  SETF   12
06B0:  SETF   13
06B2:  SETF   14
06B4:  SETF   15
06B6:  SETF   16
06B8:  SETF   17
06BA:  SETF   18
....................      { 
....................    SET_UP_PORT_IC_CHOT () ; 
06BC:  BRA    0026
....................    SETUP_LCD () ; 
06BE:  BRA    0130
....................    LCD_COMMAND (LCD_ADDR_LINE1) ; 
06C0:  MOVLW  80
06C2:  MOVWF  29
06C4:  RCALL  00F4
....................    LCD_DATA ("CLOCK:") ; 
06C6:  MOVLW  1E
06C8:  MOVWF  FF6
06CA:  MOVLW  00
06CC:  MOVWF  FF7
06CE:  RCALL  018E
....................    DOC_THOI_GIAN_TU_REALTIME () ; 
06D0:  RCALL  0280
....................  
....................    IF (MA_DS13 != MA_DS) 
06D2:  MOVF   22,W
06D4:  SUBLW  98
06D6:  BZ    06DC
....................    { 
....................       THIET_LAP_THOI_GIAN_HIEN_TAI () ; 
06D8:  BRA    0356
....................       NAP_THOI_GIAN_HTAI_VAO_DS13B07 () ; 
06DA:  RCALL  037C
....................    } 
....................  
....................    GIATRI_MOD = 0; 
06DC:  CLRF   25
....................    HIEN_THI_GIA_TRI_MOD (); 
06DE:  RCALL  0402
....................     
....................    DOC_THOI_GIAN_TU_REALTIME () ; 
06E0:  RCALL  0280
....................  
....................  
....................    WHILE (TRUE) 
....................    { 
....................       DOC_THOI_GIAN_TU_REALTIME () ; 
06E2:  RCALL  0280
....................  
....................  
....................  
....................          HIEN_THI_GIA_TRI_MOD (); 
06E4:  RCALL  0402
....................          HIEN_THI_THOI_GIAN_DS13B07 (); 
06E6:  RCALL  0430
....................  
....................  
....................          PHIM_MOD ();  
06E8:  BRA    053C
....................          PHIM_UP ();  
06EA:  BRA    0584
....................          PHIM_DW (); 
06EC:  BRA    0616
06EE:  BRA    06E2
....................  
....................    } 
.................... } 
....................  
06F0:  SLEEP 

Configuration Fuses:
   Word  1: CC27   PLL12 CPUDIV1 USBDIV HS FCMEN IESO
   Word  2: 1E3E   PUT BROWNOUT BORV21 VREGEN NOWDT WDT32768
   Word  3: 8700   CCP2C1 PBADEN LPT1OSC MCLR
   Word  4: 00A1   STVREN NOLVP ICSP2 NOXINST NODEBUG
   Word  5: C00F   NOPROTECT NOCPB NOCPD
   Word  6: E00F   NOWRT NOWRTC NOWRTB NOWRTD
   Word  7: 400F   NOEBTR NOEBTRB
