
ROM used:   612/32768 (2%)
            612/32768 (2%) including unused fragments

            0.4 Average locations per line
            2.4 Average locations per statement

RAM used:   34/2048 (2%) at main() level
            51/2048 (2%) worst case

Stack used: 4 worst case (4 in main + 0 for interrupts)
Stack size: 31

Lines Stmts  %   Files
----- ----- ---  -----
   30    18   7  BAI_305_BIS_SANGDAN10LEDGIUA32LED.c
  627   233  93  tv_pickit2_shift_1.c
  837     0   0  ..\..\..\..\Program Files (x86)\PICC\Devices\18F4550.H
----- -----
 1494   251 Total

Page ROM  %  RAM   Vol Diff  Functions:
---- --- --- ---   --- ----  ----------
0     38   3    1             @delay_ms1
0     38   3    2   234  4.3  XUAT_1BYTE
0     34   3    4   160  1.8  XUAT_32LED_DON_4BYTE
0     38   3    8   245  3.1  XUAT_32LED_DON_2WORD
0     36   3    9   123  3.2  XUAT_32LED_DON_1DW
0     22   2    4   131  2.8  xuat_1word
0     88   7    0   396  1.4  xoa_tat_6module
0     58   5    0   253  2.3  SET_UP_PORT_IC_CHOT
0    256  21    5   555  5.7  MAIN
 Inline         0             @cinit1

Program metrics:
    Functions               8
    Statements              251
    Comments                282
    Volume (V)              3280
    Difficulty (D)          24.3
    Effort to implement (E) 79692
    Time to implement (T)   1 hours, 14 minutes
    Est Delivered Bugs (B)  1
    Cyclomatic Complexity   3
    Maintainability (MI)    95

 Segment     Used  Free
-----------  ----  ----
00000-00002     4  0  
00004-07FFE   608  32156  



