
ROM used:   1478/32768 (5%)
            1478/32768 (5%) including unused fragments

            1.0 Average locations per line
            5.3 Average locations per statement

RAM used:   38/2048 (2%) at main() level
            44/2048 (2%) worst case

Stack used: 4 worst case (4 in main + 0 for interrupts)
Stack size: 31

Lines Stmts  %   Files
----- ----- ---  -----
   87    46  16  BAI_709_LM35_UP_DW_TUCODE.c
  627   233  84  tv_pickit2_shift_1.c
  837     0   0  ..\..\..\..\Program Files (x86)\PICC\Devices\18F4550.H
----- -----
 1551   279 Total

Page ROM  %  RAM   Vol Diff  Functions:
---- --- --- ---   --- ----  ----------
0     38   1    1             @delay_ms1
0     32   1    0             @const681
0     38   1    2   234  4.3  XUAT_1BYTE
0     34   1    4   160  1.8  XUAT_32LED_DON_4BYTE
0     22   1    4   131  2.8  xuat_1word
0     88   3    0   396  1.4  xoa_tat_6module
0     58   2    0   253  2.3  SET_UP_PORT_IC_CHOT
0     36   1    4   160  1.8  XUAT_4LED_7DOAN_4SO
0     66   2    5             @DIV1616
0     40   1    3             @DIV88
0     30   1    1   145  3.0  phim_up
0     30   1    1   145  3.0  phim_down
0     82   3    1   423  5.6  so_sanh_dk_buzzer
0    418  14    8   699  8.0  MAIN
0     56   2    2   436  5.6  @ITOF
0    348  12   14   348  6.5  @DIVFF
0     58   2    4   348  6.5  @SFTOI
 Inline         0   830  7.1  @cinit1

Program metrics:
    Functions               14
    Statements              279
    Comments                298
    Volume (V)              7888
    Difficulty (D)          59.5
    Effort to implement (E) 469540
    Time to implement (T)   7 hours, 15 minutes
    Est Delivered Bugs (B)  2
    Cyclomatic Complexity   19
    Maintainability (MI)    127

 Segment     Used  Free
-----------  ----  ----
00000-00002     4  0  
00004-07FFE  1474  31290  



