
ROM used:   1362/32768 (4%)
            1362/32768 (4%) including unused fragments

            0.8 Average locations per line
            4.2 Average locations per statement

RAM used:   49/2048 (2%) at main() level
            55/2048 (3%) worst case

Stack used: 7 worst case (7 in main + 0 for interrupts)
Stack size: 31

Lines Stmts  %   Files
----- ----- ---  -----
  100    63  20  BAI_617_LCD_4LED_DEM_SP_TO_UP.c
  627   233  73  tv_pickit2_shift_1.c
  837     0   0  ..\..\..\..\Program Files (x86)\PICC\Devices\18F4550.H
  112    25   8  tv_pickit2_shift_lcd.c
----- -----
 1676   321 Total

Page ROM  %  RAM   Vol Diff  Functions:
---- --- --- ---   --- ----  ----------
0     38   1    1             @delay_ms1
0     32   1    0   271  4.3  @const681
0     38   1    2   234  4.3  XUAT_1BYTE
0     22   1    4   131  2.8  xuat_1word
0     88   3    0   396  1.4  xoa_tat_6module
0     58   2    0   253  2.3  SET_UP_PORT_IC_CHOT
0     36   1    4   160  1.8  XUAT_4LED_7DOAN_4SO
0     66   2    5   465  4.8  @DIV1616
0     36   1    0   106  1.3  XUAT_GLCD_LCD
0     16   1    2    80  2.7  XUAT_LCD20X4
0     26   1    1   102  2.1  LCD_XUAT_8BIT
0     22   1    1    61  1.6  LCD_COMMAND
0     22   1    1    61  1.6  LCD_DATA
0     72   3    0   245  1.8  SETUP_LCD
0     20   1    0    61  1.6  @const830
0     26   1    3   147  3.7  LCD_GOTO_XY
0    132   5    2   213  4.1  gm_lcd
0     46   2    0   130  1.8  hienthi_lcd
0     38   1    0   154  3.0  phim_clr
0     50   2    0   179  3.9  phim_up
0     52   2    0   179  3.9  phim_dw
0    358  13   12   652  5.6  MAIN
0     18   1    0   739  6.2  @const849
0     32   1    2   228  3.4  @PSTRINGC_813
0     14   1    0   406  3.3  @const851
 Inline         0   959  6.7  @cinit1

Program metrics:
    Functions               25
    Statements              321
    Comments                328
    Volume (V)              12126
    Difficulty (D)          80.7
    Effort to implement (E) 978587
    Time to implement (T)   15 hours, 6 minutes
    Est Delivered Bugs (B)  3
    Cyclomatic Complexity   25
    Maintainability (MI)    66

 Segment     Used  Free
-----------  ----  ----
00000-00002     4  0  
00004-07FFE  1358  31406  



