CCS PCH C Compiler, Version 5.015, 5967               04-Oct-22 10:06

               Filename:   C:\Users\NguyenMinhTri\Desktop\TT VXL\BAI_423_KEY_4X4_4LED_DICH.lst

               ROM used:   796 bytes (2%)
                           Largest free fragment is 31972
               RAM used:   35 (2%) at main() level
                           41 (2%) worst case
               Stack used: 4 locations
               Stack size: 31

*
0000:  GOTO   0262
.................... #include <tv_pickit2_shift_1.c> 
.................... #INCLUDE    <18F4550.H> 
.................... //////////// Standard Header file for the PIC18F4550 device //////////////// 
.................... /////////////////////////////////////////////////////////////////////////// 
.................... ////        (C) Copyright 1996, 2013 Custom Computer Services          //// 
.................... //// This source code may only be used by licensed users of the CCS C  //// 
.................... //// compiler.  This source code may only be distributed to other      //// 
.................... //// licensed users of the CCS C compiler.  No other use, reproduction //// 
.................... //// or distribution is permitted without written permission.          //// 
.................... //// Derivative programs created using this software in object code    //// 
.................... //// form are not restricted in any way.                               //// 
.................... /////////////////////////////////////////////////////////////////////////// 
.................... #device PIC18F4550 
0004:  CLRF   FF7
0006:  ADDLW  14
0008:  MOVWF  FF6
000A:  MOVLW  00
000C:  ADDWFC FF7,F
000E:  TBLRD*+
0010:  MOVF   FF5,W
0012:  RETURN 0
0014:  DATA C0,F9
0016:  DATA A4,B0
0018:  DATA 99,92
001A:  DATA 82,F8
001C:  DATA 80,90
001E:  DATA 88,83
0020:  DATA C6,A1
0022:  DATA 86,8E
0024:  CLRF   FF7
0026:  ADDLW  34
0028:  MOVWF  FF6
002A:  MOVLW  00
002C:  ADDWFC FF7,F
002E:  TBLRD*+
0030:  MOVF   FF5,W
0032:  RETURN 0
0034:  DATA 3F,7F
0036:  DATA BF,FF
*
012C:  CLRF   00
012E:  CLRF   01
0130:  MOVF   22,W
0132:  BCF    FD8.0
0134:  BTFSC  23.0
0136:  ADDWF  00,F
0138:  RRCF   00,F
013A:  RRCF   01,F
013C:  BTFSC  23.1
013E:  ADDWF  00,F
0140:  RRCF   00,F
0142:  RRCF   01,F
0144:  BTFSC  23.2
0146:  ADDWF  00,F
0148:  RRCF   00,F
014A:  RRCF   01,F
014C:  BTFSC  23.3
014E:  ADDWF  00,F
0150:  RRCF   00,F
0152:  RRCF   01,F
0154:  BTFSC  23.4
0156:  ADDWF  00,F
0158:  RRCF   00,F
015A:  RRCF   01,F
015C:  BTFSC  23.5
015E:  ADDWF  00,F
0160:  RRCF   00,F
0162:  RRCF   01,F
0164:  BTFSC  23.6
0166:  ADDWF  00,F
0168:  RRCF   00,F
016A:  RRCF   01,F
016C:  BTFSC  23.7
016E:  ADDWF  00,F
0170:  RRCF   00,F
0172:  RRCF   01,F
0174:  GOTO   01EC (RETURN)
....................  
.................... #list 
....................  
.................... #DEVICE     ADC=10 
.................... #FUSES      NOWDT,PUT,HS,NOPROTECT,NOLVP,CPUDIV1 
.................... #USE        I2C(MASTER,SLOW,SDA=PIN_B0,SCL=PIN_B1) 
.................... #USE        DELAY(CLOCK=20000000) 
*
0106:  CLRF   FEA
0108:  MOVLW  22
010A:  MOVWF  FE9
010C:  MOVF   FEF,W
010E:  BZ    012A
0110:  MOVLW  06
0112:  MOVWF  01
0114:  CLRF   00
0116:  DECFSZ 00,F
0118:  BRA    0116
011A:  DECFSZ 01,F
011C:  BRA    0114
011E:  MOVLW  7B
0120:  MOVWF  00
0122:  DECFSZ 00,F
0124:  BRA    0122
0126:  DECFSZ FEF,F
0128:  BRA    0110
012A:  RETURN 0
.................... #USE        rs232(baud=9600, xmit=PIN_C6,rcv=PIN_C7) 
.................... //NUT NHAN: 
.................... #DEFINE  BT0     PIN_B5 
.................... #DEFINE  BT1     PIN_B4 
.................... #DEFINE  BT2     PIN_B3 
.................... #DEFINE  BT3     PIN_B2 
....................  
.................... #DEFINE  ON      BT0       //DK LED DON, MOTOR 
.................... #DEFINE  OFF     BT1 
.................... #DEFINE  INV     BT2 
....................  
.................... #DEFINE  UP      BT0    //DK LED DON 
.................... #DEFINE  DW      BT1 
.................... #DEFINE  CLR     BT2 
.................... #DEFINE  MOD     BT3 
....................  
.................... #DEFINE  STOP    BT3 
....................  
.................... #DEFINE  ON1     BT0      
.................... #DEFINE  OFF1    BT1 
.................... #DEFINE  ON2     BT2        
.................... #DEFINE  OFF2    BT3 
....................  
....................  
.................... //XXXXXXXXXXXXXXXXXXXXXXXXXXXXXXXXXXXXXXXXXXXXXXXXX 
.................... //XXXXXXXXXXXXXXXXXXXXXXXXXXXXXXXXXXXXXXXXXXXXXXXXX 
.................... #DEFINE      SSDO             PIN_E2         //CHUNG TAT CA 
.................... #DEFINE      SSCK             PIN_E0         //CHUNG TAT CA 
....................  
.................... #DEFINE      G_ALL            PIN_D0         //A - 4 BYTE 
.................... #DEFINE      RCK_LCD20X4      PIN_D2         //A - 2 BYTE DAO 
.................... #DEFINE      RCK_BUZERELAY    PIN_D3     //B - 1 BYTE  
.................... #DEFINE      RCK_32LED        PIN_D4         //A - 4 BYTE 
.................... #DEFINE      RCK_8LEDQUET     PIN_D5         //B - 2 BYTE DAO 
.................... #DEFINE      RCK_4LED7DOAN    PIN_D6         //A - 4 BYTE 
.................... #DEFINE      RCK_MATRANLED    PIN_D7         //B - 3 BYTE DAO 
....................  
.................... VOID XUAT_LCD20X4(UNSIGNED INT8 LCD_SIGNAL,LCD_INS_HTHI); 
.................... VOID XUAT_BUZZER_RELAY(); 
....................  
.................... //XXXXXXXXXXXXXXXXXXXXXXXXXXXXXXXXXXXXXXXXXXXX 
.................... //CHUONG TRINH KIEM TRA PHIM BT1 
.................... //XXXXXXXXXXXXXXXXXXXXXXXXXXXXXXXXXXXXXXXXXXXX 
.................... UNSIGNED INT8 DL_BTN=0; 
.................... INT1 PHIM_BT0(UNSIGNED INT16 DL) 
.................... {   
....................     IF(!INPUT(BT0)) 
....................     {   
....................       DL_BTN++; 
....................       IF(DL_BTN==1) RETURN(1); 
....................       ELSE 
....................       { 
....................          IF (DL_BTN>= DL) 
....................          DL_BTN = 0; 
....................       } 
....................     } 
....................     ELSE    
....................     { 
....................       RETURN(0); 
....................     } 
.................... }  
.................... //XXXXXXXXXXXXXXXXXXXXXXXXXXXXXXXXXXXXXXXXXXXX 
.................... //CHUONG TRINH KIEM TRA PHIM BT1 
.................... //XXXXXXXXXXXXXXXXXXXXXXXXXXXXXXXXXXXXXXXXXXXX 
.................... INT1 PHIM_BT1(UNSIGNED INT16 DL ) 
.................... {   
....................     IF (!INPUT(BT1)) 
....................     {   
....................       DL_BTN++; 
....................       IF(DL_BTN==1) RETURN(1); 
....................       ELSE 
....................       { 
....................          IF (DL_BTN>= DL) 
....................          DL_BTN =0; 
....................       } 
....................     } 
....................     ELSE    
....................     { 
....................       RETURN(0); 
....................     } 
.................... }  
.................... //XXXXXXXXXXXXXXXXXXXXXXXXXXXXXXXXXXXXXXXXXXXX 
.................... //CHUONG TRINH KIEM TRA PHIM BT2       
.................... //XXXXXXXXXXXXXXXXXXXXXXXXXXXXXXXXXXXXXXXXXXXX                                     
.................... INT1 PHIM_BT2(UNSIGNED INT16 DL ) 
.................... {                                         
....................     IF (!INPUT(BT2)) 
....................     {   
....................       DL_BTN++; 
....................       IF(DL_BTN==1) RETURN(1); 
....................       ELSE 
....................       { 
....................          IF (DL_BTN>= DL) 
....................          DL_BTN =0; 
....................       } 
....................     } 
....................     ELSE    
....................     { 
....................       RETURN(0); 
....................     }                                           
.................... }       
....................  
.................... //XXXXXXXXXXXXXXXXXXXXXXXXXXXXXXXXXXXXXXXXXXXX 
.................... //CHUONG TRINH KIEM TRA PHIM BT3 
.................... //XXXXXXXXXXXXXXXXXXXXXXXXXXXXXXXXXXXXXXXXXXXX 
.................... INT1 PHIM_BT3(UNSIGNED INT16 DL,  UNSIGNED INT8 SOLAN  ) 
.................... {   
....................     IF (!INPUT(BT3)) 
....................     {   
....................       DL_BTN++; 
....................       IF(DL_BTN==1) RETURN(1); 
....................       ELSE 
....................       { 
....................          IF (DL_BTN>= DL) 
....................          DL_BTN =SOLAN; 
....................       } 
....................     } 
....................     ELSE    
....................     { 
....................       //DL_BTN =0; 
....................       RETURN(0); 
....................     } 
.................... }  
.................... //XXXXXXXXXXXXXXXXXXXXXXXXXXXXXXXXXXXXXXXXXXXX 
.................... //KHAI BAO DU LIEU 16 BIT CHO MODULE RELAY, TRIAC, BUZZER, DONG CO 
.................... //XXXXXXXXXXXXXXXXXXXXXXXXXXXXXXXXXXXXXXXXXXXX 
.................... UNSIGNED INT16 RBDC; 
.................... #BIT STEP_MOTOR_ENABLE  = RBDC.0    //1=ENA,0=DIS 
.................... #BIT STEP_MOTOR_IN1     = RBDC.1     
.................... #BIT STEP_MOTOR_IN2     = RBDC.2 
.................... #BIT STEP_MOTOR_IN3     = RBDC.3 
.................... #BIT STEP_MOTOR_IN4     = RBDC.4 
.................... #BIT DC_ENABLE          = RBDC.5    //1=ENA,0=DIS 
.................... #BIT PWRKEY             = RBDC.6    //KHOI TAO SIM900 
....................  
.................... #BIT BUZZER             = RBDC.8    //1=ON,0=OFF 
.................... #BIT TRIAC_1            = RBDC.9    //1=ON,0=OFF 
.................... #BIT TRIAC_2            = RBDC.10   //1=ON,0=OFF 
.................... #BIT RELAY_1            = RBDC.11   //0=ON,1=OFF 
.................... #BIT RELAY_2            = RBDC.12   //0=ON,1=OFF 
....................  
....................  
....................  
.................... //XXXXXXXXXXXXXXXXXXXXXXXXXXXXXXXXXXXXXXXXXXXX    
.................... CONST UNSIGNED CHAR MA7DOAN[16]= {0XC0,0XF9,0xA4,0XB0,0X99,0X92,0X82,0XF8, 
.................... 0X80,0X90,0x88, 0x83, 0xC6, 0xA1, 0x86, 0x8E}; 
.................... #DEFINE     MASO0    0XC0 
.................... #DEFINE     MASO1    0XF9 
.................... #DEFINE     MASO2    0XA4 
.................... #DEFINE     MASO3    0XB0 
.................... #DEFINE     MASO4    0X99 
.................... #DEFINE     MASO5    0X92 
.................... #DEFINE     MASO6    0X82 
.................... #DEFINE     MASO7    0XF8 
....................  
.................... //XXXXXXXXXXXXXXXXXXXXXXXXXXXXXXXXXXXXXXXXXXXX  
.................... //HAM 102 XUAT 1 BYTE RA THANH GHI DICH 
.................... //XXXXXXXXXXXXXXXXXXXXXXXXXXXXXXXXXXXXXXXXXXXX     
.................... VOID XUAT_1BYTE(UNSIGNED INT8 X) 
.................... { 
....................    UNSIGNED INT8 SB;    
....................    #BIT BSERI  = X.7 
....................    FOR(SB=0;SB<8;SB++) 
*
0038:  CLRF   28
003A:  MOVF   28,W
003C:  SUBLW  07
003E:  BNC   005C
....................       {                                                  
....................          OUTPUT_BIT(SSDO,BSERI);     
0040:  BTFSC  27.7
0042:  BRA    0048
0044:  BCF    F8D.2
0046:  BRA    004A
0048:  BSF    F8D.2
004A:  BCF    F96.2
....................          OUTPUT_LOW(SSCK); OUTPUT_HIGH(SSCK); 
004C:  BCF    F96.0
004E:  BCF    F8D.0
0050:  BCF    F96.0
0052:  BSF    F8D.0
....................          X= X<<1;          
0054:  BCF    FD8.0
0056:  RLCF   27,F
0058:  INCF   28,F
005A:  BRA    003A
....................      } 
005C:  RETURN 0
.................... } 
.................... //XXXXXXXXXXXXXXXXXXXXXXXXXXXXXXXXXXXXXXXXXXXX  
.................... //HAM 301 
.................... //XXXXXXXXXXXXXXXXXXXXXXXXXXXXXXXXXXXXXXXXXXXX 
.................... //CHUONG TRINH CON XUAT 4 BYTE RA 32 LED DON 
.................... //XXXXXXXXXXXXXXXXXXXXXXXXXXXXXXXXXXXXXXXXXXXX 
.................... VOID XUAT_32LED_DON_4BYTE(UNSIGNED INT8 BLD3,BLD2,BLD1,BLD0) 
.................... {      
....................       XUAT_1BYTE(BLD3);           
....................       XUAT_1BYTE(BLD2); 
....................       XUAT_1BYTE(BLD1);           
....................       XUAT_1BYTE(BLD0);             
....................                        
....................       OUTPUT_HIGH(RCK_32LED);     
....................       OUTPUT_LOW(RCK_32LED); 
....................      
.................... } 
.................... //HAM 302 
.................... //XXXXXXXXXXXXXXXXXXXXXXXXXXXXXXXXXXXXXXXXXXXX 
.................... //CHUONG TRINH CON XUAT 2 WORD 16 BITRA 32 LED DON 
.................... //XXXXXXXXXXXXXXXXXXXXXXXXXXXXXXXXXXXXXXXXXXXX 
.................... VOID XUAT_32LED_DON_2WORD(UNSIGNED INT16 WLD1, UNSIGNED INT16 WLD0) 
.................... {      
....................      UNSIGNED INT8  B3,B2,B1,B0; 
....................      B3 = WLD1>>8;  B2 = WLD1;  
....................      B1 = WLD0>>8;  B0 = WLD0; 
....................      XUAT_32LED_DON_4BYTE(B3,B2,B1,B0); 
.................... } 
.................... //HAM 303 
.................... //XXXXXXXXXXXXXXXXXXXXXXXXXXXXXXXXXXXXXXXXXXXX 
.................... //CHUONG TRINH CON XUAT 1 DOUBLE WORD RA 32 LED DON 
.................... //XXXXXXXXXXXXXXXXXXXXXXXXXXXXXXXXXXXXXXXXXXXX 
.................... VOID XUAT_32LED_DON_1DW(UNSIGNED LONG LONG DWLD) 
.................... {      
....................      UNSIGNED INT16  WD1,WD0; 
....................      WD1 = DWLD>>16;  WD0 = DWLD; 
....................      XUAT_32LED_DON_2WORD(WD1,WD0); 
.................... } 
....................  
.................... //XXXXXXXXXXXXXXXXXXXXXXXXXXXXXXXXXXXXXXXXXXXX     
.................... //XUAT 1 BIT ROI TRA LAI KET QUA SAU KHI DICH DI 1 BIT 
.................... //XXXXXXXXXXXXXXXXXXXXXXXXXXXXXXXXXXXXXXXXXXXX     
.................... UNSIGNED  INT8 XUAT_1BIT(UNSIGNED INT8 BYTEXUAT) 
.................... { 
....................       UNSIGNED INT8   XBITX;    
....................       #BIT BSERIX  = XBITX.0 
....................       XBITX = BYTEXUAT; 
....................                                              
....................       OUTPUT_BIT(SSDO,BSERIX);     
....................       OUTPUT_LOW(SSCK); OUTPUT_HIGH(SSCK); 
....................       XBITX= XBITX>>1;    
....................       RETURN(XBITX);   
.................... } 
.................... //xxxxxxxxxxxxxxxxxxxxxxxxxxxxxxxxxxxxxxxxxxxxxxxxxxxxxxxx     
.................... //ham 103: xuat 1 word ra thanh ghi dich 
.................... //xxxxxxxxxxxxxxxxxxxxxxxxxxxxxxxxxxxxxxxxxxxxxxxxxxxxxxxx     
.................... void xuat_1word(unsigned int16 w) 
.................... {   
....................    unsigned int8 b1,b0; 
....................    b1 = w>>8; b0 = w; 
005E:  MOVFF  20,21
0062:  MOVFF  1F,22
....................    xuat_1byte(b1);     
0066:  MOVFF  21,27
006A:  RCALL  0038
....................    xuat_1byte(b0); 
006C:  MOVFF  22,27
0070:  RCALL  0038
0072:  RETURN 0
.................... }    
.................... //xxxxxxxxxxxxxxxxxxxxxxxxxxxxxxxxxxxxxxxxxxxxxxxxxxxxxxxx      
.................... //ham 104: xoa cac module  
.................... //xxxxxxxxxxxxxxxxxxxxxxxxxxxxxxxxxxxxxxxxxxxxxxxxxxxxxxxx   
.................... void xoa_tat_6module()                           
.................... {                                                                                               
....................    xuat_1word(0);                              
0074:  CLRF   20
0076:  CLRF   1F
0078:  RCALL  005E
....................    xuat_1word(0);  
007A:  CLRF   20
007C:  CLRF   1F
007E:  RCALL  005E
....................    xuat_1word(0);                              
0080:  CLRF   20
0082:  CLRF   1F
0084:  RCALL  005E
....................    xuat_1word(0);                                     
0086:  CLRF   20
0088:  CLRF   1F
008A:  RCALL  005E
....................     
....................    output_high(rck_buzerelay);    
008C:  BCF    F95.3
008E:  BSF    F8C.3
....................    output_low(rck_buzerelay); 
0090:  BCF    F95.3
0092:  BCF    F8C.3
....................     
....................    output_high(rck_32led); 
0094:  BCF    F95.4
0096:  BSF    F8C.4
....................    output_low(rck_32led);  
0098:  BCF    F95.4
009A:  BCF    F8C.4
....................     
....................    output_high(rck_8ledquet);    
009C:  BCF    F95.5
009E:  BSF    F8C.5
....................    output_low(rck_8ledquet);    
00A0:  BCF    F95.5
00A2:  BCF    F8C.5
....................                                   
....................    output_high(rck_matranled);           
00A4:  BCF    F95.7
00A6:  BSF    F8C.7
....................    output_low(rck_matranled);    
00A8:  BCF    F95.7
00AA:  BCF    F8C.7
....................                             
....................    output_high(rck_lcd20x4);    
00AC:  BCF    F95.2
00AE:  BSF    F8C.2
....................    output_low(rck_lcd20x4);       
00B0:  BCF    F95.2
00B2:  BCF    F8C.2
....................                                                                            
....................    xuat_1word(0xffff);  
00B4:  SETF   20
00B6:  SETF   1F
00B8:  RCALL  005E
....................    xuat_1word(0xffff);  
00BA:  SETF   20
00BC:  SETF   1F
00BE:  RCALL  005E
....................    output_high(rck_4led7doan);        
00C0:  BCF    F95.6
00C2:  BSF    F8C.6
....................    output_low(rck_4led7doan);                                                                       
00C4:  BCF    F95.6
00C6:  BCF    F8C.6
00C8:  GOTO   00E4 (RETURN)
.................... }              
.................... //XXXXXXXXXXXXXXXXXXXXXXXXXXXXXXXXXXXXXXXXXXXX  
.................... //HAM 101 
.................... //XXXXXXXXXXXXXXXXXXXXXXXXXXXXXXXXXXXXXXXXXXXX     
.................... //HAM KHOI TAO CAC PORT VA IC CHOT 
.................... //XXXXXXXXXXXXXXXXXXXXXXXXXXXXXXXXXXXXXXXXXXXX     
.................... VOID SET_UP_PORT_IC_CHOT() 
.................... {      
....................    set_tris_a(0xff);    set_tris_b(0x3c);                                                    
00CC:  MOVLW  FF
00CE:  MOVWF  F92
00D0:  MOVLW  3C
00D2:  MOVWF  F93
....................    set_tris_c(0xf1);    set_tris_e(0x00);                                                
00D4:  MOVLW  F1
00D6:  MOVWF  F94
00D8:  MOVLW  00
00DA:  MOVWF  F96
....................    set_tris_d(0x00);     
00DC:  MOVWF  F95
....................    output_d(0x00);  
00DE:  CLRF   F95
00E0:  CLRF   F8C
....................    xoa_tat_6module(); 
00E2:  BRA    0074
....................    port_b_pullups(0xff);           
00E4:  BCF    FF1.7
....................    rbdc=0;                
00E6:  CLRF   06
00E8:  CLRF   05
....................              
....................    setup_adc(adc_clock_div_32);         
00EA:  MOVF   FC0,W
00EC:  ANDLW  C0
00EE:  IORLW  02
00F0:  MOVWF  FC0
00F2:  BSF    FC0.7
00F4:  BSF    FC2.0
....................    setup_adc_ports(an0_to_an2|vss_vdd);  
00F6:  MOVF   FC1,W
00F8:  ANDLW  C0
00FA:  IORLW  0C
00FC:  MOVWF  FC1
....................    output_low(g_all);         
00FE:  BCF    F95.0
0100:  BCF    F8C.0
0102:  GOTO   02AE (RETURN)
.................... } 
.................... //HAM 104 
....................  
.................... //XXXXXXXXXXXXXXXXXXXXXXXXXXXXXXXXXXXXXXXXXXXX 
.................... //CHUONG TRINH CON XUAT 4 BYTE RA 4 LED 7 DOAN 
.................... //XXXXXXXXXXXXXXXXXXXXXXXXXXXXXXXXXXXXXXXXXXXX 
.................... VOID XUAT_4LED_7DOAN_4SO(UNSIGNED INT BL743,BL742,BL741,BL740) 
.................... {      
....................       XUAT_1BYTE(BL740);   XUAT_1BYTE(BL741); 
*
023E:  MOVFF  26,27
0242:  RCALL  0038
0244:  MOVFF  25,27
0248:  RCALL  0038
....................       XUAT_1BYTE(BL742);   XUAT_1BYTE(BL743);        
024A:  MOVFF  24,27
024E:  RCALL  0038
0250:  MOVFF  23,27
0254:  RCALL  0038
....................       OUTPUT_LOW(RCK_4LED7DOAN);    
0256:  BCF    F95.6
0258:  BCF    F8C.6
....................       OUTPUT_HIGH(RCK_4LED7DOAN); 
025A:  BCF    F95.6
025C:  BSF    F8C.6
025E:  GOTO   0318 (RETURN)
....................  
.................... } 
.................... //ham 404 
.................... VOID XUAT_4LED_7DOAN_3SO(UNSIGNED INT BL742,BL741,BL740) 
.................... {      
....................      XUAT_4LED_7DOAN_4SO(0XFF,BL742,BL741,BL740); 
.................... } 
.................... //ham 403 
.................... VOID XUAT_4LED_7DOAN_2SO(UNSIGNED INT BL741,BL740) 
.................... {      
....................      XUAT_4LED_7DOAN_4SO(0XFF,0XFF,BL741,BL740); 
.................... } 
.................... //ham 402 
.................... VOID XUAT_4LED_7DOAN_1SO(UNSIGNED INT BL740) 
.................... {      
....................      XUAT_4LED_7DOAN_4SO(0XFF,0XFF,0XFF,BL740); 
.................... } 
....................  
.................... //ham 405 
.................... //XXXXXXXXXXXXXXXXXXXXXXXXXXXXXXXXXXXXXXXXXXXXXXXXXXXXXXXXXXXXX 
.................... //CHUONG TRINH CON HIEN THI DU LIEU 16 BIT TREN 4 LED 7 DOAN 
.................... //XXXXXXXXXXXXXXXXXXXXXXXXXXXXXXXXXXXXXXXXXXXXXXXXXXXXXXXXXXXXX 
.................... UNSIGNED CHAR DONVI4,CHUC4,TRAM4,NGAN4; 
.................... VOID  XUAT_4LED_7DOAN_GIAIMA_XOA_SO0 (UNSIGNED INT16 TAM) 
.................... {          
....................       DONVI4 = MA7DOAN[TAM %10];          
....................       CHUC4  = MA7DOAN[TAM/10%10]; 
....................       TRAM4  = MA7DOAN[TAM/100%10];  
....................       NGAN4  = MA7DOAN[TAM/1000%10];        
....................       IF (NGAN4==0XC0) 
....................       { 
....................          NGAN4=0XFF; 
....................          IF (TRAM4==0XC0) 
....................          { 
....................             TRAM4=0XFF; 
....................             IF (CHUC4==0XC0)   CHUC4=0XFF; 
....................          } 
....................       } 
....................       XUAT_4LED_7DOAN_4SO(NGAN4,TRAM4,CHUC4,DONVI4);    
.................... } 
....................  
.................... void  XUAT_4LED_7DOAN_2_SO (unsigned int8 BH,BL) 
.................... {          
....................  XUAT_4LED_7DOAN_4SO(MA7DOAN[BH/10],MA7DOAN[BH%10],MA7DOAN[BL/10],MA7DOAN[BL%10]);    
.................... } 
....................  
.................... UNSIGNED INT8 LCDDATA=0;  
.................... UNSIGNED INT8 LCDCONTROL=0; 
.................... UNSIGNED INT8 GLCDDATA=0; 
.................... UNSIGNED INT8 GLCDCONTROL=0;  
.................... //HAM 701 
.................... //XXXXXXXXXXXXXXXXXXXXXXXXXXXXXXXXXXXXXXXXXXXXXXXXXXXXXXXXXXXXX 
.................... //CHUONG TRINH CON XUAT DU LIEU 4 BYTE RA GLCD VA LCD 
.................... //XXXXXXXXXXXXXXXXXXXXXXXXXXXXXXXXXXXXXXXXXXXXXXXXXXXXXXXXXXXXX 
.................... VOID XUAT_GLCD_LCD() 
.................... {       
....................     XUAT_1BYTE(GLCDCONTROL);              
....................     XUAT_1BYTE(GLCDDATA); 
....................     XUAT_1BYTE(LCDCONTROL);        
....................     XUAT_1BYTE(LCDDATA);       
....................           
....................     OUTPUT_HIGH(RCK_LCD20X4);      
....................     OUTPUT_LOW(RCK_LCD20X4); 
.................... } 
.................... //HAM 702 
.................... VOID XUAT_LCD20X4(UNSIGNED INT8 LCD_SIGNAL,LCD_INS_HTHI) 
.................... {      
....................     LCDCONTROL = ~LCD_SIGNAL; 
....................     LCDDATA    = ~LCD_INS_HTHI;       
....................     XUAT_GLCD_LCD(); 
.................... } 
.................... //HAM 703 
.................... VOID XUAT_GLCD128X64(UNSIGNED INT8 GLCD_SIGNAL,GLCD_INS_HTHI) 
.................... {      
....................     GLCDCONTROL = ~GLCD_SIGNAL; 
....................     GLCDDATA    = ~GLCD_INS_HTHI;      
....................     XUAT_GLCD_LCD(); 
.................... } 
.................... //HAM 501 
.................... //XXXXXXXXXXXXXXXXXXXXXXXXXXXXXXXXXXXXXXXXXXXX 
.................... //CHUONG TRINH CON XUAT 2 BYTE RA DK 1 LED QUET SANG 
.................... //XXXXXXXXXXXXXXXXXXXXXXXXXXXXXXXXXXXXXXXXXXXX 
.................... VOID XUAT_8LED_7DOAN_QUET_1(UNSIGNED INT MA,SO_HTHI) 
.................... {      
....................       XUAT_1BYTE(~MA);    
....................       XUAT_1BYTE(~SO_HTHI); 
....................       OUTPUT_HIGH(RCK_8LEDQUET);  
....................       OUTPUT_LOW(RCK_8LEDQUET); 
.................... } 
.................... //HAM 502 
.................... //XXXXXXXXXXXXXXXXXXXXXXXXXXXXXXXXXXXXXXXXXXXX 
.................... //CHUONG TRINH CON XUAT 2 BYTE RA TAT 8 LED QUET 
.................... //XXXXXXXXXXXXXXXXXXXXXXXXXXXXXXXXXXXXXXXXXXXX 
.................... VOID XUAT_8LED_7DOAN_QUET_TAT_LED() 
.................... { 
....................    XUAT_8LED_7DOAN_QUET_1(0XFF,0XFF); 
.................... } 
.................... //HAM 503 
.................... //XXXXXXXXXXXXXXXXXXXXXXXXXXXXXXXXXXXXXXXXXXXX 
.................... //CHUONG TRINH CON HIEN THI LED THEO THU TU 
.................... //XXXXXXXXXXXXXXXXXXXXXXXXXXXXXXXXXXXXXXXXXXXX 
.................... CONST UNSIGNED CHAR TTLEDQUET[8]= {0x7F,0xBF,0xDF,0xEF,0xF7,0xFB,0xFD,0xFE}; 
.................... VOID XUAT_8LED_7DOAN_QUET_2(UNSIGNED INT THUTULED,SO_HTHI) 
.................... {          
....................       XUAT_1BYTE(~ (TTLEDQUET[THUTULED]));    
....................       XUAT_1BYTE(~SO_HTHI);      
....................       OUTPUT_HIGH(RCK_8LEDQUET);  
....................       OUTPUT_LOW(RCK_8LEDQUET); 
.................... } 
.................... //HAM 504 
.................... //XXXXXXXXXXXXXXXXXXXXXXXXXXXXXXXXXXXXXXXXXXXX 
.................... //CHUONG TRINH CON HIEN THI 8 SO TREN 8 LED QUET - CO KIEM TRA 
.................... //XXXXXXXXXXXXXXXXXXXXXXXXXXXXXXXXXXXXXXXXXXXX 
.................... UNSIGNED CHAR LED_7DQ[8]={0XFF,0XFF,0XFF,0XFF,0XFF,0XFF,0XFF,0XFF}; 
.................... UNSIGNED INT8 TT8LED=0; 
.................... VOID HIEN_THI_8LED_7DOAN_QUET() 
.................... {      
....................       FOR(TT8LED=0;TT8LED<8;TT8LED++) 
....................          IF (LED_7DQ[TT8LED]!=0XFF) 
....................          {            
....................             XUAT_8LED_7DOAN_QUET_2(TT8LED, LED_7DQ[TT8LED]); 
....................             DELAY_US(100); 
....................             XUAT_8LED_7DOAN_QUET_TAT_LED();            
....................             } 
.................... } 
.................... //HAM 505 
.................... //XXXXXXXXXXXXXXXXXXXXXXXXXXXXXXXXXXXXXXXXXXXX 
.................... //CHUONG TRINH CON HIEN THI 8 SO TREN 8 LED QUET - KHONG KIEM TRA 
.................... //XXXXXXXXXXXXXXXXXXXXXXXXXXXXXXXXXXXXXXXXXXXX 
.................... VOID HIEN_THI_8LED_7DOAN_QUET_ALL() 
.................... {      
....................       FOR(TT8LED=0;TT8LED<8;TT8LED++)          
....................          {            
....................             XUAT_8LED_7DOAN_QUET_2(TT8LED, LED_7DQ[TT8LED]); 
....................             DELAY_US(100); 
....................             XUAT_8LED_7DOAN_QUET_TAT_LED();            
....................             } 
.................... } 
....................  
.................... VOID DELAY_QUET_8LED(UNSIGNED INT16 DL) 
.................... {  
....................       UNSIGNED INT8 I; 
....................       FOR (I=0; I<DL;I++) 
....................       HIEN_THI_8LED_7DOAN_QUET_ALL(); 
.................... }  
....................  
.................... VOID GIAI_MA_GAN_CHO_8LED_QUET_16_XOA(UNSIGNED INT16 X) 
.................... {      
....................       LED_7DQ[0]= MA7DOAN [X %10];     
....................       LED_7DQ[1]= MA7DOAN [X/10%10]; 
....................       LED_7DQ[2]= MA7DOAN [X/100%10];     
....................       LED_7DQ[3]= MA7DOAN [X/1000%10]; 
....................       LED_7DQ[4]= MA7DOAN [X/10000%10]; 
....................       IF (LED_7DQ[4]==MASO0)  
....................       { 
....................             LED_7DQ[4]=0XFF; 
....................             IF (LED_7DQ[3]==MASO0)  
....................             { 
....................                LED_7DQ[3]=0XFF; 
....................                IF (LED_7DQ[2]==MASO0)  
....................                { 
....................                   LED_7DQ[2]=0XFF; 
....................                   IF (LED_7DQ[1]==MASO0)  
....................                   { 
....................                      LED_7DQ[1]=0XFF; 
....................                   } 
....................                } 
....................             } 
....................       } 
....................              
.................... } 
....................  
....................  
.................... //XXXXXXXXXXXXXXXXXXXXXXXXXXXXXXXXXXXXXXXXXXXX          
.................... VOID XUAT_2BYTE(UNSIGNED INT16 X) 
.................... { 
....................    INT8 SBB; 
....................    #BIT BSERIX  = X.15 
....................    FOR (SBB=0;SBB<16;SBB++) 
....................       {                                                  
....................          OUTPUT_BIT(SSDO,BSERIX);     
....................          OUTPUT_LOW(SSCK);          
....................          OUTPUT_HIGH(SSCK); 
....................          X= X<<1;          
....................      } 
.................... } 
.................... //XXXXXXXXXXXXXXXXXXXXXXXXXXXXXXXXXXXXXXXXXXXX 
.................... //CHUONG TRINH CON XUAT RA LED MA TRAN 
.................... //XXXXXXXXXXXXXXXXXXXXXXXXXXXXXXXXXXXXXXXXXXXX 
.................... VOID XUAT_MATRANLED(UNSIGNED INT16 MAHANG,UNSIGNED INT16 MACOT1, 
.................... UNSIGNED INT16 MACOT2,UNSIGNED INT16 MACOT3) 
.................... {       
....................       XUAT_2BYTE(MACOT3); 
....................       XUAT_2BYTE(MACOT2); 
....................       XUAT_2BYTE(MACOT1); 
....................       XUAT_2BYTE(MAHANG);      
....................  
....................       OUTPUT_HIGH(RCK_MATRANLED);  
....................       OUTPUT_LOW(RCK_MATRANLED); 
.................... } 
.................... //XXXXXXXXXXXXXXXXXXXXXXXXXXXXXXXXXXXXXXXXXXXX 
.................... //CHUONG TRINH CON XUAT RA LED MA TRAN 
.................... //XXXXXXXXXXXXXXXXXXXXXXXXXXXXXXXXXXXXXXXXXXXX 
.................... VOID TAT_MATRANLED() 
.................... {       
....................       XUAT_2BYTE(0); 
....................       XUAT_2BYTE(0); 
....................       XUAT_2BYTE(0); 
....................       XUAT_2BYTE(0);            
....................       OUTPUT_HIGH(RCK_MATRANLED); OUTPUT_LOW(RCK_MATRANLED);  
.................... } 
.................... UNSIGNED  INT8 HIEU_CHINH_4BIT_CAO(UNSIGNED INT8 XZY) 
.................... { 
....................       INT1  BTG; 
....................       UNSIGNED INT8   BX;    
....................       #BIT BIT4  = BX.4 
....................       #BIT BIT5  = BX.5 
....................       #BIT BIT6  = BX.6 
....................       #BIT BIT7  = BX.7 
....................       BX=XZY; 
....................       BTG=BIT4;   BIT4=BIT7;  BIT7=BTG; 
....................       BTG=BIT5;   BIT5=BIT6;  BIT6=BTG;       
....................       RETURN(BX);   
.................... } 
.................... //HAM 601 
.................... //XXXXXXXXXXXXXXXXXXXXXXXXXXXXXXXXXXXXXXXXXXXXXXXXXXXX 
.................... //MODULE DIEU KHIEN RELAY,TRIAC, BUZZER, DONG CO, SIM 
.................... //XXXXXXXXXXXXXXXXXXXXXXXXXXXXXXXXXXXXXXXXXXXXXXXXXXXX 
.................... VOID XUAT_BUZZER_RELAY() 
.................... {      
....................    UNSIGNED INT8 RBDC1,RBDC2; 
....................       RBDC1=RBDC; RBDC2=RBDC>>8;       
....................       XUAT_1BYTE(RBDC2);       
....................       XUAT_1BYTE(RBDC1); 
....................        
....................       OUTPUT_HIGH(RCK_BUZERELAY);    
....................       OUTPUT_LOW(RCK_BUZERELAY); 
.................... } 
.................... //HAM 602 
.................... //XXXXXXXXXXXXXXXXXXXXXXXXXXXXXXXXXXXXXXXXXXXXXXXXXXXX 
.................... VOID BUZZER_ON() 
.................... {     
....................       BUZZER=1; 
....................       XUAT_BUZZER_RELAY();          
.................... } 
.................... //HAM 603 
.................... //XXXXXXXXXXXXXXXXXXXXXXXXXXXXXXXXXXXXXXXXXXXXXXXXXXXX 
.................... VOID BUZZER_OFF() 
.................... {      
....................       BUZZER=0; 
....................       XUAT_BUZZER_RELAY(); 
.................... } 
.................... //HAM 604 
.................... //XXXXXXXXXXXXXXXXXXXXXXXXXXXXXXXXXXXXXXXXXXXXXXXXXXXX 
.................... VOID RELAY_1_ON() 
.................... {     
....................       RELAY_1=1; 
....................       XUAT_BUZZER_RELAY();          
.................... } 
.................... //HAM 603 
.................... //XXXXXXXXXXXXXXXXXXXXXXXXXXXXXXXXXXXXXXXXXXXXXXXXXXXX 
.................... VOID RELAY_1_OFF() 
.................... {     
....................       RELAY_1=0; 
....................       XUAT_BUZZER_RELAY();          
.................... } 
.................... //HAM 604 
.................... //XXXXXXXXXXXXXXXXXXXXXXXXXXXXXXXXXXXXXXXXXXXXXXXXXXXX 
.................... VOID RELAY_2_ON() 
.................... {     
....................       RELAY_2=1; 
....................       XUAT_BUZZER_RELAY();          
.................... } 
.................... //HAM 607 
.................... //XXXXXXXXXXXXXXXXXXXXXXXXXXXXXXXXXXXXXXXXXXXXXXXXXXXX 
.................... VOID RELAY_2_OFF() 
.................... {     
....................       RELAY_2=0; 
....................       XUAT_BUZZER_RELAY();          
.................... } 
.................... //HAM 608 
.................... //XXXXXXXXXXXXXXXXXXXXXXXXXXXXXXXXXXXXXXXXXXXXXXXXXXXX 
.................... VOID RELAY_1_RELAY_2_ON() 
.................... {     
....................       RELAY_1=1;  RELAY_2=1; 
....................       XUAT_BUZZER_RELAY();          
.................... } 
.................... //HAM 609 
.................... //XXXXXXXXXXXXXXXXXXXXXXXXXXXXXXXXXXXXXXXXXXXXXXXXXXXX 
.................... VOID RELAY_1_RELAY_2_OFF() 
.................... {     
....................       RELAY_1=0;  RELAY_2=0; 
....................       XUAT_BUZZER_RELAY();          
.................... } 
.................... //HAM 610 
.................... //XXXXXXXXXXXXXXXXXXXXXXXXXXXXXXXXXXXXXXXXXXXXXXXXXXXX 
.................... VOID TRIAC_1_ON() 
.................... {     
....................       TRIAC_1=1; 
....................       XUAT_BUZZER_RELAY();          
.................... } 
.................... //HAM 611 
.................... //XXXXXXXXXXXXXXXXXXXXXXXXXXXXXXXXXXXXXXXXXXXXXXXXXXXX 
.................... VOID TRIAC_1_OFF() 
.................... {     
....................       TRIAC_1=0; 
....................       XUAT_BUZZER_RELAY();          
.................... } 
.................... //HAM 612 
.................... //XXXXXXXXXXXXXXXXXXXXXXXXXXXXXXXXXXXXXXXXXXXXXXXXXXXX 
.................... VOID TRIAC_2_ON() 
.................... {     
....................       TRIAC_2=1; 
....................       XUAT_BUZZER_RELAY();          
.................... } 
.................... //HAM 613 
.................... //XXXXXXXXXXXXXXXXXXXXXXXXXXXXXXXXXXXXXXXXXXXXXXXXXXXX 
.................... VOID TRIAC_2_OFF() 
.................... {     
....................       TRIAC_2=0; 
....................       XUAT_BUZZER_RELAY();          
.................... } 
.................... //XXXXXXXXXXXXXXXXXXXXXXXXXXXXXXXXXXXXXXXXXXXX 
....................  
.................... VOID GGMMAA() 
.................... { 
....................    UNSIGNED INT8   X;    
....................    X=MA7DOAN[1]; 
.................... } 
....................  
....................  
.................... #include <tv_pickit2_shift_key4x4_138.c> 
.................... CONST UNSIGNED CHAR MAQUETKEY[4]= {0x3F,0x7F,0xBF,0xFF}; 
.................... UNSIGNED INT8  MPT1=0,MPT2=0;   
.................... UNSIGNED INT KEY_NHAN() 
.................... {     SIGNED INT8 MAPHIM,HANG,COT; 
....................       MAPHIM=HANG=0XFF; 
*
0178:  SETF   20
017A:  MOVFF  20,1F
....................       FOR(COT=0;COT<4;COT++) 
017E:  CLRF   21
0180:  BTFSC  21.7
0182:  BRA    018A
0184:  MOVF   21,W
0186:  SUBLW  03
0188:  BNC   01DC
....................             {    
....................                OUTPUT_B(MAQUETKEY[COT]); 
018A:  CLRF   03
018C:  MOVF   21,W
018E:  MOVFF  FF2,22
0192:  BCF    FF2.7
0194:  RCALL  0024
0196:  BTFSC  22.7
0198:  BSF    FF2.7
019A:  CLRF   F93
019C:  MOVWF  F8A
....................                IF         (!INPUT(PIN_B2))      {HANG=3;   BREAK;} 
019E:  BSF    F93.2
01A0:  BTFSC  F81.2
01A2:  BRA    01AC
01A4:  MOVLW  03
01A6:  MOVWF  20
01A8:  BRA    01DC
01AA:  BRA    01D2
....................                ELSE    IF (!INPUT(PIN_B3))      {HANG=2;   BREAK;} 
01AC:  BSF    F93.3
01AE:  BTFSC  F81.3
01B0:  BRA    01BA
01B2:  MOVLW  02
01B4:  MOVWF  20
01B6:  BRA    01DC
01B8:  BRA    01D2
....................                ELSE    IF (!INPUT(PIN_B4))      {HANG=1;   BREAK;} 
01BA:  BSF    F93.4
01BC:  BTFSC  F81.4
01BE:  BRA    01C8
01C0:  MOVLW  01
01C2:  MOVWF  20
01C4:  BRA    01DC
01C6:  BRA    01D2
....................                ELSE    IF (!INPUT(PIN_B5))      {HANG=0;   BREAK;} 
01C8:  BSF    F93.5
01CA:  BTFSC  F81.5
01CC:  BRA    01D2
01CE:  CLRF   20
01D0:  BRA    01DC
....................                DELAY_MS(30); //THEM VAO DE XU LY LOI QUA TAI CPU 
01D2:  MOVLW  1E
01D4:  MOVWF  22
01D6:  RCALL  0106
01D8:  INCF   21,F
01DA:  BRA    0180
....................             }           
....................          IF (HANG!=0XFF)   MAPHIM   = COT*4 + HANG; 
01DC:  INCFSZ 20,W
01DE:  BRA    01E2
01E0:  BRA    01F2
01E2:  MOVFF  21,22
01E6:  MOVLW  04
01E8:  MOVWF  23
01EA:  BRA    012C
01EC:  MOVF   20,W
01EE:  ADDWF  01,W
01F0:  MOVWF  1F
....................          RETURN(MAPHIM); 
01F2:  MOVFF  1F,01
01F6:  RETURN 0
.................... } 
....................  
.................... UNSIGNED INT KEY_4X4_DW() 
.................... {      
....................       MPT1=KEY_NHAN();        
01F8:  RCALL  0178
01FA:  MOVFF  01,18
....................       IF (MPT1!=0XFF)    
01FE:  INCFSZ 18,W
0200:  BRA    0204
0202:  BRA    0222
....................       {  DELAY_MS(1);   
0204:  MOVLW  01
0206:  MOVWF  22
0208:  RCALL  0106
....................          MPT1=KEY_NHAN(); 
020A:  RCALL  0178
020C:  MOVFF  01,18
....................          DO{MPT2=KEY_NHAN(); DELAY_MS(30);} 
0210:  RCALL  0178
0212:  MOVFF  01,19
0216:  MOVLW  1E
0218:  MOVWF  22
021A:  RCALL  0106
....................          WHILE (MPT2==MPT1); 
021C:  MOVF   18,W
021E:  SUBWF  19,W
0220:  BZ    0210
....................       }              
....................       RETURN(MPT1); 
0222:  MOVFF  18,01
0226:  GOTO   02B4 (RETURN)
.................... } 
....................  
.................... UNSIGNED INT KEY_4X4_UP() 
.................... {             
....................       MPT1=KEY_NHAN(); 
....................       IF (MPT1!=0XFF)    
....................       {   
....................          IF (MPT1!=MPT2) 
....................             { 
....................                RETURN(MPT1);  //PHIM MOI 
....................                MPT2=MPT1; 
....................             } 
....................          ELSE 
....................          { 
....................             DELAY_MS(1); 
....................             MPT1=KEY_NHAN(); 
....................             DO 
....................             { 
....................                MPT2=KEY_NHAN(); 
....................                } 
....................             WHILE (MPT2!=MPT1); 
....................                RETURN(MPT1);     //THOAT VI TRUNG MA PHIM DA NHAN 
....................                MPT2=MPT1;            
....................          } 
....................       }   
....................       ELSE  
....................       { 
....................          RETURN(MPT1);  //THOAT VI KHONG NHAN 
....................          MPT2=MPT1; 
....................       }       
.................... } 
....................  
....................  
....................  
.................... unsigned int8 led[] = {0, 0, 0, 0}; 
.................... unsigned int8 mp; 
.................... void dich7led() 
.................... { 
....................    led[3] = led[2]; 
022A:  MOVFF  1C,1D
....................    led[2] = led[1]; 
022E:  MOVFF  1B,1C
....................    led[1] = led[0]; 
0232:  MOVFF  1A,1B
....................    led[0] = mp;   
0236:  MOVFF  1E,1A
023A:  GOTO   02C0 (RETURN)
.................... //xuat_4led_7doan_4so(ma7doan[led[3]], ma7doan[led[2]], ma7doan[led[1]], ma7doan[led[0]]);    
.................... } 
.................... void main() 
*
0262:  CLRF   FF8
0264:  BCF    FD0.7
0266:  BSF    FB8.3
0268:  MOVLW  08
026A:  MOVWF  FAF
026C:  MOVLW  02
026E:  MOVWF  FB0
0270:  MOVLW  A6
0272:  MOVWF  FAC
0274:  MOVLW  90
0276:  MOVWF  FAB
0278:  CLRF   04
027A:  CLRF   0B
027C:  CLRF   0C
027E:  CLRF   0D
0280:  CLRF   0E
0282:  CLRF   17
0284:  CLRF   18
0286:  CLRF   19
0288:  MOVF   FC1,W
028A:  ANDLW  C0
028C:  IORLW  0F
028E:  MOVWF  FC1
0290:  MOVLW  07
0292:  MOVWF  FB4
0294:  SETF   0F
0296:  SETF   10
0298:  SETF   11
029A:  SETF   12
029C:  SETF   13
029E:  SETF   14
02A0:  SETF   15
02A2:  SETF   16
02A4:  CLRF   1A
02A6:  CLRF   1B
02A8:  CLRF   1C
02AA:  CLRF   1D
.................... { 
....................    set_up_port_ic_chot (); 
02AC:  BRA    00CC
....................    set_tris_b(0x3c); //RB2 - RB5 
02AE:  MOVLW  3C
02B0:  MOVWF  F93
....................    while (true) 
....................    { 
....................    mp = key_4x4_dw();      //kiem tra ma tran phim 
02B2:  BRA    01F8
02B4:  MOVFF  01,1E
....................    if(mp != 0xff) 
02B8:  INCFSZ 1E,W
02BA:  BRA    02BE
02BC:  BRA    0318
....................    { 
....................    dich7led(); 
02BE:  BRA    022A
....................    xuat_4led_7doan_4so(ma7doan[led[3]], ma7doan[led[2]], ma7doan[led[1]], ma7doan[led[0]]);      
02C0:  CLRF   03
02C2:  MOVF   1D,W
02C4:  MOVFF  FF2,1F
02C8:  BCF    FF2.7
02CA:  RCALL  0004
02CC:  BTFSC  1F.7
02CE:  BSF    FF2.7
02D0:  MOVWF  1F
02D2:  CLRF   03
02D4:  MOVF   1C,W
02D6:  MOVFF  FF2,20
02DA:  BCF    FF2.7
02DC:  RCALL  0004
02DE:  BTFSC  20.7
02E0:  BSF    FF2.7
02E2:  MOVWF  20
02E4:  CLRF   03
02E6:  MOVF   1B,W
02E8:  MOVFF  FF2,21
02EC:  BCF    FF2.7
02EE:  RCALL  0004
02F0:  BTFSC  21.7
02F2:  BSF    FF2.7
02F4:  MOVWF  21
02F6:  CLRF   03
02F8:  MOVF   1A,W
02FA:  MOVFF  FF2,22
02FE:  BCF    FF2.7
0300:  RCALL  0004
0302:  BTFSC  22.7
0304:  BSF    FF2.7
0306:  MOVWF  22
0308:  MOVFF  1F,23
030C:  MOVFF  20,24
0310:  MOVFF  21,25
0314:  MOVWF  26
0316:  BRA    023E
....................    } 
0318:  BRA    02B2
....................    } 
.................... } 
031A:  SLEEP 

Configuration Fuses:
   Word  1: CC27   PLL12 CPUDIV1 USBDIV HS FCMEN IESO
   Word  2: 1E3E   PUT BROWNOUT BORV21 VREGEN NOWDT WDT32768
   Word  3: 8700   CCP2C1 PBADEN LPT1OSC MCLR
   Word  4: 00A1   STVREN NOLVP ICSP2 NOXINST NODEBUG
   Word  5: C00F   NOPROTECT NOCPB NOCPD
   Word  6: E00F   NOWRT NOWRTC NOWRTB NOWRTD
   Word  7: 400F   NOEBTR NOEBTRB
