
ROM used:   842/32768 (3%)
            842/32768 (3%) including unused fragments

            0.6 Average locations per line
            3.3 Average locations per statement

RAM used:   28/2048 (1%) at main() level
            36/2048 (2%) worst case

Stack used: 4 worst case (4 in main + 0 for interrupts)
Stack size: 31

Lines Stmts  %   Files
----- ----- ---  -----
   40    23   9  BAI_417_DEM_XUNG_T0_START_STOP_32LED.c
  627   233  91  tv_pickit2_shift_1.c
  837     0   0  ..\..\..\..\Program Files (x86)\PICC\Devices\18F4550.H
----- -----
 1504   256 Total

Page ROM  %  RAM   Vol Diff  Functions:
---- --- --- ---   --- ----  ----------
0     32   2    0   271  4.3  @const681
0     38   2    2   234  4.3  XUAT_1BYTE
0     34   2    4   160  1.8  XUAT_32LED_DON_4BYTE
0     22   1    4   131  2.8  xuat_1word
0     88   5    0   396  1.4  xoa_tat_6module
0     58   3    0   253  2.3  SET_UP_PORT_IC_CHOT
0     36   2    4   160  1.8  XUAT_4LED_7DOAN_4SO
0    294  17    5   465  4.8  XUAT_4LED_7DOAN_GIAIMA_XOA_SO0
0     66   4    5   465  4.8  @DIV1616
0    170  10    1   632  5.3  MAIN
 Inline         0   937  5.3  @cinit1

Program metrics:
    Functions               11
    Statements              256
    Comments                286
    Volume (V)              6549
    Difficulty (D)          38.9
    Effort to implement (E) 254806
    Time to implement (T)   3 hours, 56 minutes
    Est Delivered Bugs (B)  1
    Cyclomatic Complexity   21
    Maintainability (MI)    136

 Segment     Used  Free
-----------  ----  ----
00000-00002     4  0  
00004-07FFE   838  31926  



