
ROM used:   678/32768 (2%)
            678/32768 (2%) including unused fragments

            0.4 Average locations per line
            2.4 Average locations per statement

RAM used:   28/2048 (1%) at main() level
            38/2048 (2%) worst case

Stack used: 7 worst case (7 in main + 0 for interrupts)
Stack size: 31

Lines Stmts  %   Files
----- ----- ---  -----
   30    16   6  BAI_611_LCD_DEM_GIAY.c
  705   244  86  tv_pickit2_shift_1_proteus.c
  837     0   0  ..\..\..\..\Program Files (x86)\PICC\Devices\18F4550.H
  112    25   9  tv_pickit2_shift_lcd.c
----- -----
 1684   285 Total

Page ROM  %  RAM   Vol Diff  Functions:
---- --- --- ---   --- ----  ----------
0     38   3    1             @delay_ms1
0     42   3    3   271  4.3  XUAT_1BYTE
0     30   2    0   152  1.8  SET_UP_PORT_IC_CHOT
0     48   4    0   119  1.7  MO_IC_74573_A_THONG_DL
0     44   3    0   172  1.8  XUAT_GLCD_LCD
0     16   1    2    80  2.7  XUAT_LCD20X4
0     26   2    1   102  2.1  LCD_XUAT_8BIT
0     22   2    1    61  1.6  LCD_COMMAND
0     22   2    1    61  1.6  LCD_DATA
0     72   5    0   245  1.8  SETUP_LCD
0     20   1    0             @const827
0     26   2    3   147  3.7  LCD_GOTO_XY
0     64   5    1   125  3.0  lcd_hienthi_dongho
0     72   5    4    82  2.1  @DIVS88
0     88   6    0   221  3.9  MAIN
0     10   1    0             @const840
0     34   3    2             @PSTRINGC_810
 Inline         0             @cinit1

Program metrics:
    Functions               13
    Statements              285
    Comments                375
    Volume (V)              3300
    Difficulty (D)          31.6
    Effort to implement (E) 104236
    Time to implement (T)   1 hours, 37 minutes
    Est Delivered Bugs (B)  1
    Cyclomatic Complexity   2
    Maintainability (MI)    137

 Segment     Used  Free
-----------  ----  ----
00000-00002     4  0  
00004-07FFE   674  32090  



