CCS PCH C Compiler, Version 5.015, 5967               03-Oct-22 20:52

               Filename:   C:\Users\NguyenMinhTri\Desktop\TT VXL\BAI_616_LCD_4LED_DEM_SP_T0.lst

               ROM used:   1188 bytes (4%)
                           Largest free fragment is 31580
               RAM used:   35 (2%) at main() level
                           45 (2%) worst case
               Stack used: 7 locations
               Stack size: 31

*
0000:  GOTO   042E
.................... #include <tv_pickit2_shift_1_proteus.c> 
.................... #INCLUDE    <18F4550.H> 
.................... //////////// Standard Header file for the PIC18F4550 device //////////////// 
.................... /////////////////////////////////////////////////////////////////////////// 
.................... ////        (C) Copyright 1996, 2013 Custom Computer Services          //// 
.................... //// This source code may only be used by licensed users of the CCS C  //// 
.................... //// compiler.  This source code may only be distributed to other      //// 
.................... //// licensed users of the CCS C compiler.  No other use, reproduction //// 
.................... //// or distribution is permitted without written permission.          //// 
.................... //// Derivative programs created using this software in object code    //// 
.................... //// form are not restricted in any way.                               //// 
.................... /////////////////////////////////////////////////////////////////////////// 
.................... #device PIC18F4550 
0004:  CLRF   FF7
0006:  ADDLW  14
0008:  MOVWF  FF6
000A:  MOVLW  00
000C:  ADDWFC FF7,F
000E:  TBLRD*+
0010:  MOVF   FF5,W
0012:  RETURN 0
0014:  DATA C0,F9
0016:  DATA A4,B0
0018:  DATA 99,92
001A:  DATA 82,F8
001C:  DATA 80,90
001E:  DATA 88,83
0020:  DATA C6,A1
0022:  DATA 86,8E
0024:  CLRF   FF7
0026:  ADDLW  34
0028:  MOVWF  FF6
002A:  MOVLW  00
002C:  ADDWFC FF7,F
002E:  TBLRD*+
0030:  MOVF   FF5,W
0032:  RETURN 0
0034:  DATA 80,C0
0036:  DATA 94,D4
0038:  DATA 64,65
003A:  DATA 6D,20
003C:  DATA 73,61
003E:  DATA 6E,20
0040:  DATA 70,68
0042:  DATA 61,6D
0044:  DATA 3A,00
*
01C8:  TBLRD*+
01CA:  MOVF   FF5,F
01CC:  BZ    01E6
01CE:  MOVFF  FF6,23
01D2:  MOVFF  FF7,24
01D6:  MOVFF  FF5,25
01DA:  RCALL  01B2
01DC:  MOVFF  23,FF6
01E0:  MOVFF  24,FF7
01E4:  BRA    01C8
01E6:  GOTO   046E (RETURN)
01EA:  CLRF   01
01EC:  CLRF   02
01EE:  CLRF   00
01F0:  CLRF   03
01F2:  MOVF   2A,W
01F4:  BNZ   01FA
01F6:  MOVF   29,W
01F8:  BZ    022A
01FA:  MOVLW  10
01FC:  MOVWF  2B
01FE:  BCF    FD8.0
0200:  RLCF   27,F
0202:  RLCF   28,F
0204:  RLCF   00,F
0206:  RLCF   03,F
0208:  MOVF   2A,W
020A:  SUBWF  03,W
020C:  BNZ   0212
020E:  MOVF   29,W
0210:  SUBWF  00,W
0212:  BNC   0222
0214:  MOVF   29,W
0216:  SUBWF  00,F
0218:  BTFSS  FD8.0
021A:  DECF   03,F
021C:  MOVF   2A,W
021E:  SUBWF  03,F
0220:  BSF    FD8.0
0222:  RLCF   01,F
0224:  RLCF   02,F
0226:  DECFSZ 2B,F
0228:  BRA    01FE
022A:  RETURN 0
....................  
.................... #list 
....................  
.................... #DEVICE     ADC=10 
.................... #FUSES      NOWDT,PUT,HS,NOPROTECT,NOLVP,CPUDIV1 
.................... #USE        DELAY(CLOCK=20000000) 
*
0128:  CLRF   FEA
012A:  MOVLW  23
012C:  MOVWF  FE9
012E:  MOVF   FEF,W
0130:  BZ    014C
0132:  MOVLW  06
0134:  MOVWF  01
0136:  CLRF   00
0138:  DECFSZ 00,F
013A:  BRA    0138
013C:  DECFSZ 01,F
013E:  BRA    0136
0140:  MOVLW  7B
0142:  MOVWF  00
0144:  DECFSZ 00,F
0146:  BRA    0144
0148:  DECFSZ FEF,F
014A:  BRA    0132
014C:  GOTO   0184 (RETURN)
.................... #USE        I2C(MASTER,SLOW,SDA=PIN_B0,SCL=PIN_B1) 
....................  
.................... //#USE        rs232(baud=9600, xmit=PIN_C6,rcv=PIN_C7) 
.................... //NUT NHAN: 
.................... #DEFINE  BT0     PIN_B5 
.................... #DEFINE  BT1     PIN_B4 
.................... #DEFINE  BT2     PIN_B3 
.................... #DEFINE  BT3     PIN_B2 
....................  
.................... #DEFINE  ON      BT0       //DK LED DON, MOTOR 
.................... #DEFINE  OFF     BT1 
.................... #DEFINE  INV     BT2 
....................  
.................... #DEFINE  UP      BT0    //DK LED DON 
.................... #DEFINE  DW      BT1 
.................... #DEFINE  CLR     BT2 
.................... #DEFINE  MOD     BT3 
....................  
.................... #DEFINE  STOP    BT3 
....................  
.................... #DEFINE  ON1     BT0      
.................... #DEFINE  OFF1    BT1 
.................... #DEFINE  ON2     BT2        
.................... #DEFINE  OFF2    BT3 
....................  
....................  
.................... #DEFINE     TRIGGER      PIN_E2 
.................... #DEFINE     ECHO         PIN_E1 
.................... //   IC74138_A    PIN_B6   //OUTPUT GIAI MA 2 SANG 4 TICH CUC MUC 0 
.................... //   IC74138_B    PIN_B7   //OUTPUT GIAI MA 2 SANG 4 TICH CUC MUC 0 
....................  
.................... //          ENCODER  PIN_C0   //RC0/T13CKI 
....................  
.................... //          CB_KC    PIN_A2   //RA2/AN2 
.................... //          PIR      PIN_A3   //RA3/AN3 
.................... //          CBXUNG   PIN_A4   //RA4/T0CKI 
.................... //          LEDTHU   PIN_A4   //RA4/T0CKI//SW802 
....................  
.................... //          CB_KCSA_TRIGGER  PIN_E2   //RE2/SDO  DUNG CHUNG 
.................... //          CB_KCSA_RCHO     PIN_E1   //RE1 
....................  
.................... //          CB_TCS3200_OUT    PIN_E1   //RE1 //CAM BIEN MAU TCS3200 
.................... //          CB_TCS3200_S0     B12      //LAY TU MBI5026 
.................... //          CB_TCS3200_S1     B13      //LAY TU MBI5026 
.................... //          CB_TCS3200_S2     B14      //LAY TU MBI5026 
.................... //          CB_TCS3200_S3     B15      //LAY TU MBI5026 
....................  
.................... //          CB_POWER  SW803 
.................... //          CB_GAS      AIN3_PCF8591T   //RE1 
.................... //          CB_QUANG    AIN2_PCF8591T    
.................... //          CB_LM35B    AIN1_PCF8591T   //RA1/AN1 
.................... //          CB_LM35A    AIN0_PCF8591T   //RE1/AN0 
....................  
.................... //XXXXXXXXXXXXXXXXXXXXXXXXXXXXXXXXXXXXXXXXXXXXXXXXX 
.................... #DEFINE      ENABLE_573A      PIN_D1         //CS0 CUA A 
.................... #DEFINE      ENABLE_573B      PIN_D0         //CS1 CUA B 
.................... //XXXXXXXXXXXXXXXXXXXXXXXXXXXXXXXXXXXXXXXXXXXXXXXXX 
.................... #DEFINE      SSDO             PIN_E2         //CHUNG TAT CA 
.................... #DEFINE      SSCK             PIN_E0         //CHUNG TAT CA 
.................... //XXXXXXXXXXXXXXXXXXXXXXXXXXXXXXXXXXXXXXXXXXXXXXXXX 
.................... #DEFINE      RCK_4LED7DOAN    PIN_D7         //A - 4 BYTE 
.................... #DEFINE      G_4LED7DOAN      PIN_D6         //A - 4 BYTE 
.................... //XXXXXXXXXXXXXXXXXXXXXXXXXXXXXXXXXXXXXXXXXXXX     
.................... #DEFINE      RCK_MATRANLED    PIN_D7         //B - 3 BYTE DAO 
.................... #DEFINE      G_MATRANLED      PIN_D6         //B - 3 BYTE DAO 
.................... //XXXXXXXXXXXXXXXXXXXXXXXXXXXXXXXXXXXXXXXXXXXXXXXXX 
.................... #DEFINE      RCK_32LED        PIN_D5         //A - 4 BYTE 
.................... #DEFINE      G_32LED          PIN_D4         //A - 4 BYTE 
.................... //XXXXXXXXXXXXXXXXXXXXXXXXXXXXXXXXXXXXXXXXXXXX  
.................... #DEFINE      RCK_8LEDQUET     PIN_D5         //B - 2 BYTE DAO 
.................... #DEFINE      G_8LEDQUET       PIN_D4         //B - 2 BYTE DAO 
.................... //XXXXXXXXXXXXXXXXXXXXXXXXXXXXXXXXXXXXXXXXXXXXXXXXX 
.................... #DEFINE      RCK_LCD20X4      PIN_D3         //A - 2 BYTE DAO 
.................... #DEFINE      G_LCD20X4         PIN_D2         //A - 2 BYTE DAO 
.................... //XXXXXXXXXXXXXXXXXXXXXXXXXXXXXXXXXXXXXXXXXXXX  
.................... #DEFINE      RCK_BUZERELAY    PIN_D3     //B - 1 BYTE  
.................... #DEFINE      G_BUZERELAY      PIN_D2         //B - 1 BYTE  
....................  
.................... VOID XUAT_LCD20X4(UNSIGNED INT8 LCD_SIGNAL,LCD_INS_HTHI); 
....................  
.................... VOID XUAT_BUZZER_RELAY(); 
.................... //XXXXXXXXXXXXXXXXXXXXXXXXXXXXXXXXXXXXXXXXXXXX    
.................... #DEFINE     CHOT_2_IC_74573_A_B  OUTPUT_D(0XFC) 
....................  
.................... UNSIGNED INT8 TIN_HIEU_DK_74573_A; 
.................... #BIT G_4A         = TIN_HIEU_DK_74573_A.6 
.................... #BIT G_32A        = TIN_HIEU_DK_74573_A.4 
.................... #BIT G_LCDA       = TIN_HIEU_DK_74573_A.2 
.................... //XXXXXXXXXXXXXXXXXXXXXXXXXXXXXXXXXXXXXXXXXXXX          
.................... #DEFINE     MO_32_LED_DON        G_32A=0; //OUTPUT_LOW(G_32LED)  
.................... #DEFINE     TAT_32_LED_DON       G_32A=1; //OUTPUT_HIGH(G_32LED)  
.................... //XXXXXXXXXXXXXXXXXXXXXXXXXXXXXXXXXXXXXXXXXXXX          
.................... #DEFINE     MO_4_LED_7DOAN       G_4A=0;  //OUTPUT_LOW(G_4LED7DOAN) 
.................... #DEFINE     TAT_4_LED_7DOAN      G_4A=1;  //OUTPUT_HIGH(G_4LED7DOAN) 
.................... //XXXXXXXXXXXXXXXXXXXXXXXXXXXXXXXXXXXXXXXXXXXX  
.................... #DEFINE     MO_GLCD_LCD           G_LCDA=0;   //OUTPUT_LOW(G_LCD20X4) 
.................... #DEFINE     TAT_GLCD_LCD          G_LCDA=1;   // OUTPUT_LOW(G_LCD20X4) 
....................  
.................... UNSIGNED INT8 TIN_HIEU_DK_74573_B;   
.................... #BIT G_MTB        = TIN_HIEU_DK_74573_B.6 
.................... #BIT G_8B         = TIN_HIEU_DK_74573_B.4 
.................... #BIT G_RBDCB      = TIN_HIEU_DK_74573_B.2 
.................... //XXXXXXXXXXXXXXXXXXXXXXXXXXXXXXXXXXXXXXXXXXXX  
.................... #DEFINE     MO_LED_MATRAN        G_MTB=0; //OUTPUT_LOW(G_MATRANLED) 
.................... #DEFINE     TAT_LED_MATRAN       G_MTB=1; //OUTPUT_LOW(G_MATRANLED) 
.................... //XXXXXXXXXXXXXXXXXXXXXXXXXXXXXXXXXXXXXXXXXXXX        
.................... #DEFINE     MO_8_LED_QUET        G_8B=0;  //OUTPUT_LOW(G_8LEDQUET) 
.................... #DEFINE     TAT_8_LED_QUET       G_8B=1;  //OUTPUT_LOW(G_8LEDQUET) 
.................... //XXXXXXXXXXXXXXXXXXXXXXXXXXXXXXXXXXXXXXXXXXXX          
.................... #DEFINE     MO_RELAY_BUZZER_DC   G_RBDCB=0;  //OUTPUT_LOW(G_BUZERELAY) 
.................... #DEFINE     TAT_RELAY_BUZZER_DC  G_RBDCB=1;  //OUTPUT_LOW(G_BUZERELAY) 
....................  
.................... //XXXXXXXXXXXXXXXXXXXXXXXXXXXXXXXXXXXXXXXXXXXX 
.................... //CHUONG TRINH KIEM TRA PHIM BT1 
.................... //XXXXXXXXXXXXXXXXXXXXXXXXXXXXXXXXXXXXXXXXXXXX 
.................... UNSIGNED INT8 DL_BTN=0; 
.................... INT1 PHIM_BT0(UNSIGNED INT16 DL) 
.................... {   
....................     IF (!INPUT(BT0)) 
....................     {   
....................       DL_BTN++; 
....................        
....................       IF (DL_BTN>= DL) 
....................          { 
....................             DL_BTN =0; 
....................             RETURN(1); 
....................          } 
....................       ELSE RETURN(0); 
....................     } 
....................     ELSE    RETURN(0); 
.................... }  
.................... //XXXXXXXXXXXXXXXXXXXXXXXXXXXXXXXXXXXXXXXXXXXX 
.................... //CHUONG TRINH KIEM TRA PHIM BT1 
.................... //XXXXXXXXXXXXXXXXXXXXXXXXXXXXXXXXXXXXXXXXXXXX 
.................... INT1 PHIM_BT1(UNSIGNED INT16 DL ) 
.................... {   
....................     IF (!INPUT(BT1)) 
....................     {   
....................       DL_BTN++; 
....................        
....................       IF (DL_BTN>= DL) 
....................          { 
....................             DL_BTN =0; 
....................             RETURN(1); 
....................          } 
....................       ELSE RETURN(0); 
....................     } 
....................     ELSE    RETURN(0); 
.................... }  
.................... //XXXXXXXXXXXXXXXXXXXXXXXXXXXXXXXXXXXXXXXXXXXX 
.................... //CHUONG TRINH KIEM TRA PHIM BT2       
.................... //XXXXXXXXXXXXXXXXXXXXXXXXXXXXXXXXXXXXXXXXXXXX                                     
.................... INT1 PHIM_BT2(UNSIGNED INT16 DL ) 
.................... {                                         
....................     IF (!INPUT(BT2)) 
....................     {   
....................       DL_BTN++; 
....................        
....................       IF (DL_BTN>= DL) 
....................          { 
....................             DL_BTN =0; 
....................             RETURN(1); 
....................          } 
....................       ELSE RETURN(0); 
....................     } 
....................     ELSE    RETURN(0); 
....................                                           
.................... }       
....................  
.................... //XXXXXXXXXXXXXXXXXXXXXXXXXXXXXXXXXXXXXXXXXXXX 
.................... //CHUONG TRINH KIEM TRA PHIM BT3 
.................... //XXXXXXXXXXXXXXXXXXXXXXXXXXXXXXXXXXXXXXXXXXXX 
.................... INT1 PHIM_BT3(UNSIGNED INT16 DL,  UNSIGNED INT8 SOLAN  ) 
.................... {   
....................     IF (!INPUT(BT3)) 
....................     {   
....................       DL_BTN++; 
....................       IF(DL_BTN==1) RETURN(1); 
....................       ELSE 
....................       { 
....................          IF (DL_BTN>= DL) 
....................          DL_BTN =SOLAN; 
....................       } 
....................     } 
....................     ELSE    
....................     { 
....................       //DL_BTN =0; 
....................       RETURN(0); 
....................     } 
.................... }  
.................... //XXXXXXXXXXXXXXXXXXXXXXXXXXXXXXXXXXXXXXXXXXXX 
.................... //KHAI BAO DU LIEU 16 BIT CHO MODULE RELAY, TRIAC, BUZZER, DONG CO 
.................... //XXXXXXXXXXXXXXXXXXXXXXXXXXXXXXXXXXXXXXXXXXXX 
.................... UNSIGNED INT16 RBDC; 
.................... #BIT STEP_MOTOR_ENABLE  = RBDC.0    //1=ENA,0=DIS 
.................... #BIT STEP_MOTOR_IN1     = RBDC.1     
.................... #BIT STEP_MOTOR_IN2     = RBDC.2 
.................... #BIT STEP_MOTOR_IN3     = RBDC.3 
.................... #BIT STEP_MOTOR_IN4     = RBDC.4 
.................... #BIT DC_ENABLE          = RBDC.5    //1=ENA,0=DIS 
.................... #BIT PWRKEY             = RBDC.6    //KHOI TAO SIM900 
....................  
.................... #BIT BUZZER             = RBDC.8    //1=ON,0=OFF 
.................... #BIT TRIAC_1            = RBDC.9    //1=ON,0=OFF 
.................... #BIT TRIAC_2            = RBDC.10   //1=ON,0=OFF 
.................... #BIT RELAY_1            = RBDC.11   //0=ON,1=OFF 
.................... #BIT RELAY_2            = RBDC.12   //0=ON,1=OFF 
....................  
.................... //HAM 103 
.................... //XXXXXXXXXXXXXXXXXXXXXXXXXXXXXXXXXXXXXXXXXXXX 
.................... //CHUONG TRINH CON KHOI TAO IC CHOT 
.................... //XXXXXXXXXXXXXXXXXXXXXXXXXXXXXXXXXXXXXXXXXXXX          
.................... #DEFINE     CHO_IC_74573_A_GOI_DU_LIEU     OUTPUT_HIGH(ENABLE_573A) 
.................... #DEFINE     CHOT_IC_74573_A_GOI_DU_LIEU    OUTPUT_LOW(ENABLE_573A) 
....................  
.................... #DEFINE     CHO_IC_74573_B_GOI_DU_LIEU     OUTPUT_HIGH(ENABLE_573B) 
.................... #DEFINE     CHOT_IC_74573_B_GOI_DU_LIEU    OUTPUT_LOW(ENABLE_573B) 
.................... VOID MO_IC_74573_A_THONG_DL(); 
....................  
.................... //XXXXXXXXXXXXXXXXXXXXXXXXXXXXXXXXXXXXXXXXXXXX    
.................... CONST UNSIGNED CHAR MA7DOAN[16]= {0XC0,0XF9,0xA4,0XB0,0X99,0X92,0X82,0XF8, 
.................... 0X80,0X90,0x88, 0x83, 0xC6, 0xA1, 0x86, 0x8E}; 
.................... #DEFINE     MASO0    0XC0 
.................... #DEFINE     MASO1    0XF9 
.................... #DEFINE     MASO2    0XA4 
.................... #DEFINE     MASO3    0XB0 
.................... #DEFINE     MASO4    0X99 
.................... #DEFINE     MASO5    0X92 
.................... #DEFINE     MASO6    0X82 
.................... #DEFINE     MASO7    0XF8 
....................  
.................... //XXXXXXXXXXXXXXXXXXXXXXXXXXXXXXXXXXXXXXXXXXXX  
.................... //HAM 102 
.................... //XXXXXXXXXXXXXXXXXXXXXXXXXXXXXXXXXXXXXXXXXXXX     
.................... //XUAT 1 BYTE RA THANH GHI DICH 
.................... //XXXXXXXXXXXXXXXXXXXXXXXXXXXXXXXXXXXXXXXXXXXX     
.................... VOID XUAT_1BYTE(UNSIGNED INT8 BYTEXUAT) 
.................... { 
....................    UNSIGNED INT8   SB,X;    
....................    #BIT BSERI  = X.7 
....................    X = BYTEXUAT; 
*
0064:  MOVFF  2A,2C
....................    FOR (SB=0;SB<8;SB++) 
0068:  CLRF   2B
006A:  MOVF   2B,W
006C:  SUBLW  07
006E:  BNC   008C
....................       {                                                  
....................          OUTPUT_BIT(SSDO,BSERI);     
0070:  BTFSC  2C.7
0072:  BRA    0078
0074:  BCF    F8D.2
0076:  BRA    007A
0078:  BSF    F8D.2
007A:  BCF    F96.2
....................          OUTPUT_LOW(SSCK); OUTPUT_HIGH(SSCK); 
007C:  BCF    F96.0
007E:  BCF    F8D.0
0080:  BCF    F96.0
0082:  BSF    F8D.0
....................          X= X<<1;          
0084:  BCF    FD8.0
0086:  RLCF   2C,F
0088:  INCF   2B,F
008A:  BRA    006A
....................      } 
008C:  RETURN 0
.................... } 
.................... //XXXXXXXXXXXXXXXXXXXXXXXXXXXXXXXXXXXXXXXXXXXX  
.................... //HAM 301 
.................... //XXXXXXXXXXXXXXXXXXXXXXXXXXXXXXXXXXXXXXXXXXXX 
.................... //CHUONG TRINH CON XUAT 4 BYTE RA 32 LED DON 
.................... //XXXXXXXXXXXXXXXXXXXXXXXXXXXXXXXXXXXXXXXXXXXX 
.................... VOID XUAT_32LED_DON_4BYTE(UNSIGNED INT8 BLD3,BLD2,BLD1,BLD0) 
.................... {      
....................       XUAT_1BYTE(BLD3);           
....................       XUAT_1BYTE(BLD2); 
....................       XUAT_1BYTE(BLD1);           
....................       XUAT_1BYTE(BLD0);             
....................       MO_32_LED_DON;       
....................       MO_IC_74573_A_THONG_DL();             
....................       OUTPUT_HIGH(RCK_32LED);    OUTPUT_LOW(RCK_32LED); 
....................       CHOT_IC_74573_A_GOI_DU_LIEU;       
.................... } 
.................... //HAM 302 
.................... //XXXXXXXXXXXXXXXXXXXXXXXXXXXXXXXXXXXXXXXXXXXX 
.................... //CHUONG TRINH CON XUAT 2 WORD 16 BITRA 32 LED DON 
.................... //XXXXXXXXXXXXXXXXXXXXXXXXXXXXXXXXXXXXXXXXXXXX 
.................... VOID XUAT_32LED_DON_2WORD(UNSIGNED INT16 WLD1, UNSIGNED INT16 WLD0) 
.................... {      
....................      UNSIGNED INT8  B3,B2,B1,B0; 
....................      B3 = WLD1>>8;  B2 = WLD1;  
....................      B1 = WLD0>>8;  B0 = WLD0; 
....................      XUAT_32LED_DON_4BYTE(B3,B2,B1,B0); 
.................... } 
.................... //HAM 303 
.................... //XXXXXXXXXXXXXXXXXXXXXXXXXXXXXXXXXXXXXXXXXXXX 
.................... //CHUONG TRINH CON XUAT 1 DOUBLE WORD RA 32 LED DON 
.................... //XXXXXXXXXXXXXXXXXXXXXXXXXXXXXXXXXXXXXXXXXXXX 
.................... VOID XUAT_32LED_DON_1DW(UNSIGNED LONG LONG DWLD) 
.................... {      
....................      UNSIGNED INT16  WD1,WD0; 
....................      WD1 = DWLD>>16;  WD0 = DWLD; 
....................      XUAT_32LED_DON_2WORD(WD1,WD0); 
.................... } 
....................  
.................... //HAM 304 
.................... //XXXXXXXXXXXXXXXXXXXXXXXXXXXXXXXXXXXXXXXXXXXX 
.................... //CHUONG TRINH CON MO 32 LED DON SANG 
.................... //XXXXXXXXXXXXXXXXXXXXXXXXXXXXXXXXXXXXXXXXXXXX 
.................... VOID MO_32LED_DON() 
.................... {         
....................      XUAT_32LED_DON_1DW(0XFFFFFFFF); 
.................... } 
.................... //HAM 305 
.................... //XXXXXXXXXXXXXXXXXXXXXXXXXXXXXXXXXXXXXXXXXXXX 
.................... //CHUONG TRINH CON TAT 32 LED DON  
.................... //XXXXXXXXXXXXXXXXXXXXXXXXXXXXXXXXXXXXXXXXXXXX 
.................... VOID TAT_32LED_DON() 
.................... {         
....................      XUAT_32LED_DON_1DW(0); 
.................... } 
.................... //XXXXXXXXXXXXXXXXXXXXXXXXXXXXXXXXXXXXXXXXXXXX     
.................... //XUAT 1 BIT ROI TRA LAI KET QUA SAU KHI DICH DI 1 BIT 
.................... //XXXXXXXXXXXXXXXXXXXXXXXXXXXXXXXXXXXXXXXXXXXX     
.................... UNSIGNED  INT8 XUAT_1BIT(UNSIGNED INT8 BYTEXUAT) 
.................... { 
....................       UNSIGNED INT8   XBITX;    
....................       #BIT BSERIX  = XBITX.0 
....................       XBITX = BYTEXUAT; 
....................                                              
....................       OUTPUT_BIT(SSDO,BSERIX);     
....................       OUTPUT_LOW(SSCK); OUTPUT_HIGH(SSCK); 
....................       XBITX= XBITX>>1;    
....................       RETURN(XBITX);   
.................... } 
.................... //XXXXXXXXXXXXXXXXXXXXXXXXXXXXXXXXXXXXXXXXXXXX  
.................... //HAM 101 
.................... //XXXXXXXXXXXXXXXXXXXXXXXXXXXXXXXXXXXXXXXXXXXX     
.................... //HAM KHOI TAO CAC PORT VA IC CHOT 
.................... //XXXXXXXXXXXXXXXXXXXXXXXXXXXXXXXXXXXXXXXXXXXX     
....................    VOID SET_UP_PORT_IC_CHOT() 
.................... {      
....................       SET_TRIS_D(0x00);     
*
0046:  MOVLW  00
0048:  MOVWF  F95
....................       SET_TRIS_E(0X00); 
004A:  MOVWF  F96
....................       OUTPUT_D(0XFF); 
004C:  CLRF   F95
004E:  SETF   F8C
....................       TIN_HIEU_DK_74573_A=0XFF;   
0050:  SETF   04
....................       TIN_HIEU_DK_74573_B=0XFF;       
0052:  SETF   05
....................       CHOT_IC_74573_A_GOI_DU_LIEU; 
0054:  BCF    F95.1
0056:  BCF    F8C.1
....................       CHOT_IC_74573_B_GOI_DU_LIEU;   
0058:  BCF    F95.0
005A:  BCF    F8C.0
....................       RBDC=0; 
005C:  CLRF   08
005E:  CLRF   07
0060:  GOTO   045C (RETURN)
.................... } 
.................... //HAM 104 
.................... //XXXXXXXXXXXXXXXXXXXXXXXXXXXXXXXXXXXXXXXXXXXX     
.................... //XUAT CÁC THIEU DIEU KHIEN  
.................... //GIU NGUYEN CAC TRANG THAI CUA 2 MODULE KHAC 
.................... //XXXXXXXXXXXXXXXXXXXXXXXXXXXXXXXXXXXXXXXXXXXX     
.................... VOID MO_IC_74573_A_THONG_DL() 
.................... {      
....................       OUTPUT_D(0X00); 
*
008E:  CLRF   F95
0090:  CLRF   F8C
....................       OUTPUT_BIT(G_32LED,G_32A); 
0092:  BTFSC  04.4
0094:  BRA    009A
0096:  BCF    F8C.4
0098:  BRA    009C
009A:  BSF    F8C.4
009C:  BCF    F95.4
....................       OUTPUT_BIT(G_4LED7DOAN,G_4A); 
009E:  BTFSC  04.6
00A0:  BRA    00A6
00A2:  BCF    F8C.6
00A4:  BRA    00A8
00A6:  BSF    F8C.6
00A8:  BCF    F95.6
....................       OUTPUT_BIT(G_LCD20X4,G_LCDA);   
00AA:  BTFSC  04.2
00AC:  BRA    00B2
00AE:  BCF    F8C.2
00B0:  BRA    00B4
00B2:  BSF    F8C.2
00B4:  BCF    F95.2
....................       CHO_IC_74573_A_GOI_DU_LIEU; 
00B6:  BCF    F95.1
00B8:  BSF    F8C.1
00BA:  RETURN 0
.................... } 
.................... VOID MO_IC_74573_B_THONG_DL() 
.................... {      
....................       OUTPUT_D(0X00); 
....................       OUTPUT_BIT(G_MATRANLED,G_MTB); 
....................       OUTPUT_BIT(G_8LEDQUET,G_8B); 
....................       OUTPUT_BIT(G_BUZERELAY,G_RBDCB);  
....................       CHO_IC_74573_B_GOI_DU_LIEU; 
.................... } 
.................... //ham 401 
.................... //XXXXXXXXXXXXXXXXXXXXXXXXXXXXXXXXXXXXXXXXXXXX 
.................... //CHUONG TRINH CON XUAT 4 BYTE RA 4 LED 7 DOAN 
.................... //XXXXXXXXXXXXXXXXXXXXXXXXXXXXXXXXXXXXXXXXXXXX 
.................... VOID XUAT_4LED_7DOAN_4SO(UNSIGNED INT BL743,BL742,BL741,BL740) 
.................... {      
....................       XUAT_1BYTE(BL740);   XUAT_1BYTE(BL741); 
*
02DA:  MOVFF  28,2A
02DE:  RCALL  0064
02E0:  MOVFF  27,2A
02E4:  RCALL  0064
....................       XUAT_1BYTE(BL742);   XUAT_1BYTE(BL743); 
02E6:  MOVFF  26,2A
02EA:  RCALL  0064
02EC:  MOVFF  25,2A
02F0:  RCALL  0064
....................        
....................       MO_4_LED_7DOAN; 
02F2:  BCF    04.6
....................       MO_IC_74573_A_THONG_DL(); 
02F4:  RCALL  008E
....................         
....................       OUTPUT_LOW(RCK_4LED7DOAN);   OUTPUT_HIGH(RCK_4LED7DOAN);  
02F6:  BCF    F95.7
02F8:  BCF    F8C.7
02FA:  BCF    F95.7
02FC:  BSF    F8C.7
....................       CHOT_IC_74573_A_GOI_DU_LIEU; 
02FE:  BCF    F95.1
0300:  BCF    F8C.1
0302:  GOTO   042A (RETURN)
.................... } 
.................... //ham 404 
.................... VOID XUAT_4LED_7DOAN_3SO(UNSIGNED INT BL742,BL741,BL740) 
.................... {      
....................      XUAT_4LED_7DOAN_4SO(0XFF,BL742,BL741,BL740); 
.................... } 
.................... //ham 403 
.................... VOID XUAT_4LED_7DOAN_2SO(UNSIGNED INT BL741,BL740) 
.................... {      
....................      XUAT_4LED_7DOAN_4SO(0XFF,0XFF,BL741,BL740); 
.................... } 
.................... //ham 402 
.................... VOID XUAT_4LED_7DOAN_1SO(UNSIGNED INT BL740) 
.................... {      
....................      XUAT_4LED_7DOAN_4SO(0XFF,0XFF,0XFF,BL740); 
.................... } 
....................  
.................... //ham 405 
.................... //XXXXXXXXXXXXXXXXXXXXXXXXXXXXXXXXXXXXXXXXXXXXXXXXXXXXXXXXXXXXX 
.................... //CHUONG TRINH CON HIEN THI DU LIEU 16 BIT TREN 4 LED 7 DOAN 
.................... //XXXXXXXXXXXXXXXXXXXXXXXXXXXXXXXXXXXXXXXXXXXXXXXXXXXXXXXXXXXXX 
.................... UNSIGNED CHAR DONVI4,CHUC4,TRAM4,NGAN4; 
.................... VOID  XUAT_4LED_7DOAN_GIAIMA_XOA_SO0 (UNSIGNED INT16 TAM) 
.................... {          
....................       DONVI4 = MA7DOAN[TAM %10];          
0306:  MOVFF  24,28
030A:  MOVFF  23,27
030E:  CLRF   2A
0310:  MOVLW  0A
0312:  MOVWF  29
0314:  RCALL  01EA
0316:  MOVFF  00,25
031A:  MOVFF  03,26
031E:  MOVFF  03,03
0322:  MOVF   00,W
0324:  MOVFF  FF2,27
0328:  BCF    FF2.7
032A:  RCALL  0004
032C:  BTFSC  27.7
032E:  BSF    FF2.7
0330:  MOVWF  09
....................       CHUC4  = MA7DOAN[TAM/10%10]; 
0332:  MOVFF  24,28
0336:  MOVFF  23,27
033A:  CLRF   2A
033C:  MOVLW  0A
033E:  MOVWF  29
0340:  RCALL  01EA
0342:  MOVFF  02,26
0346:  MOVFF  01,25
034A:  MOVFF  02,28
034E:  MOVFF  01,27
0352:  CLRF   2A
0354:  MOVLW  0A
0356:  MOVWF  29
0358:  RCALL  01EA
035A:  MOVFF  00,25
035E:  MOVFF  03,26
0362:  MOVFF  03,03
0366:  MOVF   00,W
0368:  MOVFF  FF2,27
036C:  BCF    FF2.7
036E:  RCALL  0004
0370:  BTFSC  27.7
0372:  BSF    FF2.7
0374:  MOVWF  0A
....................       TRAM4  = MA7DOAN[TAM/100%10];  
0376:  MOVFF  24,28
037A:  MOVFF  23,27
037E:  CLRF   2A
0380:  MOVLW  64
0382:  MOVWF  29
0384:  RCALL  01EA
0386:  MOVFF  02,26
038A:  MOVFF  01,25
038E:  MOVFF  02,28
0392:  MOVFF  01,27
0396:  CLRF   2A
0398:  MOVLW  0A
039A:  MOVWF  29
039C:  RCALL  01EA
039E:  MOVFF  00,25
03A2:  MOVFF  03,26
03A6:  MOVFF  03,03
03AA:  MOVF   00,W
03AC:  MOVFF  FF2,27
03B0:  BCF    FF2.7
03B2:  RCALL  0004
03B4:  BTFSC  27.7
03B6:  BSF    FF2.7
03B8:  MOVWF  0B
....................       NGAN4  = MA7DOAN[TAM/1000%10];        
03BA:  MOVFF  24,28
03BE:  MOVFF  23,27
03C2:  MOVLW  03
03C4:  MOVWF  2A
03C6:  MOVLW  E8
03C8:  MOVWF  29
03CA:  RCALL  01EA
03CC:  MOVFF  02,26
03D0:  MOVFF  01,25
03D4:  MOVFF  02,28
03D8:  MOVFF  01,27
03DC:  CLRF   2A
03DE:  MOVLW  0A
03E0:  MOVWF  29
03E2:  RCALL  01EA
03E4:  MOVFF  00,25
03E8:  MOVFF  03,26
03EC:  MOVFF  03,03
03F0:  MOVF   00,W
03F2:  MOVFF  FF2,27
03F6:  BCF    FF2.7
03F8:  RCALL  0004
03FA:  BTFSC  27.7
03FC:  BSF    FF2.7
03FE:  MOVWF  0C
....................       IF (NGAN4==0XC0) 
0400:  MOVF   0C,W
0402:  SUBLW  C0
0404:  BNZ   0418
....................       { 
....................          NGAN4=0XFF; 
0406:  SETF   0C
....................          IF (TRAM4==0XC0) 
0408:  MOVF   0B,W
040A:  SUBLW  C0
040C:  BNZ   0418
....................          { 
....................             TRAM4=0XFF; 
040E:  SETF   0B
....................             IF (CHUC4==0XC0)   CHUC4=0XFF; 
0410:  MOVF   0A,W
0412:  SUBLW  C0
0414:  BNZ   0418
0416:  SETF   0A
....................          } 
....................       } 
....................       XUAT_4LED_7DOAN_4SO(NGAN4,TRAM4,CHUC4,DONVI4);    
0418:  MOVFF  0C,25
041C:  MOVFF  0B,26
0420:  MOVFF  0A,27
0424:  MOVFF  09,28
0428:  BRA    02DA
042A:  GOTO   0490 (RETURN)
.................... } 
.................... UNSIGNED INT8 LCDDATA=0;  
.................... UNSIGNED INT8 LCDCONTROL=0; 
.................... UNSIGNED INT8 GLCDDATA=0; 
.................... UNSIGNED INT8 GLCDCONTROL=0;  
.................... //HAM 701 
.................... //XXXXXXXXXXXXXXXXXXXXXXXXXXXXXXXXXXXXXXXXXXXXXXXXXXXXXXXXXXXXX 
.................... //CHUONG TRINH CON XUAT DU LIEU 4 BYTE RA GLCD VA LCD 
.................... //XXXXXXXXXXXXXXXXXXXXXXXXXXXXXXXXXXXXXXXXXXXXXXXXXXXXXXXXXXXXX 
.................... VOID XUAT_GLCD_LCD() 
.................... {       
....................     XUAT_1BYTE(GLCDCONTROL);              
*
00BC:  MOVFF  10,2A
00C0:  RCALL  0064
....................     XUAT_1BYTE(GLCDDATA); 
00C2:  MOVFF  0F,2A
00C6:  RCALL  0064
....................     XUAT_1BYTE(LCDCONTROL);        
00C8:  MOVFF  0E,2A
00CC:  RCALL  0064
....................     XUAT_1BYTE(LCDDATA);       
00CE:  MOVFF  0D,2A
00D2:  RCALL  0064
....................        
....................     MO_GLCD_LCD; 
00D4:  BCF    04.2
....................     MO_IC_74573_A_THONG_DL();             
00D6:  RCALL  008E
....................     OUTPUT_HIGH(RCK_LCD20X4);      
00D8:  BCF    F95.3
00DA:  BSF    F8C.3
....................     OUTPUT_LOW(RCK_LCD20X4); 
00DC:  BCF    F95.3
00DE:  BCF    F8C.3
....................     CHOT_IC_74573_A_GOI_DU_LIEU; 
00E0:  BCF    F95.1
00E2:  BCF    F8C.1
00E4:  GOTO   00F6 (RETURN)
.................... } 
.................... //HAM 702 
.................... VOID XUAT_LCD20X4(UNSIGNED INT8 LCD_SIGNAL,LCD_INS_HTHI) 
.................... {      
....................     LCDCONTROL = ~LCD_SIGNAL; 
00E8:  MOVF   28,W
00EA:  MOVWF  0E
00EC:  COMF   0E,F
....................     LCDDATA    = ~LCD_INS_HTHI;       
00EE:  MOVFF  29,0D
00F2:  COMF   0D,F
....................     XUAT_GLCD_LCD(); 
00F4:  BRA    00BC
00F6:  RETURN 0
.................... } 
.................... //HAM 703 
.................... VOID XUAT_GLCD128X64(UNSIGNED INT8 GLCD_SIGNAL,GLCD_INS_HTHI) 
.................... {      
....................     GLCDCONTROL = ~GLCD_SIGNAL; 
....................     GLCDDATA    = ~GLCD_INS_HTHI;      
....................     XUAT_GLCD_LCD(); 
.................... } 
.................... //HAM 501 
.................... //XXXXXXXXXXXXXXXXXXXXXXXXXXXXXXXXXXXXXXXXXXXX 
.................... //CHUONG TRINH CON XUAT 2 BYTE RA DK 1 LED QUET SANG 
.................... //XXXXXXXXXXXXXXXXXXXXXXXXXXXXXXXXXXXXXXXXXXXX 
.................... VOID XUAT_8LED_7DOAN_QUET_1(UNSIGNED INT MA,SO_HTHI) 
.................... {      
....................       XUAT_1BYTE(~MA);   XUAT_1BYTE(~SO_HTHI); 
....................        
....................       MO_8_LED_QUET; 
....................       MO_IC_74573_B_THONG_DL(); 
....................        
....................       OUTPUT_HIGH(RCK_8LEDQUET); OUTPUT_LOW(RCK_8LEDQUET); 
....................       CHOT_IC_74573_B_GOI_DU_LIEU; 
.................... } 
.................... //HAM 502 
.................... //XXXXXXXXXXXXXXXXXXXXXXXXXXXXXXXXXXXXXXXXXXXX 
.................... //CHUONG TRINH CON XUAT 2 BYTE RA TAT 8 LED QUET 
.................... //XXXXXXXXXXXXXXXXXXXXXXXXXXXXXXXXXXXXXXXXXXXX 
.................... VOID XUAT_8LED_7DOAN_QUET_TAT_LED() 
.................... { 
....................    XUAT_8LED_7DOAN_QUET_1(0XFF,0XFF); 
.................... } 
.................... //HAM 503 
.................... //XXXXXXXXXXXXXXXXXXXXXXXXXXXXXXXXXXXXXXXXXXXX 
.................... //CHUONG TRINH CON HIEN THI LED THEO THU TU 
.................... //XXXXXXXXXXXXXXXXXXXXXXXXXXXXXXXXXXXXXXXXXXXX 
.................... CONST UNSIGNED CHAR TTLEDQUET[8]= {0x7F,0xBF,0xDF,0xEF,0xF7,0xFB,0xFD,0xFE}; 
.................... VOID XUAT_8LED_7DOAN_QUET_2(UNSIGNED INT THUTULED,SO_HTHI) 
.................... {          
....................       XUAT_1BYTE(~ (TTLEDQUET[THUTULED]));   XUAT_1BYTE(~SO_HTHI);      
....................       MO_8_LED_QUET; 
....................       MO_IC_74573_B_THONG_DL(); 
....................       OUTPUT_HIGH(RCK_8LEDQUET); OUTPUT_LOW(RCK_8LEDQUET); 
....................       CHOT_IC_74573_B_GOI_DU_LIEU; 
.................... } 
.................... //HAM 504 
.................... //XXXXXXXXXXXXXXXXXXXXXXXXXXXXXXXXXXXXXXXXXXXX 
.................... //CHUONG TRINH CON HIEN THI 8 SO TREN 8 LED QUET - CO KIEM TRA 
.................... //XXXXXXXXXXXXXXXXXXXXXXXXXXXXXXXXXXXXXXXXXXXX 
.................... UNSIGNED INT8 LED_7DQ[8]={0XFF,0XFF,0XFF,0XFF,0XFF,0XFF,0XFF,0XFF}; 
.................... UNSIGNED INT8 TT8LED=0; 
.................... VOID HIEN_THI_8LED_7DOAN_QUET() 
.................... {      
....................       FOR(TT8LED=0;TT8LED<8;TT8LED++) 
....................          IF (LED_7DQ[TT8LED]!=0XFF) 
....................          {            
....................             XUAT_8LED_7DOAN_QUET_2(TT8LED, LED_7DQ[TT8LED]); 
....................             //DELAY_US(100);  //THUC TE 
....................             DELAY_MS(20);     //MO PHONG PROTEUS 
....................             XUAT_8LED_7DOAN_QUET_TAT_LED();            
....................             } 
.................... } 
.................... //HAM 505 
.................... //XXXXXXXXXXXXXXXXXXXXXXXXXXXXXXXXXXXXXXXXXXXX 
.................... //CHUONG TRINH CON HIEN THI 8 SO TREN 8 LED QUET - KHONG KIEM TRA 
.................... //XXXXXXXXXXXXXXXXXXXXXXXXXXXXXXXXXXXXXXXXXXXX 
.................... VOID HIEN_THI_8LED_7DOAN_QUET_ALL() 
.................... {      
....................       FOR(TT8LED=0;TT8LED<8;TT8LED++)          
....................          {            
....................             XUAT_8LED_7DOAN_QUET_2(TT8LED, LED_7DQ[TT8LED]); 
....................             //DELAY_US(100);  //THUC TE 
....................             DELAY_MS(20);     //MO PHONG PROTEUS 
....................             XUAT_8LED_7DOAN_QUET_TAT_LED();            
....................             } 
.................... } 
....................  
.................... VOID DELAY_QUET_8LED(UNSIGNED INT16 DL) 
.................... {  
....................       UNSIGNED INT8 I; 
....................       FOR (I=0; I<DL;I++) 
....................       HIEN_THI_8LED_7DOAN_QUET_ALL(); 
.................... }  
....................  
.................... VOID GIAI_MA_GAN_CHO_8LED_QUET_16_XOA(UNSIGNED INT16 X) 
.................... {      
....................       LED_7DQ[0]= MA7DOAN [X %10];     
....................       LED_7DQ[1]= MA7DOAN [X/10%10]; 
....................       LED_7DQ[2]= MA7DOAN [X/100%10];     
....................       LED_7DQ[3]= MA7DOAN [X/1000%10]; 
....................       LED_7DQ[4]= MA7DOAN [X/10000%10]; 
....................       IF (LED_7DQ[4]==MASO0)  
....................       { 
....................             LED_7DQ[4]=0XFF; 
....................             IF (LED_7DQ[3]==MASO0)  
....................             { 
....................                LED_7DQ[3]=0XFF; 
....................                IF (LED_7DQ[2]==MASO0)  
....................                { 
....................                   LED_7DQ[2]=0XFF; 
....................                   IF (LED_7DQ[1]==MASO0)  
....................                   { 
....................                      LED_7DQ[1]=0XFF; 
....................                   } 
....................                } 
....................             } 
....................       } 
....................              
.................... } 
.................... //XXXXXXXXXXXXXXXXXXXXXXXXXXXXXXXXXXXXXXXXXXXX          
.................... VOID XUAT_2BYTE(UNSIGNED INT16 BYTE2XUAT) 
.................... { 
....................    INT8 SBB; 
....................    UNSIGNED INT16   XX;   //SHORT  BSERI; 
....................    #BIT BSERIX  = XX.15 
....................    XX = BYTE2XUAT; 
....................    FOR (SBB=0;SBB<16;SBB++) 
....................       {                                                  
....................          OUTPUT_BIT(SSDO,BSERIX);     
....................          OUTPUT_LOW(SSCK);          
....................          OUTPUT_HIGH(SSCK); 
....................          XX= XX<<1;          
....................      } 
.................... } 
.................... //XXXXXXXXXXXXXXXXXXXXXXXXXXXXXXXXXXXXXXXXXXXX 
.................... //CHUONG TRINH CON XUAT RA LED MA TRAN 
.................... //XXXXXXXXXXXXXXXXXXXXXXXXXXXXXXXXXXXXXXXXXXXX 
.................... VOID XUAT_MATRANLED(UNSIGNED INT16 MAHANG,UNSIGNED INT16 MACOT1, 
.................... UNSIGNED INT16 MACOT2,UNSIGNED INT16 MACOT3) 
.................... {       
....................       XUAT_2BYTE(MACOT3); 
....................       XUAT_2BYTE(MACOT2); 
....................       XUAT_2BYTE(MACOT1); 
....................       XUAT_2BYTE(MAHANG); 
....................        
....................       MO_LED_MATRAN; 
....................       MO_IC_74573_B_THONG_DL(); 
....................        
....................       OUTPUT_HIGH(RCK_MATRANLED); OUTPUT_LOW(RCK_MATRANLED);  
....................       CHOT_IC_74573_B_GOI_DU_LIEU; 
.................... } 
.................... //XXXXXXXXXXXXXXXXXXXXXXXXXXXXXXXXXXXXXXXXXXXX 
.................... //CHUONG TRINH CON XUAT RA LED MA TRAN 
.................... //XXXXXXXXXXXXXXXXXXXXXXXXXXXXXXXXXXXXXXXXXXXX 
.................... VOID TAT_MATRANLED() 
.................... {       
....................       XUAT_2BYTE(0); 
....................       XUAT_2BYTE(0); 
....................       XUAT_2BYTE(0); 
....................       XUAT_2BYTE(0);            
....................       OUTPUT_HIGH(RCK_MATRANLED);  
....................       OUTPUT_LOW(RCK_MATRANLED); 
.................... } 
.................... UNSIGNED  INT8 HIEU_CHINH_4BIT_CAO(UNSIGNED INT8 XZY) 
.................... { 
....................       INT1  BTG; 
....................       UNSIGNED INT8   BX;    
....................       #BIT BIT4  = BX.4 
....................       #BIT BIT5  = BX.5 
....................       #BIT BIT6  = BX.6 
....................       #BIT BIT7  = BX.7 
....................       BX=XZY; 
....................       BTG=BIT4;   BIT4=BIT7;  BIT7=BTG; 
....................       BTG=BIT5;   BIT5=BIT6;  BIT6=BTG;       
....................       RETURN(BX);   
.................... } 
.................... //HAM 601 
.................... //XXXXXXXXXXXXXXXXXXXXXXXXXXXXXXXXXXXXXXXXXXXXXXXXXXXX 
.................... //MODULE DIEU KHIEN RELAY,TRIAC, BUZZER, DONG CO, SIM 
.................... //XXXXXXXXXXXXXXXXXXXXXXXXXXXXXXXXXXXXXXXXXXXXXXXXXXXX 
.................... VOID XUAT_BUZZER_RELAY() 
.................... {      
....................    UNSIGNED INT8 RBDC1,RBDC2; 
....................       RBDC1=RBDC; RBDC2=RBDC>>8;       
....................       XUAT_1BYTE(RBDC2);       
....................       XUAT_1BYTE(RBDC1); 
....................       MO_RELAY_BUZZER_DC; 
....................       MO_IC_74573_B_THONG_DL(); 
....................        
....................       OUTPUT_HIGH(RCK_BUZERELAY);   OUTPUT_LOW(RCK_BUZERELAY); 
....................       CHOT_IC_74573_B_GOI_DU_LIEU; 
.................... } 
.................... //HAM 602 
.................... //XXXXXXXXXXXXXXXXXXXXXXXXXXXXXXXXXXXXXXXXXXXXXXXXXXXX 
.................... VOID BUZZER_ON() 
.................... {     
....................       BUZZER=1; 
....................       XUAT_BUZZER_RELAY();          
.................... } 
.................... //HAM 603 
.................... //XXXXXXXXXXXXXXXXXXXXXXXXXXXXXXXXXXXXXXXXXXXXXXXXXXXX 
.................... VOID BUZZER_OFF() 
.................... {      
....................       BUZZER=0; 
....................       XUAT_BUZZER_RELAY(); 
.................... } 
.................... //HAM 604 
.................... //XXXXXXXXXXXXXXXXXXXXXXXXXXXXXXXXXXXXXXXXXXXXXXXXXXXX 
.................... VOID RELAY_1_ON() 
.................... {     
....................       RELAY_1=1; 
....................       XUAT_BUZZER_RELAY();          
.................... } 
.................... //HAM 603 
.................... //XXXXXXXXXXXXXXXXXXXXXXXXXXXXXXXXXXXXXXXXXXXXXXXXXXXX 
.................... VOID RELAY_1_OFF() 
.................... {     
....................       RELAY_1=0; 
....................       XUAT_BUZZER_RELAY();          
.................... } 
.................... //HAM 604 
.................... //XXXXXXXXXXXXXXXXXXXXXXXXXXXXXXXXXXXXXXXXXXXXXXXXXXXX 
.................... VOID RELAY_2_ON() 
.................... {     
....................       RELAY_2=1; 
....................       XUAT_BUZZER_RELAY();          
.................... } 
.................... //HAM 607 
.................... //XXXXXXXXXXXXXXXXXXXXXXXXXXXXXXXXXXXXXXXXXXXXXXXXXXXX 
.................... VOID RELAY_2_OFF() 
.................... {     
....................       RELAY_2=0; 
....................       XUAT_BUZZER_RELAY();          
.................... } 
.................... //HAM 608 
.................... //XXXXXXXXXXXXXXXXXXXXXXXXXXXXXXXXXXXXXXXXXXXXXXXXXXXX 
.................... VOID RELAY_1_RELAY_2_ON() 
.................... {     
....................       RELAY_1=1;  RELAY_2=1; 
....................       XUAT_BUZZER_RELAY();          
.................... } 
.................... //HAM 609 
.................... //XXXXXXXXXXXXXXXXXXXXXXXXXXXXXXXXXXXXXXXXXXXXXXXXXXXX 
.................... VOID RELAY_1_RELAY_2_OFF() 
.................... {     
....................       RELAY_1=0;  RELAY_2=0; 
....................       XUAT_BUZZER_RELAY();          
.................... } 
.................... //HAM 610 
.................... //XXXXXXXXXXXXXXXXXXXXXXXXXXXXXXXXXXXXXXXXXXXXXXXXXXXX 
.................... VOID TRIAC_1_ON() 
.................... {     
....................       TRIAC_1=1; 
....................       XUAT_BUZZER_RELAY();          
.................... } 
.................... //HAM 611 
.................... //XXXXXXXXXXXXXXXXXXXXXXXXXXXXXXXXXXXXXXXXXXXXXXXXXXXX 
.................... VOID TRIAC_1_OFF() 
.................... {     
....................       TRIAC_1=0; 
....................       XUAT_BUZZER_RELAY();          
.................... } 
.................... //HAM 612 
.................... //XXXXXXXXXXXXXXXXXXXXXXXXXXXXXXXXXXXXXXXXXXXXXXXXXXXX 
.................... VOID TRIAC_2_ON() 
.................... {     
....................       TRIAC_2=1; 
....................       XUAT_BUZZER_RELAY();          
.................... } 
.................... //HAM 613 
.................... //XXXXXXXXXXXXXXXXXXXXXXXXXXXXXXXXXXXXXXXXXXXXXXXXXXXX 
.................... VOID TRIAC_2_OFF() 
.................... {     
....................       TRIAC_2=0; 
....................       XUAT_BUZZER_RELAY();          
.................... } 
.................... //XXXXXXXXXXXXXXXXXXXXXXXXXXXXXXXXXXXXXXXXXXXX 
....................  
....................  
....................  
.................... #include <tv_pickit2_shift_lcd.c> 
.................... UNSIGNED INT8 LCD_CONTROL;   
.................... #bit LCD_P = LCD_CONTROL.3 
.................... #bit LCD_RS = LCD_CONTROL.2 
.................... #bit LCD_RW = LCD_CONTROL.1 
.................... #bit LCD_E  = LCD_CONTROL.0 
....................  
.................... #DEFINE LCD_FUNCTION_SET       0X38 
.................... #DEFINE LCD_DISPLAY_CONTROL    0X0C 
.................... #DEFINE LCD_CLEAR_DISPLAY      0X01 
.................... #DEFINE LCD_ENTRY_MODE         0X06 
.................... #DEFINE LCD_SHIFT_LEFT         0X18 
.................... #DEFINE LCD_SHIFT_RIGHT        0X1C 
....................  
.................... #DEFINE LCD_ADDR_LINE1         0X80 
.................... #DEFINE LCD_ADDR_LINE2         0XC0 
.................... #DEFINE LCD_ADDR_LINE3         0X94 
.................... #DEFINE LCD_ADDR_LINE4         0XD4 
....................  
.................... VOID LCD_XUAT_8BIT(INT8 LCD_DATA_X) 
.................... { 
....................       LCD_E=1; XUAT_LCD20X4(LCD_CONTROL,LCD_DATA_X);      
00F8:  BSF    1A.0
00FA:  MOVFF  1A,28
00FE:  MOVFF  27,29
0102:  RCALL  00E8
....................       LCD_E=0; XUAT_LCD20X4(LCD_CONTROL,LCD_DATA_X);  
0104:  BCF    1A.0
0106:  MOVFF  1A,28
010A:  MOVFF  27,29
010E:  RCALL  00E8
0110:  RETURN 0
.................... } 
.................... void LCD_COMMAND(INT8 LCD_DATA_X)    
....................   { 
....................       LCD_RS = 0; 
0112:  BCF    1A.2
....................       LCD_XUAT_8BIT(LCD_DATA_X); 
0114:  MOVFF  26,27
0118:  RCALL  00F8
....................       DELAY_US(20); 
011A:  MOVLW  20
011C:  MOVWF  00
011E:  DECFSZ 00,F
0120:  BRA    011E
0122:  BRA    0124
0124:  NOP   
0126:  RETURN 0
....................   } 
.................... void LCD_DATA(INT8 LCD_DATA_X)        
....................   { 
....................       LCD_RS = 1;      
*
01B2:  BSF    1A.2
....................       LCD_XUAT_8BIT(LCD_DATA_X); 
01B4:  MOVFF  25,27
01B8:  RCALL  00F8
....................       DELAY_US(20); 
01BA:  MOVLW  20
01BC:  MOVWF  00
01BE:  DECFSZ 00,F
01C0:  BRA    01BE
01C2:  BRA    01C4
01C4:  NOP   
01C6:  RETURN 0
....................   } 
....................    
.................... VOID SETUP_LCD () 
.................... {                      
....................          LCD_E  = 0;  
*
0150:  BCF    1A.0
....................          LCD_RW = 0;  
0152:  BCF    1A.1
....................          LCD_RS = 1;  
0154:  BSF    1A.2
....................          LCD_P =0; 
0156:  BCF    1A.3
....................          LCD_COMMAND(LCD_FUNCTION_SET);          
0158:  MOVLW  38
015A:  MOVWF  26
015C:  RCALL  0112
....................          DELAY_US(40); 
015E:  MOVLW  42
0160:  MOVWF  00
0162:  DECFSZ 00,F
0164:  BRA    0162
0166:  NOP   
....................          LCD_COMMAND(LCD_DISPLAY_CONTROL);    
0168:  MOVLW  0C
016A:  MOVWF  26
016C:  RCALL  0112
....................          DELAY_US(40); 
016E:  MOVLW  42
0170:  MOVWF  00
0172:  DECFSZ 00,F
0174:  BRA    0172
0176:  NOP   
....................          LCD_COMMAND(LCD_CLEAR_DISPLAY);       
0178:  MOVLW  01
017A:  MOVWF  26
017C:  RCALL  0112
....................          DELAY_MS(2); 
017E:  MOVLW  02
0180:  MOVWF  23
0182:  BRA    0128
....................          LCD_COMMAND(LCD_ENTRY_MODE);        
0184:  MOVLW  06
0186:  MOVWF  26
0188:  RCALL  0112
....................          DELAY_US(40);                 
018A:  MOVLW  42
018C:  MOVWF  00
018E:  DECFSZ 00,F
0190:  BRA    018E
0192:  NOP   
0194:  GOTO   045E (RETURN)
.................... } 
....................  
.................... CONST UNSIGNED CHAR LCD_SO_X[11][6] ={ 
....................                   0,1,2,5,3,4,               // SO 0 
....................                   1,2,32,3,7,3,              // SO 1 
....................                   6,6,2,5,3,3,               // SO 2 
....................                   6,6,2,3,3,4,               // SO 3 
....................                   7,3,7,32,32,7,             // SO 4 
....................                   7,6,6,3,3,4,               // SO 5 
....................                   0,6,6,5,3,4,               // SO 6 
....................                   1,1,7,32,32,7,             // SO 7 
....................                   0,6,2,5,3,4,               // SO 8 
....................                   0,6,2,3,3,4, 
....................                   32,32,32,32,32,32};             // SO 9 
....................                    
.................... CONST UNSIGNED CHAR LCD_SO_XX[10][9] ={ 
....................                   0,1,2,7,32,7,5,3,4,               // SO 0 
....................                   1,2,32,3,7,3,              // SO 1 
....................                   6,6,2,5,3,3,               // SO 2 
....................                   6,6,2,3,3,4,               // SO 3 
....................                   7,3,7,32,32,7,             // SO 4 
....................                   7,6,6,3,3,4,               // SO 5 
....................                   0,6,6,5,3,4,               // SO 6 
....................                   1,1,7,32,32,7,             // SO 7 
....................                   0,6,2,5,3,4,               // SO 8 
....................                   0,6,2,3,3,4};             // SO 9          
.................... //!CONST UNSIGNED CHAR LCD_SO_X[10][6] = 
.................... //!{ 
.................... //!                  0,1,2,3,4,5,               // SO 0 
.................... //!                  1,2,32,3,7,3,              // SO 1 
.................... //!                  6,6,2,4,3,3,               // SO 2 
.................... //!                  6,6,2,3,3,5,               // SO 3 
.................... //!                  7,3,7,32,32,7,             // SO 4 
.................... //!                  7,6,6,3,3,5,               // SO 5 
.................... //!                  0,6,6,4,3,5,               // SO 6 
.................... //!                  1,1,7,32,32,7,             // SO 7 
.................... //!                  0,6,2,4,3,5,               // SO 8 
.................... //!                  0,6,2,3,3,5};             // SO 9    
....................                    
.................... CONST UNSIGNED CHAR LCD_MA_8DOAN[] = { 
....................    0x07,0x0F,0x1F,0x1F,0x1F,0x1F,0x1F,0x1F,  //DOAN F - 0 
....................    0x1F,0x1F,0x1F,0X00,0X00,0X00,0X00,0X00,  //DOAN A - 1 
....................    0x1C,0x1E,0x1F,0x1F,0x1F,0x1F,0x1F,0x1F,  //DOAN B - 2 
....................    0X00,0X00,0X00,0X00,0X00,0x1F,0x1F,0x1F,  //DOAN D - 3 
....................    0x1F,0x1F,0x1F,0x1F,0x1F,0x1F,0x1E,0x1C,  //DOAN C - 4 
....................    0x1F,0x1F,0x1F,0x1F,0x1F,0x1F,0x0F,0x07,  //DOAN E - 5 
....................    0x1F,0x1F,0x1F,0X00,0X00,0X00,0x1F,0x1F,  //DOAN G+D-6  
....................    0x1F,0x1F,0x1F,0x1F,0x1F,0x1F,0x1F,0x1F}; //DOAN I  -7 
....................     
.................... VOID LCD_GOTO_XY(SIGNED INT8 X, SIGNED INT8 Y) 
.................... {  
....................    CONST UNSIGNED INT8 LCD_VITRI[]={0x80,0xC0,0x94,0xD4}; 
....................    LCD_COMMAND(LCD_VITRI[X]+Y); 
0198:  CLRF   03
019A:  MOVF   23,W
019C:  MOVFF  FF2,25
01A0:  BCF    FF2.7
01A2:  RCALL  0024
01A4:  BTFSC  25.7
01A6:  BSF    FF2.7
01A8:  ADDWF  24,W
01AA:  MOVWF  25
01AC:  MOVWF  26
01AE:  RCALL  0112
01B0:  RETURN 0
.................... } 
....................  
.................... VOID XXX() 
.................... {  
....................    SIGNED INT8 X; 
....................    X= LCD_SO_X[0][0]; 
....................    X= LCD_MA_8DOAN[0]; 
.................... } 
....................  
.................... unsigned INT16 t0,DV,CH,TR; 
.................... // GIAI MA HIEN THI XOA SO 0 VO NGHIA 
.................... VOID GM_LCD() 
.................... { 
....................    DV = T0 % 10 + 0X30; 
*
022C:  MOVFF  1C,28
0230:  MOVFF  1B,27
0234:  CLRF   2A
0236:  MOVLW  0A
0238:  MOVWF  29
023A:  RCALL  01EA
023C:  MOVLW  30
023E:  ADDWF  00,W
0240:  MOVWF  1D
0242:  MOVLW  00
0244:  ADDWFC 03,W
0246:  MOVWF  1E
....................    CH = T0 / 10 % 10 + 0X30; 
0248:  MOVFF  1C,28
024C:  MOVFF  1B,27
0250:  CLRF   2A
0252:  MOVLW  0A
0254:  MOVWF  29
0256:  RCALL  01EA
0258:  MOVFF  02,24
025C:  MOVFF  01,23
0260:  MOVFF  02,28
0264:  MOVFF  01,27
0268:  CLRF   2A
026A:  MOVLW  0A
026C:  MOVWF  29
026E:  RCALL  01EA
0270:  MOVLW  30
0272:  ADDWF  00,W
0274:  MOVWF  1F
0276:  MOVLW  00
0278:  ADDWFC 03,W
027A:  MOVWF  20
....................    TR = T0 / 100 + 0X30; 
027C:  MOVFF  1C,28
0280:  MOVFF  1B,27
0284:  CLRF   2A
0286:  MOVLW  64
0288:  MOVWF  29
028A:  RCALL  01EA
028C:  MOVLW  30
028E:  ADDWF  01,W
0290:  MOVWF  21
0292:  MOVLW  00
0294:  ADDWFC 02,W
0296:  MOVWF  22
....................    IF (TR == 0X30)   //0x30 là so 0 
0298:  MOVF   21,W
029A:  SUBLW  30
029C:  BNZ   02B8
029E:  MOVF   22,F
02A0:  BNZ   02B8
....................    { 
....................       TR = 32; //0X20 là khoang trong 
02A2:  CLRF   22
02A4:  MOVLW  20
02A6:  MOVWF  21
....................       IF (CH == 0X30) CH = 0X20; 
02A8:  MOVF   1F,W
02AA:  SUBLW  30
02AC:  BNZ   02B8
02AE:  MOVF   20,F
02B0:  BNZ   02B8
02B2:  CLRF   20
02B4:  MOVLW  20
02B6:  MOVWF  1F
....................    } 
02B8:  GOTO   047C (RETURN)
.................... } 
....................  
.................... VOID HT_LCD() 
.................... { 
....................    lcd_GOTO_xy(0,17); 
02BC:  CLRF   23
02BE:  MOVLW  11
02C0:  MOVWF  24
02C2:  RCALL  0198
....................    lcd_data (TR); 
02C4:  MOVFF  21,25
02C8:  RCALL  01B2
....................    lcd_data (CH); 
02CA:  MOVFF  1F,25
02CE:  RCALL  01B2
....................    lcd_data (DV); 
02D0:  MOVFF  1D,25
02D4:  RCALL  01B2
02D6:  GOTO   047E (RETURN)
.................... } 
....................  
.................... void main() 
*
042E:  CLRF   FF8
0430:  BCF    FD0.7
0432:  CLRF   06
0434:  CLRF   0D
0436:  CLRF   0E
0438:  CLRF   0F
043A:  CLRF   10
043C:  CLRF   19
043E:  MOVF   FC1,W
0440:  ANDLW  C0
0442:  IORLW  0F
0444:  MOVWF  FC1
0446:  MOVLW  07
0448:  MOVWF  FB4
044A:  SETF   11
044C:  SETF   12
044E:  SETF   13
0450:  SETF   14
0452:  SETF   15
0454:  SETF   16
0456:  SETF   17
0458:  SETF   18
.................... { 
....................    set_up_port_ic_chot (); 
045A:  BRA    0046
....................    setup_lcd (); 
045C:  BRA    0150
....................    lcd_GOTO_xy (0, 0) ; 
045E:  CLRF   23
0460:  CLRF   24
0462:  RCALL  0198
....................    lcd_data ("dem san pham:"); 
0464:  MOVLW  38
0466:  MOVWF  FF6
0468:  MOVLW  00
046A:  MOVWF  FF7
046C:  BRA    01C8
....................    setup_timer_0 (t0_ext_l_to_h|t0_div_1); 
046E:  MOVLW  A8
0470:  MOVWF  FD5
....................    set_timer0 (0); 
0472:  CLRF   FD7
0474:  CLRF   FD6
....................    t0 = 0; 
0476:  CLRF   1C
0478:  CLRF   1B
....................    WHILE (true) 
....................    { 
....................       GM_LCD () ; 
047A:  BRA    022C
....................       HT_LCD () ; 
047C:  BRA    02BC
....................       t0 = get_timer0 (); 
047E:  MOVF   FD6,W
0480:  MOVWF  1B
0482:  MOVFF  FD7,1C
....................        
....................       xuat_4led_7doan_giaima_xoa_so0 (t0); 
0486:  MOVFF  1C,24
048A:  MOVFF  1B,23
048E:  BRA    0306
....................       IF (t0 >= 100) set_timer0 (1) ; 
0490:  MOVF   1C,F
0492:  BNZ   049A
0494:  MOVF   1B,W
0496:  SUBLW  63
0498:  BC    04A0
049A:  CLRF   FD7
049C:  MOVLW  01
049E:  MOVWF  FD6
04A0:  BRA    047A
....................    } 
.................... } 
....................  
04A2:  SLEEP 
....................  

Configuration Fuses:
   Word  1: CC27   PLL12 CPUDIV1 USBDIV HS FCMEN IESO
   Word  2: 1E3E   PUT BROWNOUT BORV21 VREGEN NOWDT WDT32768
   Word  3: 8700   CCP2C1 PBADEN LPT1OSC MCLR
   Word  4: 00A1   STVREN NOLVP ICSP2 NOXINST NODEBUG
   Word  5: C00F   NOPROTECT NOCPB NOCPD
   Word  6: E00F   NOWRT NOWRTC NOWRTB NOWRTD
   Word  7: 400F   NOEBTR NOEBTRB
