
ROM used:   1060/32768 (3%)
            1060/32768 (3%) including unused fragments

            0.7 Average locations per line
            3.8 Average locations per statement

RAM used:   27/2048 (1%) at main() level
            39/2048 (2%) worst case

Stack used: 7 worst case (7 in main + 0 for interrupts)
Stack size: 31

Lines Stmts  %   Files
----- ----- ---  -----
   32    20   7  BAI_642_LCD_SO_0123.c
  627   233  84  tv_pickit2_shift_1.c
  837     0   0  ..\..\..\..\Program Files (x86)\PICC\Devices\18F4550.H
  112    25   9  tv_pickit2_shift_lcd.c
----- -----
 1608   278 Total

Page ROM  %  RAM   Vol Diff  Functions:
---- --- --- ---   --- ----  ----------
0     40   2    1             @delay_ms1
0     38   2    2   234  4.3  XUAT_1BYTE
0     22   1    4   131  2.8  xuat_1word
0     88   4    0   396  1.4  xoa_tat_6module
0     58   3    0   253  2.3  SET_UP_PORT_IC_CHOT
0     36   2    0   106  1.3  XUAT_GLCD_LCD
0     16   1    2    80  2.7  XUAT_LCD20X4
0     26   1    1   102  2.1  LCD_XUAT_8BIT
0     22   1    1    61  1.6  LCD_COMMAND
0     22   1    1    61  1.6  LCD_DATA
0     72   3    0   245  1.8  SETUP_LCD
0     82   4    0   372  5.6  @const816
0     80   4    0   147  3.7  @const824
0     20   1    0    82  2.1  @const830
0     26   1    3   147  3.7  LCD_GOTO_XY
0     96   5    5   255  5.5  lcd_hienthi_so_z_toado_xy
0     76   4    2   656  8.1  @MUL88
0    180   8    1   428  4.6  MAIN
0     22   1    0   204  4.4  @const846
0     34   2    2   354  4.6  @PSTRINGC_813
 Inline         0   476  3.8  @cinit1

Program metrics:
    Functions               20
    Statements              278
    Comments                326
    Volume (V)              8666
    Difficulty (D)          68.2
    Effort to implement (E) 590931
    Time to implement (T)   9 hours, 7 minutes
    Est Delivered Bugs (B)  2
    Cyclomatic Complexity   17
    Maintainability (MI)    95

 Segment     Used  Free
-----------  ----  ----
00000-00002     4  0  
00004-07FFE  1056  31708  



