
ROM used:   450/32768 (1%)
            450/32768 (1%) including unused fragments

            0.3 Average locations per line
            1.8 Average locations per statement

RAM used:   25/2048 (1%) at main() level
            31/2048 (2%) worst case

Stack used: 4 worst case (4 in main + 0 for interrupts)
Stack size: 31

Lines Stmts  %   Files
----- ----- ---  -----
   41    24   9  BAI_323_ON_OFF_INV_CDOI_8LED.c
  627   233  91  tv_pickit2_shift_1.c
  837     0   0  ..\..\..\..\Program Files (x86)\PICC\Devices\18F4550.H
----- -----
 1505   257 Total

Page ROM  %  RAM   Vol Diff  Functions:
---- --- --- ---   --- ----  ----------
0     40   4    1             @delay_ms1
0     38   4    2   234  4.3  XUAT_1BYTE
0     34   4    4   160  1.8  XUAT_32LED_DON_4BYTE
0     22   2    4   131  2.8  xuat_1word
0     88  10    0   396  1.4  xoa_tat_6module
0     58   6    0   253  2.3  SET_UP_PORT_IC_CHOT
0     42   5    1   223  4.0  phim_inv
0    124  14    0   354  3.3  MAIN
 Inline         0   359  5.1  @cinit1

Program metrics:
    Functions               8
    Statements              257
    Comments                288
    Volume (V)              3340
    Difficulty (D)          25.0
    Effort to implement (E) 83635
    Time to implement (T)   1 hours, 17 minutes
    Est Delivered Bugs (B)  1
    Cyclomatic Complexity   6
    Maintainability (MI)    90

 Segment     Used  Free
-----------  ----  ----
00000-00002     4  0  
00004-07FFE   446  32318  



