
ROM used:   2178/32768 (7%)
            2178/32768 (7%) including unused fragments

            1.1 Average locations per line
            4.3 Average locations per statement

RAM used:   38/2048 (2%) at main() level
            47/2048 (2%) worst case

Stack used: 9 worst case (9 in main + 0 for interrupts)
Stack size: 31

Lines Stmts  %   Files
----- ----- ---  -----
  320   184  36  BAI_803_I2C_RT_LCD_3KEY_HT_THU.c
  627   233  46  tv_pickit2_shift_1.c
  837     0   0  ..\..\..\..\Program Files (x86)\PICC\Devices\18F4550.H
   95    66  13  TV_PICKIT2_SHIFT_DS1307_I2C.c
  117    25   5  TV_PICKIT2_SHIFT_LCD.c
----- -----
 1996   508 Total

Page ROM  %  RAM   Vol Diff  Functions:
---- --- --- ---   --- ----  ----------
0     72   2    3             @I2C_READ_1
0     72   2    1             @I2C_WRITE_1
0     38   1    1             @delay_ms1
0     38   1    2   234  4.3  XUAT_1BYTE
0     22   1    4   131  2.8  xuat_1word
0     88   2    0   396  1.4  xoa_tat_6module
0     58   1    0   253  2.3  SET_UP_PORT_IC_CHOT
0     36   1    0   106  1.3  XUAT_GLCD_LCD
0     16   0    2    80  2.7  XUAT_LCD20X4
0     26   1    1   102  2.1  LCD_XUAT_8BIT
0     22   1    1    61  1.6  LCD_COMMAND
0     22   1    1    61  1.6  LCD_DATA
0     72   2    0   245  1.8  SETUP_LCD
0     20   0    0   193  3.1  @const830
0     28   1    3   147  3.7  LCD_GOTO_XY
0     38   1    0   174  1.8  THIET_LAP_THOI_GIAN_HIEN_TAI
0    134   3    0   253  1.4  NAP_THOI_GIAN_HTAI_VAO_DS13B07
0    214   5    0   351  1.9  DOC_THOI_GIAN_TU_REALTIME
0    268   6    1   944  3.4  HIEN_THI_THOI_GIAN_DS13B07
0      6   0    0    42  1.4  @const850
0     32   1    2   207  4.4  @PSTRINGC_813
0     18   0    1    42  1.4  hien_thi_gia_tri_mod
0     42   1    0   207  4.4  phim_mod
0     24   1    2   160  4.5  hieu_chinh_so_bcd_tang
0     24   1    2   160  4.5  hieu_chinh_so_bcd_giam
0      6   0    0    21  1.0  luu_giai_ma_hien_thi_sau_khi_chinh
0    246   6    0  1521  7.3  phim_up
0    242   6    0  1521  7.3  phim_dw
0     80   2    0   311  3.6  nhap_nhay_con_tro
0    162   4    0   550  4.6  MAIN
0      8   0    0             @const869
 Inline         0             @cinit1

Program metrics:
    Functions               27
    Statements              508
    Comments                341
    Volume (V)              15071
    Difficulty (D)          82.5
    Effort to implement (E) 1243580
    Time to implement (T)   19 hours, 11 minutes
    Est Delivered Bugs (B)  4
    Cyclomatic Complexity   55
    Maintainability (MI)    55

 Segment     Used  Free
-----------  ----  ----
00000-00002     4  0  
00004-07FFE  2174  30590  



