
ROM used:   672/32768 (2%)
            672/32768 (2%) including unused fragments

            0.4 Average locations per line
            2.7 Average locations per statement

RAM used:   29/2048 (1%) at main() level
            40/2048 (2%) worst case

Stack used: 4 worst case (4 in main + 0 for interrupts)
Stack size: 31

Lines Stmts  %   Files
----- ----- ---  -----
   38    18   7  BAI_415_DEM_XUNG_T0.c
  627   233  93  tv_pickit2_shift_1.c
  837     0   0  ..\..\..\..\Program Files (x86)\PICC\Devices\18F4550.H
----- -----
 1502   251 Total

Page ROM  %  RAM   Vol Diff  Functions:
---- --- --- ---   --- ----  ----------
0     32   2    0   271  4.3  @const681
0     38   3    2   234  4.3  XUAT_1BYTE
0     22   2    4   131  2.8  xuat_1word
0     88   7    0   396  1.4  xoa_tat_6module
0     58   4    0   253  2.3  SET_UP_PORT_IC_CHOT
0     36   3    4   160  1.8  XUAT_4LED_7DOAN_4SO
0     20   1    3    76  1.7  XUAT_4LED_7DOAN_3SO
0     66   5    5   465  4.8  @DIV1616
0    190  14    5   309  4.7  giai_ma_hien_thi
0    118   9    0   172  3.5  MAIN
 Inline         0    68  2.4  @cinit1

Program metrics:
    Functions               11
    Statements              251
    Comments                288
    Volume (V)              4200
    Difficulty (D)          34.3
    Effort to implement (E) 144231
    Time to implement (T)   2 hours, 14 minutes
    Est Delivered Bugs (B)  1
    Cyclomatic Complexity   9
    Maintainability (MI)    139

 Segment     Used  Free
-----------  ----  ----
00000-00002     4  0  
00004-07FFE   668  32096  



