
ROM used:   688/32768 (2%)
            688/32768 (2%) including unused fragments

            0.4 Average locations per line
            2.7 Average locations per statement

RAM used:   40/2048 (2%) at main() level
            47/2048 (2%) worst case

Stack used: 2 worst case (2 in main + 0 for interrupts)
Stack size: 31

Lines Stmts  %   Files
----- ----- ---  -----
   15     7   3  BAI_408_DEM_0000_9999.c
  705   244  97  tv_pickit2_shift_1_proteus.c
  837     0   0  ..\..\..\..\Program Files (x86)\PICC\Devices\18F4550.H
----- -----
 1557   251 Total

Page ROM  %  RAM   Vol Diff  Functions:
---- --- --- ---   --- ----  ----------
0     40   3    1             @delay_ms1
0     32   2    0   221  5.7  @const686
0     42   3    3   271  4.3  XUAT_1BYTE
0     30   2    0   152  1.8  SET_UP_PORT_IC_CHOT
0     48   3    0   119  1.7  MO_IC_74573_A_THONG_DL
0     44   3    4   231  2.3  XUAT_4LED_7DOAN_4SO
0    332  24   12   294  5.5  MAIN
0    116   8    6    44  1.9  @DIVS1616
 Inline         0   145  3.9  @cinit1

Program metrics:
    Functions               8
    Statements              251
    Comments                333
    Volume (V)              2367
    Difficulty (D)          27.1
    Effort to implement (E) 64043
    Time to implement (T)   59 minutes
    Est Delivered Bugs (B)  1
    Cyclomatic Complexity   6
    Maintainability (MI)    58

 Segment     Used  Free
-----------  ----  ----
00000-00002     4  0  
00004-07FFE   684  32080  



