CCS PCH C Compiler, Version 5.015, 5967               18-Oct-22 10:03

               Filename:   C:\Users\NguyenMinhTri\Desktop\TT VXL\BAI_643_LCD_DEM_00_99.lst

               ROM used:   1092 bytes (3%)
                           Largest free fragment is 31676
               RAM used:   28 (1%) at main() level
                           41 (2%) worst case
               Stack used: 7 locations
               Stack size: 31

*
0000:  GOTO   037E
....................  
.................... #include <tv_pickit2_shift_1.c> 
.................... #INCLUDE    <18F4550.H> 
.................... //////////// Standard Header file for the PIC18F4550 device //////////////// 
.................... /////////////////////////////////////////////////////////////////////////// 
.................... ////        (C) Copyright 1996, 2013 Custom Computer Services          //// 
.................... //// This source code may only be used by licensed users of the CCS C  //// 
.................... //// compiler.  This source code may only be distributed to other      //// 
.................... //// licensed users of the CCS C compiler.  No other use, reproduction //// 
.................... //// or distribution is permitted without written permission.          //// 
.................... //// Derivative programs created using this software in object code    //// 
.................... //// form are not restricted in any way.                               //// 
.................... /////////////////////////////////////////////////////////////////////////// 
.................... #device PIC18F4550 
0004:  CLRF   FF7
0006:  ADDLW  14
0008:  MOVWF  FF6
000A:  MOVLW  00
000C:  ADDWFC FF7,F
000E:  TBLRD*+
0010:  MOVF   FF5,W
0012:  RETURN 0
0014:  DATA 00,01
0016:  DATA 02,05
0018:  DATA 03,04
001A:  DATA 01,02
001C:  DATA 20,03
001E:  DATA 07,03
0020:  DATA 06,06
0022:  DATA 02,05
0024:  DATA 03,03
0026:  DATA 06,06
0028:  DATA 02,03
002A:  DATA 03,04
002C:  DATA 07,03
002E:  DATA 07,20
0030:  DATA 20,07
0032:  DATA 07,06
0034:  DATA 06,03
0036:  DATA 03,04
0038:  DATA 00,06
003A:  DATA 06,05
003C:  DATA 03,04
003E:  DATA 01,01
0040:  DATA 07,20
0042:  DATA 20,07
0044:  DATA 00,06
0046:  DATA 02,05
0048:  DATA 03,04
004A:  DATA 00,06
004C:  DATA 02,03
004E:  DATA 03,04
0050:  DATA 20,20
0052:  DATA 20,20
0054:  DATA 20,20
0056:  CLRF   FF7
0058:  ADDLW  66
005A:  MOVWF  FF6
005C:  MOVLW  00
005E:  ADDWFC FF7,F
0060:  TBLRD*+
0062:  MOVF   FF5,W
0064:  RETURN 0
0066:  DATA 07,0F
0068:  DATA 1F,1F
006A:  DATA 1F,1F
006C:  DATA 1F,1F
006E:  DATA 1F,1F
0070:  DATA 1F,00
0072:  DATA 00,00
0074:  DATA 00,00
0076:  DATA 1C,1E
0078:  DATA 1F,1F
007A:  DATA 1F,1F
007C:  DATA 1F,1F
007E:  DATA 00,00
0080:  DATA 00,00
0082:  DATA 00,1F
0084:  DATA 1F,1F
0086:  DATA 1F,1F
0088:  DATA 1F,1F
008A:  DATA 1F,1F
008C:  DATA 1E,1C
008E:  DATA 1F,1F
0090:  DATA 1F,1F
0092:  DATA 1F,1F
0094:  DATA 0F,07
0096:  DATA 1F,1F
0098:  DATA 1F,00
009A:  DATA 00,00
009C:  DATA 1F,1F
009E:  DATA 1F,1F
00A0:  DATA 1F,1F
00A2:  DATA 1F,1F
00A4:  DATA 1F,1F
00A6:  CLRF   FF7
00A8:  ADDLW  B6
00AA:  MOVWF  FF6
00AC:  MOVLW  00
00AE:  ADDWFC FF7,F
00B0:  TBLRD*+
00B2:  MOVF   FF5,W
00B4:  RETURN 0
00B6:  DATA 80,C0
00B8:  DATA 94,D4
*
0270:  MOVF   1B,W
0272:  XORWF  1C,W
0274:  ANDLW  80
0276:  MOVWF  1E
0278:  BTFSS  1B.7
027A:  BRA    0280
027C:  COMF   1B,F
027E:  INCF   1B,F
0280:  BTFSS  1C.7
0282:  BRA    0288
0284:  COMF   1C,F
0286:  INCF   1C,F
0288:  MOVF   1C,W
028A:  CLRF   01
028C:  SUBWF  1B,W
028E:  BC    0296
0290:  MOVFF  1B,00
0294:  BRA    02AE
0296:  CLRF   00
0298:  MOVLW  08
029A:  MOVWF  1D
029C:  RLCF   1B,F
029E:  RLCF   00,F
02A0:  MOVF   1C,W
02A2:  SUBWF  00,W
02A4:  BTFSC  FD8.0
02A6:  MOVWF  00
02A8:  RLCF   01,F
02AA:  DECFSZ 1D,F
02AC:  BRA    029C
02AE:  BTFSS  1E.7
02B0:  BRA    02B6
02B2:  COMF   01,F
02B4:  INCF   01,F
02B6:  RETURN 0
*
02D2:  CLRF   00
02D4:  CLRF   01
02D6:  MOVF   1F,W
02D8:  BCF    FD8.0
02DA:  BTFSC  20.0
02DC:  ADDWF  00,F
02DE:  RRCF   00,F
02E0:  RRCF   01,F
02E2:  BTFSC  20.1
02E4:  ADDWF  00,F
02E6:  RRCF   00,F
02E8:  RRCF   01,F
02EA:  BTFSC  20.2
02EC:  ADDWF  00,F
02EE:  RRCF   00,F
02F0:  RRCF   01,F
02F2:  BTFSC  20.3
02F4:  ADDWF  00,F
02F6:  RRCF   00,F
02F8:  RRCF   01,F
02FA:  BTFSC  20.4
02FC:  ADDWF  00,F
02FE:  RRCF   00,F
0300:  RRCF   01,F
0302:  BTFSC  20.5
0304:  ADDWF  00,F
0306:  RRCF   00,F
0308:  RRCF   01,F
030A:  BTFSC  20.6
030C:  ADDWF  00,F
030E:  RRCF   00,F
0310:  RRCF   01,F
0312:  BTFSC  20.7
0314:  ADDWF  00,F
0316:  RRCF   00,F
0318:  RRCF   01,F
031A:  GOTO   0352 (RETURN)
....................  
.................... #list 
....................  
.................... #DEVICE     ADC=10 
.................... #FUSES      NOWDT,PUT,HS,NOPROTECT,NOLVP,CPUDIV1 
.................... #USE        I2C(MASTER,SLOW,SDA=PIN_B0,SCL=PIN_B1) 
.................... #USE        DELAY(CLOCK=20000000) 
*
01EC:  CLRF   FEA
01EE:  MOVLW  1C
01F0:  MOVWF  FE9
01F2:  MOVF   FEF,W
01F4:  BZ    0210
01F6:  MOVLW  06
01F8:  MOVWF  01
01FA:  CLRF   00
01FC:  DECFSZ 00,F
01FE:  BRA    01FC
0200:  DECFSZ 01,F
0202:  BRA    01FA
0204:  MOVLW  7B
0206:  MOVWF  00
0208:  DECFSZ 00,F
020A:  BRA    0208
020C:  DECFSZ FEF,F
020E:  BRA    01F6
0210:  RETURN 0
.................... #USE        rs232(baud=9600, xmit=PIN_C6,rcv=PIN_C7) 
.................... //NUT NHAN: 
.................... #DEFINE  BT0     PIN_B5 
.................... #DEFINE  BT1     PIN_B4 
.................... #DEFINE  BT2     PIN_B3 
.................... #DEFINE  BT3     PIN_B2 
....................  
.................... #DEFINE  ON      BT0       //DK LED DON, MOTOR 
.................... #DEFINE  OFF     BT1 
.................... #DEFINE  INV     BT2 
....................  
.................... #DEFINE  UP      BT0    //DK LED DON 
.................... #DEFINE  DW      BT1 
.................... #DEFINE  CLR     BT2 
.................... #DEFINE  MOD     BT3 
....................  
.................... #DEFINE  STOP    BT3 
....................  
.................... #DEFINE  ON1     BT0      
.................... #DEFINE  OFF1    BT1 
.................... #DEFINE  ON2     BT2        
.................... #DEFINE  OFF2    BT3 
....................  
....................  
.................... //XXXXXXXXXXXXXXXXXXXXXXXXXXXXXXXXXXXXXXXXXXXXXXXXX 
.................... //XXXXXXXXXXXXXXXXXXXXXXXXXXXXXXXXXXXXXXXXXXXXXXXXX 
.................... #DEFINE      SSDO             PIN_E2         //CHUNG TAT CA 
.................... #DEFINE      SSCK             PIN_E0         //CHUNG TAT CA 
....................  
.................... #DEFINE      G_ALL            PIN_D0         //A - 4 BYTE 
.................... #DEFINE      RCK_LCD20X4      PIN_D2         //A - 2 BYTE DAO 
.................... #DEFINE      RCK_BUZERELAY    PIN_D3     //B - 1 BYTE  
.................... #DEFINE      RCK_32LED        PIN_D4         //A - 4 BYTE 
.................... #DEFINE      RCK_8LEDQUET     PIN_D5         //B - 2 BYTE DAO 
.................... #DEFINE      RCK_4LED7DOAN    PIN_D6         //A - 4 BYTE 
.................... #DEFINE      RCK_MATRANLED    PIN_D7         //B - 3 BYTE DAO 
....................  
.................... VOID XUAT_LCD20X4(UNSIGNED INT8 LCD_SIGNAL,LCD_INS_HTHI); 
.................... VOID XUAT_BUZZER_RELAY(); 
....................  
.................... //XXXXXXXXXXXXXXXXXXXXXXXXXXXXXXXXXXXXXXXXXXXX 
.................... //CHUONG TRINH KIEM TRA PHIM BT1 
.................... //XXXXXXXXXXXXXXXXXXXXXXXXXXXXXXXXXXXXXXXXXXXX 
.................... UNSIGNED INT8 DL_BTN=0; 
.................... INT1 PHIM_BT0(UNSIGNED INT16 DL) 
.................... {   
....................     IF(!INPUT(BT0)) 
....................     {   
....................       DL_BTN++; 
....................       IF(DL_BTN==1) RETURN(1); 
....................       ELSE 
....................       { 
....................          IF (DL_BTN>= DL) 
....................          DL_BTN = 0; 
....................       } 
....................     } 
....................     ELSE    
....................     { 
....................       RETURN(0); 
....................     } 
.................... }  
.................... //XXXXXXXXXXXXXXXXXXXXXXXXXXXXXXXXXXXXXXXXXXXX 
.................... //CHUONG TRINH KIEM TRA PHIM BT1 
.................... //XXXXXXXXXXXXXXXXXXXXXXXXXXXXXXXXXXXXXXXXXXXX 
.................... INT1 PHIM_BT1(UNSIGNED INT16 DL ) 
.................... {   
....................     IF (!INPUT(BT1)) 
....................     {   
....................       DL_BTN++; 
....................       IF(DL_BTN==1) RETURN(1); 
....................       ELSE 
....................       { 
....................          IF (DL_BTN>= DL) 
....................          DL_BTN =0; 
....................       } 
....................     } 
....................     ELSE    
....................     { 
....................       RETURN(0); 
....................     } 
.................... }  
.................... //XXXXXXXXXXXXXXXXXXXXXXXXXXXXXXXXXXXXXXXXXXXX 
.................... //CHUONG TRINH KIEM TRA PHIM BT2       
.................... //XXXXXXXXXXXXXXXXXXXXXXXXXXXXXXXXXXXXXXXXXXXX                                     
.................... INT1 PHIM_BT2(UNSIGNED INT16 DL ) 
.................... {                                         
....................     IF (!INPUT(BT2)) 
....................     {   
....................       DL_BTN++; 
....................       IF(DL_BTN==1) RETURN(1); 
....................       ELSE 
....................       { 
....................          IF (DL_BTN>= DL) 
....................          DL_BTN =0; 
....................       } 
....................     } 
....................     ELSE    
....................     { 
....................       RETURN(0); 
....................     }                                           
.................... }       
....................  
.................... //XXXXXXXXXXXXXXXXXXXXXXXXXXXXXXXXXXXXXXXXXXXX 
.................... //CHUONG TRINH KIEM TRA PHIM BT3 
.................... //XXXXXXXXXXXXXXXXXXXXXXXXXXXXXXXXXXXXXXXXXXXX 
.................... INT1 PHIM_BT3(UNSIGNED INT16 DL,  UNSIGNED INT8 SOLAN  ) 
.................... {   
....................     IF (!INPUT(BT3)) 
....................     {   
....................       DL_BTN++; 
....................       IF(DL_BTN==1) RETURN(1); 
....................       ELSE 
....................       { 
....................          IF (DL_BTN>= DL) 
....................          DL_BTN =SOLAN; 
....................       } 
....................     } 
....................     ELSE    
....................     { 
....................       //DL_BTN =0; 
....................       RETURN(0); 
....................     } 
.................... }  
.................... //XXXXXXXXXXXXXXXXXXXXXXXXXXXXXXXXXXXXXXXXXXXX 
.................... //KHAI BAO DU LIEU 16 BIT CHO MODULE RELAY, TRIAC, BUZZER, DONG CO 
.................... //XXXXXXXXXXXXXXXXXXXXXXXXXXXXXXXXXXXXXXXXXXXX 
.................... UNSIGNED INT16 RBDC; 
.................... #BIT STEP_MOTOR_ENABLE  = RBDC.0    //1=ENA,0=DIS 
.................... #BIT STEP_MOTOR_IN1     = RBDC.1     
.................... #BIT STEP_MOTOR_IN2     = RBDC.2 
.................... #BIT STEP_MOTOR_IN3     = RBDC.3 
.................... #BIT STEP_MOTOR_IN4     = RBDC.4 
.................... #BIT DC_ENABLE          = RBDC.5    //1=ENA,0=DIS 
.................... #BIT PWRKEY             = RBDC.6    //KHOI TAO SIM900 
....................  
.................... #BIT BUZZER             = RBDC.8    //1=ON,0=OFF 
.................... #BIT TRIAC_1            = RBDC.9    //1=ON,0=OFF 
.................... #BIT TRIAC_2            = RBDC.10   //1=ON,0=OFF 
.................... #BIT RELAY_1            = RBDC.11   //0=ON,1=OFF 
.................... #BIT RELAY_2            = RBDC.12   //0=ON,1=OFF 
....................  
....................  
....................  
.................... //XXXXXXXXXXXXXXXXXXXXXXXXXXXXXXXXXXXXXXXXXXXX    
.................... CONST UNSIGNED CHAR MA7DOAN[16]= {0XC0,0XF9,0xA4,0XB0,0X99,0X92,0X82,0XF8, 
.................... 0X80,0X90,0x88, 0x83, 0xC6, 0xA1, 0x86, 0x8E}; 
.................... #DEFINE     MASO0    0XC0 
.................... #DEFINE     MASO1    0XF9 
.................... #DEFINE     MASO2    0XA4 
.................... #DEFINE     MASO3    0XB0 
.................... #DEFINE     MASO4    0X99 
.................... #DEFINE     MASO5    0X92 
.................... #DEFINE     MASO6    0X82 
.................... #DEFINE     MASO7    0XF8 
....................  
.................... //XXXXXXXXXXXXXXXXXXXXXXXXXXXXXXXXXXXXXXXXXXXX  
.................... //HAM 102 XUAT 1 BYTE RA THANH GHI DICH 
.................... //XXXXXXXXXXXXXXXXXXXXXXXXXXXXXXXXXXXXXXXXXXXX     
.................... VOID XUAT_1BYTE(UNSIGNED INT8 X) 
.................... { 
....................    UNSIGNED INT8 SB;    
....................    #BIT BSERI  = X.7 
....................    FOR(SB=0;SB<8;SB++) 
*
00BA:  CLRF   28
00BC:  MOVF   28,W
00BE:  SUBLW  07
00C0:  BNC   00DE
....................       {                                                  
....................          OUTPUT_BIT(SSDO,BSERI);     
00C2:  BTFSC  27.7
00C4:  BRA    00CA
00C6:  BCF    F8D.2
00C8:  BRA    00CC
00CA:  BSF    F8D.2
00CC:  BCF    F96.2
....................          OUTPUT_LOW(SSCK); OUTPUT_HIGH(SSCK); 
00CE:  BCF    F96.0
00D0:  BCF    F8D.0
00D2:  BCF    F96.0
00D4:  BSF    F8D.0
....................          X= X<<1;          
00D6:  BCF    FD8.0
00D8:  RLCF   27,F
00DA:  INCF   28,F
00DC:  BRA    00BC
....................      } 
00DE:  RETURN 0
.................... } 
.................... //XXXXXXXXXXXXXXXXXXXXXXXXXXXXXXXXXXXXXXXXXXXX  
.................... //HAM 301 
.................... //XXXXXXXXXXXXXXXXXXXXXXXXXXXXXXXXXXXXXXXXXXXX 
.................... //CHUONG TRINH CON XUAT 4 BYTE RA 32 LED DON 
.................... //XXXXXXXXXXXXXXXXXXXXXXXXXXXXXXXXXXXXXXXXXXXX 
.................... VOID XUAT_32LED_DON_4BYTE(UNSIGNED INT8 BLD3,BLD2,BLD1,BLD0) 
.................... {      
....................       XUAT_1BYTE(BLD3);           
....................       XUAT_1BYTE(BLD2); 
....................       XUAT_1BYTE(BLD1);           
....................       XUAT_1BYTE(BLD0);             
....................                        
....................       OUTPUT_HIGH(RCK_32LED);     
....................       OUTPUT_LOW(RCK_32LED); 
....................      
.................... } 
.................... //HAM 302 
.................... //XXXXXXXXXXXXXXXXXXXXXXXXXXXXXXXXXXXXXXXXXXXX 
.................... //CHUONG TRINH CON XUAT 2 WORD 16 BITRA 32 LED DON 
.................... //XXXXXXXXXXXXXXXXXXXXXXXXXXXXXXXXXXXXXXXXXXXX 
.................... VOID XUAT_32LED_DON_2WORD(UNSIGNED INT16 WLD1, UNSIGNED INT16 WLD0) 
.................... {      
....................      UNSIGNED INT8  B3,B2,B1,B0; 
....................      B3 = WLD1>>8;  B2 = WLD1;  
....................      B1 = WLD0>>8;  B0 = WLD0; 
....................      XUAT_32LED_DON_4BYTE(B3,B2,B1,B0); 
.................... } 
.................... //HAM 303 
.................... //XXXXXXXXXXXXXXXXXXXXXXXXXXXXXXXXXXXXXXXXXXXX 
.................... //CHUONG TRINH CON XUAT 1 DOUBLE WORD RA 32 LED DON 
.................... //XXXXXXXXXXXXXXXXXXXXXXXXXXXXXXXXXXXXXXXXXXXX 
.................... VOID XUAT_32LED_DON_1DW(UNSIGNED LONG LONG DWLD) 
.................... {      
....................      UNSIGNED INT16  WD1,WD0; 
....................      WD1 = DWLD>>16;  WD0 = DWLD; 
....................      XUAT_32LED_DON_2WORD(WD1,WD0); 
.................... } 
....................  
.................... //XXXXXXXXXXXXXXXXXXXXXXXXXXXXXXXXXXXXXXXXXXXX     
.................... //XUAT 1 BIT ROI TRA LAI KET QUA SAU KHI DICH DI 1 BIT 
.................... //XXXXXXXXXXXXXXXXXXXXXXXXXXXXXXXXXXXXXXXXXXXX     
.................... UNSIGNED  INT8 XUAT_1BIT(UNSIGNED INT8 BYTEXUAT) 
.................... { 
....................       UNSIGNED INT8   XBITX;    
....................       #BIT BSERIX  = XBITX.0 
....................       XBITX = BYTEXUAT; 
....................                                              
....................       OUTPUT_BIT(SSDO,BSERIX);     
....................       OUTPUT_LOW(SSCK); OUTPUT_HIGH(SSCK); 
....................       XBITX= XBITX>>1;    
....................       RETURN(XBITX);   
.................... } 
.................... //xxxxxxxxxxxxxxxxxxxxxxxxxxxxxxxxxxxxxxxxxxxxxxxxxxxxxxxx     
.................... //ham 103: xuat 1 word ra thanh ghi dich 
.................... //xxxxxxxxxxxxxxxxxxxxxxxxxxxxxxxxxxxxxxxxxxxxxxxxxxxxxxxx     
.................... void xuat_1word(unsigned int16 w) 
.................... {   
....................    unsigned int8 b1,b0; 
....................    b1 = w>>8; b0 = w; 
00E0:  MOVFF  1C,1D
00E4:  MOVFF  1B,1E
....................    xuat_1byte(b1);     
00E8:  MOVFF  1D,27
00EC:  RCALL  00BA
....................    xuat_1byte(b0); 
00EE:  MOVFF  1E,27
00F2:  RCALL  00BA
00F4:  RETURN 0
.................... }    
.................... //xxxxxxxxxxxxxxxxxxxxxxxxxxxxxxxxxxxxxxxxxxxxxxxxxxxxxxxx      
.................... //ham 104: xoa cac module  
.................... //xxxxxxxxxxxxxxxxxxxxxxxxxxxxxxxxxxxxxxxxxxxxxxxxxxxxxxxx   
.................... void xoa_tat_6module()                           
.................... {                                                                                               
....................    xuat_1word(0);                              
00F6:  CLRF   1C
00F8:  CLRF   1B
00FA:  RCALL  00E0
....................    xuat_1word(0);  
00FC:  CLRF   1C
00FE:  CLRF   1B
0100:  RCALL  00E0
....................    xuat_1word(0);                              
0102:  CLRF   1C
0104:  CLRF   1B
0106:  RCALL  00E0
....................    xuat_1word(0);                                     
0108:  CLRF   1C
010A:  CLRF   1B
010C:  RCALL  00E0
....................     
....................    output_high(rck_buzerelay);    
010E:  BCF    F95.3
0110:  BSF    F8C.3
....................    output_low(rck_buzerelay); 
0112:  BCF    F95.3
0114:  BCF    F8C.3
....................     
....................    output_high(rck_32led); 
0116:  BCF    F95.4
0118:  BSF    F8C.4
....................    output_low(rck_32led);  
011A:  BCF    F95.4
011C:  BCF    F8C.4
....................     
....................    output_high(rck_8ledquet);    
011E:  BCF    F95.5
0120:  BSF    F8C.5
....................    output_low(rck_8ledquet);    
0122:  BCF    F95.5
0124:  BCF    F8C.5
....................                                   
....................    output_high(rck_matranled);           
0126:  BCF    F95.7
0128:  BSF    F8C.7
....................    output_low(rck_matranled);    
012A:  BCF    F95.7
012C:  BCF    F8C.7
....................                             
....................    output_high(rck_lcd20x4);    
012E:  BCF    F95.2
0130:  BSF    F8C.2
....................    output_low(rck_lcd20x4);       
0132:  BCF    F95.2
0134:  BCF    F8C.2
....................                                                                            
....................    xuat_1word(0xffff);  
0136:  SETF   1C
0138:  SETF   1B
013A:  RCALL  00E0
....................    xuat_1word(0xffff);  
013C:  SETF   1C
013E:  SETF   1B
0140:  RCALL  00E0
....................    output_high(rck_4led7doan);        
0142:  BCF    F95.6
0144:  BSF    F8C.6
....................    output_low(rck_4led7doan);                                                                       
0146:  BCF    F95.6
0148:  BCF    F8C.6
014A:  GOTO   0166 (RETURN)
.................... }              
.................... //XXXXXXXXXXXXXXXXXXXXXXXXXXXXXXXXXXXXXXXXXXXX  
.................... //HAM 101 
.................... //XXXXXXXXXXXXXXXXXXXXXXXXXXXXXXXXXXXXXXXXXXXX     
.................... //HAM KHOI TAO CAC PORT VA IC CHOT 
.................... //XXXXXXXXXXXXXXXXXXXXXXXXXXXXXXXXXXXXXXXXXXXX     
.................... VOID SET_UP_PORT_IC_CHOT() 
.................... {      
....................    set_tris_a(0xff);    set_tris_b(0x3c);                                                    
014E:  MOVLW  FF
0150:  MOVWF  F92
0152:  MOVLW  3C
0154:  MOVWF  F93
....................    set_tris_c(0xf1);    set_tris_e(0x00);                                                
0156:  MOVLW  F1
0158:  MOVWF  F94
015A:  MOVLW  00
015C:  MOVWF  F96
....................    set_tris_d(0x00);     
015E:  MOVWF  F95
....................    output_d(0x00);  
0160:  CLRF   F95
0162:  CLRF   F8C
....................    xoa_tat_6module(); 
0164:  BRA    00F6
....................    port_b_pullups(0xff);           
0166:  BCF    FF1.7
....................    rbdc=0;                
0168:  CLRF   06
016A:  CLRF   05
....................              
....................    setup_adc(adc_clock_div_32);         
016C:  MOVF   FC0,W
016E:  ANDLW  C0
0170:  IORLW  02
0172:  MOVWF  FC0
0174:  BSF    FC0.7
0176:  BSF    FC2.0
....................    setup_adc_ports(an0_to_an2|vss_vdd);  
0178:  MOVF   FC1,W
017A:  ANDLW  C0
017C:  IORLW  0C
017E:  MOVWF  FC1
....................    output_low(g_all);         
0180:  BCF    F95.0
0182:  BCF    F8C.0
0184:  GOTO   03BE (RETURN)
.................... } 
.................... //HAM 104 
....................  
.................... //XXXXXXXXXXXXXXXXXXXXXXXXXXXXXXXXXXXXXXXXXXXX 
.................... //CHUONG TRINH CON XUAT 4 BYTE RA 4 LED 7 DOAN 
.................... //XXXXXXXXXXXXXXXXXXXXXXXXXXXXXXXXXXXXXXXXXXXX 
.................... VOID XUAT_4LED_7DOAN_4SO(UNSIGNED INT BL743,BL742,BL741,BL740) 
.................... {      
....................       XUAT_1BYTE(BL740);   XUAT_1BYTE(BL741); 
....................       XUAT_1BYTE(BL742);   XUAT_1BYTE(BL743);        
....................       OUTPUT_LOW(RCK_4LED7DOAN);    
....................       OUTPUT_HIGH(RCK_4LED7DOAN); 
....................  
.................... } 
.................... //ham 404 
.................... VOID XUAT_4LED_7DOAN_3SO(UNSIGNED INT BL742,BL741,BL740) 
.................... {      
....................      XUAT_4LED_7DOAN_4SO(0XFF,BL742,BL741,BL740); 
.................... } 
.................... //ham 403 
.................... VOID XUAT_4LED_7DOAN_2SO(UNSIGNED INT BL741,BL740) 
.................... {      
....................      XUAT_4LED_7DOAN_4SO(0XFF,0XFF,BL741,BL740); 
.................... } 
.................... //ham 402 
.................... VOID XUAT_4LED_7DOAN_1SO(UNSIGNED INT BL740) 
.................... {      
....................      XUAT_4LED_7DOAN_4SO(0XFF,0XFF,0XFF,BL740); 
.................... } 
....................  
.................... //ham 405 
.................... //XXXXXXXXXXXXXXXXXXXXXXXXXXXXXXXXXXXXXXXXXXXXXXXXXXXXXXXXXXXXX 
.................... //CHUONG TRINH CON HIEN THI DU LIEU 16 BIT TREN 4 LED 7 DOAN 
.................... //XXXXXXXXXXXXXXXXXXXXXXXXXXXXXXXXXXXXXXXXXXXXXXXXXXXXXXXXXXXXX 
.................... UNSIGNED CHAR DONVI4,CHUC4,TRAM4,NGAN4; 
.................... VOID  XUAT_4LED_7DOAN_GIAIMA_XOA_SO0 (UNSIGNED INT16 TAM) 
.................... {          
....................       DONVI4 = MA7DOAN[TAM %10];          
....................       CHUC4  = MA7DOAN[TAM/10%10]; 
....................       TRAM4  = MA7DOAN[TAM/100%10];  
....................       NGAN4  = MA7DOAN[TAM/1000%10];        
....................       IF (NGAN4==0XC0) 
....................       { 
....................          NGAN4=0XFF; 
....................          IF (TRAM4==0XC0) 
....................          { 
....................             TRAM4=0XFF; 
....................             IF (CHUC4==0XC0)   CHUC4=0XFF; 
....................          } 
....................       } 
....................       XUAT_4LED_7DOAN_4SO(NGAN4,TRAM4,CHUC4,DONVI4);    
.................... } 
....................  
.................... void  XUAT_4LED_7DOAN_2_SO (unsigned int8 BH,BL) 
.................... {          
....................  XUAT_4LED_7DOAN_4SO(MA7DOAN[BH/10],MA7DOAN[BH%10],MA7DOAN[BL/10],MA7DOAN[BL%10]);    
.................... } 
....................  
.................... UNSIGNED INT8 LCDDATA=0;  
.................... UNSIGNED INT8 LCDCONTROL=0; 
.................... UNSIGNED INT8 GLCDDATA=0; 
.................... UNSIGNED INT8 GLCDCONTROL=0;  
.................... //HAM 701 
.................... //XXXXXXXXXXXXXXXXXXXXXXXXXXXXXXXXXXXXXXXXXXXXXXXXXXXXXXXXXXXXX 
.................... //CHUONG TRINH CON XUAT DU LIEU 4 BYTE RA GLCD VA LCD 
.................... //XXXXXXXXXXXXXXXXXXXXXXXXXXXXXXXXXXXXXXXXXXXXXXXXXXXXXXXXXXXXX 
.................... VOID XUAT_GLCD_LCD() 
.................... {       
....................     XUAT_1BYTE(GLCDCONTROL);              
0188:  MOVFF  0E,27
018C:  RCALL  00BA
....................     XUAT_1BYTE(GLCDDATA); 
018E:  MOVFF  0D,27
0192:  RCALL  00BA
....................     XUAT_1BYTE(LCDCONTROL);        
0194:  MOVFF  0C,27
0198:  RCALL  00BA
....................     XUAT_1BYTE(LCDDATA);       
019A:  MOVFF  0B,27
019E:  RCALL  00BA
....................           
....................     OUTPUT_HIGH(RCK_LCD20X4);      
01A0:  BCF    F95.2
01A2:  BSF    F8C.2
....................     OUTPUT_LOW(RCK_LCD20X4); 
01A4:  BCF    F95.2
01A6:  BCF    F8C.2
01A8:  GOTO   01BA (RETURN)
.................... } 
.................... //HAM 702 
.................... VOID XUAT_LCD20X4(UNSIGNED INT8 LCD_SIGNAL,LCD_INS_HTHI) 
.................... {      
....................     LCDCONTROL = ~LCD_SIGNAL; 
01AC:  MOVF   25,W
01AE:  MOVWF  0C
01B0:  COMF   0C,F
....................     LCDDATA    = ~LCD_INS_HTHI;       
01B2:  MOVFF  26,0B
01B6:  COMF   0B,F
....................     XUAT_GLCD_LCD(); 
01B8:  BRA    0188
01BA:  RETURN 0
.................... } 
.................... //HAM 703 
.................... VOID XUAT_GLCD128X64(UNSIGNED INT8 GLCD_SIGNAL,GLCD_INS_HTHI) 
.................... {      
....................     GLCDCONTROL = ~GLCD_SIGNAL; 
....................     GLCDDATA    = ~GLCD_INS_HTHI;      
....................     XUAT_GLCD_LCD(); 
.................... } 
.................... //HAM 501 
.................... //XXXXXXXXXXXXXXXXXXXXXXXXXXXXXXXXXXXXXXXXXXXX 
.................... //CHUONG TRINH CON XUAT 2 BYTE RA DK 1 LED QUET SANG 
.................... //XXXXXXXXXXXXXXXXXXXXXXXXXXXXXXXXXXXXXXXXXXXX 
.................... VOID XUAT_8LED_7DOAN_QUET_1(UNSIGNED INT MA,SO_HTHI) 
.................... {      
....................       XUAT_1BYTE(~MA);    
....................       XUAT_1BYTE(~SO_HTHI); 
....................       OUTPUT_HIGH(RCK_8LEDQUET);  
....................       OUTPUT_LOW(RCK_8LEDQUET); 
.................... } 
.................... //HAM 502 
.................... //XXXXXXXXXXXXXXXXXXXXXXXXXXXXXXXXXXXXXXXXXXXX 
.................... //CHUONG TRINH CON XUAT 2 BYTE RA TAT 8 LED QUET 
.................... //XXXXXXXXXXXXXXXXXXXXXXXXXXXXXXXXXXXXXXXXXXXX 
.................... VOID XUAT_8LED_7DOAN_QUET_TAT_LED() 
.................... { 
....................    XUAT_8LED_7DOAN_QUET_1(0XFF,0XFF); 
.................... } 
.................... //HAM 503 
.................... //XXXXXXXXXXXXXXXXXXXXXXXXXXXXXXXXXXXXXXXXXXXX 
.................... //CHUONG TRINH CON HIEN THI LED THEO THU TU 
.................... //XXXXXXXXXXXXXXXXXXXXXXXXXXXXXXXXXXXXXXXXXXXX 
.................... CONST UNSIGNED CHAR TTLEDQUET[8]= {0x7F,0xBF,0xDF,0xEF,0xF7,0xFB,0xFD,0xFE}; 
.................... VOID XUAT_8LED_7DOAN_QUET_2(UNSIGNED INT THUTULED,SO_HTHI) 
.................... {          
....................       XUAT_1BYTE(~ (TTLEDQUET[THUTULED]));    
....................       XUAT_1BYTE(~SO_HTHI);      
....................       OUTPUT_HIGH(RCK_8LEDQUET);  
....................       OUTPUT_LOW(RCK_8LEDQUET); 
.................... } 
.................... //HAM 504 
.................... //XXXXXXXXXXXXXXXXXXXXXXXXXXXXXXXXXXXXXXXXXXXX 
.................... //CHUONG TRINH CON HIEN THI 8 SO TREN 8 LED QUET - CO KIEM TRA 
.................... //XXXXXXXXXXXXXXXXXXXXXXXXXXXXXXXXXXXXXXXXXXXX 
.................... UNSIGNED CHAR LED_7DQ[8]={0XFF,0XFF,0XFF,0XFF,0XFF,0XFF,0XFF,0XFF}; 
.................... UNSIGNED INT8 TT8LED=0; 
.................... VOID HIEN_THI_8LED_7DOAN_QUET() 
.................... {      
....................       FOR(TT8LED=0;TT8LED<8;TT8LED++) 
....................          IF (LED_7DQ[TT8LED]!=0XFF) 
....................          {            
....................             XUAT_8LED_7DOAN_QUET_2(TT8LED, LED_7DQ[TT8LED]); 
....................             DELAY_US(100); 
....................             XUAT_8LED_7DOAN_QUET_TAT_LED();            
....................             } 
.................... } 
.................... //HAM 505 
.................... //XXXXXXXXXXXXXXXXXXXXXXXXXXXXXXXXXXXXXXXXXXXX 
.................... //CHUONG TRINH CON HIEN THI 8 SO TREN 8 LED QUET - KHONG KIEM TRA 
.................... //XXXXXXXXXXXXXXXXXXXXXXXXXXXXXXXXXXXXXXXXXXXX 
.................... VOID HIEN_THI_8LED_7DOAN_QUET_ALL() 
.................... {      
....................       FOR(TT8LED=0;TT8LED<8;TT8LED++)          
....................          {            
....................             XUAT_8LED_7DOAN_QUET_2(TT8LED, LED_7DQ[TT8LED]); 
....................             DELAY_US(100); 
....................             XUAT_8LED_7DOAN_QUET_TAT_LED();            
....................             } 
.................... } 
....................  
.................... VOID DELAY_QUET_8LED(UNSIGNED INT16 DL) 
.................... {  
....................       UNSIGNED INT8 I; 
....................       FOR (I=0; I<DL;I++) 
....................       HIEN_THI_8LED_7DOAN_QUET_ALL(); 
.................... }  
....................  
.................... VOID GIAI_MA_GAN_CHO_8LED_QUET_16_XOA(UNSIGNED INT16 X) 
.................... {      
....................       LED_7DQ[0]= MA7DOAN [X %10];     
....................       LED_7DQ[1]= MA7DOAN [X/10%10]; 
....................       LED_7DQ[2]= MA7DOAN [X/100%10];     
....................       LED_7DQ[3]= MA7DOAN [X/1000%10]; 
....................       LED_7DQ[4]= MA7DOAN [X/10000%10]; 
....................       IF (LED_7DQ[4]==MASO0)  
....................       { 
....................             LED_7DQ[4]=0XFF; 
....................             IF (LED_7DQ[3]==MASO0)  
....................             { 
....................                LED_7DQ[3]=0XFF; 
....................                IF (LED_7DQ[2]==MASO0)  
....................                { 
....................                   LED_7DQ[2]=0XFF; 
....................                   IF (LED_7DQ[1]==MASO0)  
....................                   { 
....................                      LED_7DQ[1]=0XFF; 
....................                   } 
....................                } 
....................             } 
....................       } 
....................              
.................... } 
....................  
....................  
.................... //XXXXXXXXXXXXXXXXXXXXXXXXXXXXXXXXXXXXXXXXXXXX          
.................... VOID XUAT_2BYTE(UNSIGNED INT16 X) 
.................... { 
....................    INT8 SBB; 
....................    #BIT BSERIX  = X.15 
....................    FOR (SBB=0;SBB<16;SBB++) 
....................       {                                                  
....................          OUTPUT_BIT(SSDO,BSERIX);     
....................          OUTPUT_LOW(SSCK);          
....................          OUTPUT_HIGH(SSCK); 
....................          X= X<<1;          
....................      } 
.................... } 
.................... //XXXXXXXXXXXXXXXXXXXXXXXXXXXXXXXXXXXXXXXXXXXX 
.................... //CHUONG TRINH CON XUAT RA LED MA TRAN 
.................... //XXXXXXXXXXXXXXXXXXXXXXXXXXXXXXXXXXXXXXXXXXXX 
.................... VOID XUAT_MATRANLED(UNSIGNED INT16 MAHANG,UNSIGNED INT16 MACOT1, 
.................... UNSIGNED INT16 MACOT2,UNSIGNED INT16 MACOT3) 
.................... {       
....................       XUAT_2BYTE(MACOT3); 
....................       XUAT_2BYTE(MACOT2); 
....................       XUAT_2BYTE(MACOT1); 
....................       XUAT_2BYTE(MAHANG);      
....................  
....................       OUTPUT_HIGH(RCK_MATRANLED);  
....................       OUTPUT_LOW(RCK_MATRANLED); 
.................... } 
.................... //XXXXXXXXXXXXXXXXXXXXXXXXXXXXXXXXXXXXXXXXXXXX 
.................... //CHUONG TRINH CON XUAT RA LED MA TRAN 
.................... //XXXXXXXXXXXXXXXXXXXXXXXXXXXXXXXXXXXXXXXXXXXX 
.................... VOID TAT_MATRANLED() 
.................... {       
....................       XUAT_2BYTE(0); 
....................       XUAT_2BYTE(0); 
....................       XUAT_2BYTE(0); 
....................       XUAT_2BYTE(0);            
....................       OUTPUT_HIGH(RCK_MATRANLED); OUTPUT_LOW(RCK_MATRANLED);  
.................... } 
.................... UNSIGNED  INT8 HIEU_CHINH_4BIT_CAO(UNSIGNED INT8 XZY) 
.................... { 
....................       INT1  BTG; 
....................       UNSIGNED INT8   BX;    
....................       #BIT BIT4  = BX.4 
....................       #BIT BIT5  = BX.5 
....................       #BIT BIT6  = BX.6 
....................       #BIT BIT7  = BX.7 
....................       BX=XZY; 
....................       BTG=BIT4;   BIT4=BIT7;  BIT7=BTG; 
....................       BTG=BIT5;   BIT5=BIT6;  BIT6=BTG;       
....................       RETURN(BX);   
.................... } 
.................... //HAM 601 
.................... //XXXXXXXXXXXXXXXXXXXXXXXXXXXXXXXXXXXXXXXXXXXXXXXXXXXX 
.................... //MODULE DIEU KHIEN RELAY,TRIAC, BUZZER, DONG CO, SIM 
.................... //XXXXXXXXXXXXXXXXXXXXXXXXXXXXXXXXXXXXXXXXXXXXXXXXXXXX 
.................... VOID XUAT_BUZZER_RELAY() 
.................... {      
....................    UNSIGNED INT8 RBDC1,RBDC2; 
....................       RBDC1=RBDC; RBDC2=RBDC>>8;       
....................       XUAT_1BYTE(RBDC2);       
....................       XUAT_1BYTE(RBDC1); 
....................        
....................       OUTPUT_HIGH(RCK_BUZERELAY);    
....................       OUTPUT_LOW(RCK_BUZERELAY); 
.................... } 
.................... //HAM 602 
.................... //XXXXXXXXXXXXXXXXXXXXXXXXXXXXXXXXXXXXXXXXXXXXXXXXXXXX 
.................... VOID BUZZER_ON() 
.................... {     
....................       BUZZER=1; 
....................       XUAT_BUZZER_RELAY();          
.................... } 
.................... //HAM 603 
.................... //XXXXXXXXXXXXXXXXXXXXXXXXXXXXXXXXXXXXXXXXXXXXXXXXXXXX 
.................... VOID BUZZER_OFF() 
.................... {      
....................       BUZZER=0; 
....................       XUAT_BUZZER_RELAY(); 
.................... } 
.................... //HAM 604 
.................... //XXXXXXXXXXXXXXXXXXXXXXXXXXXXXXXXXXXXXXXXXXXXXXXXXXXX 
.................... VOID RELAY_1_ON() 
.................... {     
....................       RELAY_1=1; 
....................       XUAT_BUZZER_RELAY();          
.................... } 
.................... //HAM 603 
.................... //XXXXXXXXXXXXXXXXXXXXXXXXXXXXXXXXXXXXXXXXXXXXXXXXXXXX 
.................... VOID RELAY_1_OFF() 
.................... {     
....................       RELAY_1=0; 
....................       XUAT_BUZZER_RELAY();          
.................... } 
.................... //HAM 604 
.................... //XXXXXXXXXXXXXXXXXXXXXXXXXXXXXXXXXXXXXXXXXXXXXXXXXXXX 
.................... VOID RELAY_2_ON() 
.................... {     
....................       RELAY_2=1; 
....................       XUAT_BUZZER_RELAY();          
.................... } 
.................... //HAM 607 
.................... //XXXXXXXXXXXXXXXXXXXXXXXXXXXXXXXXXXXXXXXXXXXXXXXXXXXX 
.................... VOID RELAY_2_OFF() 
.................... {     
....................       RELAY_2=0; 
....................       XUAT_BUZZER_RELAY();          
.................... } 
.................... //HAM 608 
.................... //XXXXXXXXXXXXXXXXXXXXXXXXXXXXXXXXXXXXXXXXXXXXXXXXXXXX 
.................... VOID RELAY_1_RELAY_2_ON() 
.................... {     
....................       RELAY_1=1;  RELAY_2=1; 
....................       XUAT_BUZZER_RELAY();          
.................... } 
.................... //HAM 609 
.................... //XXXXXXXXXXXXXXXXXXXXXXXXXXXXXXXXXXXXXXXXXXXXXXXXXXXX 
.................... VOID RELAY_1_RELAY_2_OFF() 
.................... {     
....................       RELAY_1=0;  RELAY_2=0; 
....................       XUAT_BUZZER_RELAY();          
.................... } 
.................... //HAM 610 
.................... //XXXXXXXXXXXXXXXXXXXXXXXXXXXXXXXXXXXXXXXXXXXXXXXXXXXX 
.................... VOID TRIAC_1_ON() 
.................... {     
....................       TRIAC_1=1; 
....................       XUAT_BUZZER_RELAY();          
.................... } 
.................... //HAM 611 
.................... //XXXXXXXXXXXXXXXXXXXXXXXXXXXXXXXXXXXXXXXXXXXXXXXXXXXX 
.................... VOID TRIAC_1_OFF() 
.................... {     
....................       TRIAC_1=0; 
....................       XUAT_BUZZER_RELAY();          
.................... } 
.................... //HAM 612 
.................... //XXXXXXXXXXXXXXXXXXXXXXXXXXXXXXXXXXXXXXXXXXXXXXXXXXXX 
.................... VOID TRIAC_2_ON() 
.................... {     
....................       TRIAC_2=1; 
....................       XUAT_BUZZER_RELAY();          
.................... } 
.................... //HAM 613 
.................... //XXXXXXXXXXXXXXXXXXXXXXXXXXXXXXXXXXXXXXXXXXXXXXXXXXXX 
.................... VOID TRIAC_2_OFF() 
.................... {     
....................       TRIAC_2=0; 
....................       XUAT_BUZZER_RELAY();          
.................... } 
.................... //XXXXXXXXXXXXXXXXXXXXXXXXXXXXXXXXXXXXXXXXXXXX 
....................  
.................... VOID GGMMAA() 
.................... { 
....................    UNSIGNED INT8   X;    
....................    X=MA7DOAN[1]; 
.................... } 
....................  
....................  
.................... //!#include <tv_pickit2_shift_1_proteus.c> 
.................... #include <tv_pickit2_shift_lcd.c> 
.................... UNSIGNED INT8 LCD_CONTROL;   
.................... #bit LCD_P = LCD_CONTROL.3 
.................... #bit LCD_RS = LCD_CONTROL.2 
.................... #bit LCD_RW = LCD_CONTROL.1 
.................... #bit LCD_E  = LCD_CONTROL.0 
....................  
.................... #DEFINE LCD_FUNCTION_SET       0X38 
.................... #DEFINE LCD_DISPLAY_CONTROL    0X0C 
.................... #DEFINE LCD_CLEAR_DISPLAY      0X01 
.................... #DEFINE LCD_ENTRY_MODE         0X06 
.................... #DEFINE LCD_SHIFT_LEFT         0X18 
.................... #DEFINE LCD_SHIFT_RIGHT        0X1C 
....................  
.................... #DEFINE LCD_ADDR_LINE1         0X80 
.................... #DEFINE LCD_ADDR_LINE2         0XC0 
.................... #DEFINE LCD_ADDR_LINE3         0X94 
.................... #DEFINE LCD_ADDR_LINE4         0XD4 
....................  
.................... VOID LCD_XUAT_8BIT(INT8 LCD_DATA_X) 
.................... { 
....................       LCD_E=1; XUAT_LCD20X4(LCD_CONTROL,LCD_DATA_X);      
01BC:  BSF    18.0
01BE:  MOVFF  18,25
01C2:  MOVFF  24,26
01C6:  RCALL  01AC
....................       LCD_E=0; XUAT_LCD20X4(LCD_CONTROL,LCD_DATA_X);  
01C8:  BCF    18.0
01CA:  MOVFF  18,25
01CE:  MOVFF  24,26
01D2:  RCALL  01AC
01D4:  RETURN 0
.................... } 
.................... void LCD_COMMAND(INT8 LCD_DATA_X)    
....................   { 
....................       LCD_RS = 0; 
01D6:  BCF    18.2
....................       LCD_XUAT_8BIT(LCD_DATA_X); 
01D8:  MOVFF  23,24
01DC:  RCALL  01BC
....................       DELAY_US(20); 
01DE:  MOVLW  20
01E0:  MOVWF  00
01E2:  DECFSZ 00,F
01E4:  BRA    01E2
01E6:  BRA    01E8
01E8:  NOP   
01EA:  RETURN 0
....................   } 
.................... void LCD_DATA(INT8 LCD_DATA_X)        
....................   { 
....................       LCD_RS = 1;      
*
025A:  BSF    18.2
....................       LCD_XUAT_8BIT(LCD_DATA_X); 
025C:  MOVFF  20,24
0260:  RCALL  01BC
....................       DELAY_US(20); 
0262:  MOVLW  20
0264:  MOVWF  00
0266:  DECFSZ 00,F
0268:  BRA    0266
026A:  BRA    026C
026C:  NOP   
026E:  RETURN 0
....................   } 
....................    
.................... VOID SETUP_LCD () 
.................... {                      
....................          LCD_E  = 0;  
*
0212:  BCF    18.0
....................          LCD_RW = 0;  
0214:  BCF    18.1
....................          LCD_RS = 1;  
0216:  BSF    18.2
....................          LCD_P =0; 
0218:  BCF    18.3
....................          LCD_COMMAND(LCD_FUNCTION_SET);          
021A:  MOVLW  38
021C:  MOVWF  23
021E:  RCALL  01D6
....................          DELAY_US(40); 
0220:  MOVLW  42
0222:  MOVWF  00
0224:  DECFSZ 00,F
0226:  BRA    0224
0228:  NOP   
....................          LCD_COMMAND(LCD_DISPLAY_CONTROL);    
022A:  MOVLW  0C
022C:  MOVWF  23
022E:  RCALL  01D6
....................          DELAY_US(40); 
0230:  MOVLW  42
0232:  MOVWF  00
0234:  DECFSZ 00,F
0236:  BRA    0234
0238:  NOP   
....................          LCD_COMMAND(LCD_CLEAR_DISPLAY);       
023A:  MOVLW  01
023C:  MOVWF  23
023E:  RCALL  01D6
....................          DELAY_MS(2); 
0240:  MOVLW  02
0242:  MOVWF  1C
0244:  RCALL  01EC
....................          LCD_COMMAND(LCD_ENTRY_MODE);        
0246:  MOVLW  06
0248:  MOVWF  23
024A:  RCALL  01D6
....................          DELAY_US(40);                 
024C:  MOVLW  42
024E:  MOVWF  00
0250:  DECFSZ 00,F
0252:  BRA    0250
0254:  NOP   
0256:  GOTO   03C0 (RETURN)
.................... } 
....................  
.................... CONST UNSIGNED CHAR LCD_SO_X[11][6] ={ 
....................                   0,1,2,5,3,4,               // SO 0 
....................                   1,2,32,3,7,3,              // SO 1 
....................                   6,6,2,5,3,3,               // SO 2 
....................                   6,6,2,3,3,4,               // SO 3 
....................                   7,3,7,32,32,7,             // SO 4 
....................                   7,6,6,3,3,4,               // SO 5 
....................                   0,6,6,5,3,4,               // SO 6 
....................                   1,1,7,32,32,7,             // SO 7 
....................                   0,6,2,5,3,4,               // SO 8 
....................                   0,6,2,3,3,4, 
....................                   32,32,32,32,32,32};             // SO 9 
....................                    
.................... CONST UNSIGNED CHAR LCD_SO_XX[10][9] ={ 
....................                   0,1,2,7,32,7,5,3,4,               // SO 0 
....................                   1,2,32,3,7,3,              // SO 1 
....................                   6,6,2,5,3,3,               // SO 2 
....................                   6,6,2,3,3,4,               // SO 3 
....................                   7,3,7,32,32,7,             // SO 4 
....................                   7,6,6,3,3,4,               // SO 5 
....................                   0,6,6,5,3,4,               // SO 6 
....................                   1,1,7,32,32,7,             // SO 7 
....................                   0,6,2,5,3,4,               // SO 8 
....................                   0,6,2,3,3,4};             // SO 9          
.................... //!CONST UNSIGNED CHAR LCD_SO_X[10][6] = 
.................... //!{ 
.................... //!                  0,1,2,3,4,5,               // SO 0 
.................... //!                  1,2,32,3,7,3,              // SO 1 
.................... //!                  6,6,2,4,3,3,               // SO 2 
.................... //!                  6,6,2,3,3,5,               // SO 3 
.................... //!                  7,3,7,32,32,7,             // SO 4 
.................... //!                  7,6,6,3,3,5,               // SO 5 
.................... //!                  0,6,6,4,3,5,               // SO 6 
.................... //!                  1,1,7,32,32,7,             // SO 7 
.................... //!                  0,6,2,4,3,5,               // SO 8 
.................... //!                  0,6,2,3,3,5};             // SO 9    
....................                    
.................... CONST UNSIGNED CHAR LCD_MA_8DOAN[] = { 
....................    0x07,0x0F,0x1F,0x1F,0x1F,0x1F,0x1F,0x1F,  //DOAN F - 0 
....................    0x1F,0x1F,0x1F,0X00,0X00,0X00,0X00,0X00,  //DOAN A - 1 
....................    0x1C,0x1E,0x1F,0x1F,0x1F,0x1F,0x1F,0x1F,  //DOAN B - 2 
....................    0X00,0X00,0X00,0X00,0X00,0x1F,0x1F,0x1F,  //DOAN D - 3 
....................    0x1F,0x1F,0x1F,0x1F,0x1F,0x1F,0x1E,0x1C,  //DOAN C - 4 
....................    0x1F,0x1F,0x1F,0x1F,0x1F,0x1F,0x0F,0x07,  //DOAN E - 5 
....................    0x1F,0x1F,0x1F,0X00,0X00,0X00,0x1F,0x1F,  //DOAN G+D-6  
....................    0x1F,0x1F,0x1F,0x1F,0x1F,0x1F,0x1F,0x1F}; //DOAN I  -7 
....................     
.................... VOID LCD_GOTO_XY(SIGNED INT8 X, SIGNED INT8 Y) 
.................... {  
....................    CONST UNSIGNED INT8 LCD_VITRI[]={0x80,0xC0,0x94,0xD4}; 
....................    LCD_COMMAND(LCD_VITRI[X]+Y); 
*
02B8:  CLRF   03
02BA:  MOVF   20,W
02BC:  MOVFF  FF2,22
02C0:  BCF    FF2.7
02C2:  RCALL  00A6
02C4:  BTFSC  22.7
02C6:  BSF    FF2.7
02C8:  ADDWF  21,W
02CA:  MOVWF  22
02CC:  MOVWF  23
02CE:  RCALL  01D6
02D0:  RETURN 0
.................... } 
....................  
.................... VOID XXX() 
.................... {  
....................    SIGNED INT8 X; 
....................    X= LCD_SO_X[0][0]; 
....................    X= LCD_MA_8DOAN[0]; 
.................... } 
....................  
.................... signed INT8 i, j; 
.................... void lcd_hienthi_so_z_toado_xy(SIGNED int8 lcd_so, x1, y1) 
.................... { 
....................    lcd_GOTO_xy (x1, y1) ; 
*
031E:  MOVFF  1D,20
0322:  MOVFF  1E,21
0326:  RCALL  02B8
....................    FOR (i = 0; i < 6; i++) //mot so LCD duoc tao thanh tu 6 phan, 3 tren, 3 duoi 
0328:  CLRF   19
032A:  BTFSC  19.7
032C:  BRA    0334
032E:  MOVF   19,W
0330:  SUBLW  05
0332:  BNC   037C
....................    { 
....................       IF (i == 3) lcd_goto_xy (x1 + 1, y1); 
0334:  MOVF   19,W
0336:  SUBLW  03
0338:  BNZ   0348
033A:  MOVLW  01
033C:  ADDWF  1D,W
033E:  MOVWF  1F
0340:  MOVWF  20
0342:  MOVFF  1E,21
0346:  RCALL  02B8
....................       lcd_data (lcd_so_x[lcd_so][i]) ; 
0348:  MOVFF  1C,1F
034C:  MOVLW  06
034E:  MOVWF  20
0350:  BRA    02D2
0352:  MOVF   01,W
0354:  CLRF   20
0356:  MOVWF  1F
0358:  CLRF   03
035A:  MOVF   19,W
035C:  ADDWF  1F,W
035E:  MOVWF  01
0360:  MOVF   20,W
0362:  ADDWFC 03,F
0364:  MOVF   01,W
0366:  MOVFF  FF2,1F
036A:  BCF    FF2.7
036C:  RCALL  0004
036E:  BTFSC  1F.7
0370:  BSF    FF2.7
0372:  MOVWF  1F
0374:  MOVWF  20
0376:  RCALL  025A
0378:  INCF   19,F
037A:  BRA    032A
....................    } 
037C:  RETURN 0
.................... } 
....................  
.................... void main() 
037E:  CLRF   FF8
0380:  BCF    FD0.7
0382:  BSF    FB8.3
0384:  MOVLW  08
0386:  MOVWF  FAF
0388:  MOVLW  02
038A:  MOVWF  FB0
038C:  MOVLW  A6
038E:  MOVWF  FAC
0390:  MOVLW  90
0392:  MOVWF  FAB
0394:  CLRF   04
0396:  CLRF   0B
0398:  CLRF   0C
039A:  CLRF   0D
039C:  CLRF   0E
039E:  CLRF   17
03A0:  MOVF   FC1,W
03A2:  ANDLW  C0
03A4:  IORLW  0F
03A6:  MOVWF  FC1
03A8:  MOVLW  07
03AA:  MOVWF  FB4
03AC:  SETF   0F
03AE:  SETF   10
03B0:  SETF   11
03B2:  SETF   12
03B4:  SETF   13
03B6:  SETF   14
03B8:  SETF   15
03BA:  SETF   16
.................... { 
....................    set_up_port_ic_chot () ; 
03BC:  BRA    014E
....................    setup_lcd () ; 
03BE:  BRA    0212
....................    WHILE (true) 
....................    { 
....................       FOR (j = 0; j < 99; j++) 
03C0:  CLRF   1A
03C2:  BTFSC  1A.7
03C4:  BRA    03CC
03C6:  MOVF   1A,W
03C8:  SUBLW  62
03CA:  BNC   0440
....................       { 
....................          lcd_command (0x40) ; 
03CC:  MOVLW  40
03CE:  MOVWF  23
03D0:  RCALL  01D6
....................          FOR (i = 0; i < 64; i++) { lcd_data (lcd_ma_8doan[i]);  } 
03D2:  CLRF   19
03D4:  BTFSC  19.7
03D6:  BRA    03DE
03D8:  MOVF   19,W
03DA:  SUBLW  3F
03DC:  BNC   03F8
03DE:  CLRF   03
03E0:  MOVF   19,W
03E2:  MOVFF  FF2,1B
03E6:  BCF    FF2.7
03E8:  RCALL  0056
03EA:  BTFSC  1B.7
03EC:  BSF    FF2.7
03EE:  MOVWF  1B
03F0:  MOVWF  20
03F2:  RCALL  025A
03F4:  INCF   19,F
03F6:  BRA    03D4
....................          lcd_hienthi_so_z_toado_xy (j/10, 2, 0);          
03F8:  MOVFF  1A,1B
03FC:  MOVLW  0A
03FE:  MOVWF  1C
0400:  RCALL  0270
0402:  MOVFF  01,1B
0406:  MOVFF  01,1C
040A:  MOVLW  02
040C:  MOVWF  1D
040E:  CLRF   1E
0410:  RCALL  031E
....................          lcd_hienthi_so_z_toado_xy (j%10, 2, 4); 
0412:  MOVFF  1A,1B
0416:  MOVLW  0A
0418:  MOVWF  1C
041A:  RCALL  0270
041C:  MOVFF  00,1B
0420:  MOVFF  00,1C
0424:  MOVLW  02
0426:  MOVWF  1D
0428:  MOVLW  04
042A:  MOVWF  1E
042C:  RCALL  031E
....................          delay_ms (1000) ; 
042E:  MOVLW  04
0430:  MOVWF  1B
0432:  MOVLW  FA
0434:  MOVWF  1C
0436:  RCALL  01EC
0438:  DECFSZ 1B,F
043A:  BRA    0432
043C:  INCF   1A,F
043E:  BRA    03C2
....................       } 
0440:  BRA    03C0
.................... //!      j = 0; 
....................    } 
.................... } 
....................  
0442:  SLEEP 
....................  

Configuration Fuses:
   Word  1: CC27   PLL12 CPUDIV1 USBDIV HS FCMEN IESO
   Word  2: 1E3E   PUT BROWNOUT BORV21 VREGEN NOWDT WDT32768
   Word  3: 8700   CCP2C1 PBADEN LPT1OSC MCLR
   Word  4: 00A1   STVREN NOLVP ICSP2 NOXINST NODEBUG
   Word  5: C00F   NOPROTECT NOCPB NOCPD
   Word  6: E00F   NOWRT NOWRTC NOWRTB NOWRTD
   Word  7: 400F   NOEBTR NOEBTRB
