
ROM used:   1120/32768 (3%)
            1120/32768 (3%) including unused fragments

            0.7 Average locations per line
            3.4 Average locations per statement

RAM used:   50/2048 (2%) at main() level
            59/2048 (3%) worst case

Stack used: 7 worst case (7 in main + 0 for interrupts)
Stack size: 31

Lines Stmts  %   Files
----- ----- ---  -----
   76    24   7  BAI_623_LCD_KEY4X4_DICH_4HANG_1234.c
  627   233  70  tv_pickit2_shift_1.c
  837     0   0  ..\..\..\..\Program Files (x86)\PICC\Devices\18F4550.H
   62    52  16  tv_pickit2_shift_key4x4_138.c
  112    25   7  tv_pickit2_shift_lcd.c
----- -----
 1714   334 Total

Page ROM  %  RAM   Vol Diff  Functions:
---- --- --- ---   --- ----  ----------
0     38   2    1             @delay_ms1
0     38   2    2   234  4.3  XUAT_1BYTE
0     22   1    4   131  2.8  xuat_1word
0     88   4    0   396  1.4  xoa_tat_6module
0     58   3    0   253  2.3  SET_UP_PORT_IC_CHOT
0     36   2    0   106  1.3  XUAT_GLCD_LCD
0     16   1    2    80  2.7  XUAT_LCD20X4
0     20   1    0   102  2.1  @const804
0    128   6    4   656  8.1  KEY_NHAN
0     76   3    2    61  1.6  @MUL88
0     50   2    0   204  4.4  KEY_4X4_DW
0     26   1    1   102  2.1  LCD_XUAT_8BIT
0     22   1    1    61  1.6  LCD_COMMAND
0     22   1    1    61  1.6  LCD_DATA
0     72   3    0   245  1.8  SETUP_LCD
0     20   1    0   214  1.7  @const844
0     26   1    3   147  3.7  LCD_GOTO_XY
0     86   4    3   260  6.4  dich
0     50   2    1   133  4.3  xuat_lcd
0    172   8    0   228  3.4  MAIN
0     16   1    0   406  3.3  @const858
0     34   2    2   959  6.7  @PSTRINGC_827
 Inline         0             @cinit1

Program metrics:
    Functions               21
    Statements              334
    Comments                359
    Volume (V)              9063
    Difficulty (D)          68.1
    Effort to implement (E) 616883
    Time to implement (T)   9 hours, 31 minutes
    Est Delivered Bugs (B)  2
    Cyclomatic Complexity   20
    Maintainability (MI)    101

 Segment     Used  Free
-----------  ----  ----
00000-00002     4  0  
00004-07FFE  1116  31648  



