
ROM used:   940/32768 (3%)
            940/32768 (3%) including unused fragments

            0.6 Average locations per line
            2.9 Average locations per statement

RAM used:   29/2048 (1%) at main() level
            37/2048 (2%) worst case

Stack used: 6 worst case (6 in main + 0 for interrupts)
Stack size: 31

Lines Stmts  %   Files
----- ----- ---  -----
   24    12   4  BAI_621_LCD_KEX4X4.c
  627   233  72  tv_pickit2_shift_1.c
  837     0   0  ..\..\..\..\Program Files (x86)\PICC\Devices\18F4550.H
   62    52  16  tv_pickit2_shift_key4x4_138.c
  112    25   8  tv_pickit2_shift_lcd.c
----- -----
 1662   322 Total

Page ROM  %  RAM   Vol Diff  Functions:
---- --- --- ---   --- ----  ----------
0     38   2    1             @delay_ms1
0     38   2    2   234  4.3  XUAT_1BYTE
0     22   1    4   131  2.8  xuat_1word
0     88   5    0   396  1.4  xoa_tat_6module
0     58   3    0   253  2.3  SET_UP_PORT_IC_CHOT
0     36   2    0   106  1.3  XUAT_GLCD_LCD
0     16   1    2    80  2.7  XUAT_LCD20X4
0     20   1    0   399  3.6  @const804
0    128   7    4   656  8.1  KEY_NHAN
0     76   4    2   399  3.6  @MUL88
0     50   3    0   204  4.4  KEY_4X4_DW
0     26   1    1   102  2.1  LCD_XUAT_8BIT
0     22   1    1    61  1.6  LCD_COMMAND
0     22   1    1    61  1.6  LCD_DATA
0     72   4    0   245  1.8  SETUP_LCD
0     20   1    0   272  5.5  @const844
0     26   1    3   147  3.7  LCD_GOTO_XY
0    128   7    1   245  3.9  MAIN
0     16   1    0   231  6.6  @const853
0     34   2    2   343  8.6  @PSTRINGC_827
 Inline         0   370  6.7  @cinit1

Program metrics:
    Functions               20
    Statements              322
    Comments                335
    Volume (V)              8975
    Difficulty (D)          76.3
    Effort to implement (E) 684803
    Time to implement (T)   10 hours, 34 minutes
    Est Delivered Bugs (B)  3
    Cyclomatic Complexity   22
    Maintainability (MI)    97

 Segment     Used  Free
-----------  ----  ----
00000-00002     4  0  
00004-07FFE   936  31828  



