
ROM used:   1114/32768 (3%)
            1114/32768 (3%) including unused fragments

            0.7 Average locations per line
            3.4 Average locations per statement

RAM used:   49/2048 (2%) at main() level
            58/2048 (3%) worst case

Stack used: 7 worst case (7 in main + 0 for interrupts)
Stack size: 31

Lines Stmts  %   Files
----- ----- ---  -----
   44    22   7  BAI_622_LCD_KEY4X4_DICH.c
  627   233  70  tv_pickit2_shift_1.c
  837     0   0  ..\..\..\..\Program Files (x86)\PICC\Devices\18F4550.H
   62    52  16  tv_pickit2_shift_key4x4_138.c
  112    25   8  tv_pickit2_shift_lcd.c
----- -----
 1682   332 Total

Page ROM  %  RAM   Vol Diff  Functions:
---- --- --- ---   --- ----  ----------
0     38   2    1             @delay_ms1
0     38   2    2   234  4.3  XUAT_1BYTE
0     22   1    4   131  2.8  xuat_1word
0     88   4    0   396  1.4  xoa_tat_6module
0     58   3    0   253  2.3  SET_UP_PORT_IC_CHOT
0     36   2    0   106  1.3  XUAT_GLCD_LCD
0     16   1    2    80  2.7  XUAT_LCD20X4
0     20   1    0   108  2.9  @const804
0    128   6    4   656  8.1  KEY_NHAN
0     76   3    2   233  3.9  @MUL88
0     50   2    0   204  4.4  KEY_4X4_DW
0     26   1    1   102  2.1  LCD_XUAT_8BIT
0     22   1    1    61  1.6  LCD_COMMAND
0     22   1    1    61  1.6  LCD_DATA
0     72   3    0   245  1.8  SETUP_LCD
0     20   1    0   272  5.5  @const844
0     26   1    3   147  3.7  LCD_GOTO_XY
0     84   4    3   241  5.9  dich
0     48   2    1   120  3.8  xuat_lcd
0    170   8    0   204  3.4  MAIN
0     16   1    0   370  6.7  @const857
0     34   2    2   266  6.5  @PSTRINGC_827
 Inline         0   153  4.7  @cinit1

Program metrics:
    Functions               22
    Statements              332
    Comments                329
    Volume (V)              8678
    Difficulty (D)          81.7
    Effort to implement (E) 708799
    Time to implement (T)   10 hours, 56 minutes
    Est Delivered Bugs (B)  3
    Cyclomatic Complexity   22
    Maintainability (MI)    81

 Segment     Used  Free
-----------  ----  ----
00000-00002     4  0  
00004-07FFE  1110  31654  



