
ROM used:   394/32768 (1%)
            394/32768 (1%) including unused fragments

            0.3 Average locations per line
            1.6 Average locations per statement

RAM used:   26/2048 (1%) at main() level
            32/2048 (2%) worst case

Stack used: 4 worst case (4 in main + 0 for interrupts)
Stack size: 31

Lines Stmts  %   Files
----- ----- ---  -----
   18     9   4  BAI_303_BIS_CHOPTAT10GIUA32LED.c
  627   233  96  tv_pickit2_shift_1.c
  837     0   0  ..\..\..\..\Program Files (x86)\PICC\Devices\18F4550.H
----- -----
 1482   242 Total

Page ROM  %  RAM   Vol Diff  Functions:
---- --- --- ---   --- ----  ----------
0     38   5    1             @delay_ms1
0     38   5    2   234  4.3  XUAT_1BYTE
0     34   4    4   160  1.8  XUAT_32LED_DON_4BYTE
0     22   3    4   131  2.8  xuat_1word
0     88  11    0   396  1.4  xoa_tat_6module
0     58   7    0   253  2.3  SET_UP_PORT_IC_CHOT
0    112  14    0   216  2.7  MAIN
 Inline         0             @cinit1

Program metrics:
    Functions               6
    Statements              242
    Comments                284
    Volume (V)              2104
    Difficulty (D)          15.2
    Effort to implement (E) 31945
    Time to implement (T)   30 minutes
    Est Delivered Bugs (B)  0
    Cyclomatic Complexity   1
    Maintainability (MI)    33

 Segment     Used  Free
-----------  ----  ----
00000-00002     4  0  
00004-07FFE   390  32374  



