
ROM used:   1330/32768 (4%)
            1330/32768 (4%) including unused fragments

            0.9 Average locations per line
            5.3 Average locations per statement

RAM used:   42/2048 (2%) at main() level
            48/2048 (2%) worst case

Stack used: 4 worst case (4 in main + 0 for interrupts)
Stack size: 31

Lines Stmts  %   Files
----- ----- ---  -----
   43    20   8  BAI_708_LM35A_COUNTER_T0.c
  627   233  92  tv_pickit2_shift_1.c
  837     0   0  ..\..\..\..\Program Files (x86)\PICC\Devices\18F4550.H
----- -----
 1507   253 Total

Page ROM  %  RAM   Vol Diff  Functions:
---- --- --- ---   --- ----  ----------
0     40   2    1             @delay_ms1
0     32   1    0             @const681
0     38   1    2   234  4.3  XUAT_1BYTE
0     22   1    4   131  2.8  xuat_1word
0     88   3    0   396  1.4  xoa_tat_6module
0     58   2    0   253  2.3  SET_UP_PORT_IC_CHOT
0     36   1    4   160  1.8  XUAT_4LED_7DOAN_4SO
0     66   2    5             @DIV1616
0     32   1    3   111  3.4  counter_dem_len
0    156   6    0   254  4.0  doc_nd_lm35a
0     56   2    2    61  1.6  @ITOF
0    348  13   14   245  1.8  @DIVFF
0     58   2    4   254  4.6  @SFTOI
0    296  11   12   292  4.6  MAIN
 Inline         0   290  4.6  @cinit1

Program metrics:
    Functions               12
    Statements              253
    Comments                284
    Volume (V)              4575
    Difficulty (D)          37.2
    Effort to implement (E) 170221
    Time to implement (T)   2 hours, 38 minutes
    Est Delivered Bugs (B)  1
    Cyclomatic Complexity   3
    Maintainability (MI)    138

 Segment     Used  Free
-----------  ----  ----
00000-00002     4  0  
00004-07FFE  1326  31438  



