
ROM used:   1278/32768 (4%)
            1278/32768 (4%) including unused fragments

            0.8 Average locations per line
            4.5 Average locations per statement

RAM used:   33/2048 (2%) at main() level
            42/2048 (2%) worst case

Stack used: 7 worst case (7 in main + 0 for interrupts)
Stack size: 31

Lines Stmts  %   Files
----- ----- ---  -----
   47    27   9  BAI_616_LCD_4LED_DEM_SP_T0.c
  627   233  82  tv_pickit2_shift_1.c
  837     0   0  ..\..\..\..\Program Files (x86)\PICC\Devices\18F4550.H
  112    25   9  tv_pickit2_shift_lcd.c
----- -----
 1623   285 Total

Page ROM  %  RAM   Vol Diff  Functions:
---- --- --- ---   --- ----  ----------
0     40   2    1             @delay_ms1
0     32   1    0   271  4.3  @const681
0     38   1    2   234  4.3  XUAT_1BYTE
0     22   1    4   131  2.8  xuat_1word
0     88   3    0   396  1.4  xoa_tat_6module
0     58   2    0   253  2.3  SET_UP_PORT_IC_CHOT
0     36   1    4   160  1.8  XUAT_4LED_7DOAN_4SO
0    296  12    5   465  4.8  XUAT_4LED_7DOAN_GIAIMA_XOA_SO0
0     66   3    5   465  4.8  @DIV1616
0     36   1    0   106  1.3  XUAT_GLCD_LCD
0     16   1    2    80  2.7  XUAT_LCD20X4
0     26   1    1   102  2.1  LCD_XUAT_8BIT
0     22   1    1    61  1.6  LCD_COMMAND
0     22   1    1    61  1.6  LCD_DATA
0     72   3    0   245  1.8  SETUP_LCD
0     20   1    0    82  2.1  @const830
0     26   1    3   147  3.7  LCD_GOTO_XY
0    144   6    2   235  4.1  GM_LCD
0     30   1    0    78  1.6  HT_LCD
0    136   5    0   313  4.0  MAIN
0     14   1    0   204  4.4  @const844
0     34   1    2   354  4.6  @PSTRINGC_813
 Inline         0   652  5.6  @cinit1

Program metrics:
    Functions               22
    Statements              285
    Comments                329
    Volume (V)              9379
    Difficulty (D)          68.1
    Effort to implement (E) 639072
    Time to implement (T)   9 hours, 52 minutes
    Est Delivered Bugs (B)  2
    Cyclomatic Complexity   19
    Maintainability (MI)    83

 Segment     Used  Free
-----------  ----  ----
00000-00002     4  0  
00004-07FFE  1274  31490  



