CCS PCH C Compiler, Version 5.015, 5967               31-Oct-22 14:45

               Filename:   C:\Users\NguyenMinhTri\Desktop\TT VXL\BAI_605_LCD_HT_2HANG_DICH_PHAI_1HANG.lst

               ROM used:   742 bytes (2%)
                           Largest free fragment is 32026
               RAM used:   144 (7%) at main() level
                           150 (7%) worst case
               Stack used: 6 locations
               Stack size: 31

*
0000:  GOTO   01BA
.................... #include <tv_pickit2_shift_1.c> 
.................... #INCLUDE    <18F4550.H> 
.................... //////////// Standard Header file for the PIC18F4550 device //////////////// 
.................... /////////////////////////////////////////////////////////////////////////// 
.................... ////        (C) Copyright 1996, 2013 Custom Computer Services          //// 
.................... //// This source code may only be used by licensed users of the CCS C  //// 
.................... //// compiler.  This source code may only be distributed to other      //// 
.................... //// licensed users of the CCS C compiler.  No other use, reproduction //// 
.................... //// or distribution is permitted without written permission.          //// 
.................... //// Derivative programs created using this software in object code    //// 
.................... //// form are not restricted in any way.                               //// 
.................... /////////////////////////////////////////////////////////////////////////// 
.................... #device PIC18F4550 
....................  
.................... #list 
....................  
.................... #DEVICE     ADC=10 
.................... #FUSES      NOWDT,PUT,HS,NOPROTECT,NOLVP,CPUDIV1 
.................... #USE        I2C(MASTER,SLOW,SDA=PIN_B0,SCL=PIN_B1) 
.................... #USE        DELAY(CLOCK=20000000) 
*
0136:  CLRF   FEA
0138:  MOVLW  8F
013A:  MOVWF  FE9
013C:  MOVF   FEF,W
013E:  BZ    015A
0140:  MOVLW  06
0142:  MOVWF  01
0144:  CLRF   00
0146:  DECFSZ 00,F
0148:  BRA    0146
014A:  DECFSZ 01,F
014C:  BRA    0144
014E:  MOVLW  7B
0150:  MOVWF  00
0152:  DECFSZ 00,F
0154:  BRA    0152
0156:  DECFSZ FEF,F
0158:  BRA    0140
015A:  RETURN 0
.................... #USE        rs232(baud=9600, xmit=PIN_C6,rcv=PIN_C7) 
.................... //NUT NHAN: 
.................... #DEFINE  BT0     PIN_B5 
.................... #DEFINE  BT1     PIN_B4 
.................... #DEFINE  BT2     PIN_B3 
.................... #DEFINE  BT3     PIN_B2 
....................  
.................... #DEFINE  ON      BT0       //DK LED DON, MOTOR 
.................... #DEFINE  OFF     BT1 
.................... #DEFINE  INV     BT2 
....................  
.................... #DEFINE  UP      BT0    //DK LED DON 
.................... #DEFINE  DW      BT1 
.................... #DEFINE  CLR     BT2 
.................... #DEFINE  MOD     BT3 
....................  
.................... #DEFINE  STOP    BT3 
....................  
.................... #DEFINE  ON1     BT0      
.................... #DEFINE  OFF1    BT1 
.................... #DEFINE  ON2     BT2        
.................... #DEFINE  OFF2    BT3 
....................  
....................  
.................... //XXXXXXXXXXXXXXXXXXXXXXXXXXXXXXXXXXXXXXXXXXXXXXXXX 
.................... //XXXXXXXXXXXXXXXXXXXXXXXXXXXXXXXXXXXXXXXXXXXXXXXXX 
.................... #DEFINE      SSDO             PIN_E2         //CHUNG TAT CA 
.................... #DEFINE      SSCK             PIN_E0         //CHUNG TAT CA 
....................  
.................... #DEFINE      G_ALL            PIN_D0         //A - 4 BYTE 
.................... #DEFINE      RCK_LCD20X4      PIN_D2         //A - 2 BYTE DAO 
.................... #DEFINE      RCK_BUZERELAY    PIN_D3     //B - 1 BYTE  
.................... #DEFINE      RCK_32LED        PIN_D4         //A - 4 BYTE 
.................... #DEFINE      RCK_8LEDQUET     PIN_D5         //B - 2 BYTE DAO 
.................... #DEFINE      RCK_4LED7DOAN    PIN_D6         //A - 4 BYTE 
.................... #DEFINE      RCK_MATRANLED    PIN_D7         //B - 3 BYTE DAO 
....................  
.................... VOID XUAT_LCD20X4(UNSIGNED INT8 LCD_SIGNAL,LCD_INS_HTHI); 
.................... VOID XUAT_BUZZER_RELAY(); 
....................  
.................... //XXXXXXXXXXXXXXXXXXXXXXXXXXXXXXXXXXXXXXXXXXXX 
.................... //CHUONG TRINH KIEM TRA PHIM BT1 
.................... //XXXXXXXXXXXXXXXXXXXXXXXXXXXXXXXXXXXXXXXXXXXX 
.................... UNSIGNED INT8 DL_BTN=0; 
.................... INT1 PHIM_BT0(UNSIGNED INT16 DL) 
.................... {   
....................     IF(!INPUT(BT0)) 
....................     {   
....................       DL_BTN++; 
....................       IF(DL_BTN==1) RETURN(1); 
....................       ELSE 
....................       { 
....................          IF (DL_BTN>= DL) 
....................          DL_BTN = 0; 
....................       } 
....................     } 
....................     ELSE    
....................     { 
....................       RETURN(0); 
....................     } 
.................... }  
.................... //XXXXXXXXXXXXXXXXXXXXXXXXXXXXXXXXXXXXXXXXXXXX 
.................... //CHUONG TRINH KIEM TRA PHIM BT1 
.................... //XXXXXXXXXXXXXXXXXXXXXXXXXXXXXXXXXXXXXXXXXXXX 
.................... INT1 PHIM_BT1(UNSIGNED INT16 DL ) 
.................... {   
....................     IF (!INPUT(BT1)) 
....................     {   
....................       DL_BTN++; 
....................       IF(DL_BTN==1) RETURN(1); 
....................       ELSE 
....................       { 
....................          IF (DL_BTN>= DL) 
....................          DL_BTN =0; 
....................       } 
....................     } 
....................     ELSE    
....................     { 
....................       RETURN(0); 
....................     } 
.................... }  
.................... //XXXXXXXXXXXXXXXXXXXXXXXXXXXXXXXXXXXXXXXXXXXX 
.................... //CHUONG TRINH KIEM TRA PHIM BT2       
.................... //XXXXXXXXXXXXXXXXXXXXXXXXXXXXXXXXXXXXXXXXXXXX                                     
.................... INT1 PHIM_BT2(UNSIGNED INT16 DL ) 
.................... {                                         
....................     IF (!INPUT(BT2)) 
....................     {   
....................       DL_BTN++; 
....................       IF(DL_BTN==1) RETURN(1); 
....................       ELSE 
....................       { 
....................          IF (DL_BTN>= DL) 
....................          DL_BTN =0; 
....................       } 
....................     } 
....................     ELSE    
....................     { 
....................       RETURN(0); 
....................     }                                           
.................... }       
....................  
.................... //XXXXXXXXXXXXXXXXXXXXXXXXXXXXXXXXXXXXXXXXXXXX 
.................... //CHUONG TRINH KIEM TRA PHIM BT3 
.................... //XXXXXXXXXXXXXXXXXXXXXXXXXXXXXXXXXXXXXXXXXXXX 
.................... INT1 PHIM_BT3(UNSIGNED INT16 DL,  UNSIGNED INT8 SOLAN  ) 
.................... {   
....................     IF (!INPUT(BT3)) 
....................     {   
....................       DL_BTN++; 
....................       IF(DL_BTN==1) RETURN(1); 
....................       ELSE 
....................       { 
....................          IF (DL_BTN>= DL) 
....................          DL_BTN =SOLAN; 
....................       } 
....................     } 
....................     ELSE    
....................     { 
....................       //DL_BTN =0; 
....................       RETURN(0); 
....................     } 
.................... }  
.................... //XXXXXXXXXXXXXXXXXXXXXXXXXXXXXXXXXXXXXXXXXXXX 
.................... //KHAI BAO DU LIEU 16 BIT CHO MODULE RELAY, TRIAC, BUZZER, DONG CO 
.................... //XXXXXXXXXXXXXXXXXXXXXXXXXXXXXXXXXXXXXXXXXXXX 
.................... UNSIGNED INT16 RBDC; 
.................... #BIT STEP_MOTOR_ENABLE  = RBDC.0    //1=ENA,0=DIS 
.................... #BIT STEP_MOTOR_IN1     = RBDC.1     
.................... #BIT STEP_MOTOR_IN2     = RBDC.2 
.................... #BIT STEP_MOTOR_IN3     = RBDC.3 
.................... #BIT STEP_MOTOR_IN4     = RBDC.4 
.................... #BIT DC_ENABLE          = RBDC.5    //1=ENA,0=DIS 
.................... #BIT PWRKEY             = RBDC.6    //KHOI TAO SIM900 
....................  
.................... #BIT BUZZER             = RBDC.8    //1=ON,0=OFF 
.................... #BIT TRIAC_1            = RBDC.9    //1=ON,0=OFF 
.................... #BIT TRIAC_2            = RBDC.10   //1=ON,0=OFF 
.................... #BIT RELAY_1            = RBDC.11   //0=ON,1=OFF 
.................... #BIT RELAY_2            = RBDC.12   //0=ON,1=OFF 
....................  
....................  
....................  
.................... //XXXXXXXXXXXXXXXXXXXXXXXXXXXXXXXXXXXXXXXXXXXX    
.................... CONST UNSIGNED CHAR MA7DOAN[16]= {0XC0,0XF9,0xA4,0XB0,0X99,0X92,0X82,0XF8, 
.................... 0X80,0X90,0x88, 0x83, 0xC6, 0xA1, 0x86, 0x8E}; 
.................... #DEFINE     MASO0    0XC0 
.................... #DEFINE     MASO1    0XF9 
.................... #DEFINE     MASO2    0XA4 
.................... #DEFINE     MASO3    0XB0 
.................... #DEFINE     MASO4    0X99 
.................... #DEFINE     MASO5    0X92 
.................... #DEFINE     MASO6    0X82 
.................... #DEFINE     MASO7    0XF8 
....................  
.................... //XXXXXXXXXXXXXXXXXXXXXXXXXXXXXXXXXXXXXXXXXXXX  
.................... //HAM 102 XUAT 1 BYTE RA THANH GHI DICH 
.................... //XXXXXXXXXXXXXXXXXXXXXXXXXXXXXXXXXXXXXXXXXXXX     
.................... VOID XUAT_1BYTE(UNSIGNED INT8 X) 
.................... { 
....................    UNSIGNED INT8 SB;    
....................    #BIT BSERI  = X.7 
....................    FOR(SB=0;SB<8;SB++) 
*
0004:  CLRF   x95
0006:  MOVF   x95,W
0008:  SUBLW  07
000A:  BNC   0028
....................       {                                                  
....................          OUTPUT_BIT(SSDO,BSERI);     
000C:  BTFSC  x94.7
000E:  BRA    0014
0010:  BCF    F8D.2
0012:  BRA    0016
0014:  BSF    F8D.2
0016:  BCF    F96.2
....................          OUTPUT_LOW(SSCK); OUTPUT_HIGH(SSCK); 
0018:  BCF    F96.0
001A:  BCF    F8D.0
001C:  BCF    F96.0
001E:  BSF    F8D.0
....................          X= X<<1;          
0020:  BCF    FD8.0
0022:  RLCF   x94,F
0024:  INCF   x95,F
0026:  BRA    0006
....................      } 
0028:  RETURN 0
.................... } 
.................... //XXXXXXXXXXXXXXXXXXXXXXXXXXXXXXXXXXXXXXXXXXXX  
.................... //HAM 301 
.................... //XXXXXXXXXXXXXXXXXXXXXXXXXXXXXXXXXXXXXXXXXXXX 
.................... //CHUONG TRINH CON XUAT 4 BYTE RA 32 LED DON 
.................... //XXXXXXXXXXXXXXXXXXXXXXXXXXXXXXXXXXXXXXXXXXXX 
.................... VOID XUAT_32LED_DON_4BYTE(UNSIGNED INT8 BLD3,BLD2,BLD1,BLD0) 
.................... {      
....................       XUAT_1BYTE(BLD3);           
....................       XUAT_1BYTE(BLD2); 
....................       XUAT_1BYTE(BLD1);           
....................       XUAT_1BYTE(BLD0);             
....................                        
....................       OUTPUT_HIGH(RCK_32LED);     
....................       OUTPUT_LOW(RCK_32LED); 
....................      
.................... } 
.................... //HAM 302 
.................... //XXXXXXXXXXXXXXXXXXXXXXXXXXXXXXXXXXXXXXXXXXXX 
.................... //CHUONG TRINH CON XUAT 2 WORD 16 BITRA 32 LED DON 
.................... //XXXXXXXXXXXXXXXXXXXXXXXXXXXXXXXXXXXXXXXXXXXX 
.................... VOID XUAT_32LED_DON_2WORD(UNSIGNED INT16 WLD1, UNSIGNED INT16 WLD0) 
.................... {      
....................      UNSIGNED INT8  B3,B2,B1,B0; 
....................      B3 = WLD1>>8;  B2 = WLD1;  
....................      B1 = WLD0>>8;  B0 = WLD0; 
....................      XUAT_32LED_DON_4BYTE(B3,B2,B1,B0); 
.................... } 
.................... //HAM 303 
.................... //XXXXXXXXXXXXXXXXXXXXXXXXXXXXXXXXXXXXXXXXXXXX 
.................... //CHUONG TRINH CON XUAT 1 DOUBLE WORD RA 32 LED DON 
.................... //XXXXXXXXXXXXXXXXXXXXXXXXXXXXXXXXXXXXXXXXXXXX 
.................... VOID XUAT_32LED_DON_1DW(UNSIGNED LONG LONG DWLD) 
.................... {      
....................      UNSIGNED INT16  WD1,WD0; 
....................      WD1 = DWLD>>16;  WD0 = DWLD; 
....................      XUAT_32LED_DON_2WORD(WD1,WD0); 
.................... } 
....................  
.................... //XXXXXXXXXXXXXXXXXXXXXXXXXXXXXXXXXXXXXXXXXXXX     
.................... //XUAT 1 BIT ROI TRA LAI KET QUA SAU KHI DICH DI 1 BIT 
.................... //XXXXXXXXXXXXXXXXXXXXXXXXXXXXXXXXXXXXXXXXXXXX     
.................... UNSIGNED  INT8 XUAT_1BIT(UNSIGNED INT8 BYTEXUAT) 
.................... { 
....................       UNSIGNED INT8   XBITX;    
....................       #BIT BSERIX  = XBITX.0 
....................       XBITX = BYTEXUAT; 
....................                                              
....................       OUTPUT_BIT(SSDO,BSERIX);     
....................       OUTPUT_LOW(SSCK); OUTPUT_HIGH(SSCK); 
....................       XBITX= XBITX>>1;    
....................       RETURN(XBITX);   
.................... } 
.................... //xxxxxxxxxxxxxxxxxxxxxxxxxxxxxxxxxxxxxxxxxxxxxxxxxxxxxxxx     
.................... //ham 103: xuat 1 word ra thanh ghi dich 
.................... //xxxxxxxxxxxxxxxxxxxxxxxxxxxxxxxxxxxxxxxxxxxxxxxxxxxxxxxx     
.................... void xuat_1word(unsigned int16 w) 
.................... {   
....................    unsigned int8 b1,b0; 
....................    b1 = w>>8; b0 = w; 
002A:  MOVFF  90,91
002E:  MOVFF  8F,92
....................    xuat_1byte(b1);     
0032:  MOVFF  91,94
0036:  RCALL  0004
....................    xuat_1byte(b0); 
0038:  MOVFF  92,94
003C:  RCALL  0004
003E:  RETURN 0
.................... }    
.................... //xxxxxxxxxxxxxxxxxxxxxxxxxxxxxxxxxxxxxxxxxxxxxxxxxxxxxxxx      
.................... //ham 104: xoa cac module  
.................... //xxxxxxxxxxxxxxxxxxxxxxxxxxxxxxxxxxxxxxxxxxxxxxxxxxxxxxxx   
.................... void xoa_tat_6module()                           
.................... {                                                                                               
....................    xuat_1word(0);                              
0040:  CLRF   x90
0042:  CLRF   x8F
0044:  RCALL  002A
....................    xuat_1word(0);  
0046:  CLRF   x90
0048:  CLRF   x8F
004A:  RCALL  002A
....................    xuat_1word(0);                              
004C:  CLRF   x90
004E:  CLRF   x8F
0050:  RCALL  002A
....................    xuat_1word(0);                                     
0052:  CLRF   x90
0054:  CLRF   x8F
0056:  RCALL  002A
....................     
....................    output_high(rck_buzerelay);    
0058:  BCF    F95.3
005A:  BSF    F8C.3
....................    output_low(rck_buzerelay); 
005C:  BCF    F95.3
005E:  BCF    F8C.3
....................     
....................    output_high(rck_32led); 
0060:  BCF    F95.4
0062:  BSF    F8C.4
....................    output_low(rck_32led);  
0064:  BCF    F95.4
0066:  BCF    F8C.4
....................     
....................    output_high(rck_8ledquet);    
0068:  BCF    F95.5
006A:  BSF    F8C.5
....................    output_low(rck_8ledquet);    
006C:  BCF    F95.5
006E:  BCF    F8C.5
....................                                   
....................    output_high(rck_matranled);           
0070:  BCF    F95.7
0072:  BSF    F8C.7
....................    output_low(rck_matranled);    
0074:  BCF    F95.7
0076:  BCF    F8C.7
....................                             
....................    output_high(rck_lcd20x4);    
0078:  BCF    F95.2
007A:  BSF    F8C.2
....................    output_low(rck_lcd20x4);       
007C:  BCF    F95.2
007E:  BCF    F8C.2
....................                                                                            
....................    xuat_1word(0xffff);  
0080:  SETF   x90
0082:  SETF   x8F
0084:  RCALL  002A
....................    xuat_1word(0xffff);  
0086:  SETF   x90
0088:  SETF   x8F
008A:  RCALL  002A
....................    output_high(rck_4led7doan);        
008C:  BCF    F95.6
008E:  BSF    F8C.6
....................    output_low(rck_4led7doan);                                                                       
0090:  BCF    F95.6
0092:  BCF    F8C.6
0094:  GOTO   00B0 (RETURN)
.................... }              
.................... //XXXXXXXXXXXXXXXXXXXXXXXXXXXXXXXXXXXXXXXXXXXX  
.................... //HAM 101 
.................... //XXXXXXXXXXXXXXXXXXXXXXXXXXXXXXXXXXXXXXXXXXXX     
.................... //HAM KHOI TAO CAC PORT VA IC CHOT 
.................... //XXXXXXXXXXXXXXXXXXXXXXXXXXXXXXXXXXXXXXXXXXXX     
.................... VOID SET_UP_PORT_IC_CHOT() 
.................... {      
....................    set_tris_a(0xff);    set_tris_b(0x3c);                                                    
0098:  MOVLW  FF
009A:  MOVWF  F92
009C:  MOVLW  3C
009E:  MOVWF  F93
....................    set_tris_c(0xf1);    set_tris_e(0x00);                                                
00A0:  MOVLW  F1
00A2:  MOVWF  F94
00A4:  MOVLW  00
00A6:  MOVWF  F96
....................    set_tris_d(0x00);     
00A8:  MOVWF  F95
....................    output_d(0x00);  
00AA:  CLRF   F95
00AC:  CLRF   F8C
....................    xoa_tat_6module(); 
00AE:  BRA    0040
....................    port_b_pullups(0xff);           
00B0:  BCF    FF1.7
....................    rbdc=0;                
00B2:  CLRF   06
00B4:  CLRF   05
....................              
....................    setup_adc(adc_clock_div_32);         
00B6:  MOVF   FC0,W
00B8:  ANDLW  C0
00BA:  IORLW  02
00BC:  MOVWF  FC0
00BE:  BSF    FC0.7
00C0:  BSF    FC2.0
....................    setup_adc_ports(an0_to_an2|vss_vdd);  
00C2:  MOVF   FC1,W
00C4:  ANDLW  C0
00C6:  IORLW  0C
00C8:  MOVWF  FC1
....................    output_low(g_all);         
00CA:  BCF    F95.0
00CC:  BCF    F8C.0
00CE:  GOTO   025E (RETURN)
.................... } 
.................... //HAM 104 
....................  
.................... //XXXXXXXXXXXXXXXXXXXXXXXXXXXXXXXXXXXXXXXXXXXX 
.................... //CHUONG TRINH CON XUAT 4 BYTE RA 4 LED 7 DOAN 
.................... //XXXXXXXXXXXXXXXXXXXXXXXXXXXXXXXXXXXXXXXXXXXX 
.................... VOID XUAT_4LED_7DOAN_4SO(UNSIGNED INT BL743,BL742,BL741,BL740) 
.................... {      
....................       XUAT_1BYTE(BL740);   XUAT_1BYTE(BL741); 
....................       XUAT_1BYTE(BL742);   XUAT_1BYTE(BL743);        
....................       OUTPUT_LOW(RCK_4LED7DOAN);    
....................       OUTPUT_HIGH(RCK_4LED7DOAN); 
....................  
.................... } 
.................... //ham 404 
.................... VOID XUAT_4LED_7DOAN_3SO(UNSIGNED INT BL742,BL741,BL740) 
.................... {      
....................      XUAT_4LED_7DOAN_4SO(0XFF,BL742,BL741,BL740); 
.................... } 
.................... //ham 403 
.................... VOID XUAT_4LED_7DOAN_2SO(UNSIGNED INT BL741,BL740) 
.................... {      
....................      XUAT_4LED_7DOAN_4SO(0XFF,0XFF,BL741,BL740); 
.................... } 
.................... //ham 402 
.................... VOID XUAT_4LED_7DOAN_1SO(UNSIGNED INT BL740) 
.................... {      
....................      XUAT_4LED_7DOAN_4SO(0XFF,0XFF,0XFF,BL740); 
.................... } 
....................  
.................... //ham 405 
.................... //XXXXXXXXXXXXXXXXXXXXXXXXXXXXXXXXXXXXXXXXXXXXXXXXXXXXXXXXXXXXX 
.................... //CHUONG TRINH CON HIEN THI DU LIEU 16 BIT TREN 4 LED 7 DOAN 
.................... //XXXXXXXXXXXXXXXXXXXXXXXXXXXXXXXXXXXXXXXXXXXXXXXXXXXXXXXXXXXXX 
.................... UNSIGNED CHAR DONVI4,CHUC4,TRAM4,NGAN4; 
.................... VOID  XUAT_4LED_7DOAN_GIAIMA_XOA_SO0 (UNSIGNED INT16 TAM) 
.................... {          
....................       DONVI4 = MA7DOAN[TAM %10];          
....................       CHUC4  = MA7DOAN[TAM/10%10]; 
....................       TRAM4  = MA7DOAN[TAM/100%10];  
....................       NGAN4  = MA7DOAN[TAM/1000%10];        
....................       IF (NGAN4==0XC0) 
....................       { 
....................          NGAN4=0XFF; 
....................          IF (TRAM4==0XC0) 
....................          { 
....................             TRAM4=0XFF; 
....................             IF (CHUC4==0XC0)   CHUC4=0XFF; 
....................          } 
....................       } 
....................       XUAT_4LED_7DOAN_4SO(NGAN4,TRAM4,CHUC4,DONVI4);    
.................... } 
....................  
.................... void  XUAT_4LED_7DOAN_2_SO (unsigned int8 BH,BL) 
.................... {          
....................  XUAT_4LED_7DOAN_4SO(MA7DOAN[BH/10],MA7DOAN[BH%10],MA7DOAN[BL/10],MA7DOAN[BL%10]);    
.................... } 
....................  
.................... UNSIGNED INT8 LCDDATA=0;  
.................... UNSIGNED INT8 LCDCONTROL=0; 
.................... UNSIGNED INT8 GLCDDATA=0; 
.................... UNSIGNED INT8 GLCDCONTROL=0;  
.................... //HAM 701 
.................... //XXXXXXXXXXXXXXXXXXXXXXXXXXXXXXXXXXXXXXXXXXXXXXXXXXXXXXXXXXXXX 
.................... //CHUONG TRINH CON XUAT DU LIEU 4 BYTE RA GLCD VA LCD 
.................... //XXXXXXXXXXXXXXXXXXXXXXXXXXXXXXXXXXXXXXXXXXXXXXXXXXXXXXXXXXXXX 
.................... VOID XUAT_GLCD_LCD() 
.................... {       
....................     XUAT_1BYTE(GLCDCONTROL);              
00D2:  MOVFF  0E,94
00D6:  RCALL  0004
....................     XUAT_1BYTE(GLCDDATA); 
00D8:  MOVFF  0D,94
00DC:  RCALL  0004
....................     XUAT_1BYTE(LCDCONTROL);        
00DE:  MOVFF  0C,94
00E2:  RCALL  0004
....................     XUAT_1BYTE(LCDDATA);       
00E4:  MOVFF  0B,94
00E8:  RCALL  0004
....................           
....................     OUTPUT_HIGH(RCK_LCD20X4);      
00EA:  BCF    F95.2
00EC:  BSF    F8C.2
....................     OUTPUT_LOW(RCK_LCD20X4); 
00EE:  BCF    F95.2
00F0:  BCF    F8C.2
00F2:  GOTO   0104 (RETURN)
.................... } 
.................... //HAM 702 
.................... VOID XUAT_LCD20X4(UNSIGNED INT8 LCD_SIGNAL,LCD_INS_HTHI) 
.................... {      
....................     LCDCONTROL = ~LCD_SIGNAL; 
00F6:  MOVF   x92,W
00F8:  MOVWF  0C
00FA:  COMF   0C,F
....................     LCDDATA    = ~LCD_INS_HTHI;       
00FC:  MOVFF  93,0B
0100:  COMF   0B,F
....................     XUAT_GLCD_LCD(); 
0102:  BRA    00D2
0104:  RETURN 0
.................... } 
.................... //HAM 703 
.................... VOID XUAT_GLCD128X64(UNSIGNED INT8 GLCD_SIGNAL,GLCD_INS_HTHI) 
.................... {      
....................     GLCDCONTROL = ~GLCD_SIGNAL; 
....................     GLCDDATA    = ~GLCD_INS_HTHI;      
....................     XUAT_GLCD_LCD(); 
.................... } 
.................... //HAM 501 
.................... //XXXXXXXXXXXXXXXXXXXXXXXXXXXXXXXXXXXXXXXXXXXX 
.................... //CHUONG TRINH CON XUAT 2 BYTE RA DK 1 LED QUET SANG 
.................... //XXXXXXXXXXXXXXXXXXXXXXXXXXXXXXXXXXXXXXXXXXXX 
.................... VOID XUAT_8LED_7DOAN_QUET_1(UNSIGNED INT MA,SO_HTHI) 
.................... {      
....................       XUAT_1BYTE(~MA);    
....................       XUAT_1BYTE(~SO_HTHI); 
....................       OUTPUT_HIGH(RCK_8LEDQUET);  
....................       OUTPUT_LOW(RCK_8LEDQUET); 
.................... } 
.................... //HAM 502 
.................... //XXXXXXXXXXXXXXXXXXXXXXXXXXXXXXXXXXXXXXXXXXXX 
.................... //CHUONG TRINH CON XUAT 2 BYTE RA TAT 8 LED QUET 
.................... //XXXXXXXXXXXXXXXXXXXXXXXXXXXXXXXXXXXXXXXXXXXX 
.................... VOID XUAT_8LED_7DOAN_QUET_TAT_LED() 
.................... { 
....................    XUAT_8LED_7DOAN_QUET_1(0XFF,0XFF); 
.................... } 
.................... //HAM 503 
.................... //XXXXXXXXXXXXXXXXXXXXXXXXXXXXXXXXXXXXXXXXXXXX 
.................... //CHUONG TRINH CON HIEN THI LED THEO THU TU 
.................... //XXXXXXXXXXXXXXXXXXXXXXXXXXXXXXXXXXXXXXXXXXXX 
.................... CONST UNSIGNED CHAR TTLEDQUET[8]= {0x7F,0xBF,0xDF,0xEF,0xF7,0xFB,0xFD,0xFE}; 
.................... VOID XUAT_8LED_7DOAN_QUET_2(UNSIGNED INT THUTULED,SO_HTHI) 
.................... {          
....................       XUAT_1BYTE(~ (TTLEDQUET[THUTULED]));    
....................       XUAT_1BYTE(~SO_HTHI);      
....................       OUTPUT_HIGH(RCK_8LEDQUET);  
....................       OUTPUT_LOW(RCK_8LEDQUET); 
.................... } 
.................... //HAM 504 
.................... //XXXXXXXXXXXXXXXXXXXXXXXXXXXXXXXXXXXXXXXXXXXX 
.................... //CHUONG TRINH CON HIEN THI 8 SO TREN 8 LED QUET - CO KIEM TRA 
.................... //XXXXXXXXXXXXXXXXXXXXXXXXXXXXXXXXXXXXXXXXXXXX 
.................... UNSIGNED CHAR LED_7DQ[8]={0XFF,0XFF,0XFF,0XFF,0XFF,0XFF,0XFF,0XFF}; 
.................... UNSIGNED INT8 TT8LED=0; 
.................... VOID HIEN_THI_8LED_7DOAN_QUET() 
.................... {      
....................       FOR(TT8LED=0;TT8LED<8;TT8LED++) 
....................          IF (LED_7DQ[TT8LED]!=0XFF) 
....................          {            
....................             XUAT_8LED_7DOAN_QUET_2(TT8LED, LED_7DQ[TT8LED]); 
....................             DELAY_US(100); 
....................             XUAT_8LED_7DOAN_QUET_TAT_LED();            
....................             } 
.................... } 
.................... //HAM 505 
.................... //XXXXXXXXXXXXXXXXXXXXXXXXXXXXXXXXXXXXXXXXXXXX 
.................... //CHUONG TRINH CON HIEN THI 8 SO TREN 8 LED QUET - KHONG KIEM TRA 
.................... //XXXXXXXXXXXXXXXXXXXXXXXXXXXXXXXXXXXXXXXXXXXX 
.................... VOID HIEN_THI_8LED_7DOAN_QUET_ALL() 
.................... {      
....................       FOR(TT8LED=0;TT8LED<8;TT8LED++)          
....................          {            
....................             XUAT_8LED_7DOAN_QUET_2(TT8LED, LED_7DQ[TT8LED]); 
....................             DELAY_US(100); 
....................             XUAT_8LED_7DOAN_QUET_TAT_LED();            
....................             } 
.................... } 
....................  
.................... VOID DELAY_QUET_8LED(UNSIGNED INT16 DL) 
.................... {  
....................       UNSIGNED INT8 I; 
....................       FOR (I=0; I<DL;I++) 
....................       HIEN_THI_8LED_7DOAN_QUET_ALL(); 
.................... }  
....................  
.................... VOID GIAI_MA_GAN_CHO_8LED_QUET_16_XOA(UNSIGNED INT16 X) 
.................... {      
....................       LED_7DQ[0]= MA7DOAN [X %10];     
....................       LED_7DQ[1]= MA7DOAN [X/10%10]; 
....................       LED_7DQ[2]= MA7DOAN [X/100%10];     
....................       LED_7DQ[3]= MA7DOAN [X/1000%10]; 
....................       LED_7DQ[4]= MA7DOAN [X/10000%10]; 
....................       IF (LED_7DQ[4]==MASO0)  
....................       { 
....................             LED_7DQ[4]=0XFF; 
....................             IF (LED_7DQ[3]==MASO0)  
....................             { 
....................                LED_7DQ[3]=0XFF; 
....................                IF (LED_7DQ[2]==MASO0)  
....................                { 
....................                   LED_7DQ[2]=0XFF; 
....................                   IF (LED_7DQ[1]==MASO0)  
....................                   { 
....................                      LED_7DQ[1]=0XFF; 
....................                   } 
....................                } 
....................             } 
....................       } 
....................              
.................... } 
....................  
....................  
.................... //XXXXXXXXXXXXXXXXXXXXXXXXXXXXXXXXXXXXXXXXXXXX          
.................... VOID XUAT_2BYTE(UNSIGNED INT16 X) 
.................... { 
....................    INT8 SBB; 
....................    #BIT BSERIX  = X.15 
....................    FOR (SBB=0;SBB<16;SBB++) 
....................       {                                                  
....................          OUTPUT_BIT(SSDO,BSERIX);     
....................          OUTPUT_LOW(SSCK);          
....................          OUTPUT_HIGH(SSCK); 
....................          X= X<<1;          
....................      } 
.................... } 
.................... //XXXXXXXXXXXXXXXXXXXXXXXXXXXXXXXXXXXXXXXXXXXX 
.................... //CHUONG TRINH CON XUAT RA LED MA TRAN 
.................... //XXXXXXXXXXXXXXXXXXXXXXXXXXXXXXXXXXXXXXXXXXXX 
.................... VOID XUAT_MATRANLED(UNSIGNED INT16 MAHANG,UNSIGNED INT16 MACOT1, 
.................... UNSIGNED INT16 MACOT2,UNSIGNED INT16 MACOT3) 
.................... {       
....................       XUAT_2BYTE(MACOT3); 
....................       XUAT_2BYTE(MACOT2); 
....................       XUAT_2BYTE(MACOT1); 
....................       XUAT_2BYTE(MAHANG);      
....................  
....................       OUTPUT_HIGH(RCK_MATRANLED);  
....................       OUTPUT_LOW(RCK_MATRANLED); 
.................... } 
.................... //XXXXXXXXXXXXXXXXXXXXXXXXXXXXXXXXXXXXXXXXXXXX 
.................... //CHUONG TRINH CON XUAT RA LED MA TRAN 
.................... //XXXXXXXXXXXXXXXXXXXXXXXXXXXXXXXXXXXXXXXXXXXX 
.................... VOID TAT_MATRANLED() 
.................... {       
....................       XUAT_2BYTE(0); 
....................       XUAT_2BYTE(0); 
....................       XUAT_2BYTE(0); 
....................       XUAT_2BYTE(0);            
....................       OUTPUT_HIGH(RCK_MATRANLED); OUTPUT_LOW(RCK_MATRANLED);  
.................... } 
.................... UNSIGNED  INT8 HIEU_CHINH_4BIT_CAO(UNSIGNED INT8 XZY) 
.................... { 
....................       INT1  BTG; 
....................       UNSIGNED INT8   BX;    
....................       #BIT BIT4  = BX.4 
....................       #BIT BIT5  = BX.5 
....................       #BIT BIT6  = BX.6 
....................       #BIT BIT7  = BX.7 
....................       BX=XZY; 
....................       BTG=BIT4;   BIT4=BIT7;  BIT7=BTG; 
....................       BTG=BIT5;   BIT5=BIT6;  BIT6=BTG;       
....................       RETURN(BX);   
.................... } 
.................... //HAM 601 
.................... //XXXXXXXXXXXXXXXXXXXXXXXXXXXXXXXXXXXXXXXXXXXXXXXXXXXX 
.................... //MODULE DIEU KHIEN RELAY,TRIAC, BUZZER, DONG CO, SIM 
.................... //XXXXXXXXXXXXXXXXXXXXXXXXXXXXXXXXXXXXXXXXXXXXXXXXXXXX 
.................... VOID XUAT_BUZZER_RELAY() 
.................... {      
....................    UNSIGNED INT8 RBDC1,RBDC2; 
....................       RBDC1=RBDC; RBDC2=RBDC>>8;       
....................       XUAT_1BYTE(RBDC2);       
....................       XUAT_1BYTE(RBDC1); 
....................        
....................       OUTPUT_HIGH(RCK_BUZERELAY);    
....................       OUTPUT_LOW(RCK_BUZERELAY); 
.................... } 
.................... //HAM 602 
.................... //XXXXXXXXXXXXXXXXXXXXXXXXXXXXXXXXXXXXXXXXXXXXXXXXXXXX 
.................... VOID BUZZER_ON() 
.................... {     
....................       BUZZER=1; 
....................       XUAT_BUZZER_RELAY();          
.................... } 
.................... //HAM 603 
.................... //XXXXXXXXXXXXXXXXXXXXXXXXXXXXXXXXXXXXXXXXXXXXXXXXXXXX 
.................... VOID BUZZER_OFF() 
.................... {      
....................       BUZZER=0; 
....................       XUAT_BUZZER_RELAY(); 
.................... } 
.................... //HAM 604 
.................... //XXXXXXXXXXXXXXXXXXXXXXXXXXXXXXXXXXXXXXXXXXXXXXXXXXXX 
.................... VOID RELAY_1_ON() 
.................... {     
....................       RELAY_1=1; 
....................       XUAT_BUZZER_RELAY();          
.................... } 
.................... //HAM 603 
.................... //XXXXXXXXXXXXXXXXXXXXXXXXXXXXXXXXXXXXXXXXXXXXXXXXXXXX 
.................... VOID RELAY_1_OFF() 
.................... {     
....................       RELAY_1=0; 
....................       XUAT_BUZZER_RELAY();          
.................... } 
.................... //HAM 604 
.................... //XXXXXXXXXXXXXXXXXXXXXXXXXXXXXXXXXXXXXXXXXXXXXXXXXXXX 
.................... VOID RELAY_2_ON() 
.................... {     
....................       RELAY_2=1; 
....................       XUAT_BUZZER_RELAY();          
.................... } 
.................... //HAM 607 
.................... //XXXXXXXXXXXXXXXXXXXXXXXXXXXXXXXXXXXXXXXXXXXXXXXXXXXX 
.................... VOID RELAY_2_OFF() 
.................... {     
....................       RELAY_2=0; 
....................       XUAT_BUZZER_RELAY();          
.................... } 
.................... //HAM 608 
.................... //XXXXXXXXXXXXXXXXXXXXXXXXXXXXXXXXXXXXXXXXXXXXXXXXXXXX 
.................... VOID RELAY_1_RELAY_2_ON() 
.................... {     
....................       RELAY_1=1;  RELAY_2=1; 
....................       XUAT_BUZZER_RELAY();          
.................... } 
.................... //HAM 609 
.................... //XXXXXXXXXXXXXXXXXXXXXXXXXXXXXXXXXXXXXXXXXXXXXXXXXXXX 
.................... VOID RELAY_1_RELAY_2_OFF() 
.................... {     
....................       RELAY_1=0;  RELAY_2=0; 
....................       XUAT_BUZZER_RELAY();          
.................... } 
.................... //HAM 610 
.................... //XXXXXXXXXXXXXXXXXXXXXXXXXXXXXXXXXXXXXXXXXXXXXXXXXXXX 
.................... VOID TRIAC_1_ON() 
.................... {     
....................       TRIAC_1=1; 
....................       XUAT_BUZZER_RELAY();          
.................... } 
.................... //HAM 611 
.................... //XXXXXXXXXXXXXXXXXXXXXXXXXXXXXXXXXXXXXXXXXXXXXXXXXXXX 
.................... VOID TRIAC_1_OFF() 
.................... {     
....................       TRIAC_1=0; 
....................       XUAT_BUZZER_RELAY();          
.................... } 
.................... //HAM 612 
.................... //XXXXXXXXXXXXXXXXXXXXXXXXXXXXXXXXXXXXXXXXXXXXXXXXXXXX 
.................... VOID TRIAC_2_ON() 
.................... {     
....................       TRIAC_2=1; 
....................       XUAT_BUZZER_RELAY();          
.................... } 
.................... //HAM 613 
.................... //XXXXXXXXXXXXXXXXXXXXXXXXXXXXXXXXXXXXXXXXXXXXXXXXXXXX 
.................... VOID TRIAC_2_OFF() 
.................... {     
....................       TRIAC_2=0; 
....................       XUAT_BUZZER_RELAY();          
.................... } 
.................... //XXXXXXXXXXXXXXXXXXXXXXXXXXXXXXXXXXXXXXXXXXXX 
....................  
.................... VOID GGMMAA() 
.................... { 
....................    UNSIGNED INT8   X;    
....................    X=MA7DOAN[1]; 
.................... } 
....................  
....................  
.................... #include <tv_pickit2_shift_lcd.c> 
.................... UNSIGNED INT8 LCD_CONTROL;   
.................... #bit LCD_P = LCD_CONTROL.3 
.................... #bit LCD_RS = LCD_CONTROL.2 
.................... #bit LCD_RW = LCD_CONTROL.1 
.................... #bit LCD_E  = LCD_CONTROL.0 
....................  
.................... #DEFINE LCD_FUNCTION_SET       0X38 
.................... #DEFINE LCD_DISPLAY_CONTROL    0X0C 
.................... #DEFINE LCD_CLEAR_DISPLAY        0X01 
.................... #DEFINE LCD_ENTRY_MODE         0X06 
.................... #DEFINE LCD_SHIFT_LEFT         0X18 
.................... #DEFINE LCD_SHIFT_RIGHT        0X1C 
....................  
.................... #DEFINE LCD_ADDR_LINE1         0X80 
.................... #DEFINE LCD_ADDR_LINE2         0XC0 
.................... #DEFINE LCD_ADDR_LINE3         0X94 
.................... #DEFINE LCD_ADDR_LINE4         0XD4 
....................  
.................... VOID LCD_XUAT_8BIT(INT8 LCD_DATA_X) 
.................... { 
....................       LCD_E=1; XUAT_LCD20X4(LCD_CONTROL,LCD_DATA_X);      
0106:  BSF    18.0
0108:  MOVFF  18,92
010C:  MOVFF  91,93
0110:  RCALL  00F6
....................       LCD_E=0; XUAT_LCD20X4(LCD_CONTROL,LCD_DATA_X);  
0112:  BCF    18.0
0114:  MOVFF  18,92
0118:  MOVFF  91,93
011C:  RCALL  00F6
011E:  RETURN 0
.................... } 
.................... void LCD_COMMAND(INT8 LCD_DATA_X)    
....................   { 
....................       LCD_RS = 0; 
0120:  BCF    18.2
....................       LCD_XUAT_8BIT(LCD_DATA_X); 
0122:  MOVFF  8F,91
0126:  RCALL  0106
....................       DELAY_US(20); 
0128:  MOVLW  20
012A:  MOVWF  00
012C:  DECFSZ 00,F
012E:  BRA    012C
0130:  BRA    0132
0132:  NOP   
0134:  RETURN 0
....................   } 
.................... void LCD_DATA(INT8 LCD_DATA_X)        
....................   { 
....................       LCD_RS = 1;      
*
01A4:  BSF    18.2
....................       LCD_XUAT_8BIT(LCD_DATA_X); 
01A6:  MOVFF  90,91
01AA:  RCALL  0106
....................       DELAY_US(20); 
01AC:  MOVLW  20
01AE:  MOVWF  00
01B0:  DECFSZ 00,F
01B2:  BRA    01B0
01B4:  BRA    01B6
01B6:  NOP   
01B8:  RETURN 0
....................   } 
....................    
.................... VOID SETUP_LCD () 
.................... {                      
....................          LCD_E  = 0;  
*
015C:  BCF    18.0
....................          LCD_RW = 0;  
015E:  BCF    18.1
....................          LCD_RS = 1;  
0160:  BSF    18.2
....................          LCD_P =0; 
0162:  BCF    18.3
....................          LCD_COMMAND(LCD_FUNCTION_SET);          
0164:  MOVLW  38
0166:  MOVWF  x8F
0168:  RCALL  0120
....................          DELAY_US(40); 
016A:  MOVLW  42
016C:  MOVWF  00
016E:  DECFSZ 00,F
0170:  BRA    016E
0172:  NOP   
....................          LCD_COMMAND(LCD_DISPLAY_CONTROL);    
0174:  MOVLW  0C
0176:  MOVWF  x8F
0178:  RCALL  0120
....................          DELAY_US(40); 
017A:  MOVLW  42
017C:  MOVWF  00
017E:  DECFSZ 00,F
0180:  BRA    017E
0182:  NOP   
....................          LCD_COMMAND(LCD_CLEAR_DISPLAY);       
0184:  MOVLW  01
0186:  MOVWF  x8F
0188:  RCALL  0120
....................          DELAY_MS(2); 
018A:  MOVLW  02
018C:  MOVWF  x8F
018E:  RCALL  0136
....................          LCD_COMMAND(LCD_ENTRY_MODE);        
0190:  MOVLW  06
0192:  MOVWF  x8F
0194:  RCALL  0120
....................          DELAY_US(40);                 
0196:  MOVLW  42
0198:  MOVWF  00
019A:  DECFSZ 00,F
019C:  BRA    019A
019E:  NOP   
01A0:  GOTO   0260 (RETURN)
.................... } 
....................  
.................... CONST UNSIGNED CHAR LCD_SO_X[11][6] ={ 
....................                   0,1,2,5,3,4,               // SO 0 
....................                   1,2,32,3,7,3,              // SO 1 
....................                   6,6,2,5,3,3,               // SO 2 
....................                   6,6,2,3,3,4,               // SO 3 
....................                   7,3,7,32,32,7,             // SO 4 
....................                   7,6,6,3,3,4,               // SO 5 
....................                   0,6,6,5,3,4,               // SO 6 
....................                   1,1,7,32,32,7,             // SO 7 
....................                   0,6,2,5,3,4,               // SO 8 
....................                   0,6,2,3,3,4, 
....................                   32,32,32,32,32,32};             // SO 9 
....................                    
.................... CONST UNSIGNED CHAR LCD_SO_XX[10][9] ={ 
....................                   0,1,2,7,32,7,5,3,4,               // SO 0 
....................                   1,2,32,3,7,3,              // SO 1 
....................                   6,6,2,5,3,3,               // SO 2 
....................                   6,6,2,3,3,4,               // SO 3 
....................                   7,3,7,32,32,7,             // SO 4 
....................                   7,6,6,3,3,4,               // SO 5 
....................                   0,6,6,5,3,4,               // SO 6 
....................                   1,1,7,32,32,7,             // SO 7 
....................                   0,6,2,5,3,4,               // SO 8 
....................                   0,6,2,3,3,4};             // SO 9          
.................... //!CONST UNSIGNED CHAR LCD_SO_X[10][6] = 
.................... //!{ 
.................... //!                  0,1,2,3,4,5,               // SO 0 
.................... //!                  1,2,32,3,7,3,              // SO 1 
.................... //!                  6,6,2,4,3,3,               // SO 2 
.................... //!                  6,6,2,3,3,5,               // SO 3 
.................... //!                  7,3,7,32,32,7,             // SO 4 
.................... //!                  7,6,6,3,3,5,               // SO 5 
.................... //!                  0,6,6,4,3,5,               // SO 6 
.................... //!                  1,1,7,32,32,7,             // SO 7 
.................... //!                  0,6,2,4,3,5,               // SO 8 
.................... //!                  0,6,2,3,3,5};             // SO 9    
....................                    
.................... CONST UNSIGNED CHAR LCD_MA_8DOAN[] = { 
....................    0x07,0x0F,0x1F,0x1F,0x1F,0x1F,0x1F,0x1F,  //DOAN F - 0 
....................    0x1F,0x1F,0x1F,0X00,0X00,0X00,0X00,0X00,  //DOAN A - 1 
....................    0x1C,0x1E,0x1F,0x1F,0x1F,0x1F,0x1F,0x1F,  //DOAN B - 2 
....................    0X00,0X00,0X00,0X00,0X00,0x1F,0x1F,0x1F,  //DOAN D - 3 
....................    0x1F,0x1F,0x1F,0x1F,0x1F,0x1F,0x1E,0x1C,  //DOAN C - 4 
....................    0x1F,0x1F,0x1F,0x1F,0x1F,0x1F,0x0F,0x07,  //DOAN E - 5 
....................    0x1F,0x1F,0x1F,0X00,0X00,0X00,0x1F,0x1F,  //DOAN G+D-6  
....................    0x1F,0x1F,0x1F,0x1F,0x1F,0x1F,0x1F,0x1F}; //DOAN I  -7 
....................     
.................... VOID LCD_GOTO_XY(SIGNED INT8 X, SIGNED INT8 Y) 
.................... {  
....................    CONST UNSIGNED INT8 LCD_VITRI[]={0x80,0xC0,0x94,0xD4}; 
....................    LCD_COMMAND(LCD_VITRI[X]+Y); 
.................... } 
....................  
.................... VOID XXX() 
.................... {  
....................    SIGNED INT8 X; 
....................    X= LCD_SO_X[0][0]; 
....................    X= LCD_MA_8DOAN[0]; 
.................... } 
....................  
.................... unsigned CHAR hang1[] = {"                    NGUYEN MINH TRI                     "};   //20+16+20 = 56 (56-20+1=37):vitri1 
.................... unsigned CHAR hang2[] = {"                    19161306                            "};    //20+8+28= 56(56-20+1=37):vitri2 
.................... unsigned INT8 i, j, vitri1, vitri2; 
.................... void main() 
*
01BA:  CLRF   FF8
01BC:  BCF    FD0.7
01BE:  BSF    FB8.3
01C0:  MOVLW  08
01C2:  MOVWF  FAF
01C4:  MOVLW  02
01C6:  MOVWF  FB0
01C8:  MOVLW  A6
01CA:  MOVWF  FAC
01CC:  MOVLW  90
01CE:  MOVWF  FAB
01D0:  CLRF   04
01D2:  CLRF   0B
01D4:  CLRF   0C
01D6:  CLRF   0D
01D8:  CLRF   0E
01DA:  CLRF   17
01DC:  MOVF   FC1,W
01DE:  ANDLW  C0
01E0:  IORLW  0F
01E2:  MOVWF  FC1
01E4:  MOVLW  07
01E6:  MOVWF  FB4
01E8:  BRA    021E
01EA:  DATA 08,40
01EC:  DATA 0F,FF
01EE:  DATA 14,40
01F0:  DATA 19,20
01F2:  DATA 0F,80
01F4:  DATA 4E,47
01F6:  DATA 55,59
01F8:  DATA 45,4E
01FA:  DATA 20,4D
01FC:  DATA 49,4E
01FE:  DATA 48,20
0200:  DATA 54,52
0202:  DATA 49,15
0204:  DATA C0,20
0206:  DATA 01,80
0208:  DATA 00,14
020A:  DATA C0,20
020C:  DATA 08,80
020E:  DATA 31,39
0210:  DATA 31,36
0212:  DATA 31,33
0214:  DATA 30,36
0216:  DATA 1C,C0
0218:  DATA 20,01
021A:  DATA 80,00
021C:  DATA 00,00
021E:  MOVLW  00
0220:  MOVWF  FF8
0222:  MOVLW  01
0224:  MOVWF  FF7
0226:  MOVLW  EA
0228:  MOVWF  FF6
022A:  TBLRD*+
022C:  MOVF   FF5,W
022E:  MOVWF  00
0230:  XORLW  00
0232:  BZ    025A
0234:  TBLRD*+
0236:  MOVF   FF5,W
0238:  MOVWF  01
023A:  BTFSC  FE8.7
023C:  BRA    0248
023E:  ANDLW  0F
0240:  MOVWF  FEA
0242:  TBLRD*+
0244:  MOVFF  FF5,FE9
0248:  BTFSC  01.6
024A:  TBLRD*+
024C:  BTFSS  01.6
024E:  TBLRD*+
0250:  MOVFF  FF5,FEE
0254:  DCFSNZ 00,F
0256:  BRA    022A
0258:  BRA    024C
025A:  CLRF   FF8
.................... { 
....................    set_up_port_ic_chot (); 
025C:  BRA    0098
....................    setup_lcd (); 
025E:  BRA    015C
....................    vitri1 = 36; 
0260:  MOVLW  24
0262:  MOVWF  x8D
....................    vitri2 = 36; 
0264:  MOVWF  x8E
....................    WHILE (true) 
....................    { 
....................       //lcd_command (0x80); //chua hieu 
....................       lcd_command(lcd_addr_line1); 
0266:  MOVLW  80
0268:  MOVWF  x8F
026A:  RCALL  0120
....................       FOR (i = vitri1; i < 20 +vitri1; i++) 
026C:  MOVFF  8D,8B
0270:  MOVLW  14
0272:  ADDWF  x8D,W
0274:  SUBWF  x8B,W
0276:  BC    0294
....................       { 
....................          LCD_DATA (hang1[i]); 
0278:  CLRF   03
027A:  MOVF   x8B,W
027C:  ADDLW  19
027E:  MOVWF  FE9
0280:  MOVLW  00
0282:  ADDWFC 03,W
0284:  MOVWF  FEA
0286:  MOVFF  FEF,8F
028A:  MOVFF  8F,90
028E:  RCALL  01A4
0290:  INCF   x8B,F
0292:  BRA    0270
....................       } 
....................  
....................       delay_ms (200) ; 
0294:  MOVLW  C8
0296:  MOVWF  x8F
0298:  RCALL  0136
....................       vitri1--; 
029A:  DECF   x8D,F
....................       IF (vitri1 == 0) vitri1 = 36; 
029C:  MOVF   x8D,F
029E:  BNZ   02A4
02A0:  MOVLW  24
02A2:  MOVWF  x8D
....................  
....................       lcd_command(lcd_addr_line2);      
02A4:  MOVLW  C0
02A6:  MOVWF  x8F
02A8:  RCALL  0120
....................       FOR (j = vitri2; j < 20 +vitri2; j++) 
02AA:  MOVFF  8E,8C
02AE:  MOVLW  14
02B0:  ADDWF  x8E,W
02B2:  SUBWF  x8C,W
02B4:  BC    02D2
....................       { 
....................          LCD_DATA (hang2[j]); 
02B6:  CLRF   03
02B8:  MOVF   x8C,W
02BA:  ADDLW  52
02BC:  MOVWF  FE9
02BE:  MOVLW  00
02C0:  ADDWFC 03,W
02C2:  MOVWF  FEA
02C4:  MOVFF  FEF,8F
02C8:  MOVFF  8F,90
02CC:  RCALL  01A4
02CE:  INCF   x8C,F
02D0:  BRA    02AE
....................       } 
....................  
....................       delay_ms (200) ; 
02D2:  MOVLW  C8
02D4:  MOVWF  x8F
02D6:  RCALL  0136
....................       vitri2--; 
02D8:  DECF   x8E,F
....................       IF (vitri2 == 0) vitri2 = 36;       
02DA:  MOVF   x8E,F
02DC:  BNZ   02E2
02DE:  MOVLW  24
02E0:  MOVWF  x8E
02E2:  BRA    0266
....................    } 
.................... } 
....................  
02E4:  SLEEP 

Configuration Fuses:
   Word  1: CC27   PLL12 CPUDIV1 USBDIV HS FCMEN IESO
   Word  2: 1E3E   PUT BROWNOUT BORV21 VREGEN NOWDT WDT32768
   Word  3: 8700   CCP2C1 PBADEN LPT1OSC MCLR
   Word  4: 00A1   STVREN NOLVP ICSP2 NOXINST NODEBUG
   Word  5: C00F   NOPROTECT NOCPB NOCPD
   Word  6: E00F   NOWRT NOWRTC NOWRTB NOWRTD
   Word  7: 400F   NOEBTR NOEBTRB
