
ROM used:   1666/32768 (5%)
            1666/32768 (5%) including unused fragments

            1.0 Average locations per line
            5.3 Average locations per statement

RAM used:   45/2048 (2%) at main() level
            65/2048 (3%) worst case

Stack used: 4 worst case (4 in main + 0 for interrupts)
Stack size: 31

Lines Stmts  %   Files
----- ----- ---  -----
  130    84  26  BAI_326_TONGHOP_UP_DN_CLR.c
  627   233  74  tv_pickit2_shift_1.c
  837     0   0  ..\..\..\..\Program Files (x86)\PICC\Devices\18F4550.H
----- -----
 1594   317 Total

Page ROM  %  RAM   Vol Diff  Functions:
---- --- --- ---   --- ----  ----------
0     38   1    1             @delay_ms1
0     38   1    2   234  4.3  XUAT_1BYTE
0     34   1    4   160  1.8  XUAT_32LED_DON_4BYTE
0     36   1    8   245  3.1  XUAT_32LED_DON_2WORD
0     22   1    4   131  2.8  xuat_1word
0     88   3    0   396  1.4  xoa_tat_6module
0     58   2    0   253  2.3  SET_UP_PORT_IC_CHOT
0     72   2   15   119  3.0  ST
0    258   8   15   474  5.2  PST
0    254   8   15   472  4.7  TSP
0    270   8    5   444  5.2  TRN
0    270   8    5   444  5.2  NVT
0    224   7    1   486  3.8  MAIN
 Inline         0   937  5.3  @cinit1

Program metrics:
    Functions               13
    Statements              317
    Comments                294
    Volume (V)              7913
    Difficulty (D)          48.3
    Effort to implement (E) 382538
    Time to implement (T)   5 hours, 54 minutes
    Est Delivered Bugs (B)  2
    Cyclomatic Complexity   18
    Maintainability (MI)    130

 Segment     Used  Free
-----------  ----  ----
00000-00002     4  0  
00004-07FFE  1662  31102  



