
ROM used:   724/32768 (2%)
            724/32768 (2%) including unused fragments

            0.4 Average locations per line
            2.5 Average locations per statement

RAM used:   29/2048 (1%) at main() level
            39/2048 (2%) worst case

Stack used: 7 worst case (7 in main + 0 for interrupts)
Stack size: 31

Lines Stmts  %   Files
----- ----- ---  -----
   34    23   8  BAI_612_LCD_DEM_PHUT_GIAY.c
  705   244  84  tv_pickit2_shift_1_proteus.c
  837     0   0  ..\..\..\..\Program Files (x86)\PICC\Devices\18F4550.H
  112    25   9  tv_pickit2_shift_lcd.c
----- -----
 1688   292 Total

Page ROM  %  RAM   Vol Diff  Functions:
---- --- --- ---   --- ----  ----------
0     38   3    1             @delay_ms1
0     42   3    3   271  4.3  XUAT_1BYTE
0     30   2    0   152  1.8  SET_UP_PORT_IC_CHOT
0     48   3    0   119  1.7  MO_IC_74573_A_THONG_DL
0     44   3    0   172  1.8  XUAT_GLCD_LCD
0     16   1    2    80  2.7  XUAT_LCD20X4
0     26   2    1   102  2.1  LCD_XUAT_8BIT
0     22   2    1    61  1.6  LCD_COMMAND
0     22   2    1    61  1.6  LCD_DATA
0     72   5    0   245  1.8  SETUP_LCD
0     20   1    0             @const827
0     26   2    3   147  3.7  LCD_GOTO_XY
0     98   7    1   216  3.2  lcd_hienthi_dongho
0     72   5    4    82  2.1  @DIVS88
0    100   7    0   323  4.0  MAIN
0     10   1    0             @const841
0     34   2    2   323  4.0  @PSTRINGC_810
 Inline         0             @cinit1

Program metrics:
    Functions               14
    Statements              292
    Comments                374
    Volume (V)              4194
    Difficulty (D)          36.0
    Effort to implement (E) 151063
    Time to implement (T)   2 hours, 20 minutes
    Est Delivered Bugs (B)  1
    Cyclomatic Complexity   5
    Maintainability (MI)    141

 Segment     Used  Free
-----------  ----  ----
00000-00002     4  0  
00004-07FFE   720  32044  



