
ROM used:   590/32768 (2%)
            590/32768 (2%) including unused fragments

            0.4 Average locations per line
            2.4 Average locations per statement

RAM used:   27/2048 (1%) at main() level
            36/2048 (2%) worst case

Stack used: 4 worst case (4 in main + 0 for interrupts)
Stack size: 31

Lines Stmts  %   Files
----- ----- ---  -----
   33    14   6  BT_CH4_CAU_A.c
  627   233  94  tv_pickit2_shift_1.c
  837     0   0  ..\..\..\..\Program Files (x86)\PICC\Devices\18F4550.H
----- -----
 1497   247 Total

Page ROM  %  RAM   Vol Diff  Functions:
---- --- --- ---   --- ----  ----------
0     32   3    0             @const681
0     38   3    2   234  4.3  XUAT_1BYTE
0     22   2    4   131  2.8  xuat_1word
0     88   7    0   396  1.4  xoa_tat_6module
0     58   5    0   253  2.3  SET_UP_PORT_IC_CHOT
0     36   3    4   160  1.8  XUAT_4LED_7DOAN_4SO
0     66   6    5             @DIV1616
0    146  12    5   226  5.0  giai_ma_hien_thi
0    100   8    0   183  3.6  MAIN
 Inline         0   100  3.2  @cinit1

Program metrics:
    Functions               8
    Statements              247
    Comments                282
    Volume (V)              2692
    Difficulty (D)          24.6
    Effort to implement (E) 66215
    Time to implement (T)   1 hours, 1 minutes
    Est Delivered Bugs (B)  1
    Cyclomatic Complexity   4
    Maintainability (MI)    96

 Segment     Used  Free
-----------  ----  ----
00000-00002     4  0  
00004-07FFE   586  32178  



