
ROM used:   2690/32768 (8%)
            2690/32768 (8%) including unused fragments

            1.4 Average locations per line
            6.2 Average locations per statement

RAM used:   32/2048 (2%) at main() level
            55/2048 (3%) worst case

Stack used: 8 worst case (8 in main + 0 for interrupts)
Stack size: 31

Lines Stmts  %   Files
----- ----- ---  -----
  106    77  18  BT_ON_TAP_TUAN15.c
  627   233  54  TV_PICKIT2_SHIFT_1.c
  837     0   0  ..\..\..\..\Program Files (x86)\PICC\Devices\18F4550.H
   74    43  10  TV_PICKIT2_SHIFT_DS18B20.c
  230    54  12  ..\..\..\..\Program Files (x86)\PICC\Drivers\TOUCH.c
  117    25   6  tv_pickit2_shift_lcd.c
----- -----
 1991   432 Total

Page ROM  %  RAM   Vol Diff  Functions:
---- --- --- ---   --- ----  ----------
0     38   1    1             @delay_ms1
0     26   0    1             @delay_us1
0     38   1    2   234  4.3  XUAT_1BYTE
0     22   0    4   131  2.8  xuat_1word
0     88   2    0   396  1.4  xoa_tat_6module
0     58   1    0   253  2.3  SET_UP_PORT_IC_CHOT
0     66   1    5             @DIV1616
0     36   1    0   106  1.3  XUAT_GLCD_LCD
0     16   0    2    80  2.7  XUAT_LCD20X4
0     60   1    1   176  2.3  touch_read_bit
0     34   1    2   149  4.3  touch_read_byte
0    112   2    1   450  3.3  touch_write_bit
0     46   1    3   185  5.6  touch_write_byte
0     78   1    2   260  3.2  touch_present
0    156   3    0   795  2.9  KHOI_TAO_DS18B20
0     50   1    0   179  2.2  DOC_GIATRI_DS18B20
0     26   0    1   102  2.1  LCD_XUAT_8BIT
0     22   0    1    61  1.6  LCD_COMMAND
0     22   0    1    61  1.6  LCD_DATA
0     72   1    0   245  1.8  SETUP_LCD
0    106   2    0   351  1.9  @const836
0     80   1    0   743  2.9  @const844
0     20   0    0    42  1.4  @const850
0     26   0    3   147  3.7  LCD_GOTO_XY
0     96   2    5   255  5.5  lcd_hienthi_so_z_toado_xy
0     76   1    2    21  1.0  @MUL88
0     38   1    1   200  4.0  phim_tt
0   1036  19    2  2985  8.2  HIEN_THI_LCD
0     30   1    5   311  3.6  @MUL1616
0    112   2    0   193  3.1  MAIN
 Inline         0   570  4.6  @cinit1

Program metrics:
    Functions               28
    Statements              432
    Comments                473
    Volume (V)              16905
    Difficulty (D)          88.2
    Effort to implement (E) 1490382
    Time to implement (T)   23 hours, 0 minutes
    Est Delivered Bugs (B)  4
    Cyclomatic Complexity   38
    Maintainability (MI)    97

 Segment     Used  Free
-----------  ----  ----
00000-00002     4  0  
00004-07FFE  2686  30078  



