
ROM used:   2626/32768 (8%)
            2626/32768 (8%) including unused fragments

            1.5 Average locations per line
            6.6 Average locations per statement

RAM used:   67/2048 (3%) at main() level
            81/2048 (4%) worst case

Stack used: 9 worst case (8 in main + 1 for interrupts)
Stack size: 31

Lines Stmts  %   Files
----- ----- ---  -----
  221   140  35  BT_TONG_HOP.c
  627   233  59  tv_pickit2_shift_1.c
  837     0   0  ..\..\..\..\Program Files (x86)\PICC\Devices\18F4550.H
  112    25   6  tv_pickit2_shift_lcd.c
----- -----
 1797   398 Total

Page ROM  %  RAM   Vol Diff  Functions:
---- --- --- ---   --- ----  ----------
0     38   1    1             @delay_ms1
0     42   1    0             @const681
0     38   1    2   234  4.3  XUAT_1BYTE
0     22   0    4   131  2.8  xuat_1word
0     88   2    0   396  1.4  xoa_tat_6module
0     58   1    0   253  2.3  SET_UP_PORT_IC_CHOT
0     36   1    4   160  1.8  XUAT_4LED_7DOAN_4SO
0     36   1    0   106  1.3  XUAT_GLCD_LCD
0     16   0    2    80  2.7  XUAT_LCD20X4
0     36   1    3   106  2.1  XUAT_8LED_7DOAN_QUET_1
0     10   0    0    25  1.2  XUAT_8LED_7DOAN_QUET_TAT_LED
0     34   1    0             @const755
0     54   1    3   123  2.6  XUAT_8LED_7DOAN_QUET_2
0     76   1    1   178  4.9  HIEN_THI_8LED_7DOAN_QUET
0     26   0    1   102  2.1  LCD_XUAT_8BIT
0     22   0    1    61  1.6  LCD_COMMAND
0     22   0    1    61  1.6  LCD_DATA
0     72   1    0   245  1.8  SETUP_LCD
0     92   2    0    93  2.9  @const816
0     90   2    0   422  6.1  @const824
0     30   1    0             @const830
0     26   0    3   147  3.7  LCD_GOTO_XY
0     16   0    0    29  1.2  interrupt_timer1
0     20   0    0   110  2.1  giai_ma_gan_cho_8led_quet
0    254   5    2   603  4.8  hienthi_lcd
0     72   1    4  1566  7.3  @DIVS88
0    116   2    6  1566  7.3  @DIVS1616
0    200   4    3   267  4.2  giai_ma_7doan_xoa_so0
0     28   1    2    52  1.9  hien_thi_led_7_doan
0     30   1    1   158  3.5  PHIM_BT0
0     30   1    1   158  3.5  PHIM_BT1
0     30   1    1   158  3.5  PHIM_BT2
0     52   1    2   200  4.0  PHIM_BT3
0    110   2    5   255  5.5  lcd_hienthi_so_z_toado_xy
0     76   1    2   415  6.1  @MUL88
0    190   4    2   353  5.2  hien_thi_so_lon
0     78   1    1   245  4.1  dem_couter
0    214   4    1  1188  6.3  MAIN
 Inline         0             @cinit1

Program metrics:
    Functions               34
    Statements              398
    Comments                362
    Volume (V)              18746
    Difficulty (D)          120.1
    Effort to implement (E) 2251412
    Time to implement (T)   34 hours, 45 minutes
    Est Delivered Bugs (B)  6
    Cyclomatic Complexity   59
    Maintainability (MI)    51

 Segment     Used  Free
-----------  ----  ----
00000-00002     4  0  
00004-00006     0  4  
00008-00094   142  0  
00096-07FFE  2480  30138  



