CCS PCH C Compiler, Version 5.015, 5967               01-Nov-22 07:26

               Filename:   C:\Users\NguyenMinhTri\Desktop\TT VXL\DEM_GIAY_TIMER_DAO_CHIEU.lst

               ROM used:   1146 bytes (3%)
                           Largest free fragment is 31618
               RAM used:   47 (2%) at main() level
                           55 (3%) worst case
               Stack used: 6 locations (5 in main + 1 for interrupts)
               Stack size: 31

*
0000:  GOTO   03CA
*
0008:  MOVWF  04
000A:  MOVFF  FD8,05
000E:  MOVFF  FE0,06
0012:  MOVLB  0
0014:  MOVFF  FE9,0C
0018:  MOVFF  FEA,07
001C:  MOVFF  FE1,08
0020:  MOVFF  FE2,09
0024:  MOVFF  FD9,0A
0028:  MOVFF  FDA,0B
002C:  MOVFF  FF3,12
0030:  MOVFF  FF4,13
0034:  MOVFF  FFA,14
0038:  MOVFF  00,0E
003C:  MOVFF  01,0F
0040:  MOVFF  02,10
0044:  MOVFF  03,11
0048:  BTFSS  F9D.0
004A:  GOTO   0054
004E:  BTFSC  F9E.0
0050:  GOTO   00E2
0054:  MOVFF  0E,00
0058:  MOVFF  0F,01
005C:  MOVFF  10,02
0060:  MOVFF  11,03
0064:  MOVFF  0C,FE9
0068:  MOVFF  07,FEA
006C:  BSF    07.7
006E:  MOVFF  08,FE1
0072:  MOVFF  09,FE2
0076:  MOVFF  0A,FD9
007A:  MOVFF  0B,FDA
007E:  MOVFF  12,FF3
0082:  MOVFF  13,FF4
0086:  MOVFF  14,FFA
008A:  MOVF   04,W
008C:  MOVFF  06,FE0
0090:  MOVFF  05,FD8
0094:  RETFIE 0
.................... //NEU CHI HIEN LED7, KHONG HIEN LED QUET LAI KHONG DUOC 
....................  
.................... #include <tv_pickit2_shift_1.c> 
.................... #INCLUDE    <18F4550.H> 
.................... //////////// Standard Header file for the PIC18F4550 device //////////////// 
.................... /////////////////////////////////////////////////////////////////////////// 
.................... ////        (C) Copyright 1996, 2013 Custom Computer Services          //// 
.................... //// This source code may only be used by licensed users of the CCS C  //// 
.................... //// compiler.  This source code may only be distributed to other      //// 
.................... //// licensed users of the CCS C compiler.  No other use, reproduction //// 
.................... //// or distribution is permitted without written permission.          //// 
.................... //// Derivative programs created using this software in object code    //// 
.................... //// form are not restricted in any way.                               //// 
.................... /////////////////////////////////////////////////////////////////////////// 
.................... #device PIC18F4550 
0096:  MOVFF  FF2,0D
009A:  BCF    FF2.7
009C:  CLRF   FF7
009E:  ADDLW  B0
00A0:  MOVWF  FF6
00A2:  MOVLW  00
00A4:  ADDWFC FF7,F
00A6:  TBLRD*+
00A8:  MOVF   FF5,W
00AA:  BTFSC  0D.7
00AC:  BSF    FF2.7
00AE:  RETURN 0
00B0:  DATA C0,F9
00B2:  DATA A4,B0
00B4:  DATA 99,92
00B6:  DATA 82,F8
00B8:  DATA 80,90
00BA:  DATA 88,83
00BC:  DATA C6,A1
00BE:  DATA 86,8E
00C0:  MOVFF  FF2,0D
00C4:  BCF    FF2.7
00C6:  CLRF   FF7
00C8:  ADDLW  DA
00CA:  MOVWF  FF6
00CC:  MOVLW  00
00CE:  ADDWFC FF7,F
00D0:  TBLRD*+
00D2:  MOVF   FF5,W
00D4:  BTFSC  0D.7
00D6:  BSF    FF2.7
00D8:  RETURN 0
00DA:  DATA 7F,BF
00DC:  DATA DF,EF
00DE:  DATA F7,FB
00E0:  DATA FD,FE
*
0222:  MOVF   2E,W
0224:  XORWF  2F,W
0226:  ANDLW  80
0228:  MOVWF  31
022A:  BTFSS  2E.7
022C:  BRA    0232
022E:  COMF   2E,F
0230:  INCF   2E,F
0232:  BTFSS  2F.7
0234:  BRA    023A
0236:  COMF   2F,F
0238:  INCF   2F,F
023A:  MOVF   2F,W
023C:  CLRF   01
023E:  SUBWF  2E,W
0240:  BC    0248
0242:  MOVFF  2E,00
0246:  BRA    0260
0248:  CLRF   00
024A:  MOVLW  08
024C:  MOVWF  30
024E:  RLCF   2E,F
0250:  RLCF   00,F
0252:  MOVF   2F,W
0254:  SUBWF  00,W
0256:  BTFSC  FD8.0
0258:  MOVWF  00
025A:  RLCF   01,F
025C:  DECFSZ 30,F
025E:  BRA    024E
0260:  BTFSS  31.7
0262:  BRA    0268
0264:  COMF   01,F
0266:  INCF   01,F
0268:  RETURN 0
....................  
.................... #list 
....................  
.................... #DEVICE     ADC=10 
.................... #FUSES      NOWDT,PUT,HS,NOPROTECT,NOLVP,CPUDIV1 
.................... #USE        I2C(MASTER,SLOW,SDA=PIN_B0,SCL=PIN_B1) 
.................... #USE        DELAY(CLOCK=20000000) 
*
01C0:  CLRF   FEA
01C2:  MOVLW  2D
01C4:  MOVWF  FE9
01C6:  MOVF   FEF,W
01C8:  BZ    01E4
01CA:  MOVLW  06
01CC:  MOVWF  01
01CE:  CLRF   00
01D0:  DECFSZ 00,F
01D2:  BRA    01D0
01D4:  DECFSZ 01,F
01D6:  BRA    01CE
01D8:  MOVLW  7B
01DA:  MOVWF  00
01DC:  DECFSZ 00,F
01DE:  BRA    01DC
01E0:  DECFSZ FEF,F
01E2:  BRA    01CA
01E4:  RETURN 0
.................... #USE        rs232(baud=9600, xmit=PIN_C6,rcv=PIN_C7) 
.................... //NUT NHAN: 
.................... #DEFINE  BT0     PIN_B5 
.................... #DEFINE  BT1     PIN_B4 
.................... #DEFINE  BT2     PIN_B3 
.................... #DEFINE  BT3     PIN_B2 
....................  
.................... #DEFINE  ON      BT0       //DK LED DON, MOTOR 
.................... #DEFINE  OFF     BT1 
.................... #DEFINE  INV     BT2 
....................  
.................... #DEFINE  UP      BT0    //DK LED DON 
.................... #DEFINE  DW      BT1 
.................... #DEFINE  CLR     BT2 
.................... #DEFINE  MOD     BT3 
....................  
.................... #DEFINE  STOP    BT3 
....................  
.................... #DEFINE  ON1     BT0      
.................... #DEFINE  OFF1    BT1 
.................... #DEFINE  ON2     BT2        
.................... #DEFINE  OFF2    BT3 
....................  
....................  
.................... //XXXXXXXXXXXXXXXXXXXXXXXXXXXXXXXXXXXXXXXXXXXXXXXXX 
.................... //XXXXXXXXXXXXXXXXXXXXXXXXXXXXXXXXXXXXXXXXXXXXXXXXX 
.................... #DEFINE      SSDO             PIN_E2         //CHUNG TAT CA 
.................... #DEFINE      SSCK             PIN_E0         //CHUNG TAT CA 
....................  
.................... #DEFINE      G_ALL            PIN_D0         //A - 4 BYTE 
.................... #DEFINE      RCK_LCD20X4      PIN_D2         //A - 2 BYTE DAO 
.................... #DEFINE      RCK_BUZERELAY    PIN_D3     //B - 1 BYTE  
.................... #DEFINE      RCK_32LED        PIN_D4         //A - 4 BYTE 
.................... #DEFINE      RCK_8LEDQUET     PIN_D5         //B - 2 BYTE DAO 
.................... #DEFINE      RCK_4LED7DOAN    PIN_D6         //A - 4 BYTE 
.................... #DEFINE      RCK_MATRANLED    PIN_D7         //B - 3 BYTE DAO 
....................  
.................... VOID XUAT_LCD20X4(UNSIGNED INT8 LCD_SIGNAL,LCD_INS_HTHI); 
.................... VOID XUAT_BUZZER_RELAY(); 
....................  
.................... //XXXXXXXXXXXXXXXXXXXXXXXXXXXXXXXXXXXXXXXXXXXX 
.................... //CHUONG TRINH KIEM TRA PHIM BT1 
.................... //XXXXXXXXXXXXXXXXXXXXXXXXXXXXXXXXXXXXXXXXXXXX 
.................... UNSIGNED INT8 DL_BTN=0; 
.................... INT1 PHIM_BT0(UNSIGNED INT16 DL) 
.................... {   
....................     IF(!INPUT(BT0)) 
....................     {   
....................       DL_BTN++; 
....................       IF(DL_BTN==1) RETURN(1); 
....................       ELSE 
....................       { 
....................          IF (DL_BTN>= DL) 
....................          DL_BTN = 0; 
....................       } 
....................     } 
....................     ELSE    
....................     { 
....................       RETURN(0); 
....................     } 
.................... }  
.................... //XXXXXXXXXXXXXXXXXXXXXXXXXXXXXXXXXXXXXXXXXXXX 
.................... //CHUONG TRINH KIEM TRA PHIM BT1 
.................... //XXXXXXXXXXXXXXXXXXXXXXXXXXXXXXXXXXXXXXXXXXXX 
.................... INT1 PHIM_BT1(UNSIGNED INT16 DL ) 
.................... {   
....................     IF (!INPUT(BT1)) 
....................     {   
....................       DL_BTN++; 
....................       IF(DL_BTN==1) RETURN(1); 
....................       ELSE 
....................       { 
....................          IF (DL_BTN>= DL) 
....................          DL_BTN =0; 
....................       } 
....................     } 
....................     ELSE    
....................     { 
....................       RETURN(0); 
....................     } 
.................... }  
.................... //XXXXXXXXXXXXXXXXXXXXXXXXXXXXXXXXXXXXXXXXXXXX 
.................... //CHUONG TRINH KIEM TRA PHIM BT2       
.................... //XXXXXXXXXXXXXXXXXXXXXXXXXXXXXXXXXXXXXXXXXXXX                                     
.................... INT1 PHIM_BT2(UNSIGNED INT16 DL ) 
.................... {                                         
....................     IF (!INPUT(BT2)) 
....................     {   
....................       DL_BTN++; 
....................       IF(DL_BTN==1) RETURN(1); 
....................       ELSE 
....................       { 
....................          IF (DL_BTN>= DL) 
....................          DL_BTN =0; 
....................       } 
....................     } 
....................     ELSE    
....................     { 
....................       RETURN(0); 
....................     }                                           
.................... }       
....................  
.................... //XXXXXXXXXXXXXXXXXXXXXXXXXXXXXXXXXXXXXXXXXXXX 
.................... //CHUONG TRINH KIEM TRA PHIM BT3 
.................... //XXXXXXXXXXXXXXXXXXXXXXXXXXXXXXXXXXXXXXXXXXXX 
.................... INT1 PHIM_BT3(UNSIGNED INT16 DL,  UNSIGNED INT8 SOLAN  ) 
.................... {   
....................     IF (!INPUT(BT3)) 
....................     {   
....................       DL_BTN++; 
....................       IF(DL_BTN==1) RETURN(1); 
....................       ELSE 
....................       { 
....................          IF (DL_BTN>= DL) 
....................          DL_BTN =SOLAN; 
....................       } 
....................     } 
....................     ELSE    
....................     { 
....................       //DL_BTN =0; 
....................       RETURN(0); 
....................     } 
.................... }  
.................... //XXXXXXXXXXXXXXXXXXXXXXXXXXXXXXXXXXXXXXXXXXXX 
.................... //KHAI BAO DU LIEU 16 BIT CHO MODULE RELAY, TRIAC, BUZZER, DONG CO 
.................... //XXXXXXXXXXXXXXXXXXXXXXXXXXXXXXXXXXXXXXXXXXXX 
.................... UNSIGNED INT16 RBDC; 
.................... #BIT STEP_MOTOR_ENABLE  = RBDC.0    //1=ENA,0=DIS 
.................... #BIT STEP_MOTOR_IN1     = RBDC.1     
.................... #BIT STEP_MOTOR_IN2     = RBDC.2 
.................... #BIT STEP_MOTOR_IN3     = RBDC.3 
.................... #BIT STEP_MOTOR_IN4     = RBDC.4 
.................... #BIT DC_ENABLE          = RBDC.5    //1=ENA,0=DIS 
.................... #BIT PWRKEY             = RBDC.6    //KHOI TAO SIM900 
....................  
.................... #BIT BUZZER             = RBDC.8    //1=ON,0=OFF 
.................... #BIT TRIAC_1            = RBDC.9    //1=ON,0=OFF 
.................... #BIT TRIAC_2            = RBDC.10   //1=ON,0=OFF 
.................... #BIT RELAY_1            = RBDC.11   //0=ON,1=OFF 
.................... #BIT RELAY_2            = RBDC.12   //0=ON,1=OFF 
....................  
....................  
....................  
.................... //XXXXXXXXXXXXXXXXXXXXXXXXXXXXXXXXXXXXXXXXXXXX    
.................... CONST UNSIGNED CHAR MA7DOAN[16]= {0XC0,0XF9,0xA4,0XB0,0X99,0X92,0X82,0XF8, 
.................... 0X80,0X90,0x88, 0x83, 0xC6, 0xA1, 0x86, 0x8E}; 
.................... #DEFINE     MASO0    0XC0 
.................... #DEFINE     MASO1    0XF9 
.................... #DEFINE     MASO2    0XA4 
.................... #DEFINE     MASO3    0XB0 
.................... #DEFINE     MASO4    0X99 
.................... #DEFINE     MASO5    0X92 
.................... #DEFINE     MASO6    0X82 
.................... #DEFINE     MASO7    0XF8 
....................  
.................... //XXXXXXXXXXXXXXXXXXXXXXXXXXXXXXXXXXXXXXXXXXXX  
.................... //HAM 102 XUAT 1 BYTE RA THANH GHI DICH 
.................... //XXXXXXXXXXXXXXXXXXXXXXXXXXXXXXXXXXXXXXXXXXXX     
.................... VOID XUAT_1BYTE(UNSIGNED INT8 X) 
.................... { 
....................    UNSIGNED INT8 SB;    
....................    #BIT BSERI  = X.7 
....................    FOR(SB=0;SB<8;SB++) 
*
00F2:  CLRF   36
00F4:  MOVF   36,W
00F6:  SUBLW  07
00F8:  BNC   0116
....................       {                                                  
....................          OUTPUT_BIT(SSDO,BSERI);     
00FA:  BTFSC  35.7
00FC:  BRA    0102
00FE:  BCF    F8D.2
0100:  BRA    0104
0102:  BSF    F8D.2
0104:  BCF    F96.2
....................          OUTPUT_LOW(SSCK); OUTPUT_HIGH(SSCK); 
0106:  BCF    F96.0
0108:  BCF    F8D.0
010A:  BCF    F96.0
010C:  BSF    F8D.0
....................          X= X<<1;          
010E:  BCF    FD8.0
0110:  RLCF   35,F
0112:  INCF   36,F
0114:  BRA    00F4
....................      } 
0116:  RETURN 0
.................... } 
.................... //XXXXXXXXXXXXXXXXXXXXXXXXXXXXXXXXXXXXXXXXXXXX  
.................... //HAM 301 
.................... //XXXXXXXXXXXXXXXXXXXXXXXXXXXXXXXXXXXXXXXXXXXX 
.................... //CHUONG TRINH CON XUAT 4 BYTE RA 32 LED DON 
.................... //XXXXXXXXXXXXXXXXXXXXXXXXXXXXXXXXXXXXXXXXXXXX 
.................... VOID XUAT_32LED_DON_4BYTE(UNSIGNED INT8 BLD3,BLD2,BLD1,BLD0) 
.................... {      
....................       XUAT_1BYTE(BLD3);           
....................       XUAT_1BYTE(BLD2); 
....................       XUAT_1BYTE(BLD1);           
....................       XUAT_1BYTE(BLD0);             
....................                        
....................       OUTPUT_HIGH(RCK_32LED);     
....................       OUTPUT_LOW(RCK_32LED); 
....................      
.................... } 
.................... //HAM 302 
.................... //XXXXXXXXXXXXXXXXXXXXXXXXXXXXXXXXXXXXXXXXXXXX 
.................... //CHUONG TRINH CON XUAT 2 WORD 16 BITRA 32 LED DON 
.................... //XXXXXXXXXXXXXXXXXXXXXXXXXXXXXXXXXXXXXXXXXXXX 
.................... VOID XUAT_32LED_DON_2WORD(UNSIGNED INT16 WLD1, UNSIGNED INT16 WLD0) 
.................... {      
....................      UNSIGNED INT8  B3,B2,B1,B0; 
....................      B3 = WLD1>>8;  B2 = WLD1;  
....................      B1 = WLD0>>8;  B0 = WLD0; 
....................      XUAT_32LED_DON_4BYTE(B3,B2,B1,B0); 
.................... } 
.................... //HAM 303 
.................... //XXXXXXXXXXXXXXXXXXXXXXXXXXXXXXXXXXXXXXXXXXXX 
.................... //CHUONG TRINH CON XUAT 1 DOUBLE WORD RA 32 LED DON 
.................... //XXXXXXXXXXXXXXXXXXXXXXXXXXXXXXXXXXXXXXXXXXXX 
.................... VOID XUAT_32LED_DON_1DW(UNSIGNED LONG LONG DWLD) 
.................... {      
....................      UNSIGNED INT16  WD1,WD0; 
....................      WD1 = DWLD>>16;  WD0 = DWLD; 
....................      XUAT_32LED_DON_2WORD(WD1,WD0); 
.................... } 
....................  
.................... //XXXXXXXXXXXXXXXXXXXXXXXXXXXXXXXXXXXXXXXXXXXX     
.................... //XUAT 1 BIT ROI TRA LAI KET QUA SAU KHI DICH DI 1 BIT 
.................... //XXXXXXXXXXXXXXXXXXXXXXXXXXXXXXXXXXXXXXXXXXXX     
.................... UNSIGNED  INT8 XUAT_1BIT(UNSIGNED INT8 BYTEXUAT) 
.................... { 
....................       UNSIGNED INT8   XBITX;    
....................       #BIT BSERIX  = XBITX.0 
....................       XBITX = BYTEXUAT; 
....................                                              
....................       OUTPUT_BIT(SSDO,BSERIX);     
....................       OUTPUT_LOW(SSCK); OUTPUT_HIGH(SSCK); 
....................       XBITX= XBITX>>1;    
....................       RETURN(XBITX);   
.................... } 
.................... //xxxxxxxxxxxxxxxxxxxxxxxxxxxxxxxxxxxxxxxxxxxxxxxxxxxxxxxx     
.................... //ham 103: xuat 1 word ra thanh ghi dich 
.................... //xxxxxxxxxxxxxxxxxxxxxxxxxxxxxxxxxxxxxxxxxxxxxxxxxxxxxxxx     
.................... void xuat_1word(unsigned int16 w) 
.................... {   
....................    unsigned int8 b1,b0; 
....................    b1 = w>>8; b0 = w; 
0118:  MOVFF  2E,2F
011C:  MOVFF  2D,30
....................    xuat_1byte(b1);     
0120:  MOVFF  2F,35
0124:  RCALL  00F2
....................    xuat_1byte(b0); 
0126:  MOVFF  30,35
012A:  RCALL  00F2
012C:  RETURN 0
.................... }    
.................... //xxxxxxxxxxxxxxxxxxxxxxxxxxxxxxxxxxxxxxxxxxxxxxxxxxxxxxxx      
.................... //ham 104: xoa cac module  
.................... //xxxxxxxxxxxxxxxxxxxxxxxxxxxxxxxxxxxxxxxxxxxxxxxxxxxxxxxx   
.................... void xoa_tat_6module()                           
.................... {                                                                                               
....................    xuat_1word(0);                              
012E:  CLRF   2E
0130:  CLRF   2D
0132:  RCALL  0118
....................    xuat_1word(0);  
0134:  CLRF   2E
0136:  CLRF   2D
0138:  RCALL  0118
....................    xuat_1word(0);                              
013A:  CLRF   2E
013C:  CLRF   2D
013E:  RCALL  0118
....................    xuat_1word(0);                                     
0140:  CLRF   2E
0142:  CLRF   2D
0144:  RCALL  0118
....................     
....................    output_high(rck_buzerelay);    
0146:  BCF    F95.3
0148:  BSF    F8C.3
....................    output_low(rck_buzerelay); 
014A:  BCF    F95.3
014C:  BCF    F8C.3
....................     
....................    output_high(rck_32led); 
014E:  BCF    F95.4
0150:  BSF    F8C.4
....................    output_low(rck_32led);  
0152:  BCF    F95.4
0154:  BCF    F8C.4
....................     
....................    output_high(rck_8ledquet);    
0156:  BCF    F95.5
0158:  BSF    F8C.5
....................    output_low(rck_8ledquet);    
015A:  BCF    F95.5
015C:  BCF    F8C.5
....................                                   
....................    output_high(rck_matranled);           
015E:  BCF    F95.7
0160:  BSF    F8C.7
....................    output_low(rck_matranled);    
0162:  BCF    F95.7
0164:  BCF    F8C.7
....................                             
....................    output_high(rck_lcd20x4);    
0166:  BCF    F95.2
0168:  BSF    F8C.2
....................    output_low(rck_lcd20x4);       
016A:  BCF    F95.2
016C:  BCF    F8C.2
....................                                                                            
....................    xuat_1word(0xffff);  
016E:  SETF   2E
0170:  SETF   2D
0172:  RCALL  0118
....................    xuat_1word(0xffff);  
0174:  SETF   2E
0176:  SETF   2D
0178:  RCALL  0118
....................    output_high(rck_4led7doan);        
017A:  BCF    F95.6
017C:  BSF    F8C.6
....................    output_low(rck_4led7doan);                                                                       
017E:  BCF    F95.6
0180:  BCF    F8C.6
0182:  GOTO   019E (RETURN)
.................... }              
.................... //XXXXXXXXXXXXXXXXXXXXXXXXXXXXXXXXXXXXXXXXXXXX  
.................... //HAM 101 
.................... //XXXXXXXXXXXXXXXXXXXXXXXXXXXXXXXXXXXXXXXXXXXX     
.................... //HAM KHOI TAO CAC PORT VA IC CHOT 
.................... //XXXXXXXXXXXXXXXXXXXXXXXXXXXXXXXXXXXXXXXXXXXX     
.................... VOID SET_UP_PORT_IC_CHOT() 
.................... {      
....................    set_tris_a(0xff);    set_tris_b(0x3c);                                                    
0186:  MOVLW  FF
0188:  MOVWF  F92
018A:  MOVLW  3C
018C:  MOVWF  F93
....................    set_tris_c(0xf1);    set_tris_e(0x00);                                                
018E:  MOVLW  F1
0190:  MOVWF  F94
0192:  MOVLW  00
0194:  MOVWF  F96
....................    set_tris_d(0x00);     
0196:  MOVWF  F95
....................    output_d(0x00);  
0198:  CLRF   F95
019A:  CLRF   F8C
....................    xoa_tat_6module(); 
019C:  BRA    012E
....................    port_b_pullups(0xff);           
019E:  BCF    FF1.7
....................    rbdc=0;                
01A0:  CLRF   18
01A2:  CLRF   17
....................              
....................    setup_adc(adc_clock_div_32);         
01A4:  MOVF   FC0,W
01A6:  ANDLW  C0
01A8:  IORLW  02
01AA:  MOVWF  FC0
01AC:  BSF    FC0.7
01AE:  BSF    FC2.0
....................    setup_adc_ports(an0_to_an2|vss_vdd);  
01B0:  MOVF   FC1,W
01B2:  ANDLW  C0
01B4:  IORLW  0C
01B6:  MOVWF  FC1
....................    output_low(g_all);         
01B8:  BCF    F95.0
01BA:  BCF    F8C.0
01BC:  GOTO   040C (RETURN)
.................... } 
.................... //HAM 104 
....................  
.................... //XXXXXXXXXXXXXXXXXXXXXXXXXXXXXXXXXXXXXXXXXXXX 
.................... //CHUONG TRINH CON XUAT 4 BYTE RA 4 LED 7 DOAN 
.................... //XXXXXXXXXXXXXXXXXXXXXXXXXXXXXXXXXXXXXXXXXXXX 
.................... VOID XUAT_4LED_7DOAN_4SO(UNSIGNED INT BL743,BL742,BL741,BL740) 
.................... {      
....................       XUAT_1BYTE(BL740);   XUAT_1BYTE(BL741); 
*
02A6:  MOVFF  34,35
02AA:  RCALL  00F2
02AC:  MOVFF  33,35
02B0:  RCALL  00F2
....................       XUAT_1BYTE(BL742);   XUAT_1BYTE(BL743);        
02B2:  MOVFF  32,35
02B6:  RCALL  00F2
02B8:  MOVFF  31,35
02BC:  RCALL  00F2
....................       OUTPUT_LOW(RCK_4LED7DOAN);    
02BE:  BCF    F95.6
02C0:  BCF    F8C.6
....................       OUTPUT_HIGH(RCK_4LED7DOAN); 
02C2:  BCF    F95.6
02C4:  BSF    F8C.6
02C6:  GOTO   02D8 (RETURN)
....................  
.................... } 
.................... //ham 404 
.................... VOID XUAT_4LED_7DOAN_3SO(UNSIGNED INT BL742,BL741,BL740) 
.................... {      
....................      XUAT_4LED_7DOAN_4SO(0XFF,BL742,BL741,BL740); 
.................... } 
.................... //ham 403 
.................... VOID XUAT_4LED_7DOAN_2SO(UNSIGNED INT BL741,BL740) 
.................... {      
....................      XUAT_4LED_7DOAN_4SO(0XFF,0XFF,BL741,BL740); 
02CA:  SETF   31
02CC:  SETF   32
02CE:  MOVFF  2F,33
02D2:  MOVFF  30,34
02D6:  BRA    02A6
02D8:  GOTO   0470 (RETURN)
.................... } 
.................... //ham 402 
.................... VOID XUAT_4LED_7DOAN_1SO(UNSIGNED INT BL740) 
.................... {      
....................      XUAT_4LED_7DOAN_4SO(0XFF,0XFF,0XFF,BL740); 
.................... } 
....................  
.................... //ham 405 
.................... //XXXXXXXXXXXXXXXXXXXXXXXXXXXXXXXXXXXXXXXXXXXXXXXXXXXXXXXXXXXXX 
.................... //CHUONG TRINH CON HIEN THI DU LIEU 16 BIT TREN 4 LED 7 DOAN 
.................... //XXXXXXXXXXXXXXXXXXXXXXXXXXXXXXXXXXXXXXXXXXXXXXXXXXXXXXXXXXXXX 
.................... UNSIGNED CHAR DONVI4,CHUC4,TRAM4,NGAN4; 
.................... VOID  XUAT_4LED_7DOAN_GIAIMA_XOA_SO0 (UNSIGNED INT16 TAM) 
.................... {          
....................       DONVI4 = MA7DOAN[TAM %10];          
....................       CHUC4  = MA7DOAN[TAM/10%10]; 
....................       TRAM4  = MA7DOAN[TAM/100%10];  
....................       NGAN4  = MA7DOAN[TAM/1000%10];        
....................       IF (NGAN4==0XC0) 
....................       { 
....................          NGAN4=0XFF; 
....................          IF (TRAM4==0XC0) 
....................          { 
....................             TRAM4=0XFF; 
....................             IF (CHUC4==0XC0)   CHUC4=0XFF; 
....................          } 
....................       } 
....................       XUAT_4LED_7DOAN_4SO(NGAN4,TRAM4,CHUC4,DONVI4);    
.................... } 
....................  
.................... void  XUAT_4LED_7DOAN_2_SO (unsigned int8 BH,BL) 
.................... {          
....................  XUAT_4LED_7DOAN_4SO(MA7DOAN[BH/10],MA7DOAN[BH%10],MA7DOAN[BL/10],MA7DOAN[BL%10]);    
.................... } 
....................  
.................... UNSIGNED INT8 LCDDATA=0;  
.................... UNSIGNED INT8 LCDCONTROL=0; 
.................... UNSIGNED INT8 GLCDDATA=0; 
.................... UNSIGNED INT8 GLCDCONTROL=0;  
.................... //HAM 701 
.................... //XXXXXXXXXXXXXXXXXXXXXXXXXXXXXXXXXXXXXXXXXXXXXXXXXXXXXXXXXXXXX 
.................... //CHUONG TRINH CON XUAT DU LIEU 4 BYTE RA GLCD VA LCD 
.................... //XXXXXXXXXXXXXXXXXXXXXXXXXXXXXXXXXXXXXXXXXXXXXXXXXXXXXXXXXXXXX 
.................... VOID XUAT_GLCD_LCD() 
.................... {       
....................     XUAT_1BYTE(GLCDCONTROL);              
....................     XUAT_1BYTE(GLCDDATA); 
....................     XUAT_1BYTE(LCDCONTROL);        
....................     XUAT_1BYTE(LCDDATA);       
....................           
....................     OUTPUT_HIGH(RCK_LCD20X4);      
....................     OUTPUT_LOW(RCK_LCD20X4); 
.................... } 
.................... //HAM 702 
.................... VOID XUAT_LCD20X4(UNSIGNED INT8 LCD_SIGNAL,LCD_INS_HTHI) 
.................... {      
....................     LCDCONTROL = ~LCD_SIGNAL; 
....................     LCDDATA    = ~LCD_INS_HTHI;       
....................     XUAT_GLCD_LCD(); 
.................... } 
.................... //HAM 703 
.................... VOID XUAT_GLCD128X64(UNSIGNED INT8 GLCD_SIGNAL,GLCD_INS_HTHI) 
.................... {      
....................     GLCDCONTROL = ~GLCD_SIGNAL; 
....................     GLCDDATA    = ~GLCD_INS_HTHI;      
....................     XUAT_GLCD_LCD(); 
.................... } 
.................... //HAM 501 
.................... //XXXXXXXXXXXXXXXXXXXXXXXXXXXXXXXXXXXXXXXXXXXX 
.................... //CHUONG TRINH CON XUAT 2 BYTE RA DK 1 LED QUET SANG 
.................... //XXXXXXXXXXXXXXXXXXXXXXXXXXXXXXXXXXXXXXXXXXXX 
.................... VOID XUAT_8LED_7DOAN_QUET_1(UNSIGNED INT MA,SO_HTHI) 
.................... {      
....................       XUAT_1BYTE(~MA);    
*
0310:  MOVF   2F,W
0312:  MOVWF  31
0314:  COMF   31,F
0316:  MOVFF  31,35
031A:  RCALL  00F2
....................       XUAT_1BYTE(~SO_HTHI); 
031C:  MOVFF  30,31
0320:  COMF   31,F
0322:  MOVFF  31,35
0326:  RCALL  00F2
....................       OUTPUT_HIGH(RCK_8LEDQUET);  
0328:  BCF    F95.5
032A:  BSF    F8C.5
....................       OUTPUT_LOW(RCK_8LEDQUET); 
032C:  BCF    F95.5
032E:  BCF    F8C.5
0330:  GOTO   033A (RETURN)
.................... } 
.................... //HAM 502 
.................... //XXXXXXXXXXXXXXXXXXXXXXXXXXXXXXXXXXXXXXXXXXXX 
.................... //CHUONG TRINH CON XUAT 2 BYTE RA TAT 8 LED QUET 
.................... //XXXXXXXXXXXXXXXXXXXXXXXXXXXXXXXXXXXXXXXXXXXX 
.................... VOID XUAT_8LED_7DOAN_QUET_TAT_LED() 
.................... { 
....................    XUAT_8LED_7DOAN_QUET_1(0XFF,0XFF); 
0334:  SETF   2F
0336:  SETF   30
0338:  BRA    0310
033A:  GOTO   0382 (RETURN)
.................... } 
.................... //HAM 503 
.................... //XXXXXXXXXXXXXXXXXXXXXXXXXXXXXXXXXXXXXXXXXXXX 
.................... //CHUONG TRINH CON HIEN THI LED THEO THU TU 
.................... //XXXXXXXXXXXXXXXXXXXXXXXXXXXXXXXXXXXXXXXXXXXX 
.................... CONST UNSIGNED CHAR TTLEDQUET[8]= {0x7F,0xBF,0xDF,0xEF,0xF7,0xFB,0xFD,0xFE}; 
.................... VOID XUAT_8LED_7DOAN_QUET_2(UNSIGNED INT THUTULED,SO_HTHI) 
.................... {          
....................       XUAT_1BYTE(~ (TTLEDQUET[THUTULED]));    
*
02DC:  CLRF   03
02DE:  MOVF   30,W
02E0:  MOVFF  FF2,32
02E4:  BCF    FF2.7
02E6:  RCALL  00C0
02E8:  BTFSC  32.7
02EA:  BSF    FF2.7
02EC:  MOVWF  01
02EE:  MOVWF  32
02F0:  COMF   32,F
02F2:  MOVFF  32,35
02F6:  RCALL  00F2
....................       XUAT_1BYTE(~SO_HTHI);      
02F8:  MOVFF  31,32
02FC:  COMF   32,F
02FE:  MOVFF  32,35
0302:  RCALL  00F2
....................       OUTPUT_HIGH(RCK_8LEDQUET);  
0304:  BCF    F95.5
0306:  BSF    F8C.5
....................       OUTPUT_LOW(RCK_8LEDQUET); 
0308:  BCF    F95.5
030A:  BCF    F8C.5
030C:  GOTO   0376 (RETURN)
.................... } 
.................... //HAM 504 
.................... //XXXXXXXXXXXXXXXXXXXXXXXXXXXXXXXXXXXXXXXXXXXX 
.................... //CHUONG TRINH CON HIEN THI 8 SO TREN 8 LED QUET - CO KIEM TRA 
.................... //XXXXXXXXXXXXXXXXXXXXXXXXXXXXXXXXXXXXXXXXXXXX 
.................... UNSIGNED CHAR LED_7DQ[8]={0XFF,0XFF,0XFF,0XFF,0XFF,0XFF,0XFF,0XFF}; 
.................... UNSIGNED INT8 TT8LED=0; 
.................... VOID HIEN_THI_8LED_7DOAN_QUET() 
.................... {      
....................       FOR(TT8LED=0;TT8LED<8;TT8LED++) 
*
033E:  CLRF   29
0340:  MOVF   29,W
0342:  SUBLW  07
0344:  BNC   0386
....................          IF (LED_7DQ[TT8LED]!=0XFF) 
0346:  CLRF   03
0348:  MOVF   29,W
034A:  ADDLW  21
034C:  MOVWF  FE9
034E:  MOVLW  00
0350:  ADDWFC 03,W
0352:  MOVWF  FEA
0354:  INCFSZ FEF,W
0356:  BRA    035A
0358:  BRA    0382
....................          {            
....................             XUAT_8LED_7DOAN_QUET_2(TT8LED, LED_7DQ[TT8LED]); 
035A:  CLRF   03
035C:  MOVF   29,W
035E:  ADDLW  21
0360:  MOVWF  FE9
0362:  MOVLW  00
0364:  ADDWFC 03,W
0366:  MOVWF  FEA
0368:  MOVFF  FEF,2F
036C:  MOVFF  29,30
0370:  MOVFF  2F,31
0374:  BRA    02DC
....................             DELAY_US(100); 
0376:  MOVLW  A6
0378:  MOVWF  00
037A:  DECFSZ 00,F
037C:  BRA    037A
037E:  NOP   
....................             XUAT_8LED_7DOAN_QUET_TAT_LED();            
0380:  BRA    0334
0382:  INCF   29,F
0384:  BRA    0340
....................             } 
0386:  GOTO   0396 (RETURN)
.................... } 
.................... //HAM 505 
.................... //XXXXXXXXXXXXXXXXXXXXXXXXXXXXXXXXXXXXXXXXXXXX 
.................... //CHUONG TRINH CON HIEN THI 8 SO TREN 8 LED QUET - KHONG KIEM TRA 
.................... //XXXXXXXXXXXXXXXXXXXXXXXXXXXXXXXXXXXXXXXXXXXX 
.................... VOID HIEN_THI_8LED_7DOAN_QUET_ALL() 
.................... {      
....................       FOR(TT8LED=0;TT8LED<8;TT8LED++)          
....................          {            
....................             XUAT_8LED_7DOAN_QUET_2(TT8LED, LED_7DQ[TT8LED]); 
....................             DELAY_US(100); 
....................             XUAT_8LED_7DOAN_QUET_TAT_LED();            
....................             } 
.................... } 
....................  
.................... VOID DELAY_QUET_8LED(UNSIGNED INT16 DL) 
.................... {  
....................       UNSIGNED INT8 I; 
....................       FOR (I=0; I<DL;I++) 
....................       HIEN_THI_8LED_7DOAN_QUET_ALL(); 
.................... }  
....................  
.................... VOID GIAI_MA_GAN_CHO_8LED_QUET_16_XOA(UNSIGNED INT16 X) 
.................... {      
....................       LED_7DQ[0]= MA7DOAN [X %10];     
....................       LED_7DQ[1]= MA7DOAN [X/10%10]; 
....................       LED_7DQ[2]= MA7DOAN [X/100%10];     
....................       LED_7DQ[3]= MA7DOAN [X/1000%10]; 
....................       LED_7DQ[4]= MA7DOAN [X/10000%10]; 
....................       IF (LED_7DQ[4]==MASO0)  
....................       { 
....................             LED_7DQ[4]=0XFF; 
....................             IF (LED_7DQ[3]==MASO0)  
....................             { 
....................                LED_7DQ[3]=0XFF; 
....................                IF (LED_7DQ[2]==MASO0)  
....................                { 
....................                   LED_7DQ[2]=0XFF; 
....................                   IF (LED_7DQ[1]==MASO0)  
....................                   { 
....................                      LED_7DQ[1]=0XFF; 
....................                   } 
....................                } 
....................             } 
....................       } 
....................              
.................... } 
....................  
....................  
.................... //XXXXXXXXXXXXXXXXXXXXXXXXXXXXXXXXXXXXXXXXXXXX          
.................... VOID XUAT_2BYTE(UNSIGNED INT16 X) 
.................... { 
....................    INT8 SBB; 
....................    #BIT BSERIX  = X.15 
....................    FOR (SBB=0;SBB<16;SBB++) 
....................       {                                                  
....................          OUTPUT_BIT(SSDO,BSERIX);     
....................          OUTPUT_LOW(SSCK);          
....................          OUTPUT_HIGH(SSCK); 
....................          X= X<<1;          
....................      } 
.................... } 
.................... //XXXXXXXXXXXXXXXXXXXXXXXXXXXXXXXXXXXXXXXXXXXX 
.................... //CHUONG TRINH CON XUAT RA LED MA TRAN 
.................... //XXXXXXXXXXXXXXXXXXXXXXXXXXXXXXXXXXXXXXXXXXXX 
.................... VOID XUAT_MATRANLED(UNSIGNED INT16 MAHANG,UNSIGNED INT16 MACOT1, 
.................... UNSIGNED INT16 MACOT2,UNSIGNED INT16 MACOT3) 
.................... {       
....................       XUAT_2BYTE(MACOT3); 
....................       XUAT_2BYTE(MACOT2); 
....................       XUAT_2BYTE(MACOT1); 
....................       XUAT_2BYTE(MAHANG);      
....................  
....................       OUTPUT_HIGH(RCK_MATRANLED);  
....................       OUTPUT_LOW(RCK_MATRANLED); 
.................... } 
.................... //XXXXXXXXXXXXXXXXXXXXXXXXXXXXXXXXXXXXXXXXXXXX 
.................... //CHUONG TRINH CON XUAT RA LED MA TRAN 
.................... //XXXXXXXXXXXXXXXXXXXXXXXXXXXXXXXXXXXXXXXXXXXX 
.................... VOID TAT_MATRANLED() 
.................... {       
....................       XUAT_2BYTE(0); 
....................       XUAT_2BYTE(0); 
....................       XUAT_2BYTE(0); 
....................       XUAT_2BYTE(0);            
....................       OUTPUT_HIGH(RCK_MATRANLED); OUTPUT_LOW(RCK_MATRANLED);  
.................... } 
.................... UNSIGNED  INT8 HIEU_CHINH_4BIT_CAO(UNSIGNED INT8 XZY) 
.................... { 
....................       INT1  BTG; 
....................       UNSIGNED INT8   BX;    
....................       #BIT BIT4  = BX.4 
....................       #BIT BIT5  = BX.5 
....................       #BIT BIT6  = BX.6 
....................       #BIT BIT7  = BX.7 
....................       BX=XZY; 
....................       BTG=BIT4;   BIT4=BIT7;  BIT7=BTG; 
....................       BTG=BIT5;   BIT5=BIT6;  BIT6=BTG;       
....................       RETURN(BX);   
.................... } 
.................... //HAM 601 
.................... //XXXXXXXXXXXXXXXXXXXXXXXXXXXXXXXXXXXXXXXXXXXXXXXXXXXX 
.................... //MODULE DIEU KHIEN RELAY,TRIAC, BUZZER, DONG CO, SIM 
.................... //XXXXXXXXXXXXXXXXXXXXXXXXXXXXXXXXXXXXXXXXXXXXXXXXXXXX 
.................... VOID XUAT_BUZZER_RELAY() 
.................... {      
....................    UNSIGNED INT8 RBDC1,RBDC2; 
....................       RBDC1=RBDC; RBDC2=RBDC>>8;       
....................       XUAT_1BYTE(RBDC2);       
....................       XUAT_1BYTE(RBDC1); 
....................        
....................       OUTPUT_HIGH(RCK_BUZERELAY);    
....................       OUTPUT_LOW(RCK_BUZERELAY); 
.................... } 
.................... //HAM 602 
.................... //XXXXXXXXXXXXXXXXXXXXXXXXXXXXXXXXXXXXXXXXXXXXXXXXXXXX 
.................... VOID BUZZER_ON() 
.................... {     
....................       BUZZER=1; 
....................       XUAT_BUZZER_RELAY();          
.................... } 
.................... //HAM 603 
.................... //XXXXXXXXXXXXXXXXXXXXXXXXXXXXXXXXXXXXXXXXXXXXXXXXXXXX 
.................... VOID BUZZER_OFF() 
.................... {      
....................       BUZZER=0; 
....................       XUAT_BUZZER_RELAY(); 
.................... } 
.................... //HAM 604 
.................... //XXXXXXXXXXXXXXXXXXXXXXXXXXXXXXXXXXXXXXXXXXXXXXXXXXXX 
.................... VOID RELAY_1_ON() 
.................... {     
....................       RELAY_1=1; 
....................       XUAT_BUZZER_RELAY();          
.................... } 
.................... //HAM 603 
.................... //XXXXXXXXXXXXXXXXXXXXXXXXXXXXXXXXXXXXXXXXXXXXXXXXXXXX 
.................... VOID RELAY_1_OFF() 
.................... {     
....................       RELAY_1=0; 
....................       XUAT_BUZZER_RELAY();          
.................... } 
.................... //HAM 604 
.................... //XXXXXXXXXXXXXXXXXXXXXXXXXXXXXXXXXXXXXXXXXXXXXXXXXXXX 
.................... VOID RELAY_2_ON() 
.................... {     
....................       RELAY_2=1; 
....................       XUAT_BUZZER_RELAY();          
.................... } 
.................... //HAM 607 
.................... //XXXXXXXXXXXXXXXXXXXXXXXXXXXXXXXXXXXXXXXXXXXXXXXXXXXX 
.................... VOID RELAY_2_OFF() 
.................... {     
....................       RELAY_2=0; 
....................       XUAT_BUZZER_RELAY();          
.................... } 
.................... //HAM 608 
.................... //XXXXXXXXXXXXXXXXXXXXXXXXXXXXXXXXXXXXXXXXXXXXXXXXXXXX 
.................... VOID RELAY_1_RELAY_2_ON() 
.................... {     
....................       RELAY_1=1;  RELAY_2=1; 
....................       XUAT_BUZZER_RELAY();          
.................... } 
.................... //HAM 609 
.................... //XXXXXXXXXXXXXXXXXXXXXXXXXXXXXXXXXXXXXXXXXXXXXXXXXXXX 
.................... VOID RELAY_1_RELAY_2_OFF() 
.................... {     
....................       RELAY_1=0;  RELAY_2=0; 
....................       XUAT_BUZZER_RELAY();          
.................... } 
.................... //HAM 610 
.................... //XXXXXXXXXXXXXXXXXXXXXXXXXXXXXXXXXXXXXXXXXXXXXXXXXXXX 
.................... VOID TRIAC_1_ON() 
.................... {     
....................       TRIAC_1=1; 
....................       XUAT_BUZZER_RELAY();          
.................... } 
.................... //HAM 611 
.................... //XXXXXXXXXXXXXXXXXXXXXXXXXXXXXXXXXXXXXXXXXXXXXXXXXXXX 
.................... VOID TRIAC_1_OFF() 
.................... {     
....................       TRIAC_1=0; 
....................       XUAT_BUZZER_RELAY();          
.................... } 
.................... //HAM 612 
.................... //XXXXXXXXXXXXXXXXXXXXXXXXXXXXXXXXXXXXXXXXXXXXXXXXXXXX 
.................... VOID TRIAC_2_ON() 
.................... {     
....................       TRIAC_2=1; 
....................       XUAT_BUZZER_RELAY();          
.................... } 
.................... //HAM 613 
.................... //XXXXXXXXXXXXXXXXXXXXXXXXXXXXXXXXXXXXXXXXXXXXXXXXXXXX 
.................... VOID TRIAC_2_OFF() 
.................... {     
....................       TRIAC_2=0; 
....................       XUAT_BUZZER_RELAY();          
.................... } 
.................... //XXXXXXXXXXXXXXXXXXXXXXXXXXXXXXXXXXXXXXXXXXXX 
....................  
.................... VOID GGMMAA() 
.................... { 
....................    UNSIGNED INT8   X;    
....................    X=MA7DOAN[1]; 
.................... } 
....................  
....................  
.................... //!#include <tv_pickit2_shift_1_proteus.c> 
.................... signed INT8 giay,bdn; 
.................... int1 UD_Timer, TT_DC; 
.................... #INT_timer1 
.................... void interrupt_timer1()    //timer 1 2^16 =  65535 => so tràn = 65536 
.................... { 
....................    bdn++; 
*
00E2:  INCF   2B,F
....................    set_timer1(3036);    //20MHz bo chia 4 = 5MHz he so chia 8 (t1_div_by_8) = 625000Hz > 65536 => phai dem 10 lan 
00E4:  MOVLW  0B
00E6:  MOVWF  FCF
00E8:  MOVLW  DC
00EA:  MOVWF  FCE
....................                         //65536 - 625000/10 = 3036 
00EC:  BCF    F9E.0
00EE:  GOTO   0054
.................... } 
.................... void phim_ON_OFF() 
.................... { 
....................    IF (!input (BT1)) 
*
01E6:  BSF    F93.4
01E8:  BTFSC  F81.4
01EA:  BRA    0200
....................    { 
....................       delay_ms (20); 
01EC:  MOVLW  14
01EE:  MOVWF  2D
01F0:  RCALL  01C0
....................       IF (!input (BT1)) 
01F2:  BSF    F93.4
01F4:  BTFSC  F81.4
01F6:  BRA    0200
....................       { 
....................          UD_Timer = ~UD_Timer;  
01F8:  BTG    2C.0
....................          WHILE ( ! input (BT1)) ; 
01FA:  BSF    F93.4
01FC:  BTFSS  F81.4
01FE:  BRA    01FA
....................       } 
....................    } 
0200:  GOTO   0420 (RETURN)
.................... } 
.................... void phim_dung() 
.................... { 
....................    IF (!input (BT0)) 
0204:  BSF    F93.5
0206:  BTFSC  F81.5
0208:  BRA    021E
....................    { 
....................       delay_ms (20); 
020A:  MOVLW  14
020C:  MOVWF  2D
020E:  RCALL  01C0
....................       IF (!input (BT0)) 
0210:  BSF    F93.5
0212:  BTFSC  F81.5
0214:  BRA    021E
....................       { 
....................          TT_DC = ~TT_DC;  
0216:  BTG    2C.1
....................          WHILE ( ! input (BT0)) ; 
0218:  BSF    F93.5
021A:  BTFSS  F81.5
021C:  BRA    0218
....................       } 
....................    } 
021E:  GOTO   0422 (RETURN)
.................... } 
.................... void Timer(So_Nho, So_Lon) 
.................... { 
....................          IF (bdn < 10) 
*
038A:  BTFSC  2B.7
038C:  BRA    0394
038E:  MOVF   2B,W
0390:  SUBLW  09
0392:  BNC   0398
....................          { 
....................          hien_thi_8led_7doan_quet();   
0394:  BRA    033E
....................          } 
0396:  BRA    03C6
....................  
....................          ELSE 
....................          { 
....................             bdn = bdn - 10;      // tai sao - 10 
0398:  MOVLW  0A
039A:  SUBWF  2B,F
....................  
....................             IF (UD_Timer == 0) 
039C:  BTFSC  2C.0
039E:  BRA    03B2
....................             { 
....................                giay++; 
03A0:  INCF   2A,F
....................                IF (giay > So_Lon) giay = So_Nho; 
03A2:  BTFSC  2A.7
03A4:  BRA    03B0
03A6:  MOVF   2A,W
03A8:  SUBWF  2E,W
03AA:  BTFSS  FD8.0
03AC:  MOVFF  2D,2A
....................             } 
03B0:  BRA    03C6
....................  
....................             else IF (UD_Timer == 1) 
03B2:  BTFSS  2C.0
03B4:  BRA    03C6
....................             { 
....................                giay--; 
03B6:  DECF   2A,F
....................                IF (giay < So_Nho) giay = So_Lon; 
03B8:  BTFSC  2A.7
03BA:  BRA    03C2
03BC:  MOVF   2D,W
03BE:  SUBWF  2A,W
03C0:  BTFSS  FD8.0
03C2:  MOVFF  2E,2A
....................             } 
....................  
....................  
....................          } 
03C6:  GOTO   047A (RETURN)
.................... } 
.................... void giai_ma_gan_cho_8led_quet() 
.................... { 
....................    led_7dq[0] = ma7doan [giay %10]; 
*
026A:  MOVFF  2A,2E
026E:  MOVLW  0A
0270:  MOVWF  2F
0272:  RCALL  0222
0274:  CLRF   03
0276:  MOVF   00,W
0278:  MOVFF  FF2,2D
027C:  BCF    FF2.7
027E:  RCALL  0096
0280:  BTFSC  2D.7
0282:  BSF    FF2.7
0284:  MOVWF  21
....................    led_7dq[1] = ma7doan [giay/10]; 
0286:  MOVFF  2A,2E
028A:  MOVLW  0A
028C:  MOVWF  2F
028E:  RCALL  0222
0290:  CLRF   03
0292:  MOVF   01,W
0294:  MOVFF  FF2,2D
0298:  BCF    FF2.7
029A:  RCALL  0096
029C:  BTFSC  2D.7
029E:  BSF    FF2.7
02A0:  MOVWF  22
02A2:  GOTO   0430 (RETURN)
.................... } 
....................  
.................... void main() 
*
03CA:  CLRF   FF8
03CC:  BCF    FD0.7
03CE:  BSF    07.7
03D0:  BSF    FB8.3
03D2:  MOVLW  08
03D4:  MOVWF  FAF
03D6:  MOVLW  02
03D8:  MOVWF  FB0
03DA:  MOVLW  A6
03DC:  MOVWF  FAC
03DE:  MOVLW  90
03E0:  MOVWF  FAB
03E2:  CLRF   16
03E4:  CLRF   1D
03E6:  CLRF   1E
03E8:  CLRF   1F
03EA:  CLRF   20
03EC:  CLRF   29
03EE:  MOVF   FC1,W
03F0:  ANDLW  C0
03F2:  IORLW  0F
03F4:  MOVWF  FC1
03F6:  MOVLW  07
03F8:  MOVWF  FB4
03FA:  SETF   21
03FC:  SETF   22
03FE:  SETF   23
0400:  SETF   24
0402:  SETF   25
0404:  SETF   26
0406:  SETF   27
0408:  SETF   28
.................... { 
....................    set_up_port_ic_chot(); 
040A:  BRA    0186
....................    //khoi tao ngat 
.................... //!   setup_timer_1(t1_internal | t1_div_by_8); 
....................    set_timer1(3036); 
040C:  MOVLW  0B
040E:  MOVWF  FCF
0410:  MOVLW  DC
0412:  MOVWF  FCE
....................    enable_interrupts(global); 
0414:  MOVLW  C0
0416:  IORWF  FF2,F
....................    enable_interrupts(INT_timer1); 
0418:  BSF    F9D.0
....................     
....................    giay =0; 
041A:  CLRF   2A
....................    bdn=0; 
041C:  CLRF   2B
....................  
....................    WHILE(true) 
....................    { 
....................       phim_ON_OFF(); 
041E:  BRA    01E6
....................       phim_dung(); 
0420:  BRA    0204
....................       if(TT_DC == 0) 
0422:  BTFSC  2C.1
0424:  BRA    042C
....................       { 
....................          setup_timer_1(t1_internal | t1_div_by_8); 
0426:  MOVLW  B5
0428:  MOVWF  FCD
....................       } 
042A:  BRA    042E
....................       else 
....................       { 
....................          setup_timer_1(T1_DISABLED); 
042C:  CLRF   FCD
....................       } 
....................        
....................     
....................       giai_ma_gan_cho_8led_quet(); 
042E:  BRA    026A
....................       xuat_4led_7doan_2so(ma7doan[giay/10], ma7doan[giay%10]);       
0430:  MOVFF  2A,2E
0434:  MOVLW  0A
0436:  MOVWF  2F
0438:  RCALL  0222
043A:  CLRF   03
043C:  MOVF   01,W
043E:  MOVFF  FF2,2D
0442:  BCF    FF2.7
0444:  RCALL  0096
0446:  BTFSC  2D.7
0448:  BSF    FF2.7
044A:  MOVWF  2D
044C:  MOVFF  2A,2E
0450:  MOVLW  0A
0452:  MOVWF  2F
0454:  RCALL  0222
0456:  CLRF   03
0458:  MOVF   00,W
045A:  MOVFF  FF2,2E
045E:  BCF    FF2.7
0460:  RCALL  0096
0462:  BTFSC  2E.7
0464:  BSF    FF2.7
0466:  MOVWF  2E
0468:  MOVFF  2D,2F
046C:  MOVWF  30
046E:  BRA    02CA
....................       Timer(4, 52); 
0470:  MOVLW  04
0472:  MOVWF  2D
0474:  MOVLW  34
0476:  MOVWF  2E
0478:  BRA    038A
047A:  BRA    041E
....................    } 
.................... } 
....................  
047C:  SLEEP 

Configuration Fuses:
   Word  1: CC27   PLL12 CPUDIV1 USBDIV HS FCMEN IESO
   Word  2: 1E3E   PUT BROWNOUT BORV21 VREGEN NOWDT WDT32768
   Word  3: 8700   CCP2C1 PBADEN LPT1OSC MCLR
   Word  4: 00A1   STVREN NOLVP ICSP2 NOXINST NODEBUG
   Word  5: C00F   NOPROTECT NOCPB NOCPD
   Word  6: E00F   NOWRT NOWRTC NOWRTB NOWRTD
   Word  7: 400F   NOEBTR NOEBTRB
