
ROM used:   1168/32768 (4%)
            1168/32768 (4%) including unused fragments

            0.6 Average locations per line
            3.5 Average locations per statement

RAM used:   31/2048 (2%) at main() level
            40/2048 (2%) worst case

Stack used: 3 worst case (3 in main + 0 for interrupts)
Stack size: 31

Lines Stmts  %   Files
----- ----- ---  -----
   30    16   5  DS18B20 - LED 7 DOAN.c
  703   244  74  tv_pickit2_shift_1.c
  837     0   0  ..\..\..\..\Program Files (x86)\PICC\Devices\18F4550.H
   36    17   5  tv_pickit2_shift_ds18b20.c
  230    54  16  ..\..\..\..\Program Files (x86)\PICC\Drivers\TOUCH.c
----- -----
 1836   331 Total

Page ROM  %  RAM   Vol Diff  Functions:
---- --- --- ---   --- ----  ----------
0     40   2    1             @delay_ms1
0     26   1    1             @delay_us1
0     32   1    0             @const686
0     42   2    3   271  4.3  XUAT_1BYTE
0     30   1    0   152  1.8  SET_UP_PORT_IC_CHOT
0     48   2    0   119  1.7  MO_IC_74573_A_THONG_DL
0     44   2    4   231  2.3  XUAT_4LED_7DOAN_4SO
0    294  13    5   465  4.8  XUAT_4LED_7DOAN_GIAIMA_XOA_SO0
0     66   3    5             @DIV1616
0     60   3    1   176  2.3  touch_read_bit
0     34   1    2   149  4.3  touch_read_byte
0    112   5    1   450  3.3  touch_write_bit
0     46   2    3   185  5.6  touch_write_byte
0     78   3    2   260  3.2  touch_present
0     46   2    0   158  1.3  KHOI_TAO_DS18B20
0     50   2    0   179  2.2  DOC_GIATRI_DS18B20
0    116   5    0   295  4.1  MAIN
 Inline         0    82  2.1  @cinit1

Program metrics:
    Functions               14
    Statements              331
    Comments                448
    Volume (V)              5549
    Difficulty (D)          43.0
    Effort to implement (E) 238853
    Time to implement (T)   3 hours, 41 minutes
    Est Delivered Bugs (B)  1
    Cyclomatic Complexity   13
    Maintainability (MI)    119

 Segment     Used  Free
-----------  ----  ----
00000-00002     4  0  
00004-07FFE  1164  31600  



