CCS PCH C Compiler, Version 5.015, 5967               21-Aug-21 23:09

               Filename:   C:\Users\Truong Ngoc Anh\Desktop\3 - THU VIEN VA MO PHONG\LED DON - COUNTER - NUT NHAN ROI.lst

               ROM used:   2532 bytes (8%)
                           Largest free fragment is 30236
               RAM used:   95 (5%) at main() level
                           120 (6%) worst case
               Stack used: 7 locations
               Stack size: 31

*
0000:  GOTO   0872
....................  
.................... #include <tv_pickit2_shift_1.c>  
.................... #INCLUDE    <18F4550.H> 
.................... //////////// Standard Header file for the PIC18F4550 device //////////////// 
.................... /////////////////////////////////////////////////////////////////////////// 
.................... ////        (C) Copyright 1996, 2013 Custom Computer Services          //// 
.................... //// This source code may only be used by licensed users of the CCS C  //// 
.................... //// compiler.  This source code may only be distributed to other      //// 
.................... //// licensed users of the CCS C compiler.  No other use, reproduction //// 
.................... //// or distribution is permitted without written permission.          //// 
.................... //// Derivative programs created using this software in object code    //// 
.................... //// form are not restricted in any way.                               //// 
.................... /////////////////////////////////////////////////////////////////////////// 
.................... #device PIC18F4550 
0004:  CLRF   FF7
0006:  ADDLW  14
0008:  MOVWF  FF6
000A:  MOVLW  00
000C:  ADDWFC FF7,F
000E:  TBLRD*+
0010:  MOVF   FF5,W
0012:  RETURN 0
0014:  DATA C0,F9
0016:  DATA A4,B0
0018:  DATA 99,92
001A:  DATA 82,F8
001C:  DATA 80,90
001E:  DATA 88,83
0020:  DATA C6,A1
0022:  DATA 86,8E
0024:  CLRF   FF7
0026:  ADDLW  34
0028:  MOVWF  FF6
002A:  MOVLW  00
002C:  ADDWFC FF7,F
002E:  TBLRD*+
0030:  MOVF   FF5,W
0032:  RETURN 0
0034:  DATA 7F,BF
0036:  DATA DF,EF
0038:  DATA F7,FB
003A:  DATA FD,FE
*
005A:  CLRF   01
005C:  CLRF   02
005E:  CLRF   00
0060:  CLRF   03
0062:  MOVF   x66,W
0064:  BNZ   006A
0066:  MOVF   x65,W
0068:  BZ    009A
006A:  MOVLW  10
006C:  MOVWF  x67
006E:  BCF    FD8.0
0070:  RLCF   x63,F
0072:  RLCF   x64,F
0074:  RLCF   00,F
0076:  RLCF   03,F
0078:  MOVF   x66,W
007A:  SUBWF  03,W
007C:  BNZ   0082
007E:  MOVF   x65,W
0080:  SUBWF  00,W
0082:  BNC   0092
0084:  MOVF   x65,W
0086:  SUBWF  00,F
0088:  BTFSS  FD8.0
008A:  DECF   03,F
008C:  MOVF   x66,W
008E:  SUBWF  03,F
0090:  BSF    FD8.0
0092:  RLCF   01,F
0094:  RLCF   02,F
0096:  DECFSZ x67,F
0098:  BRA    006E
009A:  RETURN 0
....................  
.................... #list 
....................  
.................... #DEVICE     ADC=10 
.................... #FUSES      NOWDT,PUT,HS,NOPROTECT,NOLVP,CPUDIV1 
.................... #USE        DELAY(CLOCK=20000000) 
*
0378:  CLRF   FEA
037A:  MOVLW  64
037C:  MOVWF  FE9
037E:  MOVF   FEF,W
0380:  BZ    039C
0382:  MOVLW  06
0384:  MOVWF  01
0386:  CLRF   00
0388:  DECFSZ 00,F
038A:  BRA    0388
038C:  DECFSZ 01,F
038E:  BRA    0386
0390:  MOVLW  7B
0392:  MOVWF  00
0394:  DECFSZ 00,F
0396:  BRA    0394
0398:  DECFSZ FEF,F
039A:  BRA    0382
039C:  RETURN 0
.................... #USE        I2C(MASTER,SLOW,SDA=PIN_B0,SCL=PIN_B1) 
....................  
.................... //#USE        rs232(baud=9600, xmit=PIN_C6,rcv=PIN_C7) 
.................... //NUT NHAN: 
.................... #DEFINE  BT0     PIN_B5 
.................... #DEFINE  BT1     PIN_B4 
.................... #DEFINE  BT2     PIN_B3 
.................... #DEFINE  BT3     PIN_B2 
....................  
.................... #DEFINE  ON      BT0       //DK LED DON, MOTOR 
.................... #DEFINE  OFF     BT1 
.................... #DEFINE  INV     BT2 
....................  
.................... #DEFINE  UP      BT0    //DK LED DON 
.................... #DEFINE  DW      BT1 
.................... #DEFINE  CLR     BT2 
.................... #DEFINE  MOD     BT3 
....................  
.................... #DEFINE  STOP    BT3 
....................  
.................... #DEFINE  ON1     BT0      
.................... #DEFINE  OFF1    BT1 
.................... #DEFINE  ON2     BT2        
.................... #DEFINE  OFF2    BT3 
....................  
....................  
.................... #DEFINE     TRIGGER      PIN_E2 
.................... #DEFINE     ECHO         PIN_E1 
.................... //   IC74138_A    PIN_B6   //OUTPUT GIAI MA 2 SANG 4 TICH CUC MUC 0 
.................... //   IC74138_B    PIN_B7   //OUTPUT GIAI MA 2 SANG 4 TICH CUC MUC 0 
....................  
.................... //          ENCODER  PIN_C0   //RC0/T13CKI 
....................  
.................... //          CB_KC    PIN_A2   //RA2/AN2 
.................... //          PIR      PIN_A3   //RA3/AN3 
.................... //          CBXUNG   PIN_A4   //RA4/T0CKI 
.................... //          LEDTHU   PIN_A4   //RA4/T0CKI//SW802 
....................  
.................... //          CB_KCSA_TRIGGER  PIN_E2   //RE2/SDO  DUNG CHUNG 
.................... //          CB_KCSA_RCHO     PIN_E1   //RE1 
....................  
.................... //          CB_TCS3200_OUT    PIN_E1   //RE1 //CAM BIEN MAU TCS3200 
.................... //          CB_TCS3200_S0     B12      //LAY TU MBI5026 
.................... //          CB_TCS3200_S1     B13      //LAY TU MBI5026 
.................... //          CB_TCS3200_S2     B14      //LAY TU MBI5026 
.................... //          CB_TCS3200_S3     B15      //LAY TU MBI5026 
....................  
.................... //          CB_POWER  SW803 
.................... //          CB_GAS      AIN3_PCF8591T   //RE1 
.................... //          CB_QUANG    AIN2_PCF8591T    
.................... //          CB_LM35B    AIN1_PCF8591T   //RA1/AN1 
.................... //          CB_LM35A    AIN0_PCF8591T   //RE1/AN0 
....................  
.................... //XXXXXXXXXXXXXXXXXXXXXXXXXXXXXXXXXXXXXXXXXXXXXXXXX 
.................... #DEFINE      ENABLE_573A      PIN_D1         //CS0 CUA A 
.................... #DEFINE      ENABLE_573B      PIN_D0         //CS1 CUA B 
.................... //XXXXXXXXXXXXXXXXXXXXXXXXXXXXXXXXXXXXXXXXXXXXXXXXX 
.................... #DEFINE      SSDO             PIN_E2         //CHUNG TAT CA 
.................... #DEFINE      SSCK             PIN_E0         //CHUNG TAT CA 
.................... //XXXXXXXXXXXXXXXXXXXXXXXXXXXXXXXXXXXXXXXXXXXXXXXXX 
.................... #DEFINE      RCK_4LED7DOAN    PIN_D7         //A - 4 BYTE 
.................... #DEFINE      G_4LED7DOAN      PIN_D6         //A - 4 BYTE 
.................... //XXXXXXXXXXXXXXXXXXXXXXXXXXXXXXXXXXXXXXXXXXXX     
.................... #DEFINE      RCK_MATRANLED    PIN_D7         //B - 3 BYTE DAO 
.................... #DEFINE      G_MATRANLED      PIN_D6         //B - 3 BYTE DAO 
.................... //XXXXXXXXXXXXXXXXXXXXXXXXXXXXXXXXXXXXXXXXXXXXXXXXX 
.................... #DEFINE      RCK_32LED        PIN_D5         //A - 4 BYTE 
.................... #DEFINE      G_32LED          PIN_D4         //A - 4 BYTE 
.................... //XXXXXXXXXXXXXXXXXXXXXXXXXXXXXXXXXXXXXXXXXXXX  
.................... #DEFINE      RCK_8LEDQUET     PIN_D5         //B - 2 BYTE DAO 
.................... #DEFINE      G_8LEDQUET       PIN_D4         //B - 2 BYTE DAO 
.................... //XXXXXXXXXXXXXXXXXXXXXXXXXXXXXXXXXXXXXXXXXXXXXXXXX 
.................... #DEFINE      RCK_LCD20X4      PIN_D3         //A - 2 BYTE DAO 
.................... #DEFINE      G_LCD20X4         PIN_D2         //A - 2 BYTE DAO 
.................... //XXXXXXXXXXXXXXXXXXXXXXXXXXXXXXXXXXXXXXXXXXXX  
.................... #DEFINE      RCK_BUZERELAY    PIN_D3     //B - 1 BYTE  
.................... #DEFINE      G_BUZERELAY      PIN_D2         //B - 1 BYTE  
....................  
.................... VOID XUAT_LCD20X4(UNSIGNED INT8 LCD_SIGNAL,LCD_INS_HTHI); 
....................  
.................... VOID XUAT_BUZZER_RELAY(); 
.................... //XXXXXXXXXXXXXXXXXXXXXXXXXXXXXXXXXXXXXXXXXXXX    
.................... #DEFINE     CHOT_2_IC_74573_A_B  OUTPUT_D(0XFC) 
....................  
.................... UNSIGNED INT8 TIN_HIEU_DK_74573_A; 
.................... #BIT G_4A         = TIN_HIEU_DK_74573_A.6 
.................... #BIT G_32A        = TIN_HIEU_DK_74573_A.4 
.................... #BIT G_LCDA       = TIN_HIEU_DK_74573_A.2 
.................... //XXXXXXXXXXXXXXXXXXXXXXXXXXXXXXXXXXXXXXXXXXXX          
.................... #DEFINE     MO_32_LED_DON        G_32A=0; //OUTPUT_LOW(G_32LED)  
.................... #DEFINE     TAT_32_LED_DON       G_32A=1; //OUTPUT_HIGH(G_32LED)  
.................... //XXXXXXXXXXXXXXXXXXXXXXXXXXXXXXXXXXXXXXXXXXXX          
.................... #DEFINE     MO_4_LED_7DOAN       G_4A=0;  //OUTPUT_LOW(G_4LED7DOAN) 
.................... #DEFINE     TAT_4_LED_7DOAN      G_4A=1;  //OUTPUT_HIGH(G_4LED7DOAN) 
.................... //XXXXXXXXXXXXXXXXXXXXXXXXXXXXXXXXXXXXXXXXXXXX  
.................... #DEFINE     MO_GLCD_LCD           G_LCDA=0;   //OUTPUT_LOW(G_LCD20X4) 
.................... #DEFINE     TAT_GLCD_LCD          G_LCDA=1;   // OUTPUT_LOW(G_LCD20X4) 
....................  
.................... UNSIGNED INT8 TIN_HIEU_DK_74573_B;   
.................... #BIT G_MTB        = TIN_HIEU_DK_74573_B.6 
.................... #BIT G_8B         = TIN_HIEU_DK_74573_B.4 
.................... #BIT G_RBDCB      = TIN_HIEU_DK_74573_B.2 
.................... //XXXXXXXXXXXXXXXXXXXXXXXXXXXXXXXXXXXXXXXXXXXX  
.................... #DEFINE     MO_LED_MATRAN        G_MTB=0; //OUTPUT_LOW(G_MATRANLED) 
.................... #DEFINE     TAT_LED_MATRAN       G_MTB=1; //OUTPUT_LOW(G_MATRANLED) 
.................... //XXXXXXXXXXXXXXXXXXXXXXXXXXXXXXXXXXXXXXXXXXXX        
.................... #DEFINE     MO_8_LED_QUET        G_8B=0;  //OUTPUT_LOW(G_8LEDQUET) 
.................... #DEFINE     TAT_8_LED_QUET       G_8B=1;  //OUTPUT_LOW(G_8LEDQUET) 
.................... //XXXXXXXXXXXXXXXXXXXXXXXXXXXXXXXXXXXXXXXXXXXX          
.................... #DEFINE     MO_RELAY_BUZZER_DC   G_RBDCB=0;  //OUTPUT_LOW(G_BUZERELAY) 
.................... #DEFINE     TAT_RELAY_BUZZER_DC  G_RBDCB=1;  //OUTPUT_LOW(G_BUZERELAY) 
....................  
.................... //XXXXXXXXXXXXXXXXXXXXXXXXXXXXXXXXXXXXXXXXXXXX 
.................... //CHUONG TRINH KIEM TRA PHIM BT1 
.................... //XXXXXXXXXXXXXXXXXXXXXXXXXXXXXXXXXXXXXXXXXXXX 
.................... UNSIGNED INT8 DL_BTN=0; 
.................... INT1 PHIM_BT0(UNSIGNED INT16 DL) 
.................... {   
....................     IF (!INPUT(BT0)) 
....................     {   
....................       DL_BTN++; 
....................        
....................       IF (DL_BTN>= DL) 
....................          { 
....................             DL_BTN =0; 
....................             RETURN(1); 
....................          } 
....................       ELSE RETURN(0); 
....................     } 
....................     ELSE    RETURN(0); 
.................... }  
.................... //XXXXXXXXXXXXXXXXXXXXXXXXXXXXXXXXXXXXXXXXXXXX 
.................... //CHUONG TRINH KIEM TRA PHIM BT1 
.................... //XXXXXXXXXXXXXXXXXXXXXXXXXXXXXXXXXXXXXXXXXXXX 
.................... INT1 PHIM_BT1(UNSIGNED INT16 DL ) 
.................... {   
....................     IF (!INPUT(BT1)) 
....................     {   
....................       DL_BTN++; 
....................        
....................       IF (DL_BTN>= DL) 
....................          { 
....................             DL_BTN =0; 
....................             RETURN(1); 
....................          } 
....................       ELSE RETURN(0); 
....................     } 
....................     ELSE    RETURN(0); 
.................... }  
.................... //XXXXXXXXXXXXXXXXXXXXXXXXXXXXXXXXXXXXXXXXXXXX 
.................... //CHUONG TRINH KIEM TRA PHIM BT2       
.................... //XXXXXXXXXXXXXXXXXXXXXXXXXXXXXXXXXXXXXXXXXXXX                                     
.................... INT1 PHIM_BT2(UNSIGNED INT16 DL ) 
.................... {                                         
....................     IF (!INPUT(BT2)) 
....................     {   
....................       DL_BTN++; 
....................        
....................       IF (DL_BTN>= DL) 
....................          { 
....................             DL_BTN =0; 
....................             RETURN(1); 
....................          } 
....................       ELSE RETURN(0); 
....................     } 
....................     ELSE    RETURN(0); 
....................                                           
.................... }       
....................  
.................... //XXXXXXXXXXXXXXXXXXXXXXXXXXXXXXXXXXXXXXXXXXXX 
.................... //CHUONG TRINH KIEM TRA PHIM BT3 
.................... //XXXXXXXXXXXXXXXXXXXXXXXXXXXXXXXXXXXXXXXXXXXX 
.................... INT1 PHIM_BT3(UNSIGNED INT16 DL,  UNSIGNED INT8 SOLAN  ) 
.................... {   
....................     IF (!INPUT(BT3)) 
....................     {   
....................       DL_BTN++; 
....................       IF(DL_BTN==1) RETURN(1); 
....................       ELSE 
....................       { 
....................          IF (DL_BTN>= DL) 
....................          DL_BTN =SOLAN; 
....................       } 
....................     } 
....................     ELSE    
....................     { 
....................       //DL_BTN =0; 
....................       RETURN(0); 
....................     } 
.................... }  
.................... //XXXXXXXXXXXXXXXXXXXXXXXXXXXXXXXXXXXXXXXXXXXX 
.................... //KHAI BAO DU LIEU 16 BIT CHO MODULE RELAY, TRIAC, BUZZER, DONG CO 
.................... //XXXXXXXXXXXXXXXXXXXXXXXXXXXXXXXXXXXXXXXXXXXX 
.................... UNSIGNED INT16 RBDC; 
.................... #BIT STEP_MOTOR_ENABLE  = RBDC.0    //1=ENA,0=DIS 
.................... #BIT STEP_MOTOR_IN1     = RBDC.1     
.................... #BIT STEP_MOTOR_IN2     = RBDC.2 
.................... #BIT STEP_MOTOR_IN3     = RBDC.3 
.................... #BIT STEP_MOTOR_IN4     = RBDC.4 
.................... #BIT DC_ENABLE          = RBDC.5    //1=ENA,0=DIS 
.................... #BIT PWRKEY             = RBDC.6    //KHOI TAO SIM900 
....................  
.................... #BIT BUZZER             = RBDC.8    //1=ON,0=OFF 
.................... #BIT TRIAC_1            = RBDC.9    //1=ON,0=OFF 
.................... #BIT TRIAC_2            = RBDC.10   //1=ON,0=OFF 
.................... #BIT RELAY_1            = RBDC.11   //0=ON,1=OFF 
.................... #BIT RELAY_2            = RBDC.12   //0=ON,1=OFF 
....................  
.................... //HAM 103 
.................... //XXXXXXXXXXXXXXXXXXXXXXXXXXXXXXXXXXXXXXXXXXXX 
.................... //CHUONG TRINH CON KHOI TAO IC CHOT 
.................... //XXXXXXXXXXXXXXXXXXXXXXXXXXXXXXXXXXXXXXXXXXXX          
.................... #DEFINE     CHO_IC_74573_A_GOI_DU_LIEU     OUTPUT_HIGH(ENABLE_573A) 
.................... #DEFINE     CHOT_IC_74573_A_GOI_DU_LIEU    OUTPUT_LOW(ENABLE_573A) 
....................  
.................... #DEFINE     CHO_IC_74573_B_GOI_DU_LIEU     OUTPUT_HIGH(ENABLE_573B) 
.................... #DEFINE     CHOT_IC_74573_B_GOI_DU_LIEU    OUTPUT_LOW(ENABLE_573B) 
.................... VOID MO_IC_74573_A_THONG_DL(); 
....................  
.................... //XXXXXXXXXXXXXXXXXXXXXXXXXXXXXXXXXXXXXXXXXXXX    
.................... CONST UNSIGNED CHAR MA7DOAN[16]= {0XC0,0XF9,0xA4,0XB0,0X99,0X92,0X82,0XF8, 
.................... 0X80,0X90,0x88, 0x83, 0xC6, 0xA1, 0x86, 0x8E}; 
.................... #DEFINE     MASO0    0XC0 
.................... #DEFINE     MASO1    0XF9 
.................... #DEFINE     MASO2    0XA4 
.................... #DEFINE     MASO3    0XB0 
.................... #DEFINE     MASO4    0X99 
.................... #DEFINE     MASO5    0X92 
.................... #DEFINE     MASO6    0X82 
.................... #DEFINE     MASO7    0XF8 
....................  
.................... //XXXXXXXXXXXXXXXXXXXXXXXXXXXXXXXXXXXXXXXXXXXX  
.................... //HAM 102 
.................... //XXXXXXXXXXXXXXXXXXXXXXXXXXXXXXXXXXXXXXXXXXXX     
.................... //XUAT 1 BYTE RA THANH GHI DICH 
.................... //XXXXXXXXXXXXXXXXXXXXXXXXXXXXXXXXXXXXXXXXXXXX     
.................... VOID XUAT_1BYTE(UNSIGNED INT8 BYTEXUAT) 
.................... { 
....................    UNSIGNED INT8   SB,X;    
....................    #BIT BSERI  = X.7 
....................    X = BYTEXUAT; 
*
009C:  MOVFF  75,77
....................    FOR (SB=0;SB<8;SB++) 
00A0:  CLRF   x76
00A2:  MOVF   x76,W
00A4:  SUBLW  07
00A6:  BNC   00C4
....................       {                                                  
....................          OUTPUT_BIT(SSDO,BSERI);     
00A8:  BTFSC  x77.7
00AA:  BRA    00B0
00AC:  BCF    F8D.2
00AE:  BRA    00B2
00B0:  BSF    F8D.2
00B2:  BCF    F96.2
....................          OUTPUT_LOW(SSCK); OUTPUT_HIGH(SSCK); 
00B4:  BCF    F96.0
00B6:  BCF    F8D.0
00B8:  BCF    F96.0
00BA:  BSF    F8D.0
....................          X= X<<1;          
00BC:  BCF    FD8.0
00BE:  RLCF   x77,F
00C0:  INCF   x76,F
00C2:  BRA    00A2
....................      } 
00C4:  RETURN 0
.................... } 
.................... //XXXXXXXXXXXXXXXXXXXXXXXXXXXXXXXXXXXXXXXXXXXX  
.................... //HAM 301 
.................... //XXXXXXXXXXXXXXXXXXXXXXXXXXXXXXXXXXXXXXXXXXXX 
.................... //CHUONG TRINH CON XUAT 4 BYTE RA 32 LED DON 
.................... //XXXXXXXXXXXXXXXXXXXXXXXXXXXXXXXXXXXXXXXXXXXX 
.................... VOID XUAT_32LED_DON_4BYTE(UNSIGNED INT8 BLD3,BLD2,BLD1,BLD0) 
.................... {      
....................       XUAT_1BYTE(BLD3);           
*
0246:  MOVFF  71,75
024A:  RCALL  009C
....................       XUAT_1BYTE(BLD2); 
024C:  MOVFF  72,75
0250:  RCALL  009C
....................       XUAT_1BYTE(BLD1);           
0252:  MOVFF  73,75
0256:  RCALL  009C
....................       XUAT_1BYTE(BLD0);             
0258:  MOVFF  74,75
025C:  RCALL  009C
....................       MO_32_LED_DON;       
025E:  BCF    04.4
....................       MO_IC_74573_A_THONG_DL();             
0260:  RCALL  00C6
....................       OUTPUT_HIGH(RCK_32LED);    OUTPUT_LOW(RCK_32LED); 
0262:  BCF    F95.5
0264:  BSF    F8C.5
0266:  BCF    F95.5
0268:  BCF    F8C.5
....................       CHOT_IC_74573_A_GOI_DU_LIEU;       
026A:  BCF    F95.1
026C:  BCF    F8C.1
026E:  GOTO   0294 (RETURN)
.................... } 
.................... //HAM 302 
.................... //XXXXXXXXXXXXXXXXXXXXXXXXXXXXXXXXXXXXXXXXXXXX 
.................... //CHUONG TRINH CON XUAT 2 WORD 16 BITRA 32 LED DON 
.................... //XXXXXXXXXXXXXXXXXXXXXXXXXXXXXXXXXXXXXXXXXXXX 
.................... VOID XUAT_32LED_DON_2WORD(UNSIGNED INT16 WLD1, UNSIGNED INT16 WLD0) 
.................... {      
....................      UNSIGNED INT8  B3,B2,B1,B0; 
....................      B3 = WLD1>>8;  B2 = WLD1;  
0272:  MOVFF  6A,6D
0276:  MOVFF  69,6E
....................      B1 = WLD0>>8;  B0 = WLD0; 
027A:  MOVFF  6C,6F
027E:  MOVFF  6B,70
....................      XUAT_32LED_DON_4BYTE(B3,B2,B1,B0); 
0282:  MOVFF  6D,71
0286:  MOVFF  6E,72
028A:  MOVFF  6F,73
028E:  MOVFF  70,74
0292:  BRA    0246
0294:  RETURN 0
.................... } 
.................... //HAM 303 
.................... //XXXXXXXXXXXXXXXXXXXXXXXXXXXXXXXXXXXXXXXXXXXX 
.................... //CHUONG TRINH CON XUAT 1 DOUBLE WORD RA 32 LED DON 
.................... //XXXXXXXXXXXXXXXXXXXXXXXXXXXXXXXXXXXXXXXXXXXX 
.................... VOID XUAT_32LED_DON_1DW(UNSIGNED LONG LONG DWLD) 
.................... {      
....................      UNSIGNED INT16  WD1,WD0; 
....................      WD1 = DWLD>>16;  WD0 = DWLD; 
0296:  MOVFF  63,65
029A:  MOVFF  64,66
029E:  MOVFF  62,68
02A2:  MOVFF  61,67
....................      XUAT_32LED_DON_2WORD(WD1,WD0); 
02A6:  MOVFF  66,6A
02AA:  MOVFF  65,69
02AE:  MOVFF  68,6C
02B2:  MOVFF  67,6B
02B6:  RCALL  0272
02B8:  RETURN 0
.................... } 
....................  
.................... //HAM 304 
.................... //XXXXXXXXXXXXXXXXXXXXXXXXXXXXXXXXXXXXXXXXXXXX 
.................... //CHUONG TRINH CON MO 32 LED DON SANG 
.................... //XXXXXXXXXXXXXXXXXXXXXXXXXXXXXXXXXXXXXXXXXXXX 
.................... VOID MO_32LED_DON() 
.................... {         
....................      XUAT_32LED_DON_1DW(0XFFFFFFFF); 
.................... } 
.................... //HAM 305 
.................... //XXXXXXXXXXXXXXXXXXXXXXXXXXXXXXXXXXXXXXXXXXXX 
.................... //CHUONG TRINH CON TAT 32 LED DON  
.................... //XXXXXXXXXXXXXXXXXXXXXXXXXXXXXXXXXXXXXXXXXXXX 
.................... VOID TAT_32LED_DON() 
.................... {         
....................      XUAT_32LED_DON_1DW(0); 
.................... } 
.................... //XXXXXXXXXXXXXXXXXXXXXXXXXXXXXXXXXXXXXXXXXXXX     
.................... //XUAT 1 BIT ROI TRA LAI KET QUA SAU KHI DICH DI 1 BIT 
.................... //XXXXXXXXXXXXXXXXXXXXXXXXXXXXXXXXXXXXXXXXXXXX     
.................... UNSIGNED  INT8 XUAT_1BIT(UNSIGNED INT8 BYTEXUAT) 
.................... { 
....................       UNSIGNED INT8   XBITX;    
....................       #BIT BSERIX  = XBITX.0 
....................       XBITX = BYTEXUAT; 
....................                                              
....................       OUTPUT_BIT(SSDO,BSERIX);     
....................       OUTPUT_LOW(SSCK); OUTPUT_HIGH(SSCK); 
....................       XBITX= XBITX>>1;    
....................       RETURN(XBITX);   
.................... } 
.................... //XXXXXXXXXXXXXXXXXXXXXXXXXXXXXXXXXXXXXXXXXXXX  
.................... //HAM 101 
.................... //XXXXXXXXXXXXXXXXXXXXXXXXXXXXXXXXXXXXXXXXXXXX     
.................... //HAM KHOI TAO CAC PORT VA IC CHOT 
.................... //XXXXXXXXXXXXXXXXXXXXXXXXXXXXXXXXXXXXXXXXXXXX     
....................    VOID SET_UP_PORT_IC_CHOT() 
.................... {      
....................       SET_TRIS_D(0x00);     
*
003C:  MOVLW  00
003E:  MOVWF  F95
....................       SET_TRIS_E(0X00); 
0040:  MOVWF  F96
....................       OUTPUT_D(0XFF); 
0042:  CLRF   F95
0044:  SETF   F8C
....................       TIN_HIEU_DK_74573_A=0XFF;   
0046:  SETF   04
....................       TIN_HIEU_DK_74573_B=0XFF;       
0048:  SETF   05
....................       CHOT_IC_74573_A_GOI_DU_LIEU; 
004A:  BCF    F95.1
004C:  BCF    F8C.1
....................       CHOT_IC_74573_B_GOI_DU_LIEU;   
004E:  BCF    F95.0
0050:  BCF    F8C.0
....................       RBDC=0; 
0052:  CLRF   08
0054:  CLRF   07
0056:  GOTO   093A (RETURN)
.................... } 
.................... //HAM 104 
.................... //XXXXXXXXXXXXXXXXXXXXXXXXXXXXXXXXXXXXXXXXXXXX     
.................... //XUAT CÁC THIEU DIEU KHIEN  
.................... //GIU NGUYEN CAC TRANG THAI CUA 2 MODULE KHAC 
.................... //XXXXXXXXXXXXXXXXXXXXXXXXXXXXXXXXXXXXXXXXXXXX     
.................... VOID MO_IC_74573_A_THONG_DL() 
.................... {      
....................       OUTPUT_D(0X00); 
*
00C6:  CLRF   F95
00C8:  CLRF   F8C
....................       OUTPUT_BIT(G_32LED,G_32A); 
00CA:  BTFSC  04.4
00CC:  BRA    00D2
00CE:  BCF    F8C.4
00D0:  BRA    00D4
00D2:  BSF    F8C.4
00D4:  BCF    F95.4
....................       OUTPUT_BIT(G_4LED7DOAN,G_4A); 
00D6:  BTFSC  04.6
00D8:  BRA    00DE
00DA:  BCF    F8C.6
00DC:  BRA    00E0
00DE:  BSF    F8C.6
00E0:  BCF    F95.6
....................       OUTPUT_BIT(G_LCD20X4,G_LCDA);   
00E2:  BTFSC  04.2
00E4:  BRA    00EA
00E6:  BCF    F8C.2
00E8:  BRA    00EC
00EA:  BSF    F8C.2
00EC:  BCF    F95.2
....................       CHO_IC_74573_A_GOI_DU_LIEU; 
00EE:  BCF    F95.1
00F0:  BSF    F8C.1
00F2:  RETURN 0
.................... } 
.................... VOID MO_IC_74573_B_THONG_DL() 
.................... {      
....................       OUTPUT_D(0X00); 
*
03AE:  CLRF   F95
03B0:  CLRF   F8C
....................       OUTPUT_BIT(G_MATRANLED,G_MTB); 
03B2:  BTFSC  05.6
03B4:  BRA    03BA
03B6:  BCF    F8C.6
03B8:  BRA    03BC
03BA:  BSF    F8C.6
03BC:  BCF    F95.6
....................       OUTPUT_BIT(G_8LEDQUET,G_8B); 
03BE:  BTFSC  05.4
03C0:  BRA    03C6
03C2:  BCF    F8C.4
03C4:  BRA    03C8
03C6:  BSF    F8C.4
03C8:  BCF    F95.4
....................       OUTPUT_BIT(G_BUZERELAY,G_RBDCB);  
03CA:  BTFSC  05.2
03CC:  BRA    03D2
03CE:  BCF    F8C.2
03D0:  BRA    03D4
03D2:  BSF    F8C.2
03D4:  BCF    F95.2
....................       CHO_IC_74573_B_GOI_DU_LIEU; 
03D6:  BCF    F95.0
03D8:  BSF    F8C.0
03DA:  RETURN 0
.................... } 
.................... //ham 401 
.................... //XXXXXXXXXXXXXXXXXXXXXXXXXXXXXXXXXXXXXXXXXXXX 
.................... //CHUONG TRINH CON XUAT 4 BYTE RA 4 LED 7 DOAN 
.................... //XXXXXXXXXXXXXXXXXXXXXXXXXXXXXXXXXXXXXXXXXXXX 
.................... VOID XUAT_4LED_7DOAN_4SO(UNSIGNED INT BL743,BL742,BL741,BL740) 
.................... {      
....................       XUAT_1BYTE(BL740);   XUAT_1BYTE(BL741); 
*
00F4:  MOVFF  64,75
00F8:  RCALL  009C
00FA:  MOVFF  63,75
00FE:  RCALL  009C
....................       XUAT_1BYTE(BL742);   XUAT_1BYTE(BL743); 
0100:  MOVFF  62,75
0104:  RCALL  009C
0106:  MOVFF  61,75
010A:  RCALL  009C
....................        
....................       MO_4_LED_7DOAN; 
010C:  BCF    04.6
....................       MO_IC_74573_A_THONG_DL(); 
010E:  RCALL  00C6
....................         
....................       OUTPUT_LOW(RCK_4LED7DOAN);   OUTPUT_HIGH(RCK_4LED7DOAN);  
0110:  BCF    F95.7
0112:  BCF    F8C.7
0114:  BCF    F95.7
0116:  BSF    F8C.7
....................       CHOT_IC_74573_A_GOI_DU_LIEU; 
0118:  BCF    F95.1
011A:  BCF    F8C.1
011C:  GOTO   0244 (RETURN)
.................... } 
.................... //ham 404 
.................... VOID XUAT_4LED_7DOAN_3SO(UNSIGNED INT BL742,BL741,BL740) 
.................... {      
....................      XUAT_4LED_7DOAN_4SO(0XFF,BL742,BL741,BL740); 
.................... } 
.................... //ham 403 
.................... VOID XUAT_4LED_7DOAN_2SO(UNSIGNED INT BL741,BL740) 
.................... {      
....................      XUAT_4LED_7DOAN_4SO(0XFF,0XFF,BL741,BL740); 
.................... } 
.................... //ham 402 
.................... VOID XUAT_4LED_7DOAN_1SO(UNSIGNED INT BL740) 
.................... {      
....................      XUAT_4LED_7DOAN_4SO(0XFF,0XFF,0XFF,BL740); 
.................... } 
....................  
.................... //ham 405 
.................... //XXXXXXXXXXXXXXXXXXXXXXXXXXXXXXXXXXXXXXXXXXXXXXXXXXXXXXXXXXXXX 
.................... //CHUONG TRINH CON HIEN THI DU LIEU 16 BIT TREN 4 LED 7 DOAN 
.................... //XXXXXXXXXXXXXXXXXXXXXXXXXXXXXXXXXXXXXXXXXXXXXXXXXXXXXXXXXXXXX 
.................... UNSIGNED CHAR DONVI4,CHUC4,TRAM4,NGAN4; 
.................... VOID  XUAT_4LED_7DOAN_GIAIMA_XOA_SO0 (UNSIGNED INT16 TAM) 
.................... {          
....................       DONVI4 = MA7DOAN[TAM %10];          
0120:  MOVFF  60,64
0124:  MOVFF  5F,63
0128:  CLRF   x66
012A:  MOVLW  0A
012C:  MOVWF  x65
012E:  RCALL  005A
0130:  MOVFF  00,61
0134:  MOVFF  03,62
0138:  MOVFF  03,03
013C:  MOVF   00,W
013E:  MOVFF  FF2,63
0142:  BCF    FF2.7
0144:  RCALL  0004
0146:  BTFSC  x63.7
0148:  BSF    FF2.7
014A:  MOVWF  09
....................       CHUC4  = MA7DOAN[TAM/10%10]; 
014C:  MOVFF  60,64
0150:  MOVFF  5F,63
0154:  CLRF   x66
0156:  MOVLW  0A
0158:  MOVWF  x65
015A:  RCALL  005A
015C:  MOVFF  02,62
0160:  MOVFF  01,61
0164:  MOVFF  02,64
0168:  MOVFF  01,63
016C:  CLRF   x66
016E:  MOVLW  0A
0170:  MOVWF  x65
0172:  RCALL  005A
0174:  MOVFF  00,61
0178:  MOVFF  03,62
017C:  MOVFF  03,03
0180:  MOVF   00,W
0182:  MOVFF  FF2,63
0186:  BCF    FF2.7
0188:  RCALL  0004
018A:  BTFSC  x63.7
018C:  BSF    FF2.7
018E:  MOVWF  0A
....................       TRAM4  = MA7DOAN[TAM/100%10];  
0190:  MOVFF  60,64
0194:  MOVFF  5F,63
0198:  CLRF   x66
019A:  MOVLW  64
019C:  MOVWF  x65
019E:  RCALL  005A
01A0:  MOVFF  02,62
01A4:  MOVFF  01,61
01A8:  MOVFF  02,64
01AC:  MOVFF  01,63
01B0:  CLRF   x66
01B2:  MOVLW  0A
01B4:  MOVWF  x65
01B6:  RCALL  005A
01B8:  MOVFF  00,61
01BC:  MOVFF  03,62
01C0:  MOVFF  03,03
01C4:  MOVF   00,W
01C6:  MOVFF  FF2,63
01CA:  BCF    FF2.7
01CC:  RCALL  0004
01CE:  BTFSC  x63.7
01D0:  BSF    FF2.7
01D2:  MOVWF  0B
....................       NGAN4  = MA7DOAN[TAM/1000%10];        
01D4:  MOVFF  60,64
01D8:  MOVFF  5F,63
01DC:  MOVLW  03
01DE:  MOVWF  x66
01E0:  MOVLW  E8
01E2:  MOVWF  x65
01E4:  RCALL  005A
01E6:  MOVFF  02,62
01EA:  MOVFF  01,61
01EE:  MOVFF  02,64
01F2:  MOVFF  01,63
01F6:  CLRF   x66
01F8:  MOVLW  0A
01FA:  MOVWF  x65
01FC:  RCALL  005A
01FE:  MOVFF  00,61
0202:  MOVFF  03,62
0206:  MOVFF  03,03
020A:  MOVF   00,W
020C:  MOVFF  FF2,63
0210:  BCF    FF2.7
0212:  RCALL  0004
0214:  BTFSC  x63.7
0216:  BSF    FF2.7
0218:  MOVWF  0C
....................       IF (NGAN4==0XC0) 
021A:  MOVF   0C,W
021C:  SUBLW  C0
021E:  BNZ   0232
....................       { 
....................          NGAN4=0XFF; 
0220:  SETF   0C
....................          IF (TRAM4==0XC0) 
0222:  MOVF   0B,W
0224:  SUBLW  C0
0226:  BNZ   0232
....................          { 
....................             TRAM4=0XFF; 
0228:  SETF   0B
....................             IF (CHUC4==0XC0)   CHUC4=0XFF; 
022A:  MOVF   0A,W
022C:  SUBLW  C0
022E:  BNZ   0232
0230:  SETF   0A
....................          } 
....................       } 
....................       XUAT_4LED_7DOAN_4SO(NGAN4,TRAM4,CHUC4,DONVI4);    
0232:  MOVFF  0C,61
0236:  MOVFF  0B,62
023A:  MOVFF  0A,63
023E:  MOVFF  09,64
0242:  BRA    00F4
0244:  RETURN 0
.................... } 
.................... UNSIGNED INT8 LCDDATA=0;  
.................... UNSIGNED INT8 LCDCONTROL=0; 
.................... UNSIGNED INT8 GLCDDATA=0; 
.................... UNSIGNED INT8 GLCDCONTROL=0;  
.................... //HAM 701 
.................... //XXXXXXXXXXXXXXXXXXXXXXXXXXXXXXXXXXXXXXXXXXXXXXXXXXXXXXXXXXXXX 
.................... //CHUONG TRINH CON XUAT DU LIEU 4 BYTE RA GLCD VA LCD 
.................... //XXXXXXXXXXXXXXXXXXXXXXXXXXXXXXXXXXXXXXXXXXXXXXXXXXXXXXXXXXXXX 
.................... VOID XUAT_GLCD_LCD() 
.................... {       
....................     XUAT_1BYTE(GLCDCONTROL);              
....................     XUAT_1BYTE(GLCDDATA); 
....................     XUAT_1BYTE(LCDCONTROL);        
....................     XUAT_1BYTE(LCDDATA);       
....................        
....................     MO_GLCD_LCD; 
....................     MO_IC_74573_A_THONG_DL();             
....................     OUTPUT_HIGH(RCK_LCD20X4);      
....................     OUTPUT_LOW(RCK_LCD20X4); 
....................     CHOT_IC_74573_A_GOI_DU_LIEU; 
.................... } 
.................... //HAM 702 
.................... VOID XUAT_LCD20X4(UNSIGNED INT8 LCD_SIGNAL,LCD_INS_HTHI) 
.................... {      
....................     LCDCONTROL = ~LCD_SIGNAL; 
....................     LCDDATA    = ~LCD_INS_HTHI;       
....................     XUAT_GLCD_LCD(); 
.................... } 
.................... //HAM 703 
.................... VOID XUAT_GLCD128X64(UNSIGNED INT8 GLCD_SIGNAL,GLCD_INS_HTHI) 
.................... {      
....................     GLCDCONTROL = ~GLCD_SIGNAL; 
....................     GLCDDATA    = ~GLCD_INS_HTHI;      
....................     XUAT_GLCD_LCD(); 
.................... } 
.................... //HAM 501 
.................... //XXXXXXXXXXXXXXXXXXXXXXXXXXXXXXXXXXXXXXXXXXXX 
.................... //CHUONG TRINH CON XUAT 2 BYTE RA DK 1 LED QUET SANG 
.................... //XXXXXXXXXXXXXXXXXXXXXXXXXXXXXXXXXXXXXXXXXXXX 
.................... VOID XUAT_8LED_7DOAN_QUET_1(UNSIGNED INT MA,SO_HTHI) 
.................... {      
....................       XUAT_1BYTE(~MA);   XUAT_1BYTE(~SO_HTHI); 
*
0418:  MOVF   x65,W
041A:  MOVWF  x67
041C:  COMF   x67,F
041E:  MOVFF  67,75
0422:  RCALL  009C
0424:  MOVFF  66,67
0428:  COMF   x67,F
042A:  MOVFF  67,75
042E:  RCALL  009C
....................        
....................       MO_8_LED_QUET; 
0430:  BCF    05.4
....................       MO_IC_74573_B_THONG_DL(); 
0432:  RCALL  03AE
....................        
....................       OUTPUT_HIGH(RCK_8LEDQUET); OUTPUT_LOW(RCK_8LEDQUET); 
0434:  BCF    F95.5
0436:  BSF    F8C.5
0438:  BCF    F95.5
043A:  BCF    F8C.5
....................       CHOT_IC_74573_B_GOI_DU_LIEU; 
043C:  BCF    F95.0
043E:  BCF    F8C.0
0440:  GOTO   044A (RETURN)
.................... } 
.................... //HAM 502 
.................... //XXXXXXXXXXXXXXXXXXXXXXXXXXXXXXXXXXXXXXXXXXXX 
.................... //CHUONG TRINH CON XUAT 2 BYTE RA TAT 8 LED QUET 
.................... //XXXXXXXXXXXXXXXXXXXXXXXXXXXXXXXXXXXXXXXXXXXX 
.................... VOID XUAT_8LED_7DOAN_QUET_TAT_LED() 
.................... { 
....................    XUAT_8LED_7DOAN_QUET_1(0XFF,0XFF); 
0444:  SETF   x65
0446:  SETF   x66
0448:  BRA    0418
044A:  GOTO   047E (RETURN)
.................... } 
.................... //HAM 503 
.................... //XXXXXXXXXXXXXXXXXXXXXXXXXXXXXXXXXXXXXXXXXXXX 
.................... //CHUONG TRINH CON HIEN THI LED THEO THU TU 
.................... //XXXXXXXXXXXXXXXXXXXXXXXXXXXXXXXXXXXXXXXXXXXX 
.................... CONST UNSIGNED CHAR TTLEDQUET[8]= {0x7F,0xBF,0xDF,0xEF,0xF7,0xFB,0xFD,0xFE}; 
.................... VOID XUAT_8LED_7DOAN_QUET_2(UNSIGNED INT THUTULED,SO_HTHI) 
.................... {          
....................       XUAT_1BYTE(~ (TTLEDQUET[THUTULED]));   XUAT_1BYTE(~SO_HTHI);      
*
03DC:  CLRF   03
03DE:  MOVF   x66,W
03E0:  MOVFF  FF2,68
03E4:  BCF    FF2.7
03E6:  RCALL  0024
03E8:  BTFSC  x68.7
03EA:  BSF    FF2.7
03EC:  MOVWF  01
03EE:  MOVWF  x68
03F0:  COMF   x68,F
03F2:  MOVFF  68,75
03F6:  RCALL  009C
03F8:  MOVFF  67,68
03FC:  COMF   x68,F
03FE:  MOVFF  68,75
0402:  RCALL  009C
....................       MO_8_LED_QUET; 
0404:  BCF    05.4
....................       MO_IC_74573_B_THONG_DL(); 
0406:  RCALL  03AE
....................       OUTPUT_HIGH(RCK_8LEDQUET); OUTPUT_LOW(RCK_8LEDQUET); 
0408:  BCF    F95.5
040A:  BSF    F8C.5
040C:  BCF    F95.5
040E:  BCF    F8C.5
....................       CHOT_IC_74573_B_GOI_DU_LIEU; 
0410:  BCF    F95.0
0412:  BCF    F8C.0
0414:  GOTO   0472 (RETURN)
.................... } 
.................... //HAM 504 
.................... //XXXXXXXXXXXXXXXXXXXXXXXXXXXXXXXXXXXXXXXXXXXX 
.................... //CHUONG TRINH CON HIEN THI 8 SO TREN 8 LED QUET - CO KIEM TRA 
.................... //XXXXXXXXXXXXXXXXXXXXXXXXXXXXXXXXXXXXXXXXXXXX 
.................... UNSIGNED INT8 LED_7DQ[8]={0XFF,0XFF,0XFF,0XFF,0XFF,0XFF,0XFF,0XFF}; 
.................... UNSIGNED INT8 TT8LED=0; 
.................... VOID HIEN_THI_8LED_7DOAN_QUET() 
.................... {      
....................       FOR(TT8LED=0;TT8LED<8;TT8LED++) 
....................          IF (LED_7DQ[TT8LED]!=0XFF) 
....................          {            
....................             XUAT_8LED_7DOAN_QUET_2(TT8LED, LED_7DQ[TT8LED]); 
....................             DELAY_US(100); 
....................             XUAT_8LED_7DOAN_QUET_TAT_LED();            
....................             } 
.................... } 
.................... //HAM 505 
.................... //XXXXXXXXXXXXXXXXXXXXXXXXXXXXXXXXXXXXXXXXXXXX 
.................... //CHUONG TRINH CON HIEN THI 8 SO TREN 8 LED QUET - KHONG KIEM TRA 
.................... //XXXXXXXXXXXXXXXXXXXXXXXXXXXXXXXXXXXXXXXXXXXX 
.................... VOID HIEN_THI_8LED_7DOAN_QUET_ALL() 
.................... {      
....................       FOR(TT8LED=0;TT8LED<8;TT8LED++)          
*
044E:  CLRF   19
0450:  MOVF   19,W
0452:  SUBLW  07
0454:  BNC   0482
....................          {            
....................             XUAT_8LED_7DOAN_QUET_2(TT8LED, LED_7DQ[TT8LED]); 
0456:  CLRF   03
0458:  MOVF   19,W
045A:  ADDLW  11
045C:  MOVWF  FE9
045E:  MOVLW  00
0460:  ADDWFC 03,W
0462:  MOVWF  FEA
0464:  MOVFF  FEF,65
0468:  MOVFF  19,66
046C:  MOVFF  65,67
0470:  BRA    03DC
....................             DELAY_US(100); 
0472:  MOVLW  A6
0474:  MOVWF  00
0476:  DECFSZ 00,F
0478:  BRA    0476
047A:  NOP   
....................             XUAT_8LED_7DOAN_QUET_TAT_LED();            
047C:  BRA    0444
047E:  INCF   19,F
0480:  BRA    0450
....................             } 
0482:  GOTO   0490 (RETURN)
.................... } 
....................  
.................... VOID DELAY_QUET_8LED(UNSIGNED INT16 DL) 
.................... {  
....................       UNSIGNED INT8 I; 
....................       FOR (I=0; I<DL;I++) 
....................       HIEN_THI_8LED_7DOAN_QUET_ALL(); 
.................... }  
....................  
.................... VOID GIAI_MA_GAN_CHO_8LED_QUET_16_XOA(UNSIGNED INT16 X) 
.................... {      
....................       LED_7DQ[0]= MA7DOAN [X %10];     
....................       LED_7DQ[1]= MA7DOAN [X/10%10]; 
....................       LED_7DQ[2]= MA7DOAN [X/100%10];     
....................       LED_7DQ[3]= MA7DOAN [X/1000%10]; 
....................       LED_7DQ[4]= MA7DOAN [X/10000%10]; 
....................       IF (LED_7DQ[4]==MASO0)  
....................       { 
....................             LED_7DQ[4]=0XFF; 
....................             IF (LED_7DQ[3]==MASO0)  
....................             { 
....................                LED_7DQ[3]=0XFF; 
....................                IF (LED_7DQ[2]==MASO0)  
....................                { 
....................                   LED_7DQ[2]=0XFF; 
....................                   IF (LED_7DQ[1]==MASO0)  
....................                   { 
....................                      LED_7DQ[1]=0XFF; 
....................                   } 
....................                } 
....................             } 
....................       } 
....................              
.................... } 
.................... //XXXXXXXXXXXXXXXXXXXXXXXXXXXXXXXXXXXXXXXXXXXX          
.................... VOID XUAT_2BYTE(UNSIGNED INT16 BYTE2XUAT) 
.................... { 
....................    INT8 SBB; 
....................    UNSIGNED INT16   XX;   //SHORT  BSERI; 
....................    #BIT BSERIX  = XX.15 
....................    XX = BYTE2XUAT; 
....................    FOR (SBB=0;SBB<16;SBB++) 
....................       {                                                  
....................          OUTPUT_BIT(SSDO,BSERIX);     
....................          OUTPUT_LOW(SSCK);          
....................          OUTPUT_HIGH(SSCK); 
....................          XX= XX<<1;          
....................      } 
.................... } 
.................... //XXXXXXXXXXXXXXXXXXXXXXXXXXXXXXXXXXXXXXXXXXXX 
.................... //CHUONG TRINH CON XUAT RA LED MA TRAN 
.................... //XXXXXXXXXXXXXXXXXXXXXXXXXXXXXXXXXXXXXXXXXXXX 
.................... VOID XUAT_MATRANLED(UNSIGNED INT16 MAHANG,UNSIGNED INT16 MACOT1, 
.................... UNSIGNED INT16 MACOT2,UNSIGNED INT16 MACOT3) 
.................... {       
....................       XUAT_2BYTE(MACOT3); 
....................       XUAT_2BYTE(MACOT2); 
....................       XUAT_2BYTE(MACOT1); 
....................       XUAT_2BYTE(MAHANG); 
....................        
....................       MO_LED_MATRAN; 
....................       MO_IC_74573_B_THONG_DL(); 
....................        
....................       OUTPUT_HIGH(RCK_MATRANLED); OUTPUT_LOW(RCK_MATRANLED);  
....................       CHOT_IC_74573_B_GOI_DU_LIEU; 
.................... } 
.................... //XXXXXXXXXXXXXXXXXXXXXXXXXXXXXXXXXXXXXXXXXXXX 
.................... //CHUONG TRINH CON XUAT RA LED MA TRAN 
.................... //XXXXXXXXXXXXXXXXXXXXXXXXXXXXXXXXXXXXXXXXXXXX 
.................... VOID TAT_MATRANLED() 
.................... {       
....................       XUAT_2BYTE(0); 
....................       XUAT_2BYTE(0); 
....................       XUAT_2BYTE(0); 
....................       XUAT_2BYTE(0);            
....................       OUTPUT_HIGH(RCK_MATRANLED);  
....................       OUTPUT_LOW(RCK_MATRANLED); 
.................... } 
.................... UNSIGNED  INT8 HIEU_CHINH_4BIT_CAO(UNSIGNED INT8 XZY) 
.................... { 
....................       INT1  BTG; 
....................       UNSIGNED INT8   BX;    
....................       #BIT BIT4  = BX.4 
....................       #BIT BIT5  = BX.5 
....................       #BIT BIT6  = BX.6 
....................       #BIT BIT7  = BX.7 
....................       BX=XZY; 
....................       BTG=BIT4;   BIT4=BIT7;  BIT7=BTG; 
....................       BTG=BIT5;   BIT5=BIT6;  BIT6=BTG;       
....................       RETURN(BX);   
.................... } 
.................... //HAM 601 
.................... //XXXXXXXXXXXXXXXXXXXXXXXXXXXXXXXXXXXXXXXXXXXXXXXXXXXX 
.................... //MODULE DIEU KHIEN RELAY,TRIAC, BUZZER, DONG CO, SIM 
.................... //XXXXXXXXXXXXXXXXXXXXXXXXXXXXXXXXXXXXXXXXXXXXXXXXXXXX 
.................... VOID XUAT_BUZZER_RELAY() 
.................... {      
....................    UNSIGNED INT8 RBDC1,RBDC2; 
....................       RBDC1=RBDC; RBDC2=RBDC>>8;       
....................       XUAT_1BYTE(RBDC2);       
....................       XUAT_1BYTE(RBDC1); 
....................       MO_RELAY_BUZZER_DC; 
....................       MO_IC_74573_B_THONG_DL(); 
....................        
....................       OUTPUT_HIGH(RCK_BUZERELAY);   OUTPUT_LOW(RCK_BUZERELAY); 
....................       CHOT_IC_74573_B_GOI_DU_LIEU; 
.................... } 
.................... //HAM 602 
.................... //XXXXXXXXXXXXXXXXXXXXXXXXXXXXXXXXXXXXXXXXXXXXXXXXXXXX 
.................... VOID BUZZER_ON() 
.................... {     
....................       BUZZER=1; 
....................       XUAT_BUZZER_RELAY();          
.................... } 
.................... //HAM 603 
.................... //XXXXXXXXXXXXXXXXXXXXXXXXXXXXXXXXXXXXXXXXXXXXXXXXXXXX 
.................... VOID BUZZER_OFF() 
.................... {      
....................       BUZZER=0; 
....................       XUAT_BUZZER_RELAY(); 
.................... } 
.................... //HAM 604 
.................... //XXXXXXXXXXXXXXXXXXXXXXXXXXXXXXXXXXXXXXXXXXXXXXXXXXXX 
.................... VOID RELAY_1_ON() 
.................... {     
....................       RELAY_1=1; 
....................       XUAT_BUZZER_RELAY();          
.................... } 
.................... //HAM 603 
.................... //XXXXXXXXXXXXXXXXXXXXXXXXXXXXXXXXXXXXXXXXXXXXXXXXXXXX 
.................... VOID RELAY_1_OFF() 
.................... {     
....................       RELAY_1=0; 
....................       XUAT_BUZZER_RELAY();          
.................... } 
.................... //HAM 604 
.................... //XXXXXXXXXXXXXXXXXXXXXXXXXXXXXXXXXXXXXXXXXXXXXXXXXXXX 
.................... VOID RELAY_2_ON() 
.................... {     
....................       RELAY_2=1; 
....................       XUAT_BUZZER_RELAY();          
.................... } 
.................... //HAM 607 
.................... //XXXXXXXXXXXXXXXXXXXXXXXXXXXXXXXXXXXXXXXXXXXXXXXXXXXX 
.................... VOID RELAY_2_OFF() 
.................... {     
....................       RELAY_2=0; 
....................       XUAT_BUZZER_RELAY();          
.................... } 
.................... //HAM 608 
.................... //XXXXXXXXXXXXXXXXXXXXXXXXXXXXXXXXXXXXXXXXXXXXXXXXXXXX 
.................... VOID RELAY_1_RELAY_2_ON() 
.................... {     
....................       RELAY_1=1;  RELAY_2=1; 
....................       XUAT_BUZZER_RELAY();          
.................... } 
.................... //HAM 609 
.................... //XXXXXXXXXXXXXXXXXXXXXXXXXXXXXXXXXXXXXXXXXXXXXXXXXXXX 
.................... VOID RELAY_1_RELAY_2_OFF() 
.................... {     
....................       RELAY_1=0;  RELAY_2=0; 
....................       XUAT_BUZZER_RELAY();          
.................... } 
.................... //HAM 610 
.................... //XXXXXXXXXXXXXXXXXXXXXXXXXXXXXXXXXXXXXXXXXXXXXXXXXXXX 
.................... VOID TRIAC_1_ON() 
.................... {     
....................       TRIAC_1=1; 
....................       XUAT_BUZZER_RELAY();          
.................... } 
.................... //HAM 611 
.................... //XXXXXXXXXXXXXXXXXXXXXXXXXXXXXXXXXXXXXXXXXXXXXXXXXXXX 
.................... VOID TRIAC_1_OFF() 
.................... {     
....................       TRIAC_1=0; 
....................       XUAT_BUZZER_RELAY();          
.................... } 
.................... //HAM 612 
.................... //XXXXXXXXXXXXXXXXXXXXXXXXXXXXXXXXXXXXXXXXXXXXXXXXXXXX 
.................... VOID TRIAC_2_ON() 
.................... {     
....................       TRIAC_2=1; 
....................       XUAT_BUZZER_RELAY();          
.................... } 
.................... //HAM 613 
.................... //XXXXXXXXXXXXXXXXXXXXXXXXXXXXXXXXXXXXXXXXXXXXXXXXXXXX 
.................... VOID TRIAC_2_OFF() 
.................... {     
....................       TRIAC_2=0; 
....................       XUAT_BUZZER_RELAY();          
.................... } 
.................... //XXXXXXXXXXXXXXXXXXXXXXXXXXXXXXXXXXXXXXXXXXXX 
....................  
....................  
....................  
....................  
.................... unsigned INT8    ttct=1, t0, t0_tam;  
.................... #include    <tv_pickit2_shift_32led_don.c>    
.................... UNSIGNED INT32    Y=0,YP_CHAY=1,YT_CHAY=0X80000000,Y_CODINH=0; 
.................... UNSIGNED INT16 ZT,ZT_CHAY_T=0x8000,ZT_CHAY_P=1,ZT_CODINH=0; 
.................... UNSIGNED INT16 ZP,ZP_CHAY_T=0X8000,ZP_CHAY_P=1,ZP_CODINH=0; 
....................  
.................... UNSIGNED INT16 TGDLAY=0; 
.................... UNSIGNED INT8 DEM_LED=0;  
.................... SIGNED I32=32,J32=0,TTCT_TD=1,I16=16,J16=0; 
....................  
.................... UNSIGNED INT32    ZA=1,YA=1,XA=0XFFFFFFFE,ZB=0X80000000,YB=0X80000000,XB=0X7FFFFFFF;    
.................... SIGNED IA=1,JA=1;   
.................... VOID RESET_TOAN_BO_BIEN() 
.................... {  
....................       TTCT_TD++;     //CHUYEN CHUONG TRINH CHO TU DONG 
*
02D6:  INCF   42,F
....................       Y=0;      YP_CHAY=1;      YT_CHAY=0X80000000;      Y_CODINH=0; 
02D8:  CLRF   20
02DA:  CLRF   1F
02DC:  CLRF   1E
02DE:  CLRF   1D
02E0:  CLRF   24
02E2:  CLRF   23
02E4:  CLRF   22
02E6:  MOVLW  01
02E8:  MOVWF  21
02EA:  MOVLW  80
02EC:  MOVWF  28
02EE:  CLRF   27
02F0:  CLRF   26
02F2:  CLRF   25
02F4:  CLRF   2C
02F6:  CLRF   2B
02F8:  CLRF   2A
02FA:  CLRF   29
....................       ZT_CHAY_T=0x8000;    ZT_CHAY_P=1;   ZT_CODINH=0; 
02FC:  MOVWF  30
02FE:  CLRF   2F
0300:  CLRF   32
0302:  MOVLW  01
0304:  MOVWF  31
0306:  CLRF   34
0308:  CLRF   33
....................       ZP_CHAY_T=0X8000;    ZP_CHAY_P=1;   ZP_CODINH=0; 
030A:  MOVLW  80
030C:  MOVWF  38
030E:  CLRF   37
0310:  CLRF   3A
0312:  MOVLW  01
0314:  MOVWF  39
0316:  CLRF   3C
0318:  CLRF   3B
....................       ZT=ZP=0; 
031A:  CLRF   36
031C:  CLRF   35
031E:  MOVFF  36,2E
0322:  MOVFF  35,2D
....................       I32=32;J32=0;I16=16,J16=0; 
0326:  MOVLW  20
0328:  MOVWF  40
032A:  CLRF   41
032C:  MOVLW  10
032E:  MOVWF  43
0330:  CLRF   44
....................       DEM_LED=0; 
0332:  CLRF   3F
....................        
....................       ZA=1;    YA=1;    XA=0XFFFFFFFE;     IA=1;    JA=1; 
0334:  CLRF   48
0336:  CLRF   47
0338:  CLRF   46
033A:  MOVLW  01
033C:  MOVWF  45
033E:  CLRF   4C
0340:  CLRF   4B
0342:  CLRF   4A
0344:  MOVWF  49
0346:  SETF   50
0348:  SETF   4F
034A:  SETF   4E
034C:  MOVLW  FE
034E:  MOVWF  4D
0350:  MOVLW  01
0352:  MOVWF  5D
0354:  MOVWF  5E
....................      ZB=0X80000000;    YB=0X80000000;    XB=0X7FFFFFFF; 
0356:  MOVLW  80
0358:  MOVWF  54
035A:  CLRF   53
035C:  CLRF   52
035E:  CLRF   51
0360:  MOVWF  58
0362:  CLRF   57
0364:  CLRF   56
0366:  CLRF   55
0368:  MOVLW  7F
036A:  MOVWF  5C
036C:  SETF   5B
036E:  SETF   5A
0370:  SETF   59
....................      TGDLAY = 0; 
0372:  CLRF   3E
0374:  CLRF   3D
0376:  RETURN 0
.................... }  
....................  
.................... VOID TANG_DEM_LED_DELAY_1(UNSIGNED INT8 DL) 
.................... {  
....................       UNSIGNED INT8 I; 
....................       FOR (I=0; I<DL;I++) 
*
0486:  CLRF   x64
0488:  MOVF   x63,W
048A:  SUBWF  x64,W
048C:  BC    0494
....................       HIEN_THI_8LED_7DOAN_QUET_ALL(); 
048E:  BRA    044E
0490:  INCF   x64,F
0492:  BRA    0488
....................       DEM_LED++; 
0494:  INCF   3F,F
0496:  GOTO   04AC (RETURN)
.................... }  
....................  
.................... VOID TANG_DEM_LED_DELAY_0(UNSIGNED INT8 DL) 
.................... {  
....................       IF (DL>0)      DELAY_MS(DL);  
*
039E:  MOVF   x63,F
03A0:  BZ    03A8
03A2:  MOVFF  63,64
03A6:  RCALL  0378
....................       DEM_LED++; 
03A8:  INCF   3F,F
03AA:  GOTO   04AC (RETURN)
.................... }  
....................  
.................... VOID DELAY_CHON(UNSIGNED INT8 DL,CHONDELAY) 
.................... {     
....................    IF (!CHONDELAY)   TANG_DEM_LED_DELAY_0(DL); 
*
049A:  MOVF   x62,F
049C:  BNZ   04A6
049E:  MOVFF  61,63
04A2:  BRA    039E
04A4:  BRA    04AC
....................    ELSE              TANG_DEM_LED_DELAY_1(DL); 
04A6:  MOVFF  61,63
04AA:  BRA    0486
04AC:  RETURN 0
.................... } 
.................... //XXXXXXXXXXXXXXXXXXXXXXXXXXXXXXXXXXXXXXXXXXXX 
.................... //32 LED: SANG DON  PHAI SANG TRAI 
.................... //XXXXXXXXXXXXXXXXXXXXXXXXXXXXXXXXXXXXXXXXXXXX 
.................... VOID DIEM_SANG_DICH_TRAI_MAT_DAN_32LED(UNSIGNED INT8 DL,CHONDELAY) 
.................... {        
....................    IF(IA<33) 
....................    { 
....................       IF(JA>0) 
....................       { 
....................          ZB = (ZB << 1); 
....................          Y = XB|ZB;         
....................          XUAT_32LED_DON_1DW(Y); 
....................          DELAY_CHON(DL,CHONDELAY); 
....................          JA--; 
....................       } 
....................       ELSE  
....................       { 
....................          IA++; 
....................          JA=IA;       
....................          YB = YB>>1; 
....................          XB = XB>>1; 
....................          ZB = YB; 
....................       } 
....................    } 
....................    ELSE RESET_TOAN_BO_BIEN(); 
.................... }   
.................... //XXXXXXXXXXXXXXXXXXXXXXXXXXXXXXXXXXXXXXXXXXXX 
.................... //32 LED: SANG DON  TRAI SANG PHAI 
.................... //XXXXXXXXXXXXXXXXXXXXXXXXXXXXXXXXXXXXXXXXXXXX 
.................... VOID DIEM_SANG_DICH_PHAI_MAT_DAN_32LED(UNSIGNED INT8 DL,CHONDELAY) 
.................... {        
....................    IF(IA<33) 
....................    { 
....................       IF(JA>0) 
....................       { 
....................          ZA = (ZA >> 1); 
....................          Y = XA|ZA;         
....................          XUAT_32LED_DON_1DW(Y); 
....................          DELAY_CHON(DL,CHONDELAY); 
....................          JA--; 
....................       } 
....................       ELSE  
....................       { 
....................          IA++; 
....................          JA=IA;       
....................          YA = YA<<1; 
....................          XA = XA <<1; 
....................          ZA = YA; 
....................       } 
....................    } 
....................    ELSE RESET_TOAN_BO_BIEN(); 
.................... }   
.................... //XXXXXXXXXXXXXXXXXXXXXXXXXXXXXXXXXXXXXXXXXXXX 
.................... //32 LED: CHOP TAT  
.................... //XXXXXXXXXXXXXXXXXXXXXXXXXXXXXXXXXXXXXXXXXXXX 
.................... VOID DAO_DL_32BIT_VA_XUAT() 
.................... { 
....................    Y=~Y; 
*
02BA:  COMF   1D,F
02BC:  COMF   1E,F
02BE:  COMF   1F,F
02C0:  COMF   20,F
....................    XUAT_32LED_DON_1DW(Y);  
02C2:  MOVFF  20,64
02C6:  MOVFF  1F,63
02CA:  MOVFF  1E,62
02CE:  MOVFF  1D,61
02D2:  RCALL  0296
02D4:  RETURN 0
.................... } 
.................... VOID SANG_TAT_32LED(UNSIGNED INT8 DL,CHONDELAY) 
.................... {         
....................       IF (TGDLAY==1)          XUAT_32LED_DON_1DW(Y);  
*
04AE:  DECFSZ 3D,W
04B0:  BRA    04CA
04B2:  MOVF   3E,F
04B4:  BNZ   04CA
04B6:  MOVFF  20,64
04BA:  MOVFF  1F,63
04BE:  MOVFF  1E,62
04C2:  MOVFF  1D,61
04C6:  RCALL  0296
04C8:  BRA    0500
....................       ELSE IF (TGDLAY==50)    DAO_DL_32BIT_VA_XUAT(); 
04CA:  MOVF   3D,W
04CC:  SUBLW  32
04CE:  BNZ   04D8
04D0:  MOVF   3E,F
04D2:  BNZ   04D8
04D4:  RCALL  02BA
04D6:  BRA    0500
....................       ELSE IF (TGDLAY==100)   DAO_DL_32BIT_VA_XUAT();           
04D8:  MOVF   3D,W
04DA:  SUBLW  64
04DC:  BNZ   04E6
04DE:  MOVF   3E,F
04E0:  BNZ   04E6
04E2:  RCALL  02BA
04E4:  BRA    0500
....................       ELSE IF (TGDLAY==150)   DAO_DL_32BIT_VA_XUAT();                  
04E6:  MOVF   3D,W
04E8:  SUBLW  96
04EA:  BNZ   04F4
04EC:  MOVF   3E,F
04EE:  BNZ   04F4
04F0:  RCALL  02BA
04F2:  BRA    0500
....................       ELSE IF (TGDLAY==200)   
04F4:  MOVF   3D,W
04F6:  SUBLW  C8
04F8:  BNZ   0500
04FA:  MOVF   3E,F
04FC:  BNZ   0500
....................       { 
.................... //!         TTCT_TD++;   Y=0;        TGDLAY=0; 
....................             RESET_TOAN_BO_BIEN(); 
04FE:  RCALL  02D6
....................       } 
....................       TGDLAY++; 
0500:  INCF   3D,F
0502:  BTFSC  FD8.2
0504:  INCF   3E,F
....................       DELAY_CHON(DL,CHONDELAY); 
0506:  MOVFF  5F,61
050A:  MOVFF  60,62
050E:  RCALL  049A
0510:  GOTO   0986 (RETURN)
.................... } 
.................... //XXXXXXXXXXXXXXXXXXXXXXXXXXXXXXXXXXXXXXXXXXXX 
.................... //32 LED: SANG DAN ROI TAT DAN TU NGOAI VAO 
.................... //XXXXXXXXXXXXXXXXXXXXXXXXXXXXXXXXXXXXXXXXXXXX 
.................... VOID SANG_TAT_DAN_NGOAI_VAO_32LED(UNSIGNED INT8 DL,CHONDELAY) 
.................... {   
....................    IF (DEM_LED<16) 
*
060E:  MOVF   3F,W
0610:  SUBLW  0F
0612:  BNC   0658
....................    {   
....................       XUAT_32LED_DON_2WORD(ZP,ZT);         
0614:  MOVFF  36,6A
0618:  MOVFF  35,69
061C:  MOVFF  2E,6C
0620:  MOVFF  2D,6B
0624:  RCALL  0272
....................       ZP= (ZP<<1)+1;  
0626:  BCF    FD8.0
0628:  RLCF   35,W
062A:  MOVWF  x61
062C:  RLCF   36,W
062E:  MOVWF  x62
0630:  MOVLW  01
0632:  ADDWF  x61,W
0634:  MOVWF  35
0636:  MOVLW  00
0638:  ADDWFC x62,W
063A:  MOVWF  36
....................       ZT= (ZT>>1)+0X8000; 
063C:  BCF    FD8.0
063E:  RRCF   2E,W
0640:  MOVWF  x62
0642:  RRCF   2D,W
0644:  MOVWF  2D
0646:  MOVLW  80
0648:  ADDWF  x62,W
064A:  MOVWF  2E
....................       DELAY_CHON(DL,CHONDELAY); 
064C:  MOVFF  5F,61
0650:  MOVFF  60,62
0654:  RCALL  049A
....................    } 
0656:  BRA    068A
....................    ELSE  IF (DEM_LED<32) 
0658:  MOVF   3F,W
065A:  SUBLW  1F
065C:  BNC   0688
....................    {   
....................       XUAT_32LED_DON_2WORD(ZP,ZT); 
065E:  MOVFF  36,6A
0662:  MOVFF  35,69
0666:  MOVFF  2E,6C
066A:  MOVFF  2D,6B
066E:  RCALL  0272
....................       ZP= (ZP<<1);  
0670:  BCF    FD8.0
0672:  RLCF   35,F
0674:  RLCF   36,F
....................       ZT= (ZT>>1); 
0676:  BCF    FD8.0
0678:  RRCF   2E,F
067A:  RRCF   2D,F
....................       DELAY_CHON(DL,CHONDELAY); 
067C:  MOVFF  5F,61
0680:  MOVFF  60,62
0684:  RCALL  049A
....................    } 
0686:  BRA    068A
....................    ELSE RESET_TOAN_BO_BIEN(); 
0688:  RCALL  02D6
068A:  GOTO   09B0 (RETURN)
....................  
.................... }    
.................... //XXXXXXXXXXXXXXXXXXXXXXXXXXXXXXXXXXXXXXXXXXXX 
.................... //32 LED: SANG DAN ROI TAT DAN TU TRONG RA 
.................... //XXXXXXXXXXXXXXXXXXXXXXXXXXXXXXXXXXXXXXXXXXXX 
.................... VOID SANG_TAT_DAN_TRONG_RA_32LED(UNSIGNED INT8 DL,CHONDELAY) 
.................... {   
....................    IF (DEM_LED<16) 
068E:  MOVF   3F,W
0690:  SUBLW  0F
0692:  BNC   06D8
....................    {    
....................       XUAT_32LED_DON_2WORD(ZP,ZT);  
0694:  MOVFF  36,6A
0698:  MOVFF  35,69
069C:  MOVFF  2E,6C
06A0:  MOVFF  2D,6B
06A4:  RCALL  0272
....................       ZP= (ZP>>1)+0X8000;  
06A6:  BCF    FD8.0
06A8:  RRCF   36,W
06AA:  MOVWF  x62
06AC:  RRCF   35,W
06AE:  MOVWF  35
06B0:  MOVLW  80
06B2:  ADDWF  x62,W
06B4:  MOVWF  36
....................       ZT= (ZT<<1)+1; 
06B6:  BCF    FD8.0
06B8:  RLCF   2D,W
06BA:  MOVWF  x61
06BC:  RLCF   2E,W
06BE:  MOVWF  x62
06C0:  MOVLW  01
06C2:  ADDWF  x61,W
06C4:  MOVWF  2D
06C6:  MOVLW  00
06C8:  ADDWFC x62,W
06CA:  MOVWF  2E
....................       DELAY_CHON(DL,CHONDELAY); 
06CC:  MOVFF  5F,61
06D0:  MOVFF  60,62
06D4:  RCALL  049A
....................    } 
06D6:  BRA    070A
....................    ELSE  IF (DEM_LED<32) 
06D8:  MOVF   3F,W
06DA:  SUBLW  1F
06DC:  BNC   0708
....................    {   
....................       XUAT_32LED_DON_2WORD(ZP,ZT); 
06DE:  MOVFF  36,6A
06E2:  MOVFF  35,69
06E6:  MOVFF  2E,6C
06EA:  MOVFF  2D,6B
06EE:  RCALL  0272
....................       ZP= (ZP>>1);  
06F0:  BCF    FD8.0
06F2:  RRCF   36,F
06F4:  RRCF   35,F
....................       ZT= (ZT<<1); 
06F6:  BCF    FD8.0
06F8:  RLCF   2D,F
06FA:  RLCF   2E,F
....................       DELAY_CHON(DL,CHONDELAY); 
06FC:  MOVFF  5F,61
0700:  MOVFF  60,62
0704:  RCALL  049A
....................     } 
0706:  BRA    070A
....................    ELSE RESET_TOAN_BO_BIEN(); 
0708:  RCALL  02D6
070A:  GOTO   09BE (RETURN)
....................          
.................... }    
.................... //XXXXXXXXXXXXXXXXXXXXXXXXXXXXXXXXXXXXXXXXXXXX 
.................... //32 LED: 2NHOM 16 LED SANG DAN ROI TAT DAN TU PHAI SANG TRAI 
.................... //XXXXXXXXXXXXXXXXXXXXXXXXXXXXXXXXXXXXXXXXXXXX 
.................... VOID SANG_TAT_DAN_PHAI_SANG_TRAI_2X16LED(UNSIGNED INT8 DL,CHONDELAY) 
.................... {   
....................    IF (DEM_LED<16) 
....................    {    
....................       XUAT_32LED_DON_2WORD(ZP,ZP); 
....................       ZP= (ZP>>1)+0X8000; 
....................       DELAY_CHON(DL,CHONDELAY); 
....................    } 
....................    ELSE  IF (DEM_LED<32) 
....................    {   
....................       XUAT_32LED_DON_2WORD(ZP,ZP); 
....................       ZP= (ZP>>1); 
....................       DELAY_CHON(DL,CHONDELAY); 
....................     } 
....................    ELSE RESET_TOAN_BO_BIEN(); 
....................        
.................... }    
.................... //XXXXXXXXXXXXXXXXXXXXXXXXXXXXXXXXXXXXXXXXXXXX 
.................... //32 LED: 2NHOM 16 LED SANG DAN ROI TAT DAN TU TRAI SANG PHAI 
.................... //XXXXXXXXXXXXXXXXXXXXXXXXXXXXXXXXXXXXXXXXXXXX 
.................... VOID SANG_TAT_DAN_TRAI_SANG_PHAI_2X16LED(UNSIGNED INT8 DL,CHONDELAY) 
.................... {   
....................    IF (DEM_LED<16) 
....................    {    
....................       XUAT_32LED_DON_2WORD(ZT,ZT);   
....................       ZT= (ZT<<1)+1; 
....................       DELAY_CHON(DL,CHONDELAY); 
....................    } 
....................    ELSE  IF (DEM_LED<32) 
....................    {   
....................       XUAT_32LED_DON_2WORD(ZT,ZT); 
....................       ZT= (ZT<<1); 
....................       DELAY_CHON(DL,CHONDELAY); 
....................     } 
....................    ELSE RESET_TOAN_BO_BIEN(); 
....................          
.................... }    
.................... //XXXXXXXXXXXXXXXXXXXXXXXXXXXXXXXXXXXXXXXXXXXX 
.................... //32 LED: SANG DAN ROI TAT DAN TU PHAI SANG TRAI 
.................... //XXXXXXXXXXXXXXXXXXXXXXXXXXXXXXXXXXXXXXXXXXXX 
.................... VOID SANG_TAT_DAN_PST_32LED(UNSIGNED INT8 DL,CHONDELAY) 
.................... {         
....................    IF (DEM_LED<32) 
*
0514:  MOVF   3F,W
0516:  SUBLW  1F
0518:  BNC   0562
....................    {   
....................       XUAT_32LED_DON_1DW(Y); 
051A:  MOVFF  20,64
051E:  MOVFF  1F,63
0522:  MOVFF  1E,62
0526:  MOVFF  1D,61
052A:  RCALL  0296
....................       Y= (Y<<1)+1; 
052C:  BCF    FD8.0
052E:  RLCF   1D,W
0530:  MOVWF  x62
0532:  RLCF   1E,W
0534:  MOVWF  x63
0536:  RLCF   1F,W
0538:  MOVWF  x64
053A:  RLCF   20,W
053C:  MOVWF  x65
053E:  MOVLW  01
0540:  ADDWF  x62,W
0542:  MOVWF  1D
0544:  MOVLW  00
0546:  ADDWFC x63,W
0548:  MOVWF  1E
054A:  MOVLW  00
054C:  ADDWFC x64,W
054E:  MOVWF  1F
0550:  MOVLW  00
0552:  ADDWFC x65,W
0554:  MOVWF  20
....................       DELAY_CHON(DL,CHONDELAY); 
0556:  MOVFF  5F,61
055A:  MOVFF  60,62
055E:  RCALL  049A
....................    } 
0560:  BRA    0592
....................    ELSE  IF (DEM_LED<64) 
0562:  MOVF   3F,W
0564:  SUBLW  3F
0566:  BNC   0590
....................    {   
....................       XUAT_32LED_DON_1DW(Y);    
0568:  MOVFF  20,64
056C:  MOVFF  1F,63
0570:  MOVFF  1E,62
0574:  MOVFF  1D,61
0578:  RCALL  0296
....................       Y= (Y<<1);  
057A:  BCF    FD8.0
057C:  RLCF   1D,F
057E:  RLCF   1E,F
0580:  RLCF   1F,F
0582:  RLCF   20,F
....................       DELAY_CHON(DL,CHONDELAY); 
0584:  MOVFF  5F,61
0588:  MOVFF  60,62
058C:  RCALL  049A
....................    }  
058E:  BRA    0592
....................    ELSE RESET_TOAN_BO_BIEN(); 
0590:  RCALL  02D6
0592:  GOTO   0994 (RETURN)
....................  
.................... }     
.................... //XXXXXXXXXXXXXXXXXXXXXXXXXXXXXXXXXXXXXXXXXXXX 
.................... //32 LED: SANG DAN ROI TAT DAN TU TRAI SANG PHAI 
.................... //XXXXXXXXXXXXXXXXXXXXXXXXXXXXXXXXXXXXXXXXXXXX 
.................... VOID SANG_TAT_DAN_TSP_32LED(UNSIGNED INT8 DL,CHONDELAY) 
.................... {            
....................       IF (DEM_LED<32) 
0596:  MOVF   3F,W
0598:  SUBLW  1F
059A:  BNC   05DA
....................       {   
....................          XUAT_32LED_DON_1DW(Y); 
059C:  MOVFF  20,64
05A0:  MOVFF  1F,63
05A4:  MOVFF  1E,62
05A8:  MOVFF  1D,61
05AC:  RCALL  0296
....................          Y= (Y>>1)+0x80000000;  
05AE:  BCF    FD8.0
05B0:  RRCF   20,W
05B2:  MOVWF  x65
05B4:  RRCF   1F,W
05B6:  MOVWF  x64
05B8:  RRCF   1E,W
05BA:  MOVWF  x63
05BC:  RRCF   1D,W
05BE:  MOVWF  1D
05C0:  MOVFF  63,1E
05C4:  MOVFF  64,1F
05C8:  MOVLW  80
05CA:  ADDWF  x65,W
05CC:  MOVWF  20
....................          DELAY_CHON(DL,CHONDELAY);       
05CE:  MOVFF  5F,61
05D2:  MOVFF  60,62
05D6:  RCALL  049A
....................       } 
05D8:  BRA    060A
....................       ELSE 
....................       IF (DEM_LED<64) 
05DA:  MOVF   3F,W
05DC:  SUBLW  3F
05DE:  BNC   0608
....................       {   
....................          XUAT_32LED_DON_1DW(Y);  
05E0:  MOVFF  20,64
05E4:  MOVFF  1F,63
05E8:  MOVFF  1E,62
05EC:  MOVFF  1D,61
05F0:  RCALL  0296
....................          Y= (Y>>1); 
05F2:  BCF    FD8.0
05F4:  RRCF   20,F
05F6:  RRCF   1F,F
05F8:  RRCF   1E,F
05FA:  RRCF   1D,F
....................          DELAY_CHON(DL,CHONDELAY); 
05FC:  MOVFF  5F,61
0600:  MOVFF  60,62
0604:  RCALL  049A
....................       }  
0606:  BRA    060A
....................       ELSE RESET_TOAN_BO_BIEN(); 
0608:  RCALL  02D6
060A:  GOTO   09A2 (RETURN)
....................      
.................... }          
.................... //XXXXXXXXXXXXXXXXXXXXXXXXXXXXXXXXXXXXXXXXXXXX 
.................... //32 LED: DIEM SANG DI CHUEYN TU PHAI SANG TRAI 
.................... //XXXXXXXXXXXXXXXXXXXXXXXXXXXXXXXXXXXXXXXXXXXX 
.................... VOID DIEM_SANG_DI_CHUYEN_PST_32LED(UNSIGNED INT8 DL,CHONDELAY) 
.................... {         
....................    IF (DEM_LED==0) 
....................    {   
....................       Y=1; 
....................       XUAT_32LED_DON_1DW(Y); 
....................       Y= (Y<<1); 
....................       DELAY_CHON(DL,CHONDELAY); 
....................    } 
....................    ELSE  IF (DEM_LED<33) 
....................    {   
....................       XUAT_32LED_DON_1DW(Y);    
....................       Y= (Y<<1);  
....................       DELAY_CHON(DL,CHONDELAY); 
....................    }  
....................    ELSE  RESET_TOAN_BO_BIEN(); 
.................... }     
....................  
.................... //XXXXXXXXXXXXXXXXXXXXXXXXXXXXXXXXXXXXXXXXXXXX 
.................... //32 LED: DIEM SANG DI CHUEYN TU TRAI SANG PHAI 
.................... //XXXXXXXXXXXXXXXXXXXXXXXXXXXXXXXXXXXXXXXXXXXX 
.................... VOID DIEM_SANG_DI_CHUYEN_TSP_32LED(UNSIGNED INT8 DL,CHONDELAY) 
.................... {         
....................    IF (DEM_LED==0) 
....................    {   
....................       Y=0X80000000; 
....................       XUAT_32LED_DON_1DW(Y); 
....................       Y= (Y>>1); 
....................       DELAY_CHON(DL,CHONDELAY); 
....................    } 
....................    ELSE  IF (DEM_LED<33) 
....................    {   
....................       XUAT_32LED_DON_1DW(Y);    
....................       Y= (Y>>1);  
....................       DELAY_CHON(DL,CHONDELAY); 
....................    }  
....................    ELSE RESET_TOAN_BO_BIEN(); 
....................  
.................... }  
.................... //XXXXXXXXXXXXXXXXXXXXXXXXXXXXXXXXXXXXXXXXXXXX 
.................... //32 LED: SANG DON  PHAI SANG TRAI 
.................... //XXXXXXXXXXXXXXXXXXXXXXXXXXXXXXXXXXXXXXXXXXXX 
.................... VOID SANG_DON_PST_32LED(UNSIGNED INT8 DL,CHONDELAY) 
.................... {        
....................    IF(I32>0) 
*
070E:  BTFSC  40.7
0710:  BRA    078C
0712:  MOVF   40,W
0714:  SUBLW  00
0716:  BC    078C
....................    { 
....................       IF(J32<I32) 
0718:  MOVF   41,W
071A:  XORLW  80
071C:  MOVWF  00
071E:  MOVF   40,W
0720:  XORLW  80
0722:  SUBWF  00,W
0724:  BC    0766
....................       { 
....................          Y = Y_CODINH|YP_CHAY; 
0726:  MOVF   29,W
0728:  IORWF  21,W
072A:  MOVWF  1D
072C:  MOVF   2A,W
072E:  IORWF  22,W
0730:  MOVWF  1E
0732:  MOVF   2B,W
0734:  IORWF  23,W
0736:  MOVWF  1F
0738:  MOVF   2C,W
073A:  IORWF  24,W
073C:  MOVWF  20
....................          XUAT_32LED_DON_1DW(Y); 
073E:  MOVFF  20,64
0742:  MOVFF  1F,63
0746:  MOVFF  1E,62
074A:  MOVFF  1D,61
074E:  RCALL  0296
....................          DELAY_CHON(DL,CHONDELAY);        
0750:  MOVFF  5F,61
0754:  MOVFF  60,62
0758:  RCALL  049A
....................          YP_CHAY = YP_CHAY <<1; 
075A:  BCF    FD8.0
075C:  RLCF   21,F
075E:  RLCF   22,F
0760:  RLCF   23,F
0762:  RLCF   24,F
....................          J32++; 
0764:  INCF   41,F
....................       } 
....................       IF (J32==I32)  
0766:  MOVF   40,W
0768:  SUBWF  41,W
076A:  BNZ   078A
....................       { 
....................          I32--; 
076C:  DECF   40,F
....................          J32=0;          
076E:  CLRF   41
....................          Y_CODINH=Y; 
0770:  MOVFF  20,2C
0774:  MOVFF  1F,2B
0778:  MOVFF  1E,2A
077C:  MOVFF  1D,29
....................          YP_CHAY = 1; 
0780:  CLRF   24
0782:  CLRF   23
0784:  CLRF   22
0786:  MOVLW  01
0788:  MOVWF  21
....................       } 
....................    } 
078A:  BRA    078E
....................    ELSE RESET_TOAN_BO_BIEN(); 
078C:  RCALL  02D6
078E:  GOTO   09CC (RETURN)
.................... }    
.................... //XXXXXXXXXXXXXXXXXXXXXXXXXXXXXXXXXXXXXXXXXXXX 
.................... //32 LED: SANG DON  PHAI SANG TRAI 
.................... //XXXXXXXXXXXXXXXXXXXXXXXXXXXXXXXXXXXXXXXXXXXX 
.................... VOID SANG_DON_TSP_32LED(UNSIGNED INT8 DL,CHONDELAY) 
.................... {        
....................    IF(I32>0) 
0792:  BTFSC  40.7
0794:  BRA    0810
0796:  MOVF   40,W
0798:  SUBLW  00
079A:  BC    0810
....................    { 
....................       IF(J32<I32) 
079C:  MOVF   41,W
079E:  XORLW  80
07A0:  MOVWF  00
07A2:  MOVF   40,W
07A4:  XORLW  80
07A6:  SUBWF  00,W
07A8:  BC    07EA
....................       { 
....................          Y = Y_CODINH|YT_CHAY; 
07AA:  MOVF   29,W
07AC:  IORWF  25,W
07AE:  MOVWF  1D
07B0:  MOVF   2A,W
07B2:  IORWF  26,W
07B4:  MOVWF  1E
07B6:  MOVF   2B,W
07B8:  IORWF  27,W
07BA:  MOVWF  1F
07BC:  MOVF   2C,W
07BE:  IORWF  28,W
07C0:  MOVWF  20
....................          XUAT_32LED_DON_1DW(Y); 
07C2:  MOVFF  20,64
07C6:  MOVFF  1F,63
07CA:  MOVFF  1E,62
07CE:  MOVFF  1D,61
07D2:  RCALL  0296
....................          DELAY_CHON(DL,CHONDELAY); 
07D4:  MOVFF  5F,61
07D8:  MOVFF  60,62
07DC:  RCALL  049A
....................          YT_CHAY = YT_CHAY >>1; 
07DE:  BCF    FD8.0
07E0:  RRCF   28,F
07E2:  RRCF   27,F
07E4:  RRCF   26,F
07E6:  RRCF   25,F
....................          J32++; 
07E8:  INCF   41,F
....................       } 
....................       IF (J32==I32)  
07EA:  MOVF   40,W
07EC:  SUBWF  41,W
07EE:  BNZ   080E
....................       { 
....................          I32--; 
07F0:  DECF   40,F
....................          J32=0;          
07F2:  CLRF   41
....................          Y_CODINH=Y; 
07F4:  MOVFF  20,2C
07F8:  MOVFF  1F,2B
07FC:  MOVFF  1E,2A
0800:  MOVFF  1D,29
....................          YT_CHAY = 0X80000000; 
0804:  MOVLW  80
0806:  MOVWF  28
0808:  CLRF   27
080A:  CLRF   26
080C:  CLRF   25
....................       } 
....................    } 
080E:  BRA    0812
....................    ELSE RESET_TOAN_BO_BIEN(); 
0810:  RCALL  02D6
0812:  GOTO   09DA (RETURN)
....................  
.................... }   
.................... //XXXXXXXXXXXXXXXXXXXXXXXXXXXXXXXXXXXXXXXXXXXX 
.................... //32 LED: SANG DON  TU NGOAI VAO 
.................... //XXXXXXXXXXXXXXXXXXXXXXXXXXXXXXXXXXXXXXXXXXXX 
.................... VOID SANG_DON_TNT_32LED(UNSIGNED INT8 DL,CHONDELAY) 
.................... {        
....................    IF(I16>0) 
....................    { 
....................       IF(J16<I16) 
....................       { 
....................          ZP = ZP_CODINH|ZP_CHAY_P; 
....................          ZT = ZT_CODINH|ZT_CHAY_T; 
....................          XUAT_32LED_DON_2WORD(ZT,ZP); 
....................          DELAY_CHON(DL,CHONDELAY); 
....................  
....................          ZP_CHAY_P = ZP_CHAY_P <<1;          
....................          ZT_CHAY_T = ZT_CHAY_T >>1; 
....................          J16++; 
....................       } 
....................       IF (J16==I16)  
....................       { 
....................          I16--; 
....................          J16=0;          
....................          ZT_CODINH=ZT;  ZP_CODINH=ZP;          
....................          ZP_CHAY_P = 1;   ZT_CHAY_T = 0X8000; 
....................       } 
....................    } 
....................    ELSE RESET_TOAN_BO_BIEN(); 
....................  
.................... }    
....................  
.................... //XXXXXXXXXXXXXXXXXXXXXXXXXXXXXXXXXXXXXXXXXXXX 
.................... //32 LED: SANG DON  TU NGOAI VAO 
.................... //XXXXXXXXXXXXXXXXXXXXXXXXXXXXXXXXXXXXXXXXXXXX 
.................... VOID SANG_DON_TTR_32LED(UNSIGNED INT8 DL,CHONDELAY) 
.................... {        
....................    IF(I16>0) 
....................    { 
....................       IF(J16<I16) 
....................       { 
....................          ZP = ZP_CODINH|ZP_CHAY_T; 
....................          ZT = ZT_CODINH|ZT_CHAY_P; 
....................          XUAT_32LED_DON_2WORD(ZT,ZP); 
....................          DELAY_CHON(DL,CHONDELAY); 
....................          ZP_CHAY_T = ZP_CHAY_T >>1;          
....................          ZT_CHAY_P = ZT_CHAY_P <<1; 
....................          J16++; 
....................       } 
....................       IF (J16==I16)  
....................       { 
....................          I16--; 
....................          J16=0;          
....................          ZT_CODINH=ZT;   
....................          ZP_CODINH=ZP; 
....................          ZP_CHAY_T = 0X8000;   ZT_CHAY_P = 1; 
....................       } 
....................    } 
....................    ELSE RESET_TOAN_BO_BIEN(); 
.................... }    
....................  
....................    
....................  
.................... void phim_up()  
.................... { 
....................    IF (!input (up) && (ttct < 7) ) 
*
083A:  BSF    F93.5
083C:  BTFSC  F81.5
083E:  BRA    085A
0840:  MOVF   1A,W
0842:  SUBLW  06
0844:  BNC   085A
....................    { 
....................       delay_ms (10); 
0846:  MOVLW  0A
0848:  MOVWF  x64
084A:  RCALL  0378
....................  
....................       IF (!input (up)) 
084C:  BSF    F93.5
084E:  BTFSC  F81.5
0850:  BRA    085A
....................       { 
....................          ttct++; 
0852:  INCF   1A,F
....................          WHILE ( ! input (up)); 
0854:  BSF    F93.5
0856:  BTFSS  F81.5
0858:  BRA    0854
....................       } 
....................    } 
085A:  GOTO   09DE (RETURN)
.................... } 
....................  
....................    
.................... void phim_dw()  
.................... { 
....................    IF (!input (dw)&& (ttct > 1)) 
*
0816:  BSF    F93.4
0818:  BTFSC  F81.4
081A:  BRA    0836
081C:  MOVF   1A,W
081E:  SUBLW  01
0820:  BC    0836
....................    { 
....................       delay_ms (10); 
0822:  MOVLW  0A
0824:  MOVWF  x64
0826:  RCALL  0378
....................  
....................       IF (!input (dw)) 
0828:  BSF    F93.4
082A:  BTFSC  F81.4
082C:  BRA    0836
....................       { 
....................          ttct--; 
082E:  DECF   1A,F
....................          WHILE ( ! input (dw)); 
0830:  BSF    F93.4
0832:  BTFSS  F81.4
0834:  BRA    0830
....................       } 
....................    } 
0836:  GOTO   09DC (RETURN)
.................... } 
....................  
....................    
.................... void phim_clr()  
.................... { 
....................    IF (!input (clr)&& (ttct > 1)) ttct=1; 
*
085E:  BSF    F93.3
0860:  BTFSC  F81.3
0862:  BRA    086E
0864:  MOVF   1A,W
0866:  SUBLW  01
0868:  BC    086E
086A:  MOVLW  01
086C:  MOVWF  1A
086E:  GOTO   09E0 (RETURN)
.................... } 
....................  
....................    
.................... void main()  
0872:  CLRF   FF8
0874:  BCF    FD0.7
0876:  CLRF   06
0878:  CLRF   0D
087A:  CLRF   0E
087C:  CLRF   0F
087E:  CLRF   10
0880:  CLRF   19
0882:  MOVLW  01
0884:  MOVWF  1A
0886:  CLRF   20
0888:  CLRF   1F
088A:  CLRF   1E
088C:  CLRF   1D
088E:  CLRF   24
0890:  CLRF   23
0892:  CLRF   22
0894:  MOVWF  21
0896:  MOVLW  80
0898:  MOVWF  28
089A:  CLRF   27
089C:  CLRF   26
089E:  CLRF   25
08A0:  CLRF   2C
08A2:  CLRF   2B
08A4:  CLRF   2A
08A6:  CLRF   29
08A8:  MOVWF  30
08AA:  CLRF   2F
08AC:  CLRF   32
08AE:  MOVLW  01
08B0:  MOVWF  31
08B2:  CLRF   34
08B4:  CLRF   33
08B6:  MOVLW  80
08B8:  MOVWF  38
08BA:  CLRF   37
08BC:  CLRF   3A
08BE:  MOVLW  01
08C0:  MOVWF  39
08C2:  CLRF   3C
08C4:  CLRF   3B
08C6:  CLRF   3E
08C8:  CLRF   3D
08CA:  CLRF   3F
08CC:  MOVLW  20
08CE:  MOVWF  40
08D0:  CLRF   41
08D2:  MOVLW  01
08D4:  MOVWF  42
08D6:  MOVLW  10
08D8:  MOVWF  43
08DA:  CLRF   44
08DC:  CLRF   48
08DE:  CLRF   47
08E0:  CLRF   46
08E2:  MOVLW  01
08E4:  MOVWF  45
08E6:  CLRF   4C
08E8:  CLRF   4B
08EA:  CLRF   4A
08EC:  MOVWF  49
08EE:  SETF   50
08F0:  SETF   4F
08F2:  SETF   4E
08F4:  MOVLW  FE
08F6:  MOVWF  4D
08F8:  MOVLW  80
08FA:  MOVWF  54
08FC:  CLRF   53
08FE:  CLRF   52
0900:  CLRF   51
0902:  MOVWF  58
0904:  CLRF   57
0906:  CLRF   56
0908:  CLRF   55
090A:  MOVLW  7F
090C:  MOVWF  5C
090E:  SETF   5B
0910:  SETF   5A
0912:  SETF   59
0914:  MOVLW  01
0916:  MOVWF  5D
0918:  MOVWF  5E
091A:  MOVF   FC1,W
091C:  ANDLW  C0
091E:  IORLW  0F
0920:  MOVWF  FC1
0922:  MOVLW  07
0924:  MOVWF  FB4
0926:  SETF   11
0928:  SETF   12
092A:  SETF   13
092C:  SETF   14
092E:  SETF   15
0930:  SETF   16
0932:  SETF   17
0934:  SETF   18
.................... { 
....................     
....................    set_up_port_ic_chot (); 
0936:  GOTO   003C
....................    setup_timer_0 (t0_ext_l_to_h|t0_div_1|t0_8_bit); 
093A:  MOVLW  E8
093C:  MOVWF  FD5
....................    set_timer0 (0); 
093E:  CLRF   FD7
0940:  CLRF   FD6
....................    set_tris_b (0x3c); 
0942:  MOVLW  3C
0944:  MOVWF  F93
....................    t0_tam = t0 = 0; 
0946:  CLRF   1B
0948:  MOVFF  1B,1C
....................    xuat_4led_7doan_giaima_xoa_so0 (t0); 
094C:  CLRF   x60
094E:  MOVFF  1B,5F
0952:  CALL   0120
....................  
....................    WHILE (true) 
....................    { 
....................       t0 = get_timer0 (); 
0956:  MOVF   FD6,W
0958:  MOVWF  1B
....................  
....................       IF (t0 != t0_tam) 
095A:  MOVF   1C,W
095C:  SUBWF  1B,W
095E:  BZ    097A
....................       { 
....................          t0_tam = t0; 
0960:  MOVFF  1B,1C
....................          xuat_4led_7doan_giaima_xoa_so0 (t0); 
0964:  CLRF   x60
0966:  MOVFF  1B,5F
096A:  CALL   0120
....................          IF (t0 >= 101) set_timer0 (1); 
096E:  MOVF   1B,W
0970:  SUBLW  64
0972:  BC    097A
0974:  CLRF   FD7
0976:  MOVLW  01
0978:  MOVWF  FD6
....................       } 
....................  
....................       IF (ttct == 1) sang_tat_32led (10, 0); 
097A:  DECFSZ 1A,W
097C:  BRA    0986
097E:  MOVLW  0A
0980:  MOVWF  5F
0982:  CLRF   x60
0984:  BRA    04AE
....................       IF (ttct == 2) sang_tat_dan_pst_32led (10, 0); 
0986:  MOVF   1A,W
0988:  SUBLW  02
098A:  BNZ   0994
098C:  MOVLW  0A
098E:  MOVWF  5F
0990:  CLRF   x60
0992:  BRA    0514
....................       IF (ttct == 3) sang_tat_dan_tsp_32led (10, 0); 
0994:  MOVF   1A,W
0996:  SUBLW  03
0998:  BNZ   09A2
099A:  MOVLW  0A
099C:  MOVWF  5F
099E:  CLRF   x60
09A0:  BRA    0596
....................       IF (ttct == 4) sang_tat_dan_ngoai_vao_32led (10, 0); 
09A2:  MOVF   1A,W
09A4:  SUBLW  04
09A6:  BNZ   09B0
09A8:  MOVLW  0A
09AA:  MOVWF  5F
09AC:  CLRF   x60
09AE:  BRA    060E
....................       IF (ttct == 5) sang_tat_dan_trong_ra_32led (10, 0); 
09B0:  MOVF   1A,W
09B2:  SUBLW  05
09B4:  BNZ   09BE
09B6:  MOVLW  0A
09B8:  MOVWF  5F
09BA:  CLRF   x60
09BC:  BRA    068E
....................       IF (ttct == 6) sang_don_pst_32led (10, 0); 
09BE:  MOVF   1A,W
09C0:  SUBLW  06
09C2:  BNZ   09CC
09C4:  MOVLW  0A
09C6:  MOVWF  5F
09C8:  CLRF   x60
09CA:  BRA    070E
....................       IF (ttct == 7) sang_don_tsp_32led (10, 0); 
09CC:  MOVF   1A,W
09CE:  SUBLW  07
09D0:  BNZ   09DA
09D2:  MOVLW  0A
09D4:  MOVWF  5F
09D6:  CLRF   x60
09D8:  BRA    0792
....................       phim_dw (); 
09DA:  BRA    0816
....................       phim_up (); 
09DC:  BRA    083A
....................       phim_clr (); 
09DE:  BRA    085E
09E0:  BRA    0956
....................    } 
.................... } 
....................  
09E2:  SLEEP 

Configuration Fuses:
   Word  1: CC27   PLL12 CPUDIV1 USBDIV HS FCMEN IESO
   Word  2: 1E3E   PUT BROWNOUT BORV21 VREGEN NOWDT WDT32768
   Word  3: 8700   CCP2C1 PBADEN LPT1OSC MCLR
   Word  4: 00A1   STVREN NOLVP ICSP2 NOXINST NODEBUG
   Word  5: C00F   NOPROTECT NOCPB NOCPD
   Word  6: E00F   NOWRT NOWRTC NOWRTB NOWRTD
   Word  7: 400F   NOEBTR NOEBTRB
