
ROM used:   2532/32768 (8%)
            2532/32768 (8%) including unused fragments

            1.3 Average locations per line
            4.7 Average locations per statement

RAM used:   95/2048 (5%) at main() level
            120/2048 (6%) worst case

Stack used: 7 worst case (7 in main + 0 for interrupts)
Stack size: 31

Lines Stmts  %   Files
----- ----- ---  -----
   78    50   9  LED DON - COUNTER - NUT NHAN ROI.c
  703   244  45  tv_pickit2_shift_1.c
  837     0   0  ..\..\..\..\Program Files (x86)\PICC\Devices\18F4550.H
  395   247  46  tv_pickit2_shift_32led_don.c
----- -----
 2013   541 Total

Page ROM  %  RAM   Vol Diff  Functions:
---- --- --- ---   --- ----  ----------
0     38   1    1             @delay_ms1
0     32   1    0             @const686
0     42   1    3   271  4.3  XUAT_1BYTE
0     44   1    4   231  2.3  XUAT_32LED_DON_4BYTE
0     36   1    8   245  3.1  XUAT_32LED_DON_2WORD
0     36   1    9   123  3.2  XUAT_32LED_DON_1DW
0     30   1    0   152  1.8  SET_UP_PORT_IC_CHOT
0     46   1    0   119  1.7  MO_IC_74573_A_THONG_DL
0     46   1    0   119  1.7  MO_IC_74573_B_THONG_DL
0     44   1    4   231  2.3  XUAT_4LED_7DOAN_4SO
0    294   6    5   465  4.8  XUAT_4LED_7DOAN_GIAIMA_XOA_SO0
0     66   1    5             @DIV1616
0     44   1    3   172  2.7  XUAT_8LED_7DOAN_QUET_1
0     10   0    0    25  1.2  XUAT_8LED_7DOAN_QUET_TAT_LED
0     24   0    0             @const753
0     60   1    3   190  3.1  XUAT_8LED_7DOAN_QUET_2
0     56   1    1   136  3.9  HIEN_THI_8LED_7DOAN_QUET_ALL
0    162   3    0   632  2.9  RESET_TOAN_BO_BIEN
0     20   0    2   117  3.5  TANG_DEM_LED_DELAY_1
0     16   0    1    68  2.4  TANG_DEM_LED_DELAY_0
0     20   0    2    82  3.1  DELAY_CHON
0     28   1    0    37  2.0  DAO_DL_32BIT_VA_XUAT
0    102   2    2   315  3.7  SANG_TAT_32LED
0    128   3    4   447  5.2  SANG_TAT_DAN_NGOAI_VAO_32LED
0    128   3    4   447  5.2  SANG_TAT_DAN_TRONG_RA_32LED
0    130   3    7   315  4.6  SANG_TAT_DAN_PST_32LED
0    120   2    7   315  4.6  SANG_TAT_DAN_TSP_32LED
0    132   3    3   381  6.6  SANG_DON_PST_32LED
0    132   3    3   381  6.6  SANG_DON_TSP_32LED
0     36   1    0   156  3.8  phim_up
0     36   1    0   156  3.8  phim_dw
0     20   0    0    68  3.0  phim_clr
0    370   7    0   937  5.3  MAIN
 Inline         0             @cinit1

Program metrics:
    Functions               29
    Statements              541
    Comments                376
    Volume (V)              13838
    Difficulty (D)          103.9
    Effort to implement (E) 1438425
    Time to implement (T)   22 hours, 12 minutes
    Est Delivered Bugs (B)  4
    Cyclomatic Complexity   41
    Maintainability (MI)    59

 Segment     Used  Free
-----------  ----  ----
00000-00002     4  0  
00004-07FFE  2528  30236  



