
ROM used:   1344/32768 (4%)
            1344/32768 (4%) including unused fragments

            0.8 Average locations per line
            5.0 Average locations per statement

RAM used:   44/2048 (2%) at main() level
            51/2048 (2%) worst case

Stack used: 2 worst case (2 in main + 0 for interrupts)
Stack size: 31

Lines Stmts  %   Files
----- ----- ---  -----
   52    26  10  LM35 - LED 7 DOAN.c
  703   244  90  tv_pickit2_shift_1.c
  837     0   0  C:\Program Files (x86)\PICC\Devices\18F4550.H
----- -----
 1592   270 Total

Page ROM  %  RAM   Vol Diff  Functions:
---- --- --- ---   --- ----  ----------
0     38   1    1             @delay_ms1
0     32   1    0             @const686
0     42   2    3   271  4.3  XUAT_1BYTE
0     30   1    0   152  1.8  SET_UP_PORT_IC_CHOT
0     48   2    0   119  1.7  MO_IC_74573_A_THONG_DL
0     44   2    4   231  2.3  XUAT_4LED_7DOAN_4SO
0     66   2    5             @DIV1616
0    156   6    0   254  4.0  doc_nd_lm35a
0     54   2    2   656  8.1  @ITOF
0    346  13   14             @DIVFF
0     56   2    4   204  4.4  @SFTOI
0    156   6    0   254  4.0  doc_nd_lm35b
0    272  10   12   272  4.6  MAIN
 Inline         0             @cinit1

Program metrics:
    Functions               9
    Statements              270
    Comments                331
    Volume (V)              3858
    Difficulty (D)          34.4
    Effort to implement (E) 132753
    Time to implement (T)   2 hours, 3 minutes
    Est Delivered Bugs (B)  1
    Cyclomatic Complexity   11
    Maintainability (MI)    86

 Segment     Used  Free
-----------  ----  ----
00000-00002     4  0  
00004-07FFE  1340  31424  



